<?xml version="1.0" encoding="UTF-8"?>
<testsuite xmlns:xsi="http://www.w3.org/2001/XMLSchema-instance" xsi:noNamespaceSchemaLocation="https://maven.apache.org/surefire/maven-surefire-plugin/xsd/surefire-test-report-3.0.xsd" version="3.0" name="Karate.Demo.TestRunner" time="10.942" tests="1" errors="0" skipped="0" failures="0">
  <properties>
    <property name="java.specification.version" value="20"/>
    <property name="sun.jnu.encoding" value="UTF-8"/>
    <property name="java.class.path" value="/Users/curryhoang/KarateFrameWork/target/test-classes:/Users/curryhoang/KarateFrameWork/target/classes:/Users/curryhoang/.m2/repository/junit/junit/4.13.2/junit-4.13.2.jar:/Users/curryhoang/.m2/repository/org/hamcrest/hamcrest-core/1.3/hamcrest-core-1.3.jar:/Users/curryhoang/.m2/repository/org/testng/testng/7.10.2/testng-7.10.2.jar:/Users/curryhoang/.m2/repository/org/slf4j/slf4j-api/1.7.36/slf4j-api-1.7.36.jar:/Users/curryhoang/.m2/repository/com/beust/jcommander/1.82/jcommander-1.82.jar:/Users/curryhoang/.m2/repository/org/webjars/jquery/3.7.1/jquery-3.7.1.jar:/Users/curryhoang/.m2/repository/org/seleniumhq/selenium/selenium-java/4.28.1/selenium-java-4.28.1.jar:/Users/curryhoang/.m2/repository/org/seleniumhq/selenium/selenium-api/4.28.1/selenium-api-4.28.1.jar:/Users/curryhoang/.m2/repository/org/jspecify/jspecify/1.0.0/jspecify-1.0.0.jar:/Users/curryhoang/.m2/repository/org/seleniumhq/selenium/selenium-chrome-driver/4.28.1/selenium-chrome-driver-4.28.1.jar:/Users/curryhoang/.m2/repository/com/google/auto/service/auto-service-annotations/1.1.1/auto-service-annotations-1.1.1.jar:/Users/curryhoang/.m2/repository/org/seleniumhq/selenium/selenium-chromium-driver/4.28.1/selenium-chromium-driver-4.28.1.jar:/Users/curryhoang/.m2/repository/org/seleniumhq/selenium/selenium-json/4.28.1/selenium-json-4.28.1.jar:/Users/curryhoang/.m2/repository/org/seleniumhq/selenium/selenium-manager/4.28.1/selenium-manager-4.28.1.jar:/Users/curryhoang/.m2/repository/org/seleniumhq/selenium/selenium-devtools-v130/4.28.1/selenium-devtools-v130-4.28.1.jar:/Users/curryhoang/.m2/repository/org/seleniumhq/selenium/selenium-devtools-v131/4.28.1/selenium-devtools-v131-4.28.1.jar:/Users/curryhoang/.m2/repository/org/seleniumhq/selenium/selenium-devtools-v132/4.28.1/selenium-devtools-v132-4.28.1.jar:/Users/curryhoang/.m2/repository/org/seleniumhq/selenium/selenium-devtools-v85/4.28.1/selenium-devtools-v85-4.28.1.jar:/Users/curryhoang/.m2/repository/org/seleniumhq/selenium/selenium-edge-driver/4.28.1/selenium-edge-driver-4.28.1.jar:/Users/curryhoang/.m2/repository/org/seleniumhq/selenium/selenium-firefox-driver/4.28.1/selenium-firefox-driver-4.28.1.jar:/Users/curryhoang/.m2/repository/org/seleniumhq/selenium/selenium-http/4.28.1/selenium-http-4.28.1.jar:/Users/curryhoang/.m2/repository/org/seleniumhq/selenium/selenium-ie-driver/4.28.1/selenium-ie-driver-4.28.1.jar:/Users/curryhoang/.m2/repository/org/seleniumhq/selenium/selenium-remote-driver/4.28.1/selenium-remote-driver-4.28.1.jar:/Users/curryhoang/.m2/repository/com/google/guava/guava/33.4.0-jre/guava-33.4.0-jre.jar:/Users/curryhoang/.m2/repository/com/google/guava/failureaccess/1.0.2/failureaccess-1.0.2.jar:/Users/curryhoang/.m2/repository/com/google/guava/listenablefuture/9999.0-empty-to-avoid-conflict-with-guava/listenablefuture-9999.0-empty-to-avoid-conflict-with-guava.jar:/Users/curryhoang/.m2/repository/org/checkerframework/checker-qual/3.43.0/checker-qual-3.43.0.jar:/Users/curryhoang/.m2/repository/com/google/j2objc/j2objc-annotations/3.0.0/j2objc-annotations-3.0.0.jar:/Users/curryhoang/.m2/repository/io/opentelemetry/semconv/opentelemetry-semconv/1.28.0-alpha/opentelemetry-semconv-1.28.0-alpha.jar:/Users/curryhoang/.m2/repository/io/opentelemetry/opentelemetry-api/1.46.0/opentelemetry-api-1.46.0.jar:/Users/curryhoang/.m2/repository/io/opentelemetry/opentelemetry-context/1.46.0/opentelemetry-context-1.46.0.jar:/Users/curryhoang/.m2/repository/io/opentelemetry/opentelemetry-exporter-logging/1.46.0/opentelemetry-exporter-logging-1.46.0.jar:/Users/curryhoang/.m2/repository/io/opentelemetry/opentelemetry-sdk-common/1.46.0/opentelemetry-sdk-common-1.46.0.jar:/Users/curryhoang/.m2/repository/io/opentelemetry/opentelemetry-sdk-extension-autoconfigure-spi/1.46.0/opentelemetry-sdk-extension-autoconfigure-spi-1.46.0.jar:/Users/curryhoang/.m2/repository/io/opentelemetry/opentelemetry-sdk-extension-autoconfigure/1.46.0/opentelemetry-sdk-extension-autoconfigure-1.46.0.jar:/Users/curryhoang/.m2/repository/io/opentelemetry/opentelemetry-api-incubator/1.46.0-alpha/opentelemetry-api-incubator-1.46.0-alpha.jar:/Users/curryhoang/.m2/repository/io/opentelemetry/opentelemetry-sdk-trace/1.46.0/opentelemetry-sdk-trace-1.46.0.jar:/Users/curryhoang/.m2/repository/io/opentelemetry/opentelemetry-sdk/1.46.0/opentelemetry-sdk-1.46.0.jar:/Users/curryhoang/.m2/repository/io/opentelemetry/opentelemetry-sdk-metrics/1.46.0/opentelemetry-sdk-metrics-1.46.0.jar:/Users/curryhoang/.m2/repository/io/opentelemetry/opentelemetry-sdk-logs/1.46.0/opentelemetry-sdk-logs-1.46.0.jar:/Users/curryhoang/.m2/repository/net/bytebuddy/byte-buddy/1.15.11/byte-buddy-1.15.11.jar:/Users/curryhoang/.m2/repository/org/seleniumhq/selenium/selenium-os/4.28.1/selenium-os-4.28.1.jar:/Users/curryhoang/.m2/repository/org/seleniumhq/selenium/selenium-safari-driver/4.28.1/selenium-safari-driver-4.28.1.jar:/Users/curryhoang/.m2/repository/org/seleniumhq/selenium/selenium-support/4.28.1/selenium-support-4.28.1.jar:/Users/curryhoang/.m2/repository/io/github/bonigarcia/webdrivermanager/5.9.2/webdrivermanager-5.9.2.jar:/Users/curryhoang/.m2/repository/com/google/code/gson/gson/2.11.0/gson-2.11.0.jar:/Users/curryhoang/.m2/repository/com/google/errorprone/error_prone_annotations/2.27.0/error_prone_annotations-2.27.0.jar:/Users/curryhoang/.m2/repository/com/github/docker-java/docker-java/3.4.0/docker-java-3.4.0.jar:/Users/curryhoang/.m2/repository/com/github/docker-java/docker-java-core/3.4.0/docker-java-core-3.4.0.jar:/Users/curryhoang/.m2/repository/com/github/docker-java/docker-java-api/3.4.0/docker-java-api-3.4.0.jar:/Users/curryhoang/.m2/repository/com/github/docker-java/docker-java-transport-httpclient5/3.4.0/docker-java-transport-httpclient5-3.4.0.jar:/Users/curryhoang/.m2/repository/com/github/docker-java/docker-java-transport/3.4.0/docker-java-transport-3.4.0.jar:/Users/curryhoang/.m2/repository/net/java/dev/jna/jna/5.13.0/jna-5.13.0.jar:/Users/curryhoang/.m2/repository/org/brotli/dec/0.1.2/dec-0.1.2.jar:/Users/curryhoang/.m2/repository/org/apache/commons/commons-lang3/3.15.0/commons-lang3-3.15.0.jar:/Users/curryhoang/.m2/repository/org/apache/commons/commons-compress/1.26.2/commons-compress-1.26.2.jar:/Users/curryhoang/.m2/repository/commons-codec/commons-codec/1.17.0/commons-codec-1.17.0.jar:/Users/curryhoang/.m2/repository/org/apache/httpcomponents/client5/httpclient5/5.2.1/httpclient5-5.2.1.jar:/Users/curryhoang/.m2/repository/org/apache/httpcomponents/core5/httpcore5/5.2/httpcore5-5.2.jar:/Users/curryhoang/.m2/repository/org/apache/httpcomponents/core5/httpcore5-h2/5.2/httpcore5-h2-5.2.jar:/Users/curryhoang/.m2/repository/com/intuit/karate/karate-junit5/1.4.0/karate-junit5-1.4.0.jar:/Users/curryhoang/.m2/repository/org/junit/jupiter/junit-jupiter-api/5.9.1/junit-jupiter-api-5.9.1.jar:/Users/curryhoang/.m2/repository/org/opentest4j/opentest4j/1.2.0/opentest4j-1.2.0.jar:/Users/curryhoang/.m2/repository/org/junit/platform/junit-platform-commons/1.9.1/junit-platform-commons-1.9.1.jar:/Users/curryhoang/.m2/repository/org/junit/jupiter/junit-jupiter-engine/5.9.1/junit-jupiter-engine-5.9.1.jar:/Users/curryhoang/.m2/repository/org/junit/platform/junit-platform-engine/1.9.1/junit-platform-engine-1.9.1.jar:/Users/curryhoang/.m2/repository/com/intuit/karate/karate-core/1.4.0/karate-core-1.4.0.jar:/Users/curryhoang/.m2/repository/org/graalvm/js/js-scriptengine/22.3.0/js-scriptengine-22.3.0.jar:/Users/curryhoang/.m2/repository/org/graalvm/sdk/graal-sdk/22.3.0/graal-sdk-22.3.0.jar:/Users/curryhoang/.m2/repository/org/graalvm/js/js/22.3.0/js-22.3.0.jar:/Users/curryhoang/.m2/repository/org/graalvm/regex/regex/22.3.0/regex-22.3.0.jar:/Users/curryhoang/.m2/repository/org/graalvm/truffle/truffle-api/22.3.0/truffle-api-22.3.0.jar:/Users/curryhoang/.m2/repository/com/ibm/icu/icu4j/71.1/icu4j-71.1.jar:/Users/curryhoang/.m2/repository/org/thymeleaf/thymeleaf/3.0.14.RELEASE/thymeleaf-3.0.14.RELEASE.jar:/Users/curryhoang/.m2/repository/ognl/ognl/3.1.26/ognl-3.1.26.jar:/Users/curryhoang/.m2/repository/org/javassist/javassist/3.20.0-GA/javassist-3.20.0-GA.jar:/Users/curryhoang/.m2/repository/org/attoparser/attoparser/2.0.5.RELEASE/attoparser-2.0.5.RELEASE.jar:/Users/curryhoang/.m2/repository/org/unbescape/unbescape/1.1.6.RELEASE/unbescape-1.1.6.RELEASE.jar:/Users/curryhoang/.m2/repository/com/linecorp/armeria/armeria/1.22.0/armeria-1.22.0.jar:/Users/curryhoang/.m2/repository/com/fasterxml/jackson/datatype/jackson-datatype-jdk8/2.14.2/jackson-datatype-jdk8-2.14.2.jar:/Users/curryhoang/.m2/repository/io/micrometer/micrometer-core/1.10.3/micrometer-core-1.10.3.jar:/Users/curryhoang/.m2/repository/io/micrometer/micrometer-commons/1.10.3/micrometer-commons-1.10.3.jar:/Users/curryhoang/.m2/repository/io/micrometer/micrometer-observation/1.10.3/micrometer-observation-1.10.3.jar:/Users/curryhoang/.m2/repository/org/hdrhistogram/HdrHistogram/2.1.12/HdrHistogram-2.1.12.jar:/Users/curryhoang/.m2/repository/org/latencyutils/LatencyUtils/2.0.3/LatencyUtils-2.0.3.jar:/Users/curryhoang/.m2/repository/io/netty/netty-transport/4.1.87.Final/netty-transport-4.1.87.Final.jar:/Users/curryhoang/.m2/repository/io/netty/netty-common/4.1.87.Final/netty-common-4.1.87.Final.jar:/Users/curryhoang/.m2/repository/io/netty/netty-buffer/4.1.87.Final/netty-buffer-4.1.87.Final.jar:/Users/curryhoang/.m2/repository/io/netty/netty-resolver/4.1.87.Final/netty-resolver-4.1.87.Final.jar:/Users/curryhoang/.m2/repository/io/netty/netty-codec-haproxy/4.1.87.Final/netty-codec-haproxy-4.1.87.Final.jar:/Users/curryhoang/.m2/repository/io/netty/netty-codec/4.1.87.Final/netty-codec-4.1.87.Final.jar:/Users/curryhoang/.m2/repository/io/netty/netty-codec-http2/4.1.87.Final/netty-codec-http2-4.1.87.Final.jar:/Users/curryhoang/.m2/repository/io/netty/netty-handler/4.1.87.Final/netty-handler-4.1.87.Final.jar:/Users/curryhoang/.m2/repository/io/netty/netty-codec-http/4.1.87.Final/netty-codec-http-4.1.87.Final.jar:/Users/curryhoang/.m2/repository/io/netty/netty-resolver-dns/4.1.87.Final/netty-resolver-dns-4.1.87.Final.jar:/Users/curryhoang/.m2/repository/io/netty/netty-codec-dns/4.1.87.Final/netty-codec-dns-4.1.87.Final.jar:/Users/curryhoang/.m2/repository/org/reactivestreams/reactive-streams/1.0.4/reactive-streams-1.0.4.jar:/Users/curryhoang/.m2/repository/com/google/code/findbugs/jsr305/3.0.2/jsr305-3.0.2.jar:/Users/curryhoang/.m2/repository/io/netty/netty-transport-native-unix-common/4.1.87.Final/netty-transport-native-unix-common-4.1.87.Final-linux-x86_64.jar:/Users/curryhoang/.m2/repository/io/netty/netty-transport-native-epoll/4.1.87.Final/netty-transport-native-epoll-4.1.87.Final-linux-x86_64.jar:/Users/curryhoang/.m2/repository/io/netty/netty-transport-native-unix-common/4.1.87.Final/netty-transport-native-unix-common-4.1.87.Final.jar:/Users/curryhoang/.m2/repository/io/netty/netty-transport-classes-epoll/4.1.87.Final/netty-transport-classes-epoll-4.1.87.Final.jar:/Users/curryhoang/.m2/repository/io/netty/netty-resolver-dns-native-macos/4.1.87.Final/netty-resolver-dns-native-macos-4.1.87.Final-osx-x86_64.jar:/Users/curryhoang/.m2/repository/io/netty/netty-resolver-dns-classes-macos/4.1.87.Final/netty-resolver-dns-classes-macos-4.1.87.Final.jar:/Users/curryhoang/.m2/repository/io/netty/netty-resolver-dns-native-macos/4.1.87.Final/netty-resolver-dns-native-macos-4.1.87.Final-osx-aarch_64.jar:/Users/curryhoang/.m2/repository/io/netty/netty-tcnative-boringssl-static/2.0.56.Final/netty-tcnative-boringssl-static-2.0.56.Final-linux-x86_64.jar:/Users/curryhoang/.m2/repository/io/netty/netty-tcnative-classes/2.0.56.Final/netty-tcnative-classes-2.0.56.Final.jar:/Users/curryhoang/.m2/repository/io/netty/netty-tcnative-boringssl-static/2.0.56.Final/netty-tcnative-boringssl-static-2.0.56.Final-linux-aarch_64.jar:/Users/curryhoang/.m2/repository/io/netty/netty-tcnative-boringssl-static/2.0.56.Final/netty-tcnative-boringssl-static-2.0.56.Final-osx-x86_64.jar:/Users/curryhoang/.m2/repository/io/netty/netty-tcnative-boringssl-static/2.0.56.Final/netty-tcnative-boringssl-static-2.0.56.Final-osx-aarch_64.jar:/Users/curryhoang/.m2/repository/io/netty/netty-tcnative-boringssl-static/2.0.56.Final/netty-tcnative-boringssl-static-2.0.56.Final-windows-x86_64.jar:/Users/curryhoang/.m2/repository/io/netty/netty-handler-proxy/4.1.87.Final/netty-handler-proxy-4.1.87.Final.jar:/Users/curryhoang/.m2/repository/io/netty/netty-codec-socks/4.1.87.Final/netty-codec-socks-4.1.87.Final.jar:/Users/curryhoang/.m2/repository/com/aayushatharva/brotli4j/brotli4j/1.9.0/brotli4j-1.9.0.jar:/Users/curryhoang/.m2/repository/org/apache/httpcomponents/httpclient/4.5.14/httpclient-4.5.14.jar:/Users/curryhoang/.m2/repository/org/apache/httpcomponents/httpcore/4.4.16/httpcore-4.4.16.jar:/Users/curryhoang/.m2/repository/ch/qos/logback/logback-classic/1.2.9/logback-classic-1.2.9.jar:/Users/curryhoang/.m2/repository/ch/qos/logback/logback-core/1.2.9/logback-core-1.2.9.jar:/Users/curryhoang/.m2/repository/org/slf4j/jcl-over-slf4j/1.7.32/jcl-over-slf4j-1.7.32.jar:/Users/curryhoang/.m2/repository/org/antlr/antlr4-runtime/4.11.1/antlr4-runtime-4.11.1.jar:/Users/curryhoang/.m2/repository/com/jayway/jsonpath/json-path/2.8.0/json-path-2.8.0.jar:/Users/curryhoang/.m2/repository/net/minidev/json-smart/2.4.10/json-smart-2.4.10.jar:/Users/curryhoang/.m2/repository/net/minidev/accessors-smart/2.4.9/accessors-smart-2.4.9.jar:/Users/curryhoang/.m2/repository/org/ow2/asm/asm/9.3/asm-9.3.jar:/Users/curryhoang/.m2/repository/org/yaml/snakeyaml/2.0/snakeyaml-2.0.jar:/Users/curryhoang/.m2/repository/de/siegmar/fastcsv/2.2.1/fastcsv-2.2.1.jar:/Users/curryhoang/.m2/repository/info/picocli/picocli/4.7.1/picocli-4.7.1.jar:/Users/curryhoang/.m2/repository/io/github/classgraph/classgraph/4.8.152/classgraph-4.8.152.jar:/Users/curryhoang/.m2/repository/io/github/t12y/resemble/1.0.2/resemble-1.0.2.jar:/Users/curryhoang/.m2/repository/io/github/t12y/ssim/1.0.0/ssim-1.0.0.jar:/Users/curryhoang/.m2/repository/io/cucumber/cucumber-java/7.21.1/cucumber-java-7.21.1.jar:/Users/curryhoang/.m2/repository/io/cucumber/cucumber-core/7.21.1/cucumber-core-7.21.1.jar:/Users/curryhoang/.m2/repository/io/cucumber/cucumber-gherkin/7.21.1/cucumber-gherkin-7.21.1.jar:/Users/curryhoang/.m2/repository/io/cucumber/cucumber-gherkin-messages/7.21.1/cucumber-gherkin-messages-7.21.1.jar:/Users/curryhoang/.m2/repository/io/cucumber/gherkin/31.0.0/gherkin-31.0.0.jar:/Users/curryhoang/.m2/repository/io/cucumber/messages/27.2.0/messages-27.2.0.jar:/Users/curryhoang/.m2/repository/io/cucumber/testng-xml-formatter/0.3.1/testng-xml-formatter-0.3.1.jar:/Users/curryhoang/.m2/repository/io/cucumber/query/13.2.0/query-13.2.0.jar:/Users/curryhoang/.m2/repository/io/cucumber/tag-expressions/6.1.2/tag-expressions-6.1.2.jar:/Users/curryhoang/.m2/repository/io/cucumber/cucumber-expressions/18.0.1/cucumber-expressions-18.0.1.jar:/Users/curryhoang/.m2/repository/io/cucumber/datatable/7.21.1/datatable-7.21.1.jar:/Users/curryhoang/.m2/repository/io/cucumber/cucumber-plugin/7.21.1/cucumber-plugin-7.21.1.jar:/Users/curryhoang/.m2/repository/io/cucumber/docstring/7.21.1/docstring-7.21.1.jar:/Users/curryhoang/.m2/repository/io/cucumber/html-formatter/21.9.0/html-formatter-21.9.0.jar:/Users/curryhoang/.m2/repository/io/cucumber/junit-xml-formatter/0.7.1/junit-xml-formatter-0.7.1.jar:/Users/curryhoang/.m2/repository/io/cucumber/ci-environment/10.0.1/ci-environment-10.0.1.jar:/Users/curryhoang/.m2/repository/org/apiguardian/apiguardian-api/1.1.2/apiguardian-api-1.1.2.jar:/Users/curryhoang/.m2/repository/net/masterthought/maven-cucumber-reporting/5.8.5/maven-cucumber-reporting-5.8.5.jar:/Users/curryhoang/.m2/repository/org/apache/commons/commons-collections4/4.5.0-M3/commons-collections4-4.5.0-M3.jar:/Users/curryhoang/.m2/repository/org/codehaus/plexus/plexus-utils/4.0.2/plexus-utils-4.0.2.jar:/Users/curryhoang/.m2/repository/io/qameta/allure/allure-maven/2.8/allure-maven-2.8.jar:/Users/curryhoang/.m2/repository/org/apache/maven/maven-core/3.3.9/maven-core-3.3.9.jar:/Users/curryhoang/.m2/repository/org/apache/maven/maven-model/3.3.9/maven-model-3.3.9.jar:/Users/curryhoang/.m2/repository/org/apache/maven/maven-settings/3.3.9/maven-settings-3.3.9.jar:/Users/curryhoang/.m2/repository/org/apache/maven/maven-settings-builder/3.3.9/maven-settings-builder-3.3.9.jar:/Users/curryhoang/.m2/repository/org/apache/maven/maven-builder-support/3.3.9/maven-builder-support-3.3.9.jar:/Users/curryhoang/.m2/repository/org/apache/maven/maven-repository-metadata/3.3.9/maven-repository-metadata-3.3.9.jar:/Users/curryhoang/.m2/repository/org/apache/maven/maven-artifact/3.3.9/maven-artifact-3.3.9.jar:/Users/curryhoang/.m2/repository/org/apache/maven/maven-plugin-api/3.3.9/maven-plugin-api-3.3.9.jar:/Users/curryhoang/.m2/repository/org/apache/maven/maven-model-builder/3.3.9/maven-model-builder-3.3.9.jar:/Users/curryhoang/.m2/repository/org/apache/maven/maven-aether-provider/3.3.9/maven-aether-provider-3.3.9.jar:/Users/curryhoang/.m2/repository/org/eclipse/aether/aether-spi/1.0.2.v20150114/aether-spi-1.0.2.v20150114.jar:/Users/curryhoang/.m2/repository/org/eclipse/aether/aether-impl/1.0.2.v20150114/aether-impl-1.0.2.v20150114.jar:/Users/curryhoang/.m2/repository/org/eclipse/aether/aether-api/1.0.2.v20150114/aether-api-1.0.2.v20150114.jar:/Users/curryhoang/.m2/repository/org/eclipse/aether/aether-util/1.0.2.v20150114/aether-util-1.0.2.v20150114.jar:/Users/curryhoang/.m2/repository/org/eclipse/sisu/org.eclipse.sisu.plexus/0.3.2/org.eclipse.sisu.plexus-0.3.2.jar:/Users/curryhoang/.m2/repository/javax/enterprise/cdi-api/1.0/cdi-api-1.0.jar:/Users/curryhoang/.m2/repository/javax/annotation/jsr250-api/1.0/jsr250-api-1.0.jar:/Users/curryhoang/.m2/repository/org/eclipse/sisu/org.eclipse.sisu.inject/0.3.2/org.eclipse.sisu.inject-0.3.2.jar:/Users/curryhoang/.m2/repository/com/google/inject/guice/4.0/guice-4.0-no_aop.jar:/Users/curryhoang/.m2/repository/javax/inject/javax.inject/1/javax.inject-1.jar:/Users/curryhoang/.m2/repository/aopalliance/aopalliance/1.0/aopalliance-1.0.jar:/Users/curryhoang/.m2/repository/org/codehaus/plexus/plexus-interpolation/1.21/plexus-interpolation-1.21.jar:/Users/curryhoang/.m2/repository/org/codehaus/plexus/plexus-classworlds/2.5.2/plexus-classworlds-2.5.2.jar:/Users/curryhoang/.m2/repository/org/codehaus/plexus/plexus-component-annotations/1.6/plexus-component-annotations-1.6.jar:/Users/curryhoang/.m2/repository/org/sonatype/plexus/plexus-sec-dispatcher/1.3/plexus-sec-dispatcher-1.3.jar:/Users/curryhoang/.m2/repository/org/sonatype/plexus/plexus-cipher/1.4/plexus-cipher-1.4.jar:/Users/curryhoang/.m2/repository/org/apache/maven/reporting/maven-reporting-impl/2.4/maven-reporting-impl-2.4.jar:/Users/curryhoang/.m2/repository/org/apache/maven/reporting/maven-reporting-api/3.0/maven-reporting-api-3.0.jar:/Users/curryhoang/.m2/repository/org/apache/maven/maven-project/2.2.1/maven-project-2.2.1.jar:/Users/curryhoang/.m2/repository/org/apache/maven/maven-profile/2.2.1/maven-profile-2.2.1.jar:/Users/curryhoang/.m2/repository/org/apache/maven/maven-artifact-manager/2.2.1/maven-artifact-manager-2.2.1.jar:/Users/curryhoang/.m2/repository/backport-util-concurrent/backport-util-concurrent/3.1/backport-util-concurrent-3.1.jar:/Users/curryhoang/.m2/repository/org/apache/maven/maven-plugin-registry/2.2.1/maven-plugin-registry-2.2.1.jar:/Users/curryhoang/.m2/repository/org/codehaus/plexus/plexus-container-default/1.0-alpha-9-stable-1/plexus-container-default-1.0-alpha-9-stable-1.jar:/Users/curryhoang/.m2/repository/classworlds/classworlds/1.1-alpha-2/classworlds-1.1-alpha-2.jar:/Users/curryhoang/.m2/repository/org/apache/maven/shared/maven-shared-utils/0.6/maven-shared-utils-0.6.jar:/Users/curryhoang/.m2/repository/org/apache/maven/doxia/doxia-sink-api/1.6/doxia-sink-api-1.6.jar:/Users/curryhoang/.m2/repository/org/apache/maven/doxia/doxia-logging-api/1.6/doxia-logging-api-1.6.jar:/Users/curryhoang/.m2/repository/org/apache/maven/doxia/doxia-core/1.6/doxia-core-1.6.jar:/Users/curryhoang/.m2/repository/xerces/xercesImpl/2.9.1/xercesImpl-2.9.1.jar:/Users/curryhoang/.m2/repository/xmlunit/xmlunit/1.5/xmlunit-1.5.jar:/Users/curryhoang/.m2/repository/org/apache/maven/doxia/doxia-site-renderer/1.6/doxia-site-renderer-1.6.jar:/Users/curryhoang/.m2/repository/org/apache/maven/doxia/doxia-decoration-model/1.6/doxia-decoration-model-1.6.jar:/Users/curryhoang/.m2/repository/org/apache/maven/doxia/doxia-module-xhtml/1.6/doxia-module-xhtml-1.6.jar:/Users/curryhoang/.m2/repository/org/apache/maven/doxia/doxia-module-fml/1.6/doxia-module-fml-1.6.jar:/Users/curryhoang/.m2/repository/org/codehaus/plexus/plexus-i18n/1.0-beta-7/plexus-i18n-1.0-beta-7.jar:/Users/curryhoang/.m2/repository/org/codehaus/plexus/plexus-velocity/1.1.7/plexus-velocity-1.1.7.jar:/Users/curryhoang/.m2/repository/org/apache/velocity/velocity-tools/2.0/velocity-tools-2.0.jar:/Users/curryhoang/.m2/repository/commons-chain/commons-chain/1.1/commons-chain-1.1.jar:/Users/curryhoang/.m2/repository/dom4j/dom4j/1.1/dom4j-1.1.jar:/Users/curryhoang/.m2/repository/oro/oro/2.0.8/oro-2.0.8.jar:/Users/curryhoang/.m2/repository/sslext/sslext/1.2-0/sslext-1.2-0.jar:/Users/curryhoang/.m2/repository/org/apache/struts/struts-core/1.3.8/struts-core-1.3.8.jar:/Users/curryhoang/.m2/repository/antlr/antlr/2.7.2/antlr-2.7.2.jar:/Users/curryhoang/.m2/repository/org/apache/struts/struts-taglib/1.3.8/struts-taglib-1.3.8.jar:/Users/curryhoang/.m2/repository/org/apache/struts/struts-tiles/1.3.8/struts-tiles-1.3.8.jar:/Users/curryhoang/.m2/repository/commons-validator/commons-validator/1.4.1/commons-validator-1.4.1.jar:/Users/curryhoang/.m2/repository/commons-digester/commons-digester/1.8.1/commons-digester-1.8.1.jar:/Users/curryhoang/.m2/repository/commons-beanutils/commons-beanutils/1.9.3/commons-beanutils-1.9.3.jar:/Users/curryhoang/.m2/repository/commons-logging/commons-logging/1.2/commons-logging-1.2.jar:/Users/curryhoang/.m2/repository/net/lingala/zip4j/zip4j/1.3.2/zip4j-1.3.2.jar:/Users/curryhoang/.m2/repository/org/apache/commons/commons-exec/1.3/commons-exec-1.3.jar:/Users/curryhoang/.m2/repository/org/apache/maven/plugin-tools/maven-plugin-annotations/3.2/maven-plugin-annotations-3.2.jar:/Users/curryhoang/.m2/repository/org/apache/maven/plugins/maven-jxr-plugin/2.5/maven-jxr-plugin-2.5.jar:/Users/curryhoang/.m2/repository/org/apache/maven/maven-jxr/2.5/maven-jxr-2.5.jar:/Users/curryhoang/.m2/repository/org/apache/maven/wagon/wagon-provider-api/1.0/wagon-provider-api-1.0.jar:/Users/curryhoang/.m2/repository/xml-apis/xml-apis/1.0.b2/xml-apis-1.0.b2.jar:/Users/curryhoang/.m2/repository/xalan/xalan/2.7.0/xalan-2.7.0.jar:/Users/curryhoang/.m2/repository/com/fasterxml/jackson/core/jackson-databind/2.18.3/jackson-databind-2.18.3.jar:/Users/curryhoang/.m2/repository/com/fasterxml/jackson/core/jackson-annotations/2.18.3/jackson-annotations-2.18.3.jar:/Users/curryhoang/.m2/repository/com/fasterxml/jackson/core/jackson-core/2.18.3/jackson-core-2.18.3.jar:/Users/curryhoang/.m2/repository/net/masterthought/cucumber-reporting/5.3.1/cucumber-reporting-5.3.1.jar:/Users/curryhoang/.m2/repository/com/fasterxml/jackson/datatype/jackson-datatype-jsr310/2.10.1/jackson-datatype-jsr310-2.10.1.jar:/Users/curryhoang/.m2/repository/org/apache/velocity/velocity-engine-core/2.1/velocity-engine-core-2.1.jar:/Users/curryhoang/.m2/repository/commons-collections/commons-collections/3.2.2/commons-collections-3.2.2.jar:/Users/curryhoang/.m2/repository/joda-time/joda-time/2.10.5/joda-time-2.10.5.jar:/Users/curryhoang/.m2/repository/commons-io/commons-io/2.6/commons-io-2.6.jar:/Users/curryhoang/.m2/repository/org/jsoup/jsoup/1.12.1/jsoup-1.12.1.jar:/Users/curryhoang/.m2/repository/com/googlecode/owasp-java-html-sanitizer/owasp-java-html-sanitizer/20191001.1/owasp-java-html-sanitizer-20191001.1.jar:/Users/curryhoang/.m2/repository/commons-configuration/commons-configuration/1.10/commons-configuration-1.10.jar:/Users/curryhoang/.m2/repository/org/apache/velocity/velocity/1.7/velocity-1.7.jar:/Users/curryhoang/.m2/repository/commons-lang/commons-lang/2.4/commons-lang-2.4.jar:"/>
    <property name="java.vm.vendor" value="Oracle Corporation"/>
    <property name="sun.arch.data.model" value="64"/>
    <property name="java.vendor.url" value="https://java.oracle.com/"/>
    <property name="user.timezone" value="Asia/Ho_Chi_Minh"/>
    <property name="os.name" value="Mac OS X"/>
    <property name="java.vm.specification.version" value="20"/>
    <property name="user.country" value="VN"/>
    <property name="sun.java.launcher" value="SUN_STANDARD"/>
    <property name="sun.boot.library.path" value="/Library/Java/JavaVirtualMachines/jdk-20.jdk/Contents/Home/lib"/>
    <property name="sun.java.command" value="/Users/curryhoang/KarateFrameWork/target/surefire/surefirebooter-20250327151507349_3.jar /Users/curryhoang/KarateFrameWork/target/surefire 2025-03-27T15-15-07_302-jvmRun1 surefire-20250327151507349_1tmp surefire_0-20250327151507349_2tmp"/>
    <property name="http.nonProxyHosts" value="local|*.local|169.254/16|*.169.254/16"/>
    <property name="jdk.debug" value="release"/>
    <property name="test" value="Karate.Demo.TestRunner#testAll"/>
    <property name="surefire.test.class.path" value="/Users/curryhoang/KarateFrameWork/target/test-classes:/Users/curryhoang/KarateFrameWork/target/classes:/Users/curryhoang/.m2/repository/junit/junit/4.13.2/junit-4.13.2.jar:/Users/curryhoang/.m2/repository/org/hamcrest/hamcrest-core/1.3/hamcrest-core-1.3.jar:/Users/curryhoang/.m2/repository/org/testng/testng/7.10.2/testng-7.10.2.jar:/Users/curryhoang/.m2/repository/org/slf4j/slf4j-api/1.7.36/slf4j-api-1.7.36.jar:/Users/curryhoang/.m2/repository/com/beust/jcommander/1.82/jcommander-1.82.jar:/Users/curryhoang/.m2/repository/org/webjars/jquery/3.7.1/jquery-3.7.1.jar:/Users/curryhoang/.m2/repository/org/seleniumhq/selenium/selenium-java/4.28.1/selenium-java-4.28.1.jar:/Users/curryhoang/.m2/repository/org/seleniumhq/selenium/selenium-api/4.28.1/selenium-api-4.28.1.jar:/Users/curryhoang/.m2/repository/org/jspecify/jspecify/1.0.0/jspecify-1.0.0.jar:/Users/curryhoang/.m2/repository/org/seleniumhq/selenium/selenium-chrome-driver/4.28.1/selenium-chrome-driver-4.28.1.jar:/Users/curryhoang/.m2/repository/com/google/auto/service/auto-service-annotations/1.1.1/auto-service-annotations-1.1.1.jar:/Users/curryhoang/.m2/repository/org/seleniumhq/selenium/selenium-chromium-driver/4.28.1/selenium-chromium-driver-4.28.1.jar:/Users/curryhoang/.m2/repository/org/seleniumhq/selenium/selenium-json/4.28.1/selenium-json-4.28.1.jar:/Users/curryhoang/.m2/repository/org/seleniumhq/selenium/selenium-manager/4.28.1/selenium-manager-4.28.1.jar:/Users/curryhoang/.m2/repository/org/seleniumhq/selenium/selenium-devtools-v130/4.28.1/selenium-devtools-v130-4.28.1.jar:/Users/curryhoang/.m2/repository/org/seleniumhq/selenium/selenium-devtools-v131/4.28.1/selenium-devtools-v131-4.28.1.jar:/Users/curryhoang/.m2/repository/org/seleniumhq/selenium/selenium-devtools-v132/4.28.1/selenium-devtools-v132-4.28.1.jar:/Users/curryhoang/.m2/repository/org/seleniumhq/selenium/selenium-devtools-v85/4.28.1/selenium-devtools-v85-4.28.1.jar:/Users/curryhoang/.m2/repository/org/seleniumhq/selenium/selenium-edge-driver/4.28.1/selenium-edge-driver-4.28.1.jar:/Users/curryhoang/.m2/repository/org/seleniumhq/selenium/selenium-firefox-driver/4.28.1/selenium-firefox-driver-4.28.1.jar:/Users/curryhoang/.m2/repository/org/seleniumhq/selenium/selenium-http/4.28.1/selenium-http-4.28.1.jar:/Users/curryhoang/.m2/repository/org/seleniumhq/selenium/selenium-ie-driver/4.28.1/selenium-ie-driver-4.28.1.jar:/Users/curryhoang/.m2/repository/org/seleniumhq/selenium/selenium-remote-driver/4.28.1/selenium-remote-driver-4.28.1.jar:/Users/curryhoang/.m2/repository/com/google/guava/guava/33.4.0-jre/guava-33.4.0-jre.jar:/Users/curryhoang/.m2/repository/com/google/guava/failureaccess/1.0.2/failureaccess-1.0.2.jar:/Users/curryhoang/.m2/repository/com/google/guava/listenablefuture/9999.0-empty-to-avoid-conflict-with-guava/listenablefuture-9999.0-empty-to-avoid-conflict-with-guava.jar:/Users/curryhoang/.m2/repository/org/checkerframework/checker-qual/3.43.0/checker-qual-3.43.0.jar:/Users/curryhoang/.m2/repository/com/google/j2objc/j2objc-annotations/3.0.0/j2objc-annotations-3.0.0.jar:/Users/curryhoang/.m2/repository/io/opentelemetry/semconv/opentelemetry-semconv/1.28.0-alpha/opentelemetry-semconv-1.28.0-alpha.jar:/Users/curryhoang/.m2/repository/io/opentelemetry/opentelemetry-api/1.46.0/opentelemetry-api-1.46.0.jar:/Users/curryhoang/.m2/repository/io/opentelemetry/opentelemetry-context/1.46.0/opentelemetry-context-1.46.0.jar:/Users/curryhoang/.m2/repository/io/opentelemetry/opentelemetry-exporter-logging/1.46.0/opentelemetry-exporter-logging-1.46.0.jar:/Users/curryhoang/.m2/repository/io/opentelemetry/opentelemetry-sdk-common/1.46.0/opentelemetry-sdk-common-1.46.0.jar:/Users/curryhoang/.m2/repository/io/opentelemetry/opentelemetry-sdk-extension-autoconfigure-spi/1.46.0/opentelemetry-sdk-extension-autoconfigure-spi-1.46.0.jar:/Users/curryhoang/.m2/repository/io/opentelemetry/opentelemetry-sdk-extension-autoconfigure/1.46.0/opentelemetry-sdk-extension-autoconfigure-1.46.0.jar:/Users/curryhoang/.m2/repository/io/opentelemetry/opentelemetry-api-incubator/1.46.0-alpha/opentelemetry-api-incubator-1.46.0-alpha.jar:/Users/curryhoang/.m2/repository/io/opentelemetry/opentelemetry-sdk-trace/1.46.0/opentelemetry-sdk-trace-1.46.0.jar:/Users/curryhoang/.m2/repository/io/opentelemetry/opentelemetry-sdk/1.46.0/opentelemetry-sdk-1.46.0.jar:/Users/curryhoang/.m2/repository/io/opentelemetry/opentelemetry-sdk-metrics/1.46.0/opentelemetry-sdk-metrics-1.46.0.jar:/Users/curryhoang/.m2/repository/io/opentelemetry/opentelemetry-sdk-logs/1.46.0/opentelemetry-sdk-logs-1.46.0.jar:/Users/curryhoang/.m2/repository/net/bytebuddy/byte-buddy/1.15.11/byte-buddy-1.15.11.jar:/Users/curryhoang/.m2/repository/org/seleniumhq/selenium/selenium-os/4.28.1/selenium-os-4.28.1.jar:/Users/curryhoang/.m2/repository/org/seleniumhq/selenium/selenium-safari-driver/4.28.1/selenium-safari-driver-4.28.1.jar:/Users/curryhoang/.m2/repository/org/seleniumhq/selenium/selenium-support/4.28.1/selenium-support-4.28.1.jar:/Users/curryhoang/.m2/repository/io/github/bonigarcia/webdrivermanager/5.9.2/webdrivermanager-5.9.2.jar:/Users/curryhoang/.m2/repository/com/google/code/gson/gson/2.11.0/gson-2.11.0.jar:/Users/curryhoang/.m2/repository/com/google/errorprone/error_prone_annotations/2.27.0/error_prone_annotations-2.27.0.jar:/Users/curryhoang/.m2/repository/com/github/docker-java/docker-java/3.4.0/docker-java-3.4.0.jar:/Users/curryhoang/.m2/repository/com/github/docker-java/docker-java-core/3.4.0/docker-java-core-3.4.0.jar:/Users/curryhoang/.m2/repository/com/github/docker-java/docker-java-api/3.4.0/docker-java-api-3.4.0.jar:/Users/curryhoang/.m2/repository/com/github/docker-java/docker-java-transport-httpclient5/3.4.0/docker-java-transport-httpclient5-3.4.0.jar:/Users/curryhoang/.m2/repository/com/github/docker-java/docker-java-transport/3.4.0/docker-java-transport-3.4.0.jar:/Users/curryhoang/.m2/repository/net/java/dev/jna/jna/5.13.0/jna-5.13.0.jar:/Users/curryhoang/.m2/repository/org/brotli/dec/0.1.2/dec-0.1.2.jar:/Users/curryhoang/.m2/repository/org/apache/commons/commons-lang3/3.15.0/commons-lang3-3.15.0.jar:/Users/curryhoang/.m2/repository/org/apache/commons/commons-compress/1.26.2/commons-compress-1.26.2.jar:/Users/curryhoang/.m2/repository/commons-codec/commons-codec/1.17.0/commons-codec-1.17.0.jar:/Users/curryhoang/.m2/repository/org/apache/httpcomponents/client5/httpclient5/5.2.1/httpclient5-5.2.1.jar:/Users/curryhoang/.m2/repository/org/apache/httpcomponents/core5/httpcore5/5.2/httpcore5-5.2.jar:/Users/curryhoang/.m2/repository/org/apache/httpcomponents/core5/httpcore5-h2/5.2/httpcore5-h2-5.2.jar:/Users/curryhoang/.m2/repository/com/intuit/karate/karate-junit5/1.4.0/karate-junit5-1.4.0.jar:/Users/curryhoang/.m2/repository/org/junit/jupiter/junit-jupiter-api/5.9.1/junit-jupiter-api-5.9.1.jar:/Users/curryhoang/.m2/repository/org/opentest4j/opentest4j/1.2.0/opentest4j-1.2.0.jar:/Users/curryhoang/.m2/repository/org/junit/platform/junit-platform-commons/1.9.1/junit-platform-commons-1.9.1.jar:/Users/curryhoang/.m2/repository/org/junit/jupiter/junit-jupiter-engine/5.9.1/junit-jupiter-engine-5.9.1.jar:/Users/curryhoang/.m2/repository/org/junit/platform/junit-platform-engine/1.9.1/junit-platform-engine-1.9.1.jar:/Users/curryhoang/.m2/repository/com/intuit/karate/karate-core/1.4.0/karate-core-1.4.0.jar:/Users/curryhoang/.m2/repository/org/graalvm/js/js-scriptengine/22.3.0/js-scriptengine-22.3.0.jar:/Users/curryhoang/.m2/repository/org/graalvm/sdk/graal-sdk/22.3.0/graal-sdk-22.3.0.jar:/Users/curryhoang/.m2/repository/org/graalvm/js/js/22.3.0/js-22.3.0.jar:/Users/curryhoang/.m2/repository/org/graalvm/regex/regex/22.3.0/regex-22.3.0.jar:/Users/curryhoang/.m2/repository/org/graalvm/truffle/truffle-api/22.3.0/truffle-api-22.3.0.jar:/Users/curryhoang/.m2/repository/com/ibm/icu/icu4j/71.1/icu4j-71.1.jar:/Users/curryhoang/.m2/repository/org/thymeleaf/thymeleaf/3.0.14.RELEASE/thymeleaf-3.0.14.RELEASE.jar:/Users/curryhoang/.m2/repository/ognl/ognl/3.1.26/ognl-3.1.26.jar:/Users/curryhoang/.m2/repository/org/javassist/javassist/3.20.0-GA/javassist-3.20.0-GA.jar:/Users/curryhoang/.m2/repository/org/attoparser/attoparser/2.0.5.RELEASE/attoparser-2.0.5.RELEASE.jar:/Users/curryhoang/.m2/repository/org/unbescape/unbescape/1.1.6.RELEASE/unbescape-1.1.6.RELEASE.jar:/Users/curryhoang/.m2/repository/com/linecorp/armeria/armeria/1.22.0/armeria-1.22.0.jar:/Users/curryhoang/.m2/repository/com/fasterxml/jackson/datatype/jackson-datatype-jdk8/2.14.2/jackson-datatype-jdk8-2.14.2.jar:/Users/curryhoang/.m2/repository/io/micrometer/micrometer-core/1.10.3/micrometer-core-1.10.3.jar:/Users/curryhoang/.m2/repository/io/micrometer/micrometer-commons/1.10.3/micrometer-commons-1.10.3.jar:/Users/curryhoang/.m2/repository/io/micrometer/micrometer-observation/1.10.3/micrometer-observation-1.10.3.jar:/Users/curryhoang/.m2/repository/org/hdrhistogram/HdrHistogram/2.1.12/HdrHistogram-2.1.12.jar:/Users/curryhoang/.m2/repository/org/latencyutils/LatencyUtils/2.0.3/LatencyUtils-2.0.3.jar:/Users/curryhoang/.m2/repository/io/netty/netty-transport/4.1.87.Final/netty-transport-4.1.87.Final.jar:/Users/curryhoang/.m2/repository/io/netty/netty-common/4.1.87.Final/netty-common-4.1.87.Final.jar:/Users/curryhoang/.m2/repository/io/netty/netty-buffer/4.1.87.Final/netty-buffer-4.1.87.Final.jar:/Users/curryhoang/.m2/repository/io/netty/netty-resolver/4.1.87.Final/netty-resolver-4.1.87.Final.jar:/Users/curryhoang/.m2/repository/io/netty/netty-codec-haproxy/4.1.87.Final/netty-codec-haproxy-4.1.87.Final.jar:/Users/curryhoang/.m2/repository/io/netty/netty-codec/4.1.87.Final/netty-codec-4.1.87.Final.jar:/Users/curryhoang/.m2/repository/io/netty/netty-codec-http2/4.1.87.Final/netty-codec-http2-4.1.87.Final.jar:/Users/curryhoang/.m2/repository/io/netty/netty-handler/4.1.87.Final/netty-handler-4.1.87.Final.jar:/Users/curryhoang/.m2/repository/io/netty/netty-codec-http/4.1.87.Final/netty-codec-http-4.1.87.Final.jar:/Users/curryhoang/.m2/repository/io/netty/netty-resolver-dns/4.1.87.Final/netty-resolver-dns-4.1.87.Final.jar:/Users/curryhoang/.m2/repository/io/netty/netty-codec-dns/4.1.87.Final/netty-codec-dns-4.1.87.Final.jar:/Users/curryhoang/.m2/repository/org/reactivestreams/reactive-streams/1.0.4/reactive-streams-1.0.4.jar:/Users/curryhoang/.m2/repository/com/google/code/findbugs/jsr305/3.0.2/jsr305-3.0.2.jar:/Users/curryhoang/.m2/repository/io/netty/netty-transport-native-unix-common/4.1.87.Final/netty-transport-native-unix-common-4.1.87.Final-linux-x86_64.jar:/Users/curryhoang/.m2/repository/io/netty/netty-transport-native-epoll/4.1.87.Final/netty-transport-native-epoll-4.1.87.Final-linux-x86_64.jar:/Users/curryhoang/.m2/repository/io/netty/netty-transport-native-unix-common/4.1.87.Final/netty-transport-native-unix-common-4.1.87.Final.jar:/Users/curryhoang/.m2/repository/io/netty/netty-transport-classes-epoll/4.1.87.Final/netty-transport-classes-epoll-4.1.87.Final.jar:/Users/curryhoang/.m2/repository/io/netty/netty-resolver-dns-native-macos/4.1.87.Final/netty-resolver-dns-native-macos-4.1.87.Final-osx-x86_64.jar:/Users/curryhoang/.m2/repository/io/netty/netty-resolver-dns-classes-macos/4.1.87.Final/netty-resolver-dns-classes-macos-4.1.87.Final.jar:/Users/curryhoang/.m2/repository/io/netty/netty-resolver-dns-native-macos/4.1.87.Final/netty-resolver-dns-native-macos-4.1.87.Final-osx-aarch_64.jar:/Users/curryhoang/.m2/repository/io/netty/netty-tcnative-boringssl-static/2.0.56.Final/netty-tcnative-boringssl-static-2.0.56.Final-linux-x86_64.jar:/Users/curryhoang/.m2/repository/io/netty/netty-tcnative-classes/2.0.56.Final/netty-tcnative-classes-2.0.56.Final.jar:/Users/curryhoang/.m2/repository/io/netty/netty-tcnative-boringssl-static/2.0.56.Final/netty-tcnative-boringssl-static-2.0.56.Final-linux-aarch_64.jar:/Users/curryhoang/.m2/repository/io/netty/netty-tcnative-boringssl-static/2.0.56.Final/netty-tcnative-boringssl-static-2.0.56.Final-osx-x86_64.jar:/Users/curryhoang/.m2/repository/io/netty/netty-tcnative-boringssl-static/2.0.56.Final/netty-tcnative-boringssl-static-2.0.56.Final-osx-aarch_64.jar:/Users/curryhoang/.m2/repository/io/netty/netty-tcnative-boringssl-static/2.0.56.Final/netty-tcnative-boringssl-static-2.0.56.Final-windows-x86_64.jar:/Users/curryhoang/.m2/repository/io/netty/netty-handler-proxy/4.1.87.Final/netty-handler-proxy-4.1.87.Final.jar:/Users/curryhoang/.m2/repository/io/netty/netty-codec-socks/4.1.87.Final/netty-codec-socks-4.1.87.Final.jar:/Users/curryhoang/.m2/repository/com/aayushatharva/brotli4j/brotli4j/1.9.0/brotli4j-1.9.0.jar:/Users/curryhoang/.m2/repository/org/apache/httpcomponents/httpclient/4.5.14/httpclient-4.5.14.jar:/Users/curryhoang/.m2/repository/org/apache/httpcomponents/httpcore/4.4.16/httpcore-4.4.16.jar:/Users/curryhoang/.m2/repository/ch/qos/logback/logback-classic/1.2.9/logback-classic-1.2.9.jar:/Users/curryhoang/.m2/repository/ch/qos/logback/logback-core/1.2.9/logback-core-1.2.9.jar:/Users/curryhoang/.m2/repository/org/slf4j/jcl-over-slf4j/1.7.32/jcl-over-slf4j-1.7.32.jar:/Users/curryhoang/.m2/repository/org/antlr/antlr4-runtime/4.11.1/antlr4-runtime-4.11.1.jar:/Users/curryhoang/.m2/repository/com/jayway/jsonpath/json-path/2.8.0/json-path-2.8.0.jar:/Users/curryhoang/.m2/repository/net/minidev/json-smart/2.4.10/json-smart-2.4.10.jar:/Users/curryhoang/.m2/repository/net/minidev/accessors-smart/2.4.9/accessors-smart-2.4.9.jar:/Users/curryhoang/.m2/repository/org/ow2/asm/asm/9.3/asm-9.3.jar:/Users/curryhoang/.m2/repository/org/yaml/snakeyaml/2.0/snakeyaml-2.0.jar:/Users/curryhoang/.m2/repository/de/siegmar/fastcsv/2.2.1/fastcsv-2.2.1.jar:/Users/curryhoang/.m2/repository/info/picocli/picocli/4.7.1/picocli-4.7.1.jar:/Users/curryhoang/.m2/repository/io/github/classgraph/classgraph/4.8.152/classgraph-4.8.152.jar:/Users/curryhoang/.m2/repository/io/github/t12y/resemble/1.0.2/resemble-1.0.2.jar:/Users/curryhoang/.m2/repository/io/github/t12y/ssim/1.0.0/ssim-1.0.0.jar:/Users/curryhoang/.m2/repository/io/cucumber/cucumber-java/7.21.1/cucumber-java-7.21.1.jar:/Users/curryhoang/.m2/repository/io/cucumber/cucumber-core/7.21.1/cucumber-core-7.21.1.jar:/Users/curryhoang/.m2/repository/io/cucumber/cucumber-gherkin/7.21.1/cucumber-gherkin-7.21.1.jar:/Users/curryhoang/.m2/repository/io/cucumber/cucumber-gherkin-messages/7.21.1/cucumber-gherkin-messages-7.21.1.jar:/Users/curryhoang/.m2/repository/io/cucumber/gherkin/31.0.0/gherkin-31.0.0.jar:/Users/curryhoang/.m2/repository/io/cucumber/messages/27.2.0/messages-27.2.0.jar:/Users/curryhoang/.m2/repository/io/cucumber/testng-xml-formatter/0.3.1/testng-xml-formatter-0.3.1.jar:/Users/curryhoang/.m2/repository/io/cucumber/query/13.2.0/query-13.2.0.jar:/Users/curryhoang/.m2/repository/io/cucumber/tag-expressions/6.1.2/tag-expressions-6.1.2.jar:/Users/curryhoang/.m2/repository/io/cucumber/cucumber-expressions/18.0.1/cucumber-expressions-18.0.1.jar:/Users/curryhoang/.m2/repository/io/cucumber/datatable/7.21.1/datatable-7.21.1.jar:/Users/curryhoang/.m2/repository/io/cucumber/cucumber-plugin/7.21.1/cucumber-plugin-7.21.1.jar:/Users/curryhoang/.m2/repository/io/cucumber/docstring/7.21.1/docstring-7.21.1.jar:/Users/curryhoang/.m2/repository/io/cucumber/html-formatter/21.9.0/html-formatter-21.9.0.jar:/Users/curryhoang/.m2/repository/io/cucumber/junit-xml-formatter/0.7.1/junit-xml-formatter-0.7.1.jar:/Users/curryhoang/.m2/repository/io/cucumber/ci-environment/10.0.1/ci-environment-10.0.1.jar:/Users/curryhoang/.m2/repository/org/apiguardian/apiguardian-api/1.1.2/apiguardian-api-1.1.2.jar:/Users/curryhoang/.m2/repository/net/masterthought/maven-cucumber-reporting/5.8.5/maven-cucumber-reporting-5.8.5.jar:/Users/curryhoang/.m2/repository/org/apache/commons/commons-collections4/4.5.0-M3/commons-collections4-4.5.0-M3.jar:/Users/curryhoang/.m2/repository/org/codehaus/plexus/plexus-utils/4.0.2/plexus-utils-4.0.2.jar:/Users/curryhoang/.m2/repository/io/qameta/allure/allure-maven/2.8/allure-maven-2.8.jar:/Users/curryhoang/.m2/repository/org/apache/maven/maven-core/3.3.9/maven-core-3.3.9.jar:/Users/curryhoang/.m2/repository/org/apache/maven/maven-model/3.3.9/maven-model-3.3.9.jar:/Users/curryhoang/.m2/repository/org/apache/maven/maven-settings/3.3.9/maven-settings-3.3.9.jar:/Users/curryhoang/.m2/repository/org/apache/maven/maven-settings-builder/3.3.9/maven-settings-builder-3.3.9.jar:/Users/curryhoang/.m2/repository/org/apache/maven/maven-builder-support/3.3.9/maven-builder-support-3.3.9.jar:/Users/curryhoang/.m2/repository/org/apache/maven/maven-repository-metadata/3.3.9/maven-repository-metadata-3.3.9.jar:/Users/curryhoang/.m2/repository/org/apache/maven/maven-artifact/3.3.9/maven-artifact-3.3.9.jar:/Users/curryhoang/.m2/repository/org/apache/maven/maven-plugin-api/3.3.9/maven-plugin-api-3.3.9.jar:/Users/curryhoang/.m2/repository/org/apache/maven/maven-model-builder/3.3.9/maven-model-builder-3.3.9.jar:/Users/curryhoang/.m2/repository/org/apache/maven/maven-aether-provider/3.3.9/maven-aether-provider-3.3.9.jar:/Users/curryhoang/.m2/repository/org/eclipse/aether/aether-spi/1.0.2.v20150114/aether-spi-1.0.2.v20150114.jar:/Users/curryhoang/.m2/repository/org/eclipse/aether/aether-impl/1.0.2.v20150114/aether-impl-1.0.2.v20150114.jar:/Users/curryhoang/.m2/repository/org/eclipse/aether/aether-api/1.0.2.v20150114/aether-api-1.0.2.v20150114.jar:/Users/curryhoang/.m2/repository/org/eclipse/aether/aether-util/1.0.2.v20150114/aether-util-1.0.2.v20150114.jar:/Users/curryhoang/.m2/repository/org/eclipse/sisu/org.eclipse.sisu.plexus/0.3.2/org.eclipse.sisu.plexus-0.3.2.jar:/Users/curryhoang/.m2/repository/javax/enterprise/cdi-api/1.0/cdi-api-1.0.jar:/Users/curryhoang/.m2/repository/javax/annotation/jsr250-api/1.0/jsr250-api-1.0.jar:/Users/curryhoang/.m2/repository/org/eclipse/sisu/org.eclipse.sisu.inject/0.3.2/org.eclipse.sisu.inject-0.3.2.jar:/Users/curryhoang/.m2/repository/com/google/inject/guice/4.0/guice-4.0-no_aop.jar:/Users/curryhoang/.m2/repository/javax/inject/javax.inject/1/javax.inject-1.jar:/Users/curryhoang/.m2/repository/aopalliance/aopalliance/1.0/aopalliance-1.0.jar:/Users/curryhoang/.m2/repository/org/codehaus/plexus/plexus-interpolation/1.21/plexus-interpolation-1.21.jar:/Users/curryhoang/.m2/repository/org/codehaus/plexus/plexus-classworlds/2.5.2/plexus-classworlds-2.5.2.jar:/Users/curryhoang/.m2/repository/org/codehaus/plexus/plexus-component-annotations/1.6/plexus-component-annotations-1.6.jar:/Users/curryhoang/.m2/repository/org/sonatype/plexus/plexus-sec-dispatcher/1.3/plexus-sec-dispatcher-1.3.jar:/Users/curryhoang/.m2/repository/org/sonatype/plexus/plexus-cipher/1.4/plexus-cipher-1.4.jar:/Users/curryhoang/.m2/repository/org/apache/maven/reporting/maven-reporting-impl/2.4/maven-reporting-impl-2.4.jar:/Users/curryhoang/.m2/repository/org/apache/maven/reporting/maven-reporting-api/3.0/maven-reporting-api-3.0.jar:/Users/curryhoang/.m2/repository/org/apache/maven/maven-project/2.2.1/maven-project-2.2.1.jar:/Users/curryhoang/.m2/repository/org/apache/maven/maven-profile/2.2.1/maven-profile-2.2.1.jar:/Users/curryhoang/.m2/repository/org/apache/maven/maven-artifact-manager/2.2.1/maven-artifact-manager-2.2.1.jar:/Users/curryhoang/.m2/repository/backport-util-concurrent/backport-util-concurrent/3.1/backport-util-concurrent-3.1.jar:/Users/curryhoang/.m2/repository/org/apache/maven/maven-plugin-registry/2.2.1/maven-plugin-registry-2.2.1.jar:/Users/curryhoang/.m2/repository/org/codehaus/plexus/plexus-container-default/1.0-alpha-9-stable-1/plexus-container-default-1.0-alpha-9-stable-1.jar:/Users/curryhoang/.m2/repository/classworlds/classworlds/1.1-alpha-2/classworlds-1.1-alpha-2.jar:/Users/curryhoang/.m2/repository/org/apache/maven/shared/maven-shared-utils/0.6/maven-shared-utils-0.6.jar:/Users/curryhoang/.m2/repository/org/apache/maven/doxia/doxia-sink-api/1.6/doxia-sink-api-1.6.jar:/Users/curryhoang/.m2/repository/org/apache/maven/doxia/doxia-logging-api/1.6/doxia-logging-api-1.6.jar:/Users/curryhoang/.m2/repository/org/apache/maven/doxia/doxia-core/1.6/doxia-core-1.6.jar:/Users/curryhoang/.m2/repository/xerces/xercesImpl/2.9.1/xercesImpl-2.9.1.jar:/Users/curryhoang/.m2/repository/xmlunit/xmlunit/1.5/xmlunit-1.5.jar:/Users/curryhoang/.m2/repository/org/apache/maven/doxia/doxia-site-renderer/1.6/doxia-site-renderer-1.6.jar:/Users/curryhoang/.m2/repository/org/apache/maven/doxia/doxia-decoration-model/1.6/doxia-decoration-model-1.6.jar:/Users/curryhoang/.m2/repository/org/apache/maven/doxia/doxia-module-xhtml/1.6/doxia-module-xhtml-1.6.jar:/Users/curryhoang/.m2/repository/org/apache/maven/doxia/doxia-module-fml/1.6/doxia-module-fml-1.6.jar:/Users/curryhoang/.m2/repository/org/codehaus/plexus/plexus-i18n/1.0-beta-7/plexus-i18n-1.0-beta-7.jar:/Users/curryhoang/.m2/repository/org/codehaus/plexus/plexus-velocity/1.1.7/plexus-velocity-1.1.7.jar:/Users/curryhoang/.m2/repository/org/apache/velocity/velocity-tools/2.0/velocity-tools-2.0.jar:/Users/curryhoang/.m2/repository/commons-chain/commons-chain/1.1/commons-chain-1.1.jar:/Users/curryhoang/.m2/repository/dom4j/dom4j/1.1/dom4j-1.1.jar:/Users/curryhoang/.m2/repository/oro/oro/2.0.8/oro-2.0.8.jar:/Users/curryhoang/.m2/repository/sslext/sslext/1.2-0/sslext-1.2-0.jar:/Users/curryhoang/.m2/repository/org/apache/struts/struts-core/1.3.8/struts-core-1.3.8.jar:/Users/curryhoang/.m2/repository/antlr/antlr/2.7.2/antlr-2.7.2.jar:/Users/curryhoang/.m2/repository/org/apache/struts/struts-taglib/1.3.8/struts-taglib-1.3.8.jar:/Users/curryhoang/.m2/repository/org/apache/struts/struts-tiles/1.3.8/struts-tiles-1.3.8.jar:/Users/curryhoang/.m2/repository/commons-validator/commons-validator/1.4.1/commons-validator-1.4.1.jar:/Users/curryhoang/.m2/repository/commons-digester/commons-digester/1.8.1/commons-digester-1.8.1.jar:/Users/curryhoang/.m2/repository/commons-beanutils/commons-beanutils/1.9.3/commons-beanutils-1.9.3.jar:/Users/curryhoang/.m2/repository/commons-logging/commons-logging/1.2/commons-logging-1.2.jar:/Users/curryhoang/.m2/repository/net/lingala/zip4j/zip4j/1.3.2/zip4j-1.3.2.jar:/Users/curryhoang/.m2/repository/org/apache/commons/commons-exec/1.3/commons-exec-1.3.jar:/Users/curryhoang/.m2/repository/org/apache/maven/plugin-tools/maven-plugin-annotations/3.2/maven-plugin-annotations-3.2.jar:/Users/curryhoang/.m2/repository/org/apache/maven/plugins/maven-jxr-plugin/2.5/maven-jxr-plugin-2.5.jar:/Users/curryhoang/.m2/repository/org/apache/maven/maven-jxr/2.5/maven-jxr-2.5.jar:/Users/curryhoang/.m2/repository/org/apache/maven/wagon/wagon-provider-api/1.0/wagon-provider-api-1.0.jar:/Users/curryhoang/.m2/repository/xml-apis/xml-apis/1.0.b2/xml-apis-1.0.b2.jar:/Users/curryhoang/.m2/repository/xalan/xalan/2.7.0/xalan-2.7.0.jar:/Users/curryhoang/.m2/repository/com/fasterxml/jackson/core/jackson-databind/2.18.3/jackson-databind-2.18.3.jar:/Users/curryhoang/.m2/repository/com/fasterxml/jackson/core/jackson-annotations/2.18.3/jackson-annotations-2.18.3.jar:/Users/curryhoang/.m2/repository/com/fasterxml/jackson/core/jackson-core/2.18.3/jackson-core-2.18.3.jar:/Users/curryhoang/.m2/repository/net/masterthought/cucumber-reporting/5.3.1/cucumber-reporting-5.3.1.jar:/Users/curryhoang/.m2/repository/com/fasterxml/jackson/datatype/jackson-datatype-jsr310/2.10.1/jackson-datatype-jsr310-2.10.1.jar:/Users/curryhoang/.m2/repository/org/apache/velocity/velocity-engine-core/2.1/velocity-engine-core-2.1.jar:/Users/curryhoang/.m2/repository/commons-collections/commons-collections/3.2.2/commons-collections-3.2.2.jar:/Users/curryhoang/.m2/repository/joda-time/joda-time/2.10.5/joda-time-2.10.5.jar:/Users/curryhoang/.m2/repository/commons-io/commons-io/2.6/commons-io-2.6.jar:/Users/curryhoang/.m2/repository/org/jsoup/jsoup/1.12.1/jsoup-1.12.1.jar:/Users/curryhoang/.m2/repository/com/googlecode/owasp-java-html-sanitizer/owasp-java-html-sanitizer/20191001.1/owasp-java-html-sanitizer-20191001.1.jar:/Users/curryhoang/.m2/repository/commons-configuration/commons-configuration/1.10/commons-configuration-1.10.jar:/Users/curryhoang/.m2/repository/org/apache/velocity/velocity/1.7/velocity-1.7.jar:/Users/curryhoang/.m2/repository/commons-lang/commons-lang/2.4/commons-lang-2.4.jar:"/>
    <property name="sun.cpu.endian" value="little"/>
    <property name="user.home" value="/Users/curryhoang"/>
    <property name="user.language" value="en"/>
    <property name="java.specification.vendor" value="Oracle Corporation"/>
    <property name="java.version.date" value="2023-03-21"/>
    <property name="java.home" value="/Library/Java/JavaVirtualMachines/jdk-20.jdk/Contents/Home"/>
    <property name="file.separator" value="/"/>
    <property name="basedir" value="/Users/curryhoang/KarateFrameWork"/>
    <property name="java.vm.compressedOopsMode" value="Zero based"/>
    <property name="line.separator" value="&#10;"/>
    <property name="java.vm.specification.vendor" value="Oracle Corporation"/>
    <property name="java.specification.name" value="Java Platform API Specification"/>
    <property name="apple.awt.application.name" value="ForkedBooter"/>
    <property name="surefire.real.class.path" value="/Users/curryhoang/KarateFrameWork/target/surefire/surefirebooter-20250327151507349_3.jar"/>
    <property name="sun.management.compiler" value="HotSpot 64-Bit Tiered Compilers"/>
    <property name="ftp.nonProxyHosts" value="local|*.local|169.254/16|*.169.254/16"/>
    <property name="java.runtime.version" value="20+36-2344"/>
    <property name="user.name" value="curryhoang"/>
    <property name="stdout.encoding" value="UTF-8"/>
    <property name="path.separator" value=":"/>
    <property name="os.version" value="15.3.2"/>
    <property name="java.runtime.name" value="Java(TM) SE Runtime Environment"/>
    <property name="file.encoding" value="UTF-8"/>
    <property name="java.vm.name" value="Java HotSpot(TM) 64-Bit Server VM"/>
    <property name="maven.ext.class.path" value="/Users/curryhoang/.vscode/extensions/oracle.oracle-java-23.1.0/nbcode/java/maven-nblib/netbeans-eventspy.jar"/>
    <property name="localRepository" value="/Users/curryhoang/.m2/repository"/>
    <property name="java.vendor.url.bug" value="https://bugreport.java.com/bugreport/"/>
    <property name="java.io.tmpdir" value="/var/folders/sy/xjvmk8fx74g21j1qr4j064g00000gn/T/"/>
    <property name="java.version" value="20"/>
    <property name="user.dir" value="/Users/curryhoang/KarateFrameWork"/>
    <property name="os.arch" value="aarch64"/>
    <property name="java.vm.specification.name" value="Java Virtual Machine Specification"/>
    <property name="native.encoding" value="UTF-8"/>
    <property name="java.library.path" value="/Users/curryhoang/Library/Java/Extensions:/Library/Java/Extensions:/Network/Library/Java/Extensions:/System/Library/Java/Extensions:/usr/lib/java:."/>
    <property name="java.vm.info" value="mixed mode, sharing"/>
    <property name="stderr.encoding" value="UTF-8"/>
    <property name="java.vendor" value="Oracle Corporation"/>
    <property name="java.vm.version" value="20+36-2344"/>
    <property name="sun.io.unicode.encoding" value="UnicodeBig"/>
    <property name="socksNonProxyHosts" value="local|*.local|169.254/16|*.169.254/16"/>
    <property name="java.class.version" value="64.0"/>
  </properties>
  <testcase name="testAll" classname="Karate.Demo.TestRunner" time="10.935">
    <system-out><![CDATA[15:15:08.208 [main] INFO com.intuit.karate.Suite - backed up existing 'target/karate-reports' dir to: target/karate-reports_1743063308205
15:15:08.621 [pool-2-thread-1] DEBUG org.apache.http.client.protocol.RequestAddCookies - CookieSpec selected: karate
15:15:08.621 [pool-2-thread-2] DEBUG org.apache.http.client.protocol.RequestAddCookies - CookieSpec selected: karate
15:15:08.624 [pool-2-thread-2] DEBUG org.apache.http.client.protocol.RequestAuthCache - Auth cache not set in the context
15:15:08.624 [pool-2-thread-1] DEBUG org.apache.http.client.protocol.RequestAuthCache - Auth cache not set in the context
15:15:08.625 [pool-2-thread-1] DEBUG com.intuit.karate - request:
1 > GET https://reqres.in/api/users/23
1 > Host: reqres.in
1 > Connection: Keep-Alive
1 > User-Agent: Apache-HttpClient/4.5.14 (Java/20)
1 > Accept-Encoding: gzip,deflate


15:15:08.625 [pool-2-thread-2] DEBUG com.intuit.karate - request:
1 > GET https://reqres.in/api/users/2
1 > Host: reqres.in
1 > Connection: Keep-Alive
1 > User-Agent: Apache-HttpClient/4.5.14 (Java/20)
1 > Accept-Encoding: gzip,deflate


15:15:08.625 [pool-2-thread-1] DEBUG org.apache.http.impl.conn.PoolingHttpClientConnectionManager - Connection request: [route: {s}->https://reqres.in:443][total available: 0; route allocated: 0 of 5; total allocated: 0 of 10]
15:15:08.625 [pool-2-thread-2] DEBUG org.apache.http.impl.conn.PoolingHttpClientConnectionManager - Connection request: [route: {s}->https://reqres.in:443][total available: 0; route allocated: 0 of 5; total allocated: 0 of 10]
15:15:08.628 [pool-2-thread-2] DEBUG org.apache.http.impl.conn.PoolingHttpClientConnectionManager - Connection leased: [id: 1][route: {s}->https://reqres.in:443][total available: 0; route allocated: 1 of 5; total allocated: 1 of 10]
15:15:08.628 [pool-2-thread-1] DEBUG org.apache.http.impl.conn.PoolingHttpClientConnectionManager - Connection leased: [id: 0][route: {s}->https://reqres.in:443][total available: 0; route allocated: 1 of 5; total allocated: 1 of 10]
15:15:08.629 [pool-2-thread-1] DEBUG org.apache.http.impl.execchain.MainClientExec - Opening connection {s}->https://reqres.in:443
15:15:08.629 [pool-2-thread-2] DEBUG org.apache.http.impl.execchain.MainClientExec - Opening connection {s}->https://reqres.in:443
15:15:08.716 [pool-2-thread-1] DEBUG org.apache.http.impl.conn.DefaultHttpClientConnectionOperator - Connecting to reqres.in/104.26.10.213:443
15:15:08.716 [pool-2-thread-2] DEBUG org.apache.http.impl.conn.DefaultHttpClientConnectionOperator - Connecting to reqres.in/104.26.10.213:443
15:15:08.716 [pool-2-thread-1] DEBUG org.apache.http.conn.ssl.SSLConnectionSocketFactory - Connecting socket to reqres.in/104.26.10.213:443 with timeout 30000
15:15:08.716 [pool-2-thread-2] DEBUG org.apache.http.conn.ssl.SSLConnectionSocketFactory - Connecting socket to reqres.in/104.26.10.213:443 with timeout 30000
15:15:08.762 [pool-2-thread-1] DEBUG org.apache.http.conn.ssl.SSLConnectionSocketFactory - Enabled protocols: [TLSv1.3, TLSv1.2]
15:15:08.762 [pool-2-thread-2] DEBUG org.apache.http.conn.ssl.SSLConnectionSocketFactory - Enabled protocols: [TLSv1.3, TLSv1.2]
15:15:08.762 [pool-2-thread-1] DEBUG org.apache.http.conn.ssl.SSLConnectionSocketFactory - Enabled cipher suites:[TLS_AES_256_GCM_SHA384, TLS_AES_128_GCM_SHA256, TLS_CHACHA20_POLY1305_SHA256, TLS_ECDHE_ECDSA_WITH_AES_256_GCM_SHA384, TLS_ECDHE_ECDSA_WITH_AES_128_GCM_SHA256, TLS_ECDHE_ECDSA_WITH_CHACHA20_POLY1305_SHA256, TLS_ECDHE_RSA_WITH_AES_256_GCM_SHA384, TLS_ECDHE_RSA_WITH_CHACHA20_POLY1305_SHA256, TLS_ECDHE_RSA_WITH_AES_128_GCM_SHA256, TLS_DHE_RSA_WITH_AES_256_GCM_SHA384, TLS_DHE_RSA_WITH_CHACHA20_POLY1305_SHA256, TLS_DHE_DSS_WITH_AES_256_GCM_SHA384, TLS_DHE_RSA_WITH_AES_128_GCM_SHA256, TLS_DHE_DSS_WITH_AES_128_GCM_SHA256, TLS_ECDHE_ECDSA_WITH_AES_256_CBC_SHA384, TLS_ECDHE_RSA_WITH_AES_256_CBC_SHA384, TLS_ECDHE_ECDSA_WITH_AES_128_CBC_SHA256, TLS_ECDHE_RSA_WITH_AES_128_CBC_SHA256, TLS_DHE_RSA_WITH_AES_256_CBC_SHA256, TLS_DHE_DSS_WITH_AES_256_CBC_SHA256, TLS_DHE_RSA_WITH_AES_128_CBC_SHA256, TLS_DHE_DSS_WITH_AES_128_CBC_SHA256, TLS_ECDHE_ECDSA_WITH_AES_256_CBC_SHA, TLS_ECDHE_RSA_WITH_AES_256_CBC_SHA, TLS_ECDHE_ECDSA_WITH_AES_128_CBC_SHA, TLS_ECDHE_RSA_WITH_AES_128_CBC_SHA, TLS_DHE_RSA_WITH_AES_256_CBC_SHA, TLS_DHE_DSS_WITH_AES_256_CBC_SHA, TLS_DHE_RSA_WITH_AES_128_CBC_SHA, TLS_DHE_DSS_WITH_AES_128_CBC_SHA, TLS_RSA_WITH_AES_256_GCM_SHA384, TLS_RSA_WITH_AES_128_GCM_SHA256, TLS_RSA_WITH_AES_256_CBC_SHA256, TLS_RSA_WITH_AES_128_CBC_SHA256, TLS_RSA_WITH_AES_256_CBC_SHA, TLS_RSA_WITH_AES_128_CBC_SHA, TLS_EMPTY_RENEGOTIATION_INFO_SCSV]
15:15:08.762 [pool-2-thread-2] DEBUG org.apache.http.conn.ssl.SSLConnectionSocketFactory - Enabled cipher suites:[TLS_AES_256_GCM_SHA384, TLS_AES_128_GCM_SHA256, TLS_CHACHA20_POLY1305_SHA256, TLS_ECDHE_ECDSA_WITH_AES_256_GCM_SHA384, TLS_ECDHE_ECDSA_WITH_AES_128_GCM_SHA256, TLS_ECDHE_ECDSA_WITH_CHACHA20_POLY1305_SHA256, TLS_ECDHE_RSA_WITH_AES_256_GCM_SHA384, TLS_ECDHE_RSA_WITH_CHACHA20_POLY1305_SHA256, TLS_ECDHE_RSA_WITH_AES_128_GCM_SHA256, TLS_DHE_RSA_WITH_AES_256_GCM_SHA384, TLS_DHE_RSA_WITH_CHACHA20_POLY1305_SHA256, TLS_DHE_DSS_WITH_AES_256_GCM_SHA384, TLS_DHE_RSA_WITH_AES_128_GCM_SHA256, TLS_DHE_DSS_WITH_AES_128_GCM_SHA256, TLS_ECDHE_ECDSA_WITH_AES_256_CBC_SHA384, TLS_ECDHE_RSA_WITH_AES_256_CBC_SHA384, TLS_ECDHE_ECDSA_WITH_AES_128_CBC_SHA256, TLS_ECDHE_RSA_WITH_AES_128_CBC_SHA256, TLS_DHE_RSA_WITH_AES_256_CBC_SHA256, TLS_DHE_DSS_WITH_AES_256_CBC_SHA256, TLS_DHE_RSA_WITH_AES_128_CBC_SHA256, TLS_DHE_DSS_WITH_AES_128_CBC_SHA256, TLS_ECDHE_ECDSA_WITH_AES_256_CBC_SHA, TLS_ECDHE_RSA_WITH_AES_256_CBC_SHA, TLS_ECDHE_ECDSA_WITH_AES_128_CBC_SHA, TLS_ECDHE_RSA_WITH_AES_128_CBC_SHA, TLS_DHE_RSA_WITH_AES_256_CBC_SHA, TLS_DHE_DSS_WITH_AES_256_CBC_SHA, TLS_DHE_RSA_WITH_AES_128_CBC_SHA, TLS_DHE_DSS_WITH_AES_128_CBC_SHA, TLS_RSA_WITH_AES_256_GCM_SHA384, TLS_RSA_WITH_AES_128_GCM_SHA256, TLS_RSA_WITH_AES_256_CBC_SHA256, TLS_RSA_WITH_AES_128_CBC_SHA256, TLS_RSA_WITH_AES_256_CBC_SHA, TLS_RSA_WITH_AES_128_CBC_SHA, TLS_EMPTY_RENEGOTIATION_INFO_SCSV]
15:15:08.762 [pool-2-thread-1] DEBUG org.apache.http.conn.ssl.SSLConnectionSocketFactory - Starting handshake
15:15:08.762 [pool-2-thread-2] DEBUG org.apache.http.conn.ssl.SSLConnectionSocketFactory - Starting handshake
15:15:08.876 [pool-2-thread-1] DEBUG org.apache.http.conn.ssl.SSLConnectionSocketFactory - Secure session established
15:15:08.876 [pool-2-thread-2] DEBUG org.apache.http.conn.ssl.SSLConnectionSocketFactory - Secure session established
15:15:08.877 [pool-2-thread-1] DEBUG org.apache.http.conn.ssl.SSLConnectionSocketFactory -  negotiated protocol: TLSv1.3
15:15:08.877 [pool-2-thread-2] DEBUG org.apache.http.conn.ssl.SSLConnectionSocketFactory -  negotiated protocol: TLSv1.3
15:15:08.877 [pool-2-thread-1] DEBUG org.apache.http.conn.ssl.SSLConnectionSocketFactory -  negotiated cipher suite: TLS_AES_256_GCM_SHA384
15:15:08.877 [pool-2-thread-2] DEBUG org.apache.http.conn.ssl.SSLConnectionSocketFactory -  negotiated cipher suite: TLS_AES_256_GCM_SHA384
15:15:08.877 [pool-2-thread-2] DEBUG org.apache.http.conn.ssl.SSLConnectionSocketFactory -  peer principal: CN=reqres.in
15:15:08.877 [pool-2-thread-1] DEBUG org.apache.http.conn.ssl.SSLConnectionSocketFactory -  peer principal: CN=reqres.in
15:15:08.877 [pool-2-thread-2] DEBUG org.apache.http.conn.ssl.SSLConnectionSocketFactory -  peer alternative names: [reqres.in, *.reqres.in]
15:15:08.877 [pool-2-thread-1] DEBUG org.apache.http.conn.ssl.SSLConnectionSocketFactory -  peer alternative names: [reqres.in, *.reqres.in]
15:15:08.877 [pool-2-thread-2] DEBUG org.apache.http.conn.ssl.SSLConnectionSocketFactory -  issuer principal: CN=WE1, O=Google Trust Services, C=US
15:15:08.877 [pool-2-thread-1] DEBUG org.apache.http.conn.ssl.SSLConnectionSocketFactory -  issuer principal: CN=WE1, O=Google Trust Services, C=US
15:15:08.878 [pool-2-thread-2] DEBUG org.apache.http.impl.conn.DefaultHttpClientConnectionOperator - Connection established 192.168.1.6:54167<->104.26.10.213:443
15:15:08.878 [pool-2-thread-1] DEBUG org.apache.http.impl.conn.DefaultHttpClientConnectionOperator - Connection established 192.168.1.6:54166<->104.26.10.213:443
15:15:08.878 [pool-2-thread-2] DEBUG org.apache.http.impl.conn.DefaultManagedHttpClientConnection - http-outgoing-0: set socket timeout to 30000
15:15:08.878 [pool-2-thread-1] DEBUG org.apache.http.impl.conn.DefaultManagedHttpClientConnection - http-outgoing-1: set socket timeout to 30000
15:15:08.878 [pool-2-thread-2] DEBUG org.apache.http.impl.execchain.MainClientExec - Executing request GET /api/users/2 HTTP/1.1
15:15:08.878 [pool-2-thread-1] DEBUG org.apache.http.impl.execchain.MainClientExec - Executing request GET /api/users/23 HTTP/1.1
15:15:08.878 [pool-2-thread-2] DEBUG org.apache.http.impl.execchain.MainClientExec - Target auth state: UNCHALLENGED
15:15:08.878 [pool-2-thread-1] DEBUG org.apache.http.impl.execchain.MainClientExec - Target auth state: UNCHALLENGED
15:15:08.878 [pool-2-thread-2] DEBUG org.apache.http.impl.execchain.MainClientExec - Proxy auth state: UNCHALLENGED
15:15:08.878 [pool-2-thread-1] DEBUG org.apache.http.impl.execchain.MainClientExec - Proxy auth state: UNCHALLENGED
15:15:08.879 [pool-2-thread-2] DEBUG org.apache.http.headers - http-outgoing-0 >> GET /api/users/2 HTTP/1.1
15:15:08.879 [pool-2-thread-1] DEBUG org.apache.http.headers - http-outgoing-1 >> GET /api/users/23 HTTP/1.1
15:15:08.879 [pool-2-thread-2] DEBUG org.apache.http.headers - http-outgoing-0 >> Host: reqres.in
15:15:08.879 [pool-2-thread-1] DEBUG org.apache.http.headers - http-outgoing-1 >> Host: reqres.in
15:15:08.879 [pool-2-thread-2] DEBUG org.apache.http.headers - http-outgoing-0 >> Connection: Keep-Alive
15:15:08.879 [pool-2-thread-1] DEBUG org.apache.http.headers - http-outgoing-1 >> Connection: Keep-Alive
15:15:08.879 [pool-2-thread-2] DEBUG org.apache.http.headers - http-outgoing-0 >> User-Agent: Apache-HttpClient/4.5.14 (Java/20)
15:15:08.879 [pool-2-thread-1] DEBUG org.apache.http.headers - http-outgoing-1 >> User-Agent: Apache-HttpClient/4.5.14 (Java/20)
15:15:08.879 [pool-2-thread-2] DEBUG org.apache.http.headers - http-outgoing-0 >> Accept-Encoding: gzip,deflate
15:15:08.879 [pool-2-thread-1] DEBUG org.apache.http.headers - http-outgoing-1 >> Accept-Encoding: gzip,deflate
15:15:08.879 [pool-2-thread-1] DEBUG org.apache.http.wire - http-outgoing-1 >> "GET /api/users/23 HTTP/1.1[\r][\n]"
15:15:08.879 [pool-2-thread-2] DEBUG org.apache.http.wire - http-outgoing-0 >> "GET /api/users/2 HTTP/1.1[\r][\n]"
15:15:08.879 [pool-2-thread-1] DEBUG org.apache.http.wire - http-outgoing-1 >> "Host: reqres.in[\r][\n]"
15:15:08.879 [pool-2-thread-2] DEBUG org.apache.http.wire - http-outgoing-0 >> "Host: reqres.in[\r][\n]"
15:15:08.879 [pool-2-thread-1] DEBUG org.apache.http.wire - http-outgoing-1 >> "Connection: Keep-Alive[\r][\n]"
15:15:08.879 [pool-2-thread-2] DEBUG org.apache.http.wire - http-outgoing-0 >> "Connection: Keep-Alive[\r][\n]"
15:15:08.879 [pool-2-thread-1] DEBUG org.apache.http.wire - http-outgoing-1 >> "User-Agent: Apache-HttpClient/4.5.14 (Java/20)[\r][\n]"
15:15:08.879 [pool-2-thread-2] DEBUG org.apache.http.wire - http-outgoing-0 >> "User-Agent: Apache-HttpClient/4.5.14 (Java/20)[\r][\n]"
15:15:08.879 [pool-2-thread-1] DEBUG org.apache.http.wire - http-outgoing-1 >> "Accept-Encoding: gzip,deflate[\r][\n]"
15:15:08.879 [pool-2-thread-2] DEBUG org.apache.http.wire - http-outgoing-0 >> "Accept-Encoding: gzip,deflate[\r][\n]"
15:15:08.880 [pool-2-thread-1] DEBUG org.apache.http.wire - http-outgoing-1 >> "[\r][\n]"
15:15:08.880 [pool-2-thread-2] DEBUG org.apache.http.wire - http-outgoing-0 >> "[\r][\n]"
15:15:08.924 [pool-2-thread-2] DEBUG org.apache.http.wire - http-outgoing-0 << "HTTP/1.1 200 OK[\r][\n]"
15:15:08.924 [pool-2-thread-2] DEBUG org.apache.http.wire - http-outgoing-0 << "Date: Thu, 27 Mar 2025 08:15:08 GMT[\r][\n]"
15:15:08.924 [pool-2-thread-2] DEBUG org.apache.http.wire - http-outgoing-0 << "Content-Type: application/json; charset=utf-8[\r][\n]"
15:15:08.924 [pool-2-thread-2] DEBUG org.apache.http.wire - http-outgoing-0 << "Transfer-Encoding: chunked[\r][\n]"
15:15:08.924 [pool-2-thread-2] DEBUG org.apache.http.wire - http-outgoing-0 << "Connection: keep-alive[\r][\n]"
15:15:08.924 [pool-2-thread-2] DEBUG org.apache.http.wire - http-outgoing-0 << "Report-To: {"group":"heroku-nel","max_age":3600,"endpoints":[{"url":"https://nel.heroku.com/reports?ts=1742883075&sid=c4c9725f-1ab0-44d8-820f-430df2718e11&s=W%2FXrZzBLb0qiXHM46POMGyUTN5nCGFAKAAh%2FDTdd%2F0k%3D"}]}[\r][\n]"
15:15:08.924 [pool-2-thread-2] DEBUG org.apache.http.wire - http-outgoing-0 << "Reporting-Endpoints: heroku-nel=https://nel.heroku.com/reports?ts=1742883075&sid=c4c9725f-1ab0-44d8-820f-430df2718e11&s=W%2FXrZzBLb0qiXHM46POMGyUTN5nCGFAKAAh%2FDTdd%2F0k%3D[\r][\n]"
15:15:08.924 [pool-2-thread-2] DEBUG org.apache.http.wire - http-outgoing-0 << "Nel: {"report_to":"heroku-nel","max_age":3600,"success_fraction":0.005,"failure_fraction":0.05,"response_headers":["Via"]}[\r][\n]"
15:15:08.924 [pool-2-thread-2] DEBUG org.apache.http.wire - http-outgoing-0 << "X-Powered-By: Express[\r][\n]"
15:15:08.924 [pool-2-thread-2] DEBUG org.apache.http.wire - http-outgoing-0 << "Access-Control-Allow-Origin: *[\r][\n]"
15:15:08.925 [pool-2-thread-2] DEBUG org.apache.http.wire - http-outgoing-0 << "Etag: W/"152-ApQgGHL6RKwaebFlrPCYPBO1xHg"[\r][\n]"
15:15:08.925 [pool-2-thread-2] DEBUG org.apache.http.wire - http-outgoing-0 << "Via: 1.1 vegur[\r][\n]"
15:15:08.925 [pool-2-thread-2] DEBUG org.apache.http.wire - http-outgoing-0 << "Cache-Control: max-age=14400[\r][\n]"
15:15:08.925 [pool-2-thread-2] DEBUG org.apache.http.wire - http-outgoing-0 << "CF-Cache-Status: HIT[\r][\n]"
15:15:08.925 [pool-2-thread-2] DEBUG org.apache.http.wire - http-outgoing-0 << "Age: 6908[\r][\n]"
15:15:08.925 [pool-2-thread-2] DEBUG org.apache.http.wire - http-outgoing-0 << "Vary: Accept-Encoding[\r][\n]"
15:15:08.925 [pool-2-thread-2] DEBUG org.apache.http.wire - http-outgoing-0 << "Server: cloudflare[\r][\n]"
15:15:08.925 [pool-2-thread-2] DEBUG org.apache.http.wire - http-outgoing-0 << "CF-RAY: 926d7030b8ebfd90-SIN[\r][\n]"
15:15:08.925 [pool-2-thread-2] DEBUG org.apache.http.wire - http-outgoing-0 << "Content-Encoding: gzip[\r][\n]"
15:15:08.925 [pool-2-thread-2] DEBUG org.apache.http.wire - http-outgoing-0 << "server-timing: cfL4;desc="?proto=TCP&rtt=30031&min_rtt=29961&rtt_var=11375&sent=5&recv=7&lost=0&retrans=0&sent_bytes=3108&recv_bytes=741&delivery_rate=141541&cwnd=252&unsent_bytes=0&cid=c211c19a38dc4e4c&ts=89&x=0"[\r][\n]"
15:15:08.925 [pool-2-thread-2] DEBUG org.apache.http.wire - http-outgoing-0 << "[\r][\n]"
15:15:08.925 [pool-2-thread-2] DEBUG org.apache.http.wire - http-outgoing-0 << "f8[\r][\n]"
15:15:08.925 [pool-2-thread-2] DEBUG org.apache.http.wire - http-outgoing-0 << "[0x1f][0x8b][0x8][0x0][0x0][0x0][0x0][0x0][0x0][0x3]M[0x8e][0xc1]j[0xc3]0[0x10]De[0xd9]CO[0xaa][\r]9[\n]"
15:15:08.925 [pool-2-thread-2] DEBUG org.apache.http.wire - http-outgoing-0 << "L[\n]"
15:15:08.925 [pool-2-thread-2] DEBUG org.apache.http.wire - http-outgoing-0 << "[0xb9][0x95][0x1e][0xb]=[0x86]EZ[0xbb]k,[0xc9]Y[0xad][0x93][0x86][0xe0]/NJ[0xdb][0xe3][0xc]3o[0xe6][0x86][0x91][0x8c][0xd0][0xdf]P"[0xfa][0x9d]CN$[0x13]z[0x1c])[0xb3]5[0x17][0xa6]3[0xeb][0x8b][0xf2]I[0xb9]6[0x92][0xd1]a/Z[0xed][0x98])1z|[0xdd]R[0xe8]p[0xa2]?[0xef][0xe3][0xde]A[0x87]t&#E[0x8f][0x9f]fs[0xf5]m[0xfb][0x8b]i%[\r]mO[0x81]k[0xbb]{[0x96]D[0x3]7[0xe3]<[0xe0][0xea][0xb0].[0xf3]\[0xd4][0xb6]C[0x8b]N[0xff][0xba][0xa1]d[0xe3]l[0x81]b[0xbc]6R[0xf6][0x8b][0xa5]c-[0x8b][0x6][0xee][0x1e][0xd8][0xa7][0xcd]I[0x1c]eI[0xdd]XK[0xbe][0xeb]@i&[0x19]r[0xa7][0xdc][0xb3]*M[0xe8][0xd0][0xf8][0xcb][0xd0][0xe3][0xbb](G(=\TL[0xf2][0x0][0x9c][0xe3][0xc4][0xb5]B-A"
15:15:08.926 [pool-2-thread-2] DEBUG org.apache.http.headers - http-outgoing-0 << HTTP/1.1 200 OK
15:15:08.926 [pool-2-thread-2] DEBUG org.apache.http.headers - http-outgoing-0 << Date: Thu, 27 Mar 2025 08:15:08 GMT
15:15:08.926 [pool-2-thread-2] DEBUG org.apache.http.headers - http-outgoing-0 << Content-Type: application/json; charset=utf-8
15:15:08.926 [pool-2-thread-2] DEBUG org.apache.http.headers - http-outgoing-0 << Transfer-Encoding: chunked
15:15:08.926 [pool-2-thread-2] DEBUG org.apache.http.headers - http-outgoing-0 << Connection: keep-alive
15:15:08.926 [pool-2-thread-2] DEBUG org.apache.http.headers - http-outgoing-0 << Report-To: {"group":"heroku-nel","max_age":3600,"endpoints":[{"url":"https://nel.heroku.com/reports?ts=1742883075&sid=c4c9725f-1ab0-44d8-820f-430df2718e11&s=W%2FXrZzBLb0qiXHM46POMGyUTN5nCGFAKAAh%2FDTdd%2F0k%3D"}]}
15:15:08.926 [pool-2-thread-2] DEBUG org.apache.http.headers - http-outgoing-0 << Reporting-Endpoints: heroku-nel=https://nel.heroku.com/reports?ts=1742883075&sid=c4c9725f-1ab0-44d8-820f-430df2718e11&s=W%2FXrZzBLb0qiXHM46POMGyUTN5nCGFAKAAh%2FDTdd%2F0k%3D
15:15:08.926 [pool-2-thread-2] DEBUG org.apache.http.headers - http-outgoing-0 << Nel: {"report_to":"heroku-nel","max_age":3600,"success_fraction":0.005,"failure_fraction":0.05,"response_headers":["Via"]}
15:15:08.926 [pool-2-thread-2] DEBUG org.apache.http.headers - http-outgoing-0 << X-Powered-By: Express
15:15:08.926 [pool-2-thread-2] DEBUG org.apache.http.headers - http-outgoing-0 << Access-Control-Allow-Origin: *
15:15:08.926 [pool-2-thread-2] DEBUG org.apache.http.headers - http-outgoing-0 << Etag: W/"152-ApQgGHL6RKwaebFlrPCYPBO1xHg"
15:15:08.926 [pool-2-thread-2] DEBUG org.apache.http.headers - http-outgoing-0 << Via: 1.1 vegur
15:15:08.926 [pool-2-thread-2] DEBUG org.apache.http.headers - http-outgoing-0 << Cache-Control: max-age=14400
15:15:08.926 [pool-2-thread-2] DEBUG org.apache.http.headers - http-outgoing-0 << CF-Cache-Status: HIT
15:15:08.926 [pool-2-thread-2] DEBUG org.apache.http.headers - http-outgoing-0 << Age: 6908
15:15:08.926 [pool-2-thread-2] DEBUG org.apache.http.headers - http-outgoing-0 << Vary: Accept-Encoding
15:15:08.926 [pool-2-thread-2] DEBUG org.apache.http.headers - http-outgoing-0 << Server: cloudflare
15:15:08.926 [pool-2-thread-2] DEBUG org.apache.http.headers - http-outgoing-0 << CF-RAY: 926d7030b8ebfd90-SIN
15:15:08.926 [pool-2-thread-2] DEBUG org.apache.http.headers - http-outgoing-0 << Content-Encoding: gzip
15:15:08.926 [pool-2-thread-2] DEBUG org.apache.http.headers - http-outgoing-0 << server-timing: cfL4;desc="?proto=TCP&rtt=30031&min_rtt=29961&rtt_var=11375&sent=5&recv=7&lost=0&retrans=0&sent_bytes=3108&recv_bytes=741&delivery_rate=141541&cwnd=252&unsent_bytes=0&cid=c211c19a38dc4e4c&ts=89&x=0"
15:15:08.927 [pool-2-thread-2] DEBUG org.apache.http.impl.execchain.MainClientExec - Connection can be kept alive indefinitely
15:15:08.928 [pool-2-thread-2] DEBUG org.apache.http.wire - http-outgoing-0 << "h[0x82][\r]E[0xf0]3[0xbb][0x87]768<[0x4][0x1c][0xb6][0x13]0pf%c[0x10][0x83][0xbe](\[0xcb][0xd2][0xe0][0xba]~[0x3]u[0x8b]!1R[0x1][0x0][0x0][\r][\n]"
15:15:08.928 [pool-2-thread-2] DEBUG org.apache.http.impl.conn.DefaultManagedHttpClientConnection - http-outgoing-0: Close connection
15:15:08.930 [pool-2-thread-2] DEBUG org.apache.http.impl.execchain.MainClientExec - Connection discarded
15:15:08.930 [pool-2-thread-2] DEBUG org.apache.http.impl.conn.PoolingHttpClientConnectionManager - Connection released: [id: 1][route: {s}->https://reqres.in:443][total available: 0; route allocated: 0 of 5; total allocated: 0 of 10]
15:15:08.930 [pool-2-thread-2] DEBUG org.apache.http.impl.conn.PoolingHttpClientConnectionManager - Connection manager is shutting down
15:15:08.930 [pool-2-thread-2] DEBUG org.apache.http.impl.conn.PoolingHttpClientConnectionManager - Connection manager shut down
15:15:08.931 [pool-2-thread-2] DEBUG com.intuit.karate - response time in milliseconds: 303
1 < 200
1 < Date: Thu, 27 Mar 2025 08:15:08 GMT
1 < Content-Type: application/json; charset=utf-8
1 < Transfer-Encoding: chunked
1 < Connection: keep-alive
1 < Report-To: {"group":"heroku-nel","max_age":3600,"endpoints":[{"url":"https://nel.heroku.com/reports?ts=1742883075&sid=c4c9725f-1ab0-44d8-820f-430df2718e11&s=W%2FXrZzBLb0qiXHM46POMGyUTN5nCGFAKAAh%2FDTdd%2F0k%3D"}]}
1 < Reporting-Endpoints: heroku-nel=https://nel.heroku.com/reports?ts=1742883075&sid=c4c9725f-1ab0-44d8-820f-430df2718e11&s=W%2FXrZzBLb0qiXHM46POMGyUTN5nCGFAKAAh%2FDTdd%2F0k%3D
1 < Nel: {"report_to":"heroku-nel","max_age":3600,"success_fraction":0.005,"failure_fraction":0.05,"response_headers":["Via"]}
1 < X-Powered-By: Express
1 < Access-Control-Allow-Origin: *
1 < Etag: W/"152-ApQgGHL6RKwaebFlrPCYPBO1xHg"
1 < Via: 1.1 vegur
1 < Cache-Control: max-age=14400
1 < CF-Cache-Status: HIT
1 < Age: 6908
1 < Vary: Accept-Encoding
1 < Server: cloudflare
1 < CF-RAY: 926d7030b8ebfd90-SIN
1 < server-timing: cfL4;desc="?proto=TCP&rtt=30031&min_rtt=29961&rtt_var=11375&sent=5&recv=7&lost=0&retrans=0&sent_bytes=3108&recv_bytes=741&delivery_rate=141541&cwnd=252&unsent_bytes=0&cid=c211c19a38dc4e4c&ts=89&x=0"
{"data":{"id":2,"email":"janet.weaver@reqres.in","first_name":"Janet","last_name":"Weaver","avatar":"https://reqres.in/img/faces/2-image.jpg"},"support":{"url":"https://contentcaddy.io?utm_source=reqres&utm_medium=json&utm_campaign=referral","text":"Tired of writing endless social media content? Let Content Caddy generate it for you."}}

15:15:08.947 [pool-2-thread-2] DEBUG org.apache.http.client.protocol.RequestAddCookies - CookieSpec selected: karate
15:15:08.947 [pool-2-thread-2] DEBUG org.apache.http.client.protocol.RequestAuthCache - Auth cache not set in the context
15:15:08.947 [pool-2-thread-2] DEBUG com.intuit.karate - request:
1 > DELETE https://reqres.in/api/users/2
1 > Host: reqres.in
1 > Connection: Keep-Alive
1 > User-Agent: Apache-HttpClient/4.5.14 (Java/20)
1 > Accept-Encoding: gzip,deflate


15:15:08.947 [pool-2-thread-2] DEBUG org.apache.http.impl.conn.PoolingHttpClientConnectionManager - Connection request: [route: {s}->https://reqres.in:443][total available: 0; route allocated: 0 of 5; total allocated: 0 of 10]
15:15:08.947 [pool-2-thread-2] DEBUG org.apache.http.impl.conn.PoolingHttpClientConnectionManager - Connection leased: [id: 2][route: {s}->https://reqres.in:443][total available: 0; route allocated: 1 of 5; total allocated: 1 of 10]
15:15:08.947 [pool-2-thread-2] DEBUG org.apache.http.impl.execchain.MainClientExec - Opening connection {s}->https://reqres.in:443
15:15:08.947 [pool-2-thread-2] DEBUG org.apache.http.impl.conn.DefaultHttpClientConnectionOperator - Connecting to reqres.in/104.26.10.213:443
15:15:08.947 [pool-2-thread-2] DEBUG org.apache.http.conn.ssl.SSLConnectionSocketFactory - Connecting socket to reqres.in/104.26.10.213:443 with timeout 30000
15:15:09.001 [pool-2-thread-2] DEBUG org.apache.http.conn.ssl.SSLConnectionSocketFactory - Enabled protocols: [TLSv1.3, TLSv1.2]
15:15:09.001 [pool-2-thread-2] DEBUG org.apache.http.conn.ssl.SSLConnectionSocketFactory - Enabled cipher suites:[TLS_AES_256_GCM_SHA384, TLS_AES_128_GCM_SHA256, TLS_CHACHA20_POLY1305_SHA256, TLS_ECDHE_ECDSA_WITH_AES_256_GCM_SHA384, TLS_ECDHE_ECDSA_WITH_AES_128_GCM_SHA256, TLS_ECDHE_ECDSA_WITH_CHACHA20_POLY1305_SHA256, TLS_ECDHE_RSA_WITH_AES_256_GCM_SHA384, TLS_ECDHE_RSA_WITH_CHACHA20_POLY1305_SHA256, TLS_ECDHE_RSA_WITH_AES_128_GCM_SHA256, TLS_DHE_RSA_WITH_AES_256_GCM_SHA384, TLS_DHE_RSA_WITH_CHACHA20_POLY1305_SHA256, TLS_DHE_DSS_WITH_AES_256_GCM_SHA384, TLS_DHE_RSA_WITH_AES_128_GCM_SHA256, TLS_DHE_DSS_WITH_AES_128_GCM_SHA256, TLS_ECDHE_ECDSA_WITH_AES_256_CBC_SHA384, TLS_ECDHE_RSA_WITH_AES_256_CBC_SHA384, TLS_ECDHE_ECDSA_WITH_AES_128_CBC_SHA256, TLS_ECDHE_RSA_WITH_AES_128_CBC_SHA256, TLS_DHE_RSA_WITH_AES_256_CBC_SHA256, TLS_DHE_DSS_WITH_AES_256_CBC_SHA256, TLS_DHE_RSA_WITH_AES_128_CBC_SHA256, TLS_DHE_DSS_WITH_AES_128_CBC_SHA256, TLS_ECDHE_ECDSA_WITH_AES_256_CBC_SHA, TLS_ECDHE_RSA_WITH_AES_256_CBC_SHA, TLS_ECDHE_ECDSA_WITH_AES_128_CBC_SHA, TLS_ECDHE_RSA_WITH_AES_128_CBC_SHA, TLS_DHE_RSA_WITH_AES_256_CBC_SHA, TLS_DHE_DSS_WITH_AES_256_CBC_SHA, TLS_DHE_RSA_WITH_AES_128_CBC_SHA, TLS_DHE_DSS_WITH_AES_128_CBC_SHA, TLS_RSA_WITH_AES_256_GCM_SHA384, TLS_RSA_WITH_AES_128_GCM_SHA256, TLS_RSA_WITH_AES_256_CBC_SHA256, TLS_RSA_WITH_AES_128_CBC_SHA256, TLS_RSA_WITH_AES_256_CBC_SHA, TLS_RSA_WITH_AES_128_CBC_SHA, TLS_EMPTY_RENEGOTIATION_INFO_SCSV]
15:15:09.001 [pool-2-thread-2] DEBUG org.apache.http.conn.ssl.SSLConnectionSocketFactory - Starting handshake
15:15:09.043 [pool-2-thread-2] DEBUG org.apache.http.conn.ssl.SSLConnectionSocketFactory - Secure session established
15:15:09.044 [pool-2-thread-2] DEBUG org.apache.http.conn.ssl.SSLConnectionSocketFactory -  negotiated protocol: TLSv1.3
15:15:09.044 [pool-2-thread-2] DEBUG org.apache.http.conn.ssl.SSLConnectionSocketFactory -  negotiated cipher suite: TLS_AES_256_GCM_SHA384
15:15:09.044 [pool-2-thread-2] DEBUG org.apache.http.conn.ssl.SSLConnectionSocketFactory -  peer principal: CN=reqres.in
15:15:09.044 [pool-2-thread-2] DEBUG org.apache.http.conn.ssl.SSLConnectionSocketFactory -  peer alternative names: [reqres.in, *.reqres.in]
15:15:09.044 [pool-2-thread-2] DEBUG org.apache.http.conn.ssl.SSLConnectionSocketFactory -  issuer principal: CN=WE1, O=Google Trust Services, C=US
15:15:09.044 [pool-2-thread-2] DEBUG org.apache.http.impl.conn.DefaultHttpClientConnectionOperator - Connection established 192.168.1.6:54168<->104.26.10.213:443
15:15:09.044 [pool-2-thread-2] DEBUG org.apache.http.impl.conn.DefaultManagedHttpClientConnection - http-outgoing-2: set socket timeout to 30000
15:15:09.044 [pool-2-thread-2] DEBUG org.apache.http.impl.execchain.MainClientExec - Executing request DELETE /api/users/2 HTTP/1.1
15:15:09.044 [pool-2-thread-2] DEBUG org.apache.http.impl.execchain.MainClientExec - Target auth state: UNCHALLENGED
15:15:09.044 [pool-2-thread-2] DEBUG org.apache.http.impl.execchain.MainClientExec - Proxy auth state: UNCHALLENGED
15:15:09.044 [pool-2-thread-2] DEBUG org.apache.http.headers - http-outgoing-2 >> DELETE /api/users/2 HTTP/1.1
15:15:09.044 [pool-2-thread-2] DEBUG org.apache.http.headers - http-outgoing-2 >> Host: reqres.in
15:15:09.044 [pool-2-thread-2] DEBUG org.apache.http.headers - http-outgoing-2 >> Connection: Keep-Alive
15:15:09.044 [pool-2-thread-2] DEBUG org.apache.http.headers - http-outgoing-2 >> User-Agent: Apache-HttpClient/4.5.14 (Java/20)
15:15:09.044 [pool-2-thread-2] DEBUG org.apache.http.headers - http-outgoing-2 >> Accept-Encoding: gzip,deflate
15:15:09.044 [pool-2-thread-2] DEBUG org.apache.http.wire - http-outgoing-2 >> "DELETE /api/users/2 HTTP/1.1[\r][\n]"
15:15:09.044 [pool-2-thread-2] DEBUG org.apache.http.wire - http-outgoing-2 >> "Host: reqres.in[\r][\n]"
15:15:09.044 [pool-2-thread-2] DEBUG org.apache.http.wire - http-outgoing-2 >> "Connection: Keep-Alive[\r][\n]"
15:15:09.044 [pool-2-thread-2] DEBUG org.apache.http.wire - http-outgoing-2 >> "User-Agent: Apache-HttpClient/4.5.14 (Java/20)[\r][\n]"
15:15:09.044 [pool-2-thread-2] DEBUG org.apache.http.wire - http-outgoing-2 >> "Accept-Encoding: gzip,deflate[\r][\n]"
15:15:09.044 [pool-2-thread-2] DEBUG org.apache.http.wire - http-outgoing-2 >> "[\r][\n]"
15:15:09.338 [pool-2-thread-1] DEBUG org.apache.http.wire - http-outgoing-1 << "HTTP/1.1 404 Not Found[\r][\n]"
15:15:09.338 [pool-2-thread-1] DEBUG org.apache.http.wire - http-outgoing-1 << "Date: Thu, 27 Mar 2025 08:15:09 GMT[\r][\n]"
15:15:09.338 [pool-2-thread-1] DEBUG org.apache.http.wire - http-outgoing-1 << "Content-Type: application/json; charset=utf-8[\r][\n]"
15:15:09.339 [pool-2-thread-1] DEBUG org.apache.http.wire - http-outgoing-1 << "Content-Length: 2[\r][\n]"
15:15:09.339 [pool-2-thread-1] DEBUG org.apache.http.wire - http-outgoing-1 << "Connection: keep-alive[\r][\n]"
15:15:09.339 [pool-2-thread-1] DEBUG org.apache.http.wire - http-outgoing-1 << "Report-To: {"group":"heroku-nel","max_age":3600,"endpoints":[{"url":"https://nel.heroku.com/reports?ts=1743063309&sid=c4c9725f-1ab0-44d8-820f-430df2718e11&s=Yaw9HBllCGlVvauXqBK%2F%2BcJyi9s3yFcsTBostb9y1Tg%3D"}]}[\r][\n]"
15:15:09.339 [pool-2-thread-1] DEBUG org.apache.http.wire - http-outgoing-1 << "Reporting-Endpoints: heroku-nel=https://nel.heroku.com/reports?ts=1743063309&sid=c4c9725f-1ab0-44d8-820f-430df2718e11&s=Yaw9HBllCGlVvauXqBK%2F%2BcJyi9s3yFcsTBostb9y1Tg%3D[\r][\n]"
15:15:09.339 [pool-2-thread-1] DEBUG org.apache.http.wire - http-outgoing-1 << "Nel: {"report_to":"heroku-nel","max_age":3600,"success_fraction":0.005,"failure_fraction":0.05,"response_headers":["Via"]}[\r][\n]"
15:15:09.339 [pool-2-thread-1] DEBUG org.apache.http.wire - http-outgoing-1 << "X-Powered-By: Express[\r][\n]"
15:15:09.339 [pool-2-thread-1] DEBUG org.apache.http.wire - http-outgoing-1 << "Access-Control-Allow-Origin: *[\r][\n]"
15:15:09.339 [pool-2-thread-1] DEBUG org.apache.http.wire - http-outgoing-1 << "Etag: W/"2-vyGp6PvFo4RvsFtPoIWeCReyIC8"[\r][\n]"
15:15:09.339 [pool-2-thread-1] DEBUG org.apache.http.wire - http-outgoing-1 << "Via: 1.1 vegur[\r][\n]"
15:15:09.339 [pool-2-thread-1] DEBUG org.apache.http.wire - http-outgoing-1 << "Cache-Control: max-age=14400[\r][\n]"
15:15:09.339 [pool-2-thread-1] DEBUG org.apache.http.wire - http-outgoing-1 << "CF-Cache-Status: EXPIRED[\r][\n]"
15:15:09.339 [pool-2-thread-1] DEBUG org.apache.http.wire - http-outgoing-1 << "Vary: Accept-Encoding[\r][\n]"
15:15:09.339 [pool-2-thread-1] DEBUG org.apache.http.wire - http-outgoing-1 << "Server: cloudflare[\r][\n]"
15:15:09.339 [pool-2-thread-1] DEBUG org.apache.http.wire - http-outgoing-1 << "CF-RAY: 926d7030bfb4ce6f-SIN[\r][\n]"
15:15:09.339 [pool-2-thread-1] DEBUG org.apache.http.wire - http-outgoing-1 << "server-timing: cfL4;desc="?proto=TCP&rtt=35102&min_rtt=34991&rtt_var=13345&sent=6&recv=7&lost=0&retrans=0&sent_bytes=3109&recv_bytes=742&delivery_rate=120381&cwnd=252&unsent_bytes=0&cid=6655ba7f57f0ff07&ts=463&x=0"[\r][\n]"
15:15:09.339 [pool-2-thread-1] DEBUG org.apache.http.wire - http-outgoing-1 << "[\r][\n]"
15:15:09.339 [pool-2-thread-1] DEBUG org.apache.http.wire - http-outgoing-1 << "{}"
15:15:09.340 [pool-2-thread-1] DEBUG org.apache.http.headers - http-outgoing-1 << HTTP/1.1 404 Not Found
15:15:09.340 [pool-2-thread-1] DEBUG org.apache.http.headers - http-outgoing-1 << Date: Thu, 27 Mar 2025 08:15:09 GMT
15:15:09.340 [pool-2-thread-1] DEBUG org.apache.http.headers - http-outgoing-1 << Content-Type: application/json; charset=utf-8
15:15:09.340 [pool-2-thread-1] DEBUG org.apache.http.headers - http-outgoing-1 << Content-Length: 2
15:15:09.340 [pool-2-thread-1] DEBUG org.apache.http.headers - http-outgoing-1 << Connection: keep-alive
15:15:09.340 [pool-2-thread-1] DEBUG org.apache.http.headers - http-outgoing-1 << Report-To: {"group":"heroku-nel","max_age":3600,"endpoints":[{"url":"https://nel.heroku.com/reports?ts=1743063309&sid=c4c9725f-1ab0-44d8-820f-430df2718e11&s=Yaw9HBllCGlVvauXqBK%2F%2BcJyi9s3yFcsTBostb9y1Tg%3D"}]}
15:15:09.340 [pool-2-thread-1] DEBUG org.apache.http.headers - http-outgoing-1 << Reporting-Endpoints: heroku-nel=https://nel.heroku.com/reports?ts=1743063309&sid=c4c9725f-1ab0-44d8-820f-430df2718e11&s=Yaw9HBllCGlVvauXqBK%2F%2BcJyi9s3yFcsTBostb9y1Tg%3D
15:15:09.340 [pool-2-thread-1] DEBUG org.apache.http.headers - http-outgoing-1 << Nel: {"report_to":"heroku-nel","max_age":3600,"success_fraction":0.005,"failure_fraction":0.05,"response_headers":["Via"]}
15:15:09.340 [pool-2-thread-1] DEBUG org.apache.http.headers - http-outgoing-1 << X-Powered-By: Express
15:15:09.340 [pool-2-thread-1] DEBUG org.apache.http.headers - http-outgoing-1 << Access-Control-Allow-Origin: *
15:15:09.340 [pool-2-thread-1] DEBUG org.apache.http.headers - http-outgoing-1 << Etag: W/"2-vyGp6PvFo4RvsFtPoIWeCReyIC8"
15:15:09.340 [pool-2-thread-1] DEBUG org.apache.http.headers - http-outgoing-1 << Via: 1.1 vegur
15:15:09.340 [pool-2-thread-1] DEBUG org.apache.http.headers - http-outgoing-1 << Cache-Control: max-age=14400
15:15:09.340 [pool-2-thread-1] DEBUG org.apache.http.headers - http-outgoing-1 << CF-Cache-Status: EXPIRED
15:15:09.340 [pool-2-thread-1] DEBUG org.apache.http.headers - http-outgoing-1 << Vary: Accept-Encoding
15:15:09.340 [pool-2-thread-1] DEBUG org.apache.http.headers - http-outgoing-1 << Server: cloudflare
15:15:09.340 [pool-2-thread-1] DEBUG org.apache.http.headers - http-outgoing-1 << CF-RAY: 926d7030bfb4ce6f-SIN
15:15:09.340 [pool-2-thread-1] DEBUG org.apache.http.headers - http-outgoing-1 << server-timing: cfL4;desc="?proto=TCP&rtt=35102&min_rtt=34991&rtt_var=13345&sent=6&recv=7&lost=0&retrans=0&sent_bytes=3109&recv_bytes=742&delivery_rate=120381&cwnd=252&unsent_bytes=0&cid=6655ba7f57f0ff07&ts=463&x=0"
15:15:09.341 [pool-2-thread-1] DEBUG org.apache.http.impl.execchain.MainClientExec - Connection can be kept alive indefinitely
15:15:09.341 [pool-2-thread-1] DEBUG org.apache.http.impl.conn.PoolingHttpClientConnectionManager - Connection [id: 0][route: {s}->https://reqres.in:443] can be kept alive indefinitely
15:15:09.342 [pool-2-thread-1] DEBUG org.apache.http.impl.conn.DefaultManagedHttpClientConnection - http-outgoing-1: set socket timeout to 0
15:15:09.342 [pool-2-thread-1] DEBUG org.apache.http.impl.conn.PoolingHttpClientConnectionManager - Connection released: [id: 0][route: {s}->https://reqres.in:443][total available: 1; route allocated: 1 of 5; total allocated: 1 of 10]
15:15:09.342 [pool-2-thread-1] DEBUG org.apache.http.impl.conn.PoolingHttpClientConnectionManager - Connection manager is shutting down
15:15:09.342 [pool-2-thread-1] DEBUG org.apache.http.impl.conn.DefaultManagedHttpClientConnection - http-outgoing-1: Close connection
15:15:09.343 [pool-2-thread-1] DEBUG org.apache.http.impl.conn.PoolingHttpClientConnectionManager - Connection manager shut down
15:15:09.343 [pool-2-thread-1] DEBUG com.intuit.karate - response time in milliseconds: 717
1 < 404
1 < Date: Thu, 27 Mar 2025 08:15:09 GMT
1 < Content-Type: application/json; charset=utf-8
1 < Content-Length: 2
1 < Connection: keep-alive
1 < Report-To: {"group":"heroku-nel","max_age":3600,"endpoints":[{"url":"https://nel.heroku.com/reports?ts=1743063309&sid=c4c9725f-1ab0-44d8-820f-430df2718e11&s=Yaw9HBllCGlVvauXqBK%2F%2BcJyi9s3yFcsTBostb9y1Tg%3D"}]}
1 < Reporting-Endpoints: heroku-nel=https://nel.heroku.com/reports?ts=1743063309&sid=c4c9725f-1ab0-44d8-820f-430df2718e11&s=Yaw9HBllCGlVvauXqBK%2F%2BcJyi9s3yFcsTBostb9y1Tg%3D
1 < Nel: {"report_to":"heroku-nel","max_age":3600,"success_fraction":0.005,"failure_fraction":0.05,"response_headers":["Via"]}
1 < X-Powered-By: Express
1 < Access-Control-Allow-Origin: *
1 < Etag: W/"2-vyGp6PvFo4RvsFtPoIWeCReyIC8"
1 < Via: 1.1 vegur
1 < Cache-Control: max-age=14400
1 < CF-Cache-Status: EXPIRED
1 < Vary: Accept-Encoding
1 < Server: cloudflare
1 < CF-RAY: 926d7030bfb4ce6f-SIN
1 < server-timing: cfL4;desc="?proto=TCP&rtt=35102&min_rtt=34991&rtt_var=13345&sent=6&recv=7&lost=0&retrans=0&sent_bytes=3109&recv_bytes=742&delivery_rate=120381&cwnd=252&unsent_bytes=0&cid=6655ba7f57f0ff07&ts=463&x=0"
{}

15:15:09.364 [pool-2-thread-1] DEBUG com.jayway.jsonpath.internal.path.CompiledPath - Evaluating path: $
15:15:09.372 [pool-2-thread-1] DEBUG com.intuit.karate.shell.Command - found / verified free local port: 9222
15:15:09.375 [chrome_1743063309369] DEBUG com.intuit.karate.driver.chrome_1743063309369 - command: [/Applications/Google Chrome.app/Contents/MacOS/Google Chrome, --remote-debugging-port=9222, --remote-allow-origins=*, --no-first-run, --user-data-dir=/Users/curryhoang/KarateFrameWork/target/chrome_1743063309369, --disable-popup-blocking], working dir: target/chrome_1743063309369
15:15:09.376 [pool-2-thread-1] DEBUG com.intuit.karate.driver.chrome_1743063309369 - poll attempt #0 for port to be ready - localhost:9222
15:15:09.464 [pool-2-thread-2] DEBUG org.apache.http.wire - http-outgoing-2 << "HTTP/1.1 204 No Content[\r][\n]"
15:15:09.465 [pool-2-thread-2] DEBUG org.apache.http.wire - http-outgoing-2 << "Date: Thu, 27 Mar 2025 08:15:09 GMT[\r][\n]"
15:15:09.465 [pool-2-thread-2] DEBUG org.apache.http.wire - http-outgoing-2 << "Content-Length: 0[\r][\n]"
15:15:09.465 [pool-2-thread-2] DEBUG org.apache.http.wire - http-outgoing-2 << "Connection: keep-alive[\r][\n]"
15:15:09.465 [pool-2-thread-2] DEBUG org.apache.http.wire - http-outgoing-2 << "Report-To: {"group":"heroku-nel","max_age":3600,"endpoints":[{"url":"https://nel.heroku.com/reports?ts=1743063309&sid=c4c9725f-1ab0-44d8-820f-430df2718e11&s=Yaw9HBllCGlVvauXqBK%2F%2BcJyi9s3yFcsTBostb9y1Tg%3D"}]}[\r][\n]"
15:15:09.465 [pool-2-thread-2] DEBUG org.apache.http.wire - http-outgoing-2 << "Reporting-Endpoints: heroku-nel=https://nel.heroku.com/reports?ts=1743063309&sid=c4c9725f-1ab0-44d8-820f-430df2718e11&s=Yaw9HBllCGlVvauXqBK%2F%2BcJyi9s3yFcsTBostb9y1Tg%3D[\r][\n]"
15:15:09.465 [pool-2-thread-2] DEBUG org.apache.http.wire - http-outgoing-2 << "Nel: {"report_to":"heroku-nel","max_age":3600,"success_fraction":0.005,"failure_fraction":0.05,"response_headers":["Via"]}[\r][\n]"
15:15:09.465 [pool-2-thread-2] DEBUG org.apache.http.wire - http-outgoing-2 << "X-Powered-By: Express[\r][\n]"
15:15:09.465 [pool-2-thread-2] DEBUG org.apache.http.wire - http-outgoing-2 << "Access-Control-Allow-Origin: *[\r][\n]"
15:15:09.465 [pool-2-thread-2] DEBUG org.apache.http.wire - http-outgoing-2 << "Etag: W/"2-vyGp6PvFo4RvsFtPoIWeCReyIC8"[\r][\n]"
15:15:09.465 [pool-2-thread-2] DEBUG org.apache.http.wire - http-outgoing-2 << "Via: 1.1 vegur[\r][\n]"
15:15:09.465 [pool-2-thread-2] DEBUG org.apache.http.wire - http-outgoing-2 << "cf-cache-status: DYNAMIC[\r][\n]"
15:15:09.465 [pool-2-thread-2] DEBUG org.apache.http.wire - http-outgoing-2 << "Server: cloudflare[\r][\n]"
15:15:09.465 [pool-2-thread-2] DEBUG org.apache.http.wire - http-outgoing-2 << "CF-RAY: 926d7031cf14fdff-SIN[\r][\n]"
15:15:09.465 [pool-2-thread-2] DEBUG org.apache.http.wire - http-outgoing-2 << "server-timing: cfL4;desc="?proto=TCP&rtt=35011&min_rtt=34919&rtt_var=13280&sent=3&recv=7&lost=0&retrans=0&sent_bytes=219&recv_bytes=999&delivery_rate=40380&cwnd=250&unsent_bytes=0&cid=3785090f77d8d925&ts=423&x=0"[\r][\n]"
15:15:09.465 [pool-2-thread-2] DEBUG org.apache.http.wire - http-outgoing-2 << "[\r][\n]"
15:15:09.465 [pool-2-thread-2] DEBUG org.apache.http.headers - http-outgoing-2 << HTTP/1.1 204 No Content
15:15:09.465 [pool-2-thread-2] DEBUG org.apache.http.headers - http-outgoing-2 << Date: Thu, 27 Mar 2025 08:15:09 GMT
15:15:09.465 [pool-2-thread-2] DEBUG org.apache.http.headers - http-outgoing-2 << Content-Length: 0
15:15:09.465 [pool-2-thread-2] DEBUG org.apache.http.headers - http-outgoing-2 << Connection: keep-alive
15:15:09.465 [pool-2-thread-2] DEBUG org.apache.http.headers - http-outgoing-2 << Report-To: {"group":"heroku-nel","max_age":3600,"endpoints":[{"url":"https://nel.heroku.com/reports?ts=1743063309&sid=c4c9725f-1ab0-44d8-820f-430df2718e11&s=Yaw9HBllCGlVvauXqBK%2F%2BcJyi9s3yFcsTBostb9y1Tg%3D"}]}
15:15:09.465 [pool-2-thread-2] DEBUG org.apache.http.headers - http-outgoing-2 << Reporting-Endpoints: heroku-nel=https://nel.heroku.com/reports?ts=1743063309&sid=c4c9725f-1ab0-44d8-820f-430df2718e11&s=Yaw9HBllCGlVvauXqBK%2F%2BcJyi9s3yFcsTBostb9y1Tg%3D
15:15:09.465 [pool-2-thread-2] DEBUG org.apache.http.headers - http-outgoing-2 << Nel: {"report_to":"heroku-nel","max_age":3600,"success_fraction":0.005,"failure_fraction":0.05,"response_headers":["Via"]}
15:15:09.465 [pool-2-thread-2] DEBUG org.apache.http.headers - http-outgoing-2 << X-Powered-By: Express
15:15:09.465 [pool-2-thread-2] DEBUG org.apache.http.headers - http-outgoing-2 << Access-Control-Allow-Origin: *
15:15:09.465 [pool-2-thread-2] DEBUG org.apache.http.headers - http-outgoing-2 << Etag: W/"2-vyGp6PvFo4RvsFtPoIWeCReyIC8"
15:15:09.465 [pool-2-thread-2] DEBUG org.apache.http.headers - http-outgoing-2 << Via: 1.1 vegur
15:15:09.465 [pool-2-thread-2] DEBUG org.apache.http.headers - http-outgoing-2 << cf-cache-status: DYNAMIC
15:15:09.465 [pool-2-thread-2] DEBUG org.apache.http.headers - http-outgoing-2 << Server: cloudflare
15:15:09.465 [pool-2-thread-2] DEBUG org.apache.http.headers - http-outgoing-2 << CF-RAY: 926d7031cf14fdff-SIN
15:15:09.465 [pool-2-thread-2] DEBUG org.apache.http.headers - http-outgoing-2 << server-timing: cfL4;desc="?proto=TCP&rtt=35011&min_rtt=34919&rtt_var=13280&sent=3&recv=7&lost=0&retrans=0&sent_bytes=219&recv_bytes=999&delivery_rate=40380&cwnd=250&unsent_bytes=0&cid=3785090f77d8d925&ts=423&x=0"
15:15:09.465 [pool-2-thread-2] DEBUG org.apache.http.impl.execchain.MainClientExec - Connection can be kept alive indefinitely
15:15:09.465 [pool-2-thread-2] DEBUG org.apache.http.impl.conn.PoolingHttpClientConnectionManager - Connection [id: 2][route: {s}->https://reqres.in:443] can be kept alive indefinitely
15:15:09.465 [pool-2-thread-2] DEBUG org.apache.http.impl.conn.DefaultManagedHttpClientConnection - http-outgoing-2: set socket timeout to 0
15:15:09.465 [pool-2-thread-2] DEBUG org.apache.http.impl.conn.PoolingHttpClientConnectionManager - Connection released: [id: 2][route: {s}->https://reqres.in:443][total available: 1; route allocated: 1 of 5; total allocated: 1 of 10]
15:15:09.466 [pool-2-thread-2] DEBUG org.apache.http.impl.conn.PoolingHttpClientConnectionManager - Connection manager is shutting down
15:15:09.466 [pool-2-thread-2] DEBUG org.apache.http.impl.conn.DefaultManagedHttpClientConnection - http-outgoing-2: Close connection
15:15:09.466 [pool-2-thread-2] DEBUG org.apache.http.impl.conn.PoolingHttpClientConnectionManager - Connection manager shut down
15:15:09.466 [pool-2-thread-2] DEBUG com.intuit.karate - response time in milliseconds: 519
1 < 204
1 < Date: Thu, 27 Mar 2025 08:15:09 GMT
1 < Content-Length: 0
1 < Connection: keep-alive
1 < Report-To: {"group":"heroku-nel","max_age":3600,"endpoints":[{"url":"https://nel.heroku.com/reports?ts=1743063309&sid=c4c9725f-1ab0-44d8-820f-430df2718e11&s=Yaw9HBllCGlVvauXqBK%2F%2BcJyi9s3yFcsTBostb9y1Tg%3D"}]}
1 < Reporting-Endpoints: heroku-nel=https://nel.heroku.com/reports?ts=1743063309&sid=c4c9725f-1ab0-44d8-820f-430df2718e11&s=Yaw9HBllCGlVvauXqBK%2F%2BcJyi9s3yFcsTBostb9y1Tg%3D
1 < Nel: {"report_to":"heroku-nel","max_age":3600,"success_fraction":0.005,"failure_fraction":0.05,"response_headers":["Via"]}
1 < X-Powered-By: Express
1 < Access-Control-Allow-Origin: *
1 < Etag: W/"2-vyGp6PvFo4RvsFtPoIWeCReyIC8"
1 < Via: 1.1 vegur
1 < cf-cache-status: DYNAMIC
1 < Server: cloudflare
1 < CF-RAY: 926d7031cf14fdff-SIN
1 < server-timing: cfL4;desc="?proto=TCP&rtt=35011&min_rtt=34919&rtt_var=13280&sent=3&recv=7&lost=0&retrans=0&sent_bytes=219&recv_bytes=999&delivery_rate=40380&cwnd=250&unsent_bytes=0&cid=3785090f77d8d925&ts=423&x=0"


15:15:09.631 [pool-2-thread-1] DEBUG com.intuit.karate.driver.chrome_1743063309369 - poll attempt #1 for port to be ready - localhost:9222
15:15:09.857 [chrome_1743063309369-out] DEBUG com.intuit.karate.driver.chrome_1743063309369 - 
15:15:09.858 [chrome_1743063309369-out] DEBUG com.intuit.karate.driver.chrome_1743063309369 - DevTools listening on ws://127.0.0.1:9222/devtools/browser/3c62f0b1-db05-4b81-a4dd-60cb8d5339f9
15:15:09.885 [pool-2-thread-1] DEBUG com.intuit.karate.driver.chrome_1743063309369 - poll attempt #2 for port to be ready - localhost:9222
15:15:09.901 [pool-2-thread-1] DEBUG org.apache.http.client.protocol.RequestAddCookies - CookieSpec selected: karate
15:15:09.901 [pool-2-thread-1] DEBUG org.apache.http.client.protocol.RequestAuthCache - Auth cache not set in the context
15:15:09.901 [pool-2-thread-1] DEBUG com.intuit.karate - request:
1 > GET http://localhost:9222/json
1 > Host: localhost:9222
1 > Connection: Keep-Alive
1 > User-Agent: Apache-HttpClient/4.5.14 (Java/20)
1 > Accept-Encoding: gzip,deflate


15:15:09.901 [pool-2-thread-1] DEBUG org.apache.http.impl.conn.PoolingHttpClientConnectionManager - Connection request: [route: {}->http://localhost:9222][total available: 0; route allocated: 0 of 5; total allocated: 0 of 10]
15:15:09.901 [pool-2-thread-1] DEBUG org.apache.http.impl.conn.PoolingHttpClientConnectionManager - Connection leased: [id: 3][route: {}->http://localhost:9222][total available: 0; route allocated: 1 of 5; total allocated: 1 of 10]
15:15:09.901 [pool-2-thread-1] DEBUG org.apache.http.impl.execchain.MainClientExec - Opening connection {}->http://localhost:9222
15:15:09.901 [pool-2-thread-1] DEBUG org.apache.http.impl.conn.DefaultHttpClientConnectionOperator - Connecting to localhost/127.0.0.1:9222
15:15:09.902 [pool-2-thread-1] DEBUG org.apache.http.impl.conn.DefaultHttpClientConnectionOperator - Connection established 127.0.0.1:54172<->127.0.0.1:9222
15:15:09.902 [pool-2-thread-1] DEBUG org.apache.http.impl.conn.DefaultManagedHttpClientConnection - http-outgoing-3: set socket timeout to 30000
15:15:09.902 [pool-2-thread-1] DEBUG org.apache.http.impl.execchain.MainClientExec - Executing request GET /json HTTP/1.1
15:15:09.902 [pool-2-thread-1] DEBUG org.apache.http.impl.execchain.MainClientExec - Target auth state: UNCHALLENGED
15:15:09.902 [pool-2-thread-1] DEBUG org.apache.http.impl.execchain.MainClientExec - Proxy auth state: UNCHALLENGED
15:15:09.902 [pool-2-thread-1] DEBUG org.apache.http.headers - http-outgoing-3 >> GET /json HTTP/1.1
15:15:09.902 [pool-2-thread-1] DEBUG org.apache.http.headers - http-outgoing-3 >> Host: localhost:9222
15:15:09.902 [pool-2-thread-1] DEBUG org.apache.http.headers - http-outgoing-3 >> Connection: Keep-Alive
15:15:09.902 [pool-2-thread-1] DEBUG org.apache.http.headers - http-outgoing-3 >> User-Agent: Apache-HttpClient/4.5.14 (Java/20)
15:15:09.902 [pool-2-thread-1] DEBUG org.apache.http.headers - http-outgoing-3 >> Accept-Encoding: gzip,deflate
15:15:09.902 [pool-2-thread-1] DEBUG org.apache.http.wire - http-outgoing-3 >> "GET /json HTTP/1.1[\r][\n]"
15:15:09.902 [pool-2-thread-1] DEBUG org.apache.http.wire - http-outgoing-3 >> "Host: localhost:9222[\r][\n]"
15:15:09.902 [pool-2-thread-1] DEBUG org.apache.http.wire - http-outgoing-3 >> "Connection: Keep-Alive[\r][\n]"
15:15:09.902 [pool-2-thread-1] DEBUG org.apache.http.wire - http-outgoing-3 >> "User-Agent: Apache-HttpClient/4.5.14 (Java/20)[\r][\n]"
15:15:09.902 [pool-2-thread-1] DEBUG org.apache.http.wire - http-outgoing-3 >> "Accept-Encoding: gzip,deflate[\r][\n]"
15:15:09.902 [pool-2-thread-1] DEBUG org.apache.http.wire - http-outgoing-3 >> "[\r][\n]"
15:15:10.290 [chrome_1743063309369-out] DEBUG com.intuit.karate.driver.chrome_1743063309369 - 2025-03-27 15:15:10.290 Google Chrome[16702:422710] +[IMKClient subclass]: chose IMKClient_Modern
15:15:10.291 [chrome_1743063309369-out] DEBUG com.intuit.karate.driver.chrome_1743063309369 - 2025-03-27 15:15:10.290 Google Chrome[16702:422710] +[IMKInputSession subclass]: chose IMKInputSession_Modern
15:15:10.300 [pool-2-thread-1] DEBUG org.apache.http.wire - http-outgoing-3 << "HTTP/1.1 200 OK[\r][\n]"
15:15:10.301 [pool-2-thread-1] DEBUG org.apache.http.wire - http-outgoing-3 << "Content-Security-Policy:frame-ancestors 'none'[\r][\n]"
15:15:10.302 [pool-2-thread-1] DEBUG org.apache.http.wire - http-outgoing-3 << "Content-Length:1242[\r][\n]"
15:15:10.302 [pool-2-thread-1] DEBUG org.apache.http.wire - http-outgoing-3 << "Content-Type:application/json; charset=UTF-8[\r][\n]"
15:15:10.302 [pool-2-thread-1] DEBUG org.apache.http.wire - http-outgoing-3 << "[\r][\n]"
15:15:10.302 [pool-2-thread-1] DEBUG org.apache.http.wire - http-outgoing-3 << "[ {[\n]"
15:15:10.302 [pool-2-thread-1] DEBUG org.apache.http.wire - http-outgoing-3 << "   "description": "",[\n]"
15:15:10.302 [pool-2-thread-1] DEBUG org.apache.http.wire - http-outgoing-3 << "   "devtoolsFrontendUrl": "/devtools/inspector.html?ws=localhost:9222/devtools/page/CC8A8269F65EA32930F07380169CE9D4",[\n]"
15:15:10.302 [pool-2-thread-1] DEBUG org.apache.http.wire - http-outgoing-3 << "   "id": "CC8A8269F65EA32930F07380169CE9D4",[\n]"
15:15:10.302 [pool-2-thread-1] DEBUG org.apache.http.wire - http-outgoing-3 << "   "title": "Google Network Speech",[\n]"
15:15:10.302 [pool-2-thread-1] DEBUG org.apache.http.wire - http-outgoing-3 << "   "type": "background_page",[\n]"
15:15:10.302 [pool-2-thread-1] DEBUG org.apache.http.wire - http-outgoing-3 << "   "url": "chrome-extension://neajdppkdcdipfabeoofebfddakdcjhd/_generated_background_page.html",[\n]"
15:15:10.302 [pool-2-thread-1] DEBUG org.apache.http.wire - http-outgoing-3 << "   "webSocketDebuggerUrl": "ws://localhost:9222/devtools/page/CC8A8269F65EA32930F07380169CE9D4"[\n]"
15:15:10.303 [pool-2-thread-1] DEBUG org.apache.http.wire - http-outgoing-3 << "}, {[\n]"
15:15:10.303 [pool-2-thread-1] DEBUG org.apache.http.wire - http-outgoing-3 << "   "description": "",[\n]"
15:15:10.303 [pool-2-thread-1] DEBUG org.apache.http.wire - http-outgoing-3 << "   "devtoolsFrontendUrl": "/devtools/inspector.html?ws=localhost:9222/devtools/page/BC051DEE7CA639161AA87AAE624CBF25",[\n]"
15:15:10.303 [pool-2-thread-1] DEBUG org.apache.http.wire - http-outgoing-3 << "   "id": "BC051DEE7CA639161AA87AAE624CBF25",[\n]"
15:15:10.303 [pool-2-thread-1] DEBUG org.apache.http.wire - http-outgoing-3 << "   "title": "Google Hangouts",[\n]"
15:15:10.303 [pool-2-thread-1] DEBUG org.apache.http.wire - http-outgoing-3 << "   "type": "background_page",[\n]"
15:15:10.303 [pool-2-thread-1] DEBUG org.apache.http.wire - http-outgoing-3 << "   "url": "chrome-extension://nkeimhogjdpnpccoofpliimaahmaaome/background.html",[\n]"
15:15:10.303 [pool-2-thread-1] DEBUG org.apache.http.wire - http-outgoing-3 << "   "webSocketDebuggerUrl": "ws://localhost:9222/devtools/page/BC051DEE7CA639161AA87AAE624CBF25"[\n]"
15:15:10.303 [pool-2-thread-1] DEBUG org.apache.http.wire - http-outgoing-3 << "}, {[\n]"
15:15:10.303 [pool-2-thread-1] DEBUG org.apache.http.wire - http-outgoing-3 << "   "description": "",[\n]"
15:15:10.303 [pool-2-thread-1] DEBUG org.apache.http.wire - http-outgoing-3 << "   "devtoolsFrontendUrl": "/devtools/inspector.html?ws=localhost:9222/devtools/page/7BC57A1234B0AA728430AF9B516B991B",[\n]"
15:15:10.303 [pool-2-thread-1] DEBUG org.apache.http.wire - http-outgoing-3 << "   "id": "7BC57A1234B0AA728430AF9B516B991B",[\n]"
15:15:10.303 [pool-2-thread-1] DEBUG org.apache.http.wire - http-outgoing-3 << "   "title": "New Tab",[\n]"
15:15:10.303 [pool-2-thread-1] DEBUG org.apache.http.wire - http-outgoing-3 << "   "type": "page",[\n]"
15:15:10.303 [pool-2-thread-1] DEBUG org.apache.http.wire - http-outgoing-3 << "   "url": "chrome://newtab/",[\n]"
15:15:10.303 [pool-2-thread-1] DEBUG org.apache.http.wire - http-outgoing-3 << "   "webSocketDebuggerUrl": "ws://localhost:9222/devtools/page/7BC57A1234B0AA728430AF9B516B991B"[\n]"
15:15:10.303 [pool-2-thread-1] DEBUG org.apache.http.wire - http-outgoing-3 << "} ][\n]"
15:15:10.303 [pool-2-thread-1] DEBUG org.apache.http.headers - http-outgoing-3 << HTTP/1.1 200 OK
15:15:10.303 [pool-2-thread-1] DEBUG org.apache.http.headers - http-outgoing-3 << Content-Security-Policy:frame-ancestors 'none'
15:15:10.303 [pool-2-thread-1] DEBUG org.apache.http.headers - http-outgoing-3 << Content-Length:1242
15:15:10.304 [pool-2-thread-1] DEBUG org.apache.http.headers - http-outgoing-3 << Content-Type:application/json; charset=UTF-8
15:15:10.304 [pool-2-thread-1] DEBUG org.apache.http.impl.execchain.MainClientExec - Connection can be kept alive indefinitely
15:15:10.305 [pool-2-thread-1] DEBUG org.apache.http.impl.conn.PoolingHttpClientConnectionManager - Connection [id: 3][route: {}->http://localhost:9222] can be kept alive indefinitely
15:15:10.305 [pool-2-thread-1] DEBUG org.apache.http.impl.conn.DefaultManagedHttpClientConnection - http-outgoing-3: set socket timeout to 0
15:15:10.305 [pool-2-thread-1] DEBUG org.apache.http.impl.conn.PoolingHttpClientConnectionManager - Connection released: [id: 3][route: {}->http://localhost:9222][total available: 1; route allocated: 1 of 5; total allocated: 1 of 10]
15:15:10.305 [pool-2-thread-1] DEBUG org.apache.http.impl.conn.PoolingHttpClientConnectionManager - Connection manager is shutting down
15:15:10.305 [pool-2-thread-1] DEBUG org.apache.http.impl.conn.DefaultManagedHttpClientConnection - http-outgoing-3: Close connection
15:15:10.305 [pool-2-thread-1] DEBUG org.apache.http.impl.conn.PoolingHttpClientConnectionManager - Connection manager shut down
15:15:10.305 [pool-2-thread-1] DEBUG com.intuit.karate - response time in milliseconds: 404
1 < 200
1 < Content-Security-Policy: frame-ancestors 'none'
1 < Content-Length: 1242
1 < Content-Type: application/json; charset=UTF-8
[ {
   "description": "",
   "devtoolsFrontendUrl": "/devtools/inspector.html?ws=localhost:9222/devtools/page/CC8A8269F65EA32930F07380169CE9D4",
   "id": "CC8A8269F65EA32930F07380169CE9D4",
   "title": "Google Network Speech",
   "type": "background_page",
   "url": "chrome-extension://neajdppkdcdipfabeoofebfddakdcjhd/_generated_background_page.html",
   "webSocketDebuggerUrl": "ws://localhost:9222/devtools/page/CC8A8269F65EA32930F07380169CE9D4"
}, {
   "description": "",
   "devtoolsFrontendUrl": "/devtools/inspector.html?ws=localhost:9222/devtools/page/BC051DEE7CA639161AA87AAE624CBF25",
   "id": "BC051DEE7CA639161AA87AAE624CBF25",
   "title": "Google Hangouts",
   "type": "background_page",
   "url": "chrome-extension://nkeimhogjdpnpccoofpliimaahmaaome/background.html",
   "webSocketDebuggerUrl": "ws://localhost:9222/devtools/page/BC051DEE7CA639161AA87AAE624CBF25"
}, {
   "description": "",
   "devtoolsFrontendUrl": "/devtools/inspector.html?ws=localhost:9222/devtools/page/7BC57A1234B0AA728430AF9B516B991B",
   "id": "7BC57A1234B0AA728430AF9B516B991B",
   "title": "New Tab",
   "type": "page",
   "url": "chrome://newtab/",
   "webSocketDebuggerUrl": "ws://localhost:9222/devtools/page/7BC57A1234B0AA728430AF9B516B991B"
} ]


15:15:10.308 [pool-2-thread-1] DEBUG com.jayway.jsonpath.internal.path.CompiledPath - Evaluating path: $
15:15:10.309 [pool-2-thread-1] DEBUG com.intuit.karate.shell.Command - ready to accept http connections after 414 ms - http://localhost:9222/json
15:15:10.309 [pool-2-thread-1] DEBUG org.apache.http.client.protocol.RequestAddCookies - CookieSpec selected: karate
15:15:10.309 [pool-2-thread-1] DEBUG org.apache.http.client.protocol.RequestAuthCache - Auth cache not set in the context
15:15:10.309 [pool-2-thread-1] DEBUG com.intuit.karate - request:
1 > GET http://localhost:9222/json
1 > Host: localhost:9222
1 > Connection: Keep-Alive
1 > User-Agent: Apache-HttpClient/4.5.14 (Java/20)
1 > Accept-Encoding: gzip,deflate


15:15:10.310 [pool-2-thread-1] DEBUG org.apache.http.impl.conn.PoolingHttpClientConnectionManager - Connection request: [route: {}->http://localhost:9222][total available: 0; route allocated: 0 of 5; total allocated: 0 of 10]
15:15:10.310 [pool-2-thread-1] DEBUG org.apache.http.impl.conn.PoolingHttpClientConnectionManager - Connection leased: [id: 4][route: {}->http://localhost:9222][total available: 0; route allocated: 1 of 5; total allocated: 1 of 10]
15:15:10.310 [pool-2-thread-1] DEBUG org.apache.http.impl.execchain.MainClientExec - Opening connection {}->http://localhost:9222
15:15:10.310 [pool-2-thread-1] DEBUG org.apache.http.impl.conn.DefaultHttpClientConnectionOperator - Connecting to localhost/127.0.0.1:9222
15:15:10.310 [pool-2-thread-1] DEBUG org.apache.http.impl.conn.DefaultHttpClientConnectionOperator - Connection established 127.0.0.1:54175<->127.0.0.1:9222
15:15:10.310 [pool-2-thread-1] DEBUG org.apache.http.impl.conn.DefaultManagedHttpClientConnection - http-outgoing-4: set socket timeout to 30000
15:15:10.311 [pool-2-thread-1] DEBUG org.apache.http.impl.execchain.MainClientExec - Executing request GET /json HTTP/1.1
15:15:10.311 [pool-2-thread-1] DEBUG org.apache.http.impl.execchain.MainClientExec - Target auth state: UNCHALLENGED
15:15:10.311 [pool-2-thread-1] DEBUG org.apache.http.impl.execchain.MainClientExec - Proxy auth state: UNCHALLENGED
15:15:10.311 [pool-2-thread-1] DEBUG org.apache.http.headers - http-outgoing-4 >> GET /json HTTP/1.1
15:15:10.311 [pool-2-thread-1] DEBUG org.apache.http.headers - http-outgoing-4 >> Host: localhost:9222
15:15:10.311 [pool-2-thread-1] DEBUG org.apache.http.headers - http-outgoing-4 >> Connection: Keep-Alive
15:15:10.311 [pool-2-thread-1] DEBUG org.apache.http.headers - http-outgoing-4 >> User-Agent: Apache-HttpClient/4.5.14 (Java/20)
15:15:10.311 [pool-2-thread-1] DEBUG org.apache.http.headers - http-outgoing-4 >> Accept-Encoding: gzip,deflate
15:15:10.311 [pool-2-thread-1] DEBUG org.apache.http.wire - http-outgoing-4 >> "GET /json HTTP/1.1[\r][\n]"
15:15:10.311 [pool-2-thread-1] DEBUG org.apache.http.wire - http-outgoing-4 >> "Host: localhost:9222[\r][\n]"
15:15:10.311 [pool-2-thread-1] DEBUG org.apache.http.wire - http-outgoing-4 >> "Connection: Keep-Alive[\r][\n]"
15:15:10.311 [pool-2-thread-1] DEBUG org.apache.http.wire - http-outgoing-4 >> "User-Agent: Apache-HttpClient/4.5.14 (Java/20)[\r][\n]"
15:15:10.311 [pool-2-thread-1] DEBUG org.apache.http.wire - http-outgoing-4 >> "Accept-Encoding: gzip,deflate[\r][\n]"
15:15:10.311 [pool-2-thread-1] DEBUG org.apache.http.wire - http-outgoing-4 >> "[\r][\n]"
15:15:10.321 [pool-2-thread-1] DEBUG org.apache.http.wire - http-outgoing-4 << "HTTP/1.1 200 OK[\r][\n]"
15:15:10.321 [pool-2-thread-1] DEBUG org.apache.http.wire - http-outgoing-4 << "Content-Security-Policy:frame-ancestors 'none'[\r][\n]"
15:15:10.321 [pool-2-thread-1] DEBUG org.apache.http.wire - http-outgoing-4 << "Content-Length:1242[\r][\n]"
15:15:10.321 [pool-2-thread-1] DEBUG org.apache.http.wire - http-outgoing-4 << "Content-Type:application/json; charset=UTF-8[\r][\n]"
15:15:10.321 [pool-2-thread-1] DEBUG org.apache.http.wire - http-outgoing-4 << "[\r][\n]"
15:15:10.321 [pool-2-thread-1] DEBUG org.apache.http.wire - http-outgoing-4 << "[ {[\n]"
15:15:10.321 [pool-2-thread-1] DEBUG org.apache.http.wire - http-outgoing-4 << "   "description": "",[\n]"
15:15:10.321 [pool-2-thread-1] DEBUG org.apache.http.wire - http-outgoing-4 << "   "devtoolsFrontendUrl": "/devtools/inspector.html?ws=localhost:9222/devtools/page/CC8A8269F65EA32930F07380169CE9D4",[\n]"
15:15:10.321 [pool-2-thread-1] DEBUG org.apache.http.wire - http-outgoing-4 << "   "id": "CC8A8269F65EA32930F07380169CE9D4",[\n]"
15:15:10.321 [pool-2-thread-1] DEBUG org.apache.http.wire - http-outgoing-4 << "   "title": "Google Network Speech",[\n]"
15:15:10.321 [pool-2-thread-1] DEBUG org.apache.http.wire - http-outgoing-4 << "   "type": "background_page",[\n]"
15:15:10.321 [pool-2-thread-1] DEBUG org.apache.http.wire - http-outgoing-4 << "   "url": "chrome-extension://neajdppkdcdipfabeoofebfddakdcjhd/_generated_background_page.html",[\n]"
15:15:10.321 [pool-2-thread-1] DEBUG org.apache.http.wire - http-outgoing-4 << "   "webSocketDebuggerUrl": "ws://localhost:9222/devtools/page/CC8A8269F65EA32930F07380169CE9D4"[\n]"
15:15:10.321 [pool-2-thread-1] DEBUG org.apache.http.wire - http-outgoing-4 << "}, {[\n]"
15:15:10.321 [pool-2-thread-1] DEBUG org.apache.http.wire - http-outgoing-4 << "   "description": "",[\n]"
15:15:10.322 [pool-2-thread-1] DEBUG org.apache.http.wire - http-outgoing-4 << "   "devtoolsFrontendUrl": "/devtools/inspector.html?ws=localhost:9222/devtools/page/BC051DEE7CA639161AA87AAE624CBF25",[\n]"
15:15:10.322 [pool-2-thread-1] DEBUG org.apache.http.wire - http-outgoing-4 << "   "id": "BC051DEE7CA639161AA87AAE624CBF25",[\n]"
15:15:10.322 [pool-2-thread-1] DEBUG org.apache.http.wire - http-outgoing-4 << "   "title": "Google Hangouts",[\n]"
15:15:10.322 [pool-2-thread-1] DEBUG org.apache.http.wire - http-outgoing-4 << "   "type": "background_page",[\n]"
15:15:10.322 [pool-2-thread-1] DEBUG org.apache.http.wire - http-outgoing-4 << "   "url": "chrome-extension://nkeimhogjdpnpccoofpliimaahmaaome/background.html",[\n]"
15:15:10.322 [pool-2-thread-1] DEBUG org.apache.http.wire - http-outgoing-4 << "   "webSocketDebuggerUrl": "ws://localhost:9222/devtools/page/BC051DEE7CA639161AA87AAE624CBF25"[\n]"
15:15:10.322 [pool-2-thread-1] DEBUG org.apache.http.wire - http-outgoing-4 << "}, {[\n]"
15:15:10.322 [pool-2-thread-1] DEBUG org.apache.http.wire - http-outgoing-4 << "   "description": "",[\n]"
15:15:10.322 [pool-2-thread-1] DEBUG org.apache.http.wire - http-outgoing-4 << "   "devtoolsFrontendUrl": "/devtools/inspector.html?ws=localhost:9222/devtools/page/7BC57A1234B0AA728430AF9B516B991B",[\n]"
15:15:10.322 [pool-2-thread-1] DEBUG org.apache.http.wire - http-outgoing-4 << "   "id": "7BC57A1234B0AA728430AF9B516B991B",[\n]"
15:15:10.322 [pool-2-thread-1] DEBUG org.apache.http.wire - http-outgoing-4 << "   "title": "New Tab",[\n]"
15:15:10.322 [pool-2-thread-1] DEBUG org.apache.http.wire - http-outgoing-4 << "   "type": "page",[\n]"
15:15:10.322 [pool-2-thread-1] DEBUG org.apache.http.wire - http-outgoing-4 << "   "url": "chrome://newtab/",[\n]"
15:15:10.322 [pool-2-thread-1] DEBUG org.apache.http.wire - http-outgoing-4 << "   "webSocketDebuggerUrl": "ws://localhost:9222/devtools/page/7BC57A1234B0AA728430AF9B516B991B"[\n]"
15:15:10.322 [pool-2-thread-1] DEBUG org.apache.http.wire - http-outgoing-4 << "} ][\n]"
15:15:10.322 [pool-2-thread-1] DEBUG org.apache.http.headers - http-outgoing-4 << HTTP/1.1 200 OK
15:15:10.322 [pool-2-thread-1] DEBUG org.apache.http.headers - http-outgoing-4 << Content-Security-Policy:frame-ancestors 'none'
15:15:10.322 [pool-2-thread-1] DEBUG org.apache.http.headers - http-outgoing-4 << Content-Length:1242
15:15:10.322 [pool-2-thread-1] DEBUG org.apache.http.headers - http-outgoing-4 << Content-Type:application/json; charset=UTF-8
15:15:10.322 [pool-2-thread-1] DEBUG org.apache.http.impl.execchain.MainClientExec - Connection can be kept alive indefinitely
15:15:10.322 [pool-2-thread-1] DEBUG org.apache.http.impl.conn.PoolingHttpClientConnectionManager - Connection [id: 4][route: {}->http://localhost:9222] can be kept alive indefinitely
15:15:10.322 [pool-2-thread-1] DEBUG org.apache.http.impl.conn.DefaultManagedHttpClientConnection - http-outgoing-4: set socket timeout to 0
15:15:10.323 [pool-2-thread-1] DEBUG org.apache.http.impl.conn.PoolingHttpClientConnectionManager - Connection released: [id: 4][route: {}->http://localhost:9222][total available: 1; route allocated: 1 of 5; total allocated: 1 of 10]
15:15:10.323 [pool-2-thread-1] DEBUG org.apache.http.impl.conn.PoolingHttpClientConnectionManager - Connection manager is shutting down
15:15:10.323 [pool-2-thread-1] DEBUG org.apache.http.impl.conn.DefaultManagedHttpClientConnection - http-outgoing-4: Close connection
15:15:10.323 [pool-2-thread-1] DEBUG org.apache.http.impl.conn.PoolingHttpClientConnectionManager - Connection manager shut down
15:15:10.325 [pool-2-thread-1] DEBUG com.intuit.karate - response time in milliseconds: 13
1 < 200
1 < Content-Security-Policy: frame-ancestors 'none'
1 < Content-Length: 1242
1 < Content-Type: application/json; charset=UTF-8
[ {
   "description": "",
   "devtoolsFrontendUrl": "/devtools/inspector.html?ws=localhost:9222/devtools/page/CC8A8269F65EA32930F07380169CE9D4",
   "id": "CC8A8269F65EA32930F07380169CE9D4",
   "title": "Google Network Speech",
   "type": "background_page",
   "url": "chrome-extension://neajdppkdcdipfabeoofebfddakdcjhd/_generated_background_page.html",
   "webSocketDebuggerUrl": "ws://localhost:9222/devtools/page/CC8A8269F65EA32930F07380169CE9D4"
}, {
   "description": "",
   "devtoolsFrontendUrl": "/devtools/inspector.html?ws=localhost:9222/devtools/page/BC051DEE7CA639161AA87AAE624CBF25",
   "id": "BC051DEE7CA639161AA87AAE624CBF25",
   "title": "Google Hangouts",
   "type": "background_page",
   "url": "chrome-extension://nkeimhogjdpnpccoofpliimaahmaaome/background.html",
   "webSocketDebuggerUrl": "ws://localhost:9222/devtools/page/BC051DEE7CA639161AA87AAE624CBF25"
}, {
   "description": "",
   "devtoolsFrontendUrl": "/devtools/inspector.html?ws=localhost:9222/devtools/page/7BC57A1234B0AA728430AF9B516B991B",
   "id": "7BC57A1234B0AA728430AF9B516B991B",
   "title": "New Tab",
   "type": "page",
   "url": "chrome://newtab/",
   "webSocketDebuggerUrl": "ws://localhost:9222/devtools/page/7BC57A1234B0AA728430AF9B516B991B"
} ]


15:15:10.328 [pool-2-thread-1] DEBUG com.jayway.jsonpath.internal.path.CompiledPath - Evaluating path: $
15:15:10.328 [pool-2-thread-1] DEBUG com.jayway.jsonpath.internal.path.CompiledPath - Evaluating path: $
15:15:10.330 [pool-2-thread-1] DEBUG com.intuit.karate.driver.chrome_1743063309369 - root frame id: 7BC57A1234B0AA728430AF9B516B991B
15:15:10.336 [pool-2-thread-1] DEBUG io.netty.util.internal.logging.InternalLoggerFactory - Using SLF4J as the default logging framework
15:15:10.337 [pool-2-thread-1] DEBUG io.netty.channel.MultithreadEventLoopGroup - -Dio.netty.eventLoopThreads: 16
15:15:10.341 [pool-2-thread-1] DEBUG io.netty.util.internal.InternalThreadLocalMap - -Dio.netty.threadLocalMap.stringBuilder.initialSize: 1024
15:15:10.342 [pool-2-thread-1] DEBUG io.netty.util.internal.InternalThreadLocalMap - -Dio.netty.threadLocalMap.stringBuilder.maxSize: 4096
15:15:10.349 [pool-2-thread-1] DEBUG io.netty.util.internal.PlatformDependent0 - -Dio.netty.noUnsafe: false
15:15:10.349 [pool-2-thread-1] DEBUG io.netty.util.internal.PlatformDependent0 - Java version: 20
15:15:10.349 [pool-2-thread-1] DEBUG io.netty.util.internal.PlatformDependent0 - sun.misc.Unsafe.theUnsafe: available
15:15:10.349 [pool-2-thread-1] DEBUG io.netty.util.internal.PlatformDependent0 - sun.misc.Unsafe.copyMemory: available
15:15:10.350 [pool-2-thread-1] DEBUG io.netty.util.internal.PlatformDependent0 - sun.misc.Unsafe.storeFence: available
15:15:10.350 [pool-2-thread-1] DEBUG io.netty.util.internal.PlatformDependent0 - java.nio.Buffer.address: available
15:15:10.350 [pool-2-thread-1] DEBUG io.netty.util.internal.PlatformDependent0 - direct buffer constructor: unavailable: Reflective setAccessible(true) disabled
15:15:10.350 [pool-2-thread-1] DEBUG io.netty.util.internal.PlatformDependent0 - java.nio.Bits.unaligned: available, true
15:15:10.350 [pool-2-thread-1] DEBUG io.netty.util.internal.PlatformDependent0 - jdk.internal.misc.Unsafe.allocateUninitializedArray(int): unavailable: class io.netty.util.internal.PlatformDependent0$7 cannot access class jdk.internal.misc.Unsafe (in module java.base) because module java.base does not export jdk.internal.misc to unnamed module @15c89abd
15:15:10.351 [pool-2-thread-1] DEBUG io.netty.util.internal.PlatformDependent0 - java.nio.DirectByteBuffer.<init>(long, int): unavailable
15:15:10.351 [pool-2-thread-1] DEBUG io.netty.util.internal.PlatformDependent - sun.misc.Unsafe: available
15:15:10.351 [pool-2-thread-1] DEBUG io.netty.util.internal.PlatformDependent - maxDirectMemory: 4294967296 bytes (maybe)
15:15:10.351 [pool-2-thread-1] DEBUG io.netty.util.internal.PlatformDependent - -Dio.netty.tmpdir: /var/folders/sy/xjvmk8fx74g21j1qr4j064g00000gn/T (java.io.tmpdir)
15:15:10.351 [pool-2-thread-1] DEBUG io.netty.util.internal.PlatformDependent - -Dio.netty.bitMode: 64 (sun.arch.data.model)
15:15:10.351 [pool-2-thread-1] DEBUG io.netty.util.internal.PlatformDependent - Platform: MacOS
15:15:10.352 [pool-2-thread-1] DEBUG io.netty.util.internal.PlatformDependent - -Dio.netty.maxDirectMemory: -1 bytes
15:15:10.352 [pool-2-thread-1] DEBUG io.netty.util.internal.PlatformDependent - -Dio.netty.uninitializedArrayAllocationThreshold: -1
15:15:10.352 [pool-2-thread-1] DEBUG io.netty.util.internal.CleanerJava9 - java.nio.ByteBuffer.cleaner(): available
15:15:10.352 [pool-2-thread-1] DEBUG io.netty.util.internal.PlatformDependent - -Dio.netty.noPreferDirect: false
15:15:10.352 [pool-2-thread-1] DEBUG io.netty.channel.nio.NioEventLoop - -Dio.netty.noKeySetOptimization: false
15:15:10.352 [pool-2-thread-1] DEBUG io.netty.channel.nio.NioEventLoop - -Dio.netty.selectorAutoRebuildThreshold: 512
15:15:10.354 [pool-2-thread-1] DEBUG io.netty.util.internal.PlatformDependent - org.jctools-core.MpscChunkedArrayQueue: available
15:15:10.369 [pool-2-thread-1] DEBUG io.netty.channel.DefaultChannelId - -Dio.netty.processId: 16697 (auto-detected)
15:15:10.370 [pool-2-thread-1] DEBUG io.netty.util.NetUtil - -Djava.net.preferIPv4Stack: false
15:15:10.370 [pool-2-thread-1] DEBUG io.netty.util.NetUtil - -Djava.net.preferIPv6Addresses: false
15:15:10.372 [pool-2-thread-1] DEBUG io.netty.util.NetUtilInitializations - Loopback interface: lo0 (lo0, 0:0:0:0:0:0:0:1%lo0)
15:15:10.372 [pool-2-thread-1] DEBUG io.netty.util.NetUtil - Failed to get SOMAXCONN from sysctl and file /proc/sys/net/core/somaxconn. Default: 128
15:15:10.373 [pool-2-thread-1] DEBUG io.netty.channel.DefaultChannelId - -Dio.netty.machineId: 56:5b:49:ff:fe:7a:df:b0 (auto-detected)
15:15:10.376 [pool-2-thread-1] DEBUG io.netty.util.ResourceLeakDetector - -Dio.netty.leakDetection.level: simple
15:15:10.376 [pool-2-thread-1] DEBUG io.netty.util.ResourceLeakDetector - -Dio.netty.leakDetection.targetRecords: 4
15:15:10.391 [pool-2-thread-1] DEBUG io.netty.buffer.PooledByteBufAllocator - -Dio.netty.allocator.numHeapArenas: 16
15:15:10.391 [pool-2-thread-1] DEBUG io.netty.buffer.PooledByteBufAllocator - -Dio.netty.allocator.numDirectArenas: 16
15:15:10.391 [pool-2-thread-1] DEBUG io.netty.buffer.PooledByteBufAllocator - -Dio.netty.allocator.pageSize: 8192
15:15:10.391 [pool-2-thread-1] DEBUG io.netty.buffer.PooledByteBufAllocator - -Dio.netty.allocator.maxOrder: 9
15:15:10.391 [pool-2-thread-1] DEBUG io.netty.buffer.PooledByteBufAllocator - -Dio.netty.allocator.chunkSize: 4194304
15:15:10.391 [pool-2-thread-1] DEBUG io.netty.buffer.PooledByteBufAllocator - -Dio.netty.allocator.smallCacheSize: 256
15:15:10.391 [pool-2-thread-1] DEBUG io.netty.buffer.PooledByteBufAllocator - -Dio.netty.allocator.normalCacheSize: 64
15:15:10.391 [pool-2-thread-1] DEBUG io.netty.buffer.PooledByteBufAllocator - -Dio.netty.allocator.maxCachedBufferCapacity: 32768
15:15:10.391 [pool-2-thread-1] DEBUG io.netty.buffer.PooledByteBufAllocator - -Dio.netty.allocator.cacheTrimInterval: 8192
15:15:10.391 [pool-2-thread-1] DEBUG io.netty.buffer.PooledByteBufAllocator - -Dio.netty.allocator.cacheTrimIntervalMillis: 0
15:15:10.391 [pool-2-thread-1] DEBUG io.netty.buffer.PooledByteBufAllocator - -Dio.netty.allocator.useCacheForAllThreads: false
15:15:10.391 [pool-2-thread-1] DEBUG io.netty.buffer.PooledByteBufAllocator - -Dio.netty.allocator.maxCachedByteBuffersPerChunk: 1023
15:15:10.395 [pool-2-thread-1] DEBUG io.netty.buffer.ByteBufUtil - -Dio.netty.allocator.type: pooled
15:15:10.395 [pool-2-thread-1] DEBUG io.netty.buffer.ByteBufUtil - -Dio.netty.threadLocalDirectBufferSize: 0
15:15:10.395 [pool-2-thread-1] DEBUG io.netty.buffer.ByteBufUtil - -Dio.netty.maxThreadLocalCharBufferSize: 16384
15:15:10.413 [nioEventLoopGroup-2-1] DEBUG io.netty.buffer.AbstractByteBuf - -Dio.netty.buffer.checkAccessible: true
15:15:10.414 [nioEventLoopGroup-2-1] DEBUG io.netty.buffer.AbstractByteBuf - -Dio.netty.buffer.checkBounds: true
15:15:10.415 [nioEventLoopGroup-2-1] DEBUG io.netty.util.ResourceLeakDetectorFactory - Loaded default ResourceLeakDetector: io.netty.util.ResourceLeakDetector@2cf11a3b
15:15:10.522 [nioEventLoopGroup-2-1] DEBUG io.netty.handler.codec.compression.ZlibCodecFactory - -Dio.netty.noJdkZlibDecoder: false
15:15:10.522 [nioEventLoopGroup-2-1] DEBUG io.netty.handler.codec.compression.ZlibCodecFactory - -Dio.netty.noJdkZlibEncoder: false
15:15:10.525 [nioEventLoopGroup-2-1] DEBUG io.netty.handler.codec.http.websocketx.WebSocketClientHandshaker13 - WebSocket version 13 client handshake key: tRHiGfedjnRMqEdgyrVQ/g==, expected response: 3x6to5baho6hKm2x9lhYV+ioaFk=
15:15:10.528 [nioEventLoopGroup-2-1] DEBUG io.netty.util.Recycler - -Dio.netty.recycler.maxCapacityPerThread: 4096
15:15:10.528 [nioEventLoopGroup-2-1] DEBUG io.netty.util.Recycler - -Dio.netty.recycler.ratio: 8
15:15:10.528 [nioEventLoopGroup-2-1] DEBUG io.netty.util.Recycler - -Dio.netty.recycler.chunkSize: 32
15:15:10.528 [nioEventLoopGroup-2-1] DEBUG io.netty.util.Recycler - -Dio.netty.recycler.blocking: false
15:15:10.539 [nioEventLoopGroup-2-1] DEBUG com.intuit.karate.http.WebSocketClientHandler - websocket client connected
15:15:10.540 [pool-2-thread-1] DEBUG com.jayway.jsonpath.internal.path.CompiledPath - Evaluating path: $['targetId']
15:15:10.540 [pool-2-thread-1] DEBUG com.jayway.jsonpath.internal.path.CompiledPath - Evaluating path: $
15:15:10.540 [pool-2-thread-1] DEBUG com.jayway.jsonpath.internal.path.CompiledPath - Evaluating path: $
15:15:10.540 [pool-2-thread-1] DEBUG com.jayway.jsonpath.internal.JsonContext - Put path $ key targetId value {}
15:15:10.540 [pool-2-thread-1] DEBUG com.jayway.jsonpath.internal.path.CompiledPath - Evaluating path: $
15:15:10.540 [pool-2-thread-1] DEBUG com.jayway.jsonpath.internal.JsonContext - Put path $ key targetId value 7BC57A1234B0AA728430AF9B516B991B
15:15:10.540 [pool-2-thread-1] DEBUG com.jayway.jsonpath.internal.path.CompiledPath - Evaluating path: $['flatten']
15:15:10.540 [pool-2-thread-1] DEBUG com.jayway.jsonpath.internal.path.CompiledPath - Evaluating path: $
15:15:10.540 [pool-2-thread-1] DEBUG com.jayway.jsonpath.internal.path.CompiledPath - Evaluating path: $
15:15:10.540 [pool-2-thread-1] DEBUG com.jayway.jsonpath.internal.JsonContext - Put path $ key flatten value {}
15:15:10.540 [pool-2-thread-1] DEBUG com.jayway.jsonpath.internal.path.CompiledPath - Evaluating path: $
15:15:10.540 [pool-2-thread-1] DEBUG com.jayway.jsonpath.internal.JsonContext - Put path $ key flatten value true
15:15:10.540 [pool-2-thread-1] DEBUG com.jayway.jsonpath.internal.path.CompiledPath - Evaluating path: $
15:15:10.540 [pool-2-thread-1] DEBUG com.intuit.karate.driver.chrome_1743063309369 - >> {"id":1,"method":"Target.attachToTarget","params":{"targetId":"7BC57A1234B0AA728430AF9B516B991B","flatten":true}}
15:15:10.542 [nioEventLoopGroup-2-1] DEBUG io.netty.handler.codec.compression.JdkZlibEncoder - -Dio.netty.jdkzlib.encoder.maxInitialOutputBufferSize=65536
15:15:10.542 [nioEventLoopGroup-2-1] DEBUG io.netty.handler.codec.compression.JdkZlibEncoder - -Dio.netty.jdkzlib.encoder.maxInputBufferSize=65536
15:15:10.547 [nioEventLoopGroup-2-1] DEBUG com.intuit.karate.driver.chrome_1743063309369 - << {"method":"Target.attachedToTarget","params":{"sessionId":"B63F5043D4B5AB48736279C9539AC056","targetInfo":{"targetId":"7BC57A1234B0AA728430AF9B516B991B","type":"page","title":"New Tab","url":"chrome://newtab/","attached":true,"canAccessOpener":false,"browserContextId":"0AC6914DB2524C5340A35756972FC53A"},"waitingForDebugger":false}}
15:15:10.547 [nioEventLoopGroup-2-1] DEBUG com.jayway.jsonpath.internal.path.CompiledPath - Evaluating path: $
15:15:10.547 [nioEventLoopGroup-2-1] DEBUG com.jayway.jsonpath.internal.path.CompiledPath - Evaluating path: $['targetInfo']['type']
15:15:10.548 [nioEventLoopGroup-2-1] DEBUG com.intuit.karate.driver.chrome_1743063309369 - << {"id":1,"result":{"sessionId":"B63F5043D4B5AB48736279C9539AC056"}}
15:15:10.548 [nioEventLoopGroup-2-1] DEBUG com.jayway.jsonpath.internal.path.CompiledPath - Evaluating path: $
15:15:10.548 [pool-2-thread-1] DEBUG com.jayway.jsonpath.internal.path.CompiledPath - Evaluating path: $['sessionId']
15:15:10.548 [pool-2-thread-1] DEBUG com.jayway.jsonpath.internal.path.CompiledPath - Evaluating path: $['targetId']
15:15:10.548 [pool-2-thread-1] DEBUG com.jayway.jsonpath.internal.path.CompiledPath - Evaluating path: $
15:15:10.548 [pool-2-thread-1] DEBUG com.jayway.jsonpath.internal.path.CompiledPath - Evaluating path: $
15:15:10.548 [pool-2-thread-1] DEBUG com.jayway.jsonpath.internal.JsonContext - Put path $ key targetId value {}
15:15:10.548 [pool-2-thread-1] DEBUG com.jayway.jsonpath.internal.path.CompiledPath - Evaluating path: $
15:15:10.548 [pool-2-thread-1] DEBUG com.jayway.jsonpath.internal.JsonContext - Put path $ key targetId value 7BC57A1234B0AA728430AF9B516B991B
15:15:10.548 [pool-2-thread-1] DEBUG com.jayway.jsonpath.internal.path.CompiledPath - Evaluating path: $
15:15:10.548 [pool-2-thread-1] DEBUG com.intuit.karate.driver.chrome_1743063309369 - >> {"id":2,"sessionId":"B63F5043D4B5AB48736279C9539AC056","method":"Target.activateTarget","params":{"targetId":"7BC57A1234B0AA728430AF9B516B991B"}}
15:15:10.550 [nioEventLoopGroup-2-1] DEBUG com.intuit.karate.driver.chrome_1743063309369 - << {"id":2,"result":{},"sessionId":"B63F5043D4B5AB48736279C9539AC056"}
15:15:10.550 [nioEventLoopGroup-2-1] DEBUG com.jayway.jsonpath.internal.path.CompiledPath - Evaluating path: $
15:15:10.550 [pool-2-thread-1] DEBUG com.jayway.jsonpath.internal.path.CompiledPath - Evaluating path: $['discover']
15:15:10.550 [pool-2-thread-1] DEBUG com.jayway.jsonpath.internal.path.CompiledPath - Evaluating path: $
15:15:10.550 [pool-2-thread-1] DEBUG com.jayway.jsonpath.internal.path.CompiledPath - Evaluating path: $
15:15:10.550 [pool-2-thread-1] DEBUG com.jayway.jsonpath.internal.JsonContext - Put path $ key discover value {}
15:15:10.550 [pool-2-thread-1] DEBUG com.jayway.jsonpath.internal.path.CompiledPath - Evaluating path: $
15:15:10.550 [pool-2-thread-1] DEBUG com.jayway.jsonpath.internal.JsonContext - Put path $ key discover value true
15:15:10.550 [pool-2-thread-1] DEBUG com.jayway.jsonpath.internal.path.CompiledPath - Evaluating path: $
15:15:10.551 [pool-2-thread-1] DEBUG com.intuit.karate.driver.chrome_1743063309369 - >> {"id":3,"sessionId":"B63F5043D4B5AB48736279C9539AC056","method":"Target.setDiscoverTargets","params":{"discover":true}}
15:15:10.568 [nioEventLoopGroup-2-1] DEBUG com.intuit.karate.driver.chrome_1743063309369 - << {"method":"Target.targetCreated","params":{"targetInfo":{"targetId":"7BC57A1234B0AA728430AF9B516B991B","type":"page","title":"New Tab","url":"chrome://newtab/","attached":true,"canAccessOpener":false,"browserContextId":"0AC6914DB2524C5340A35756972FC53A"}},"sessionId":"B63F5043D4B5AB48736279C9539AC056"}
15:15:10.568 [nioEventLoopGroup-2-1] DEBUG com.jayway.jsonpath.internal.path.CompiledPath - Evaluating path: $
15:15:10.568 [nioEventLoopGroup-2-1] DEBUG com.intuit.karate.driver.chrome_1743063309369 - << {"method":"Target.targetCreated","params":{"targetInfo":{"targetId":"BC051DEE7CA639161AA87AAE624CBF25","type":"background_page","title":"Google Hangouts","url":"chrome-extension://nkeimhogjdpnpccoofpliimaahmaaome/background.html","attached":false,"canAccessOpener":false,"browserContextId":"0AC6914DB2524C5340A35756972FC53A"}},"sessionId":"B63F5043D4B5AB48736279C9539AC056"}
15:15:10.568 [nioEventLoopGroup-2-1] DEBUG com.jayway.jsonpath.internal.path.CompiledPath - Evaluating path: $
15:15:10.568 [nioEventLoopGroup-2-1] DEBUG com.intuit.karate.driver.chrome_1743063309369 - << {"method":"Target.targetCreated","params":{"targetInfo":{"targetId":"CC8A8269F65EA32930F07380169CE9D4","type":"background_page","title":"Google Network Speech","url":"chrome-extension://neajdppkdcdipfabeoofebfddakdcjhd/_generated_background_page.html","attached":false,"canAccessOpener":false,"browserContextId":"0AC6914DB2524C5340A35756972FC53A"}},"sessionId":"B63F5043D4B5AB48736279C9539AC056"}
15:15:10.568 [nioEventLoopGroup-2-1] DEBUG com.jayway.jsonpath.internal.path.CompiledPath - Evaluating path: $
15:15:10.569 [nioEventLoopGroup-2-1] DEBUG com.intuit.karate.driver.chrome_1743063309369 - << {"id":3,"result":{},"sessionId":"B63F5043D4B5AB48736279C9539AC056"}
15:15:10.569 [nioEventLoopGroup-2-1] DEBUG com.jayway.jsonpath.internal.path.CompiledPath - Evaluating path: $
15:15:10.569 [pool-2-thread-1] DEBUG com.intuit.karate.driver.chrome_1743063309369 - >> {"id":4,"sessionId":"B63F5043D4B5AB48736279C9539AC056","method":"Page.enable"}
15:15:10.570 [nioEventLoopGroup-2-1] DEBUG com.intuit.karate.driver.chrome_1743063309369 - << {"id":4,"result":{},"sessionId":"B63F5043D4B5AB48736279C9539AC056"}
15:15:10.570 [nioEventLoopGroup-2-1] DEBUG com.jayway.jsonpath.internal.path.CompiledPath - Evaluating path: $
15:15:10.570 [pool-2-thread-1] DEBUG com.intuit.karate.driver.chrome_1743063309369 - >> {"id":5,"sessionId":"B63F5043D4B5AB48736279C9539AC056","method":"Runtime.enable"}
15:15:10.571 [nioEventLoopGroup-2-1] DEBUG com.intuit.karate.driver.chrome_1743063309369 - << {"method":"Runtime.executionContextCreated","params":{"context":{"id":3,"origin":"chrome://new-tab-page","name":"","uniqueId":"5450654197845705526.-3998494998947622487","auxData":{"isDefault":true,"type":"default","frameId":"C1A5F4E0606743DBD6670A34A7F3A5A2"}}},"sessionId":"B63F5043D4B5AB48736279C9539AC056"}
15:15:10.571 [nioEventLoopGroup-2-1] DEBUG com.jayway.jsonpath.internal.path.CompiledPath - Evaluating path: $
15:15:10.571 [nioEventLoopGroup-2-1] DEBUG com.jayway.jsonpath.internal.path.CompiledPath - Evaluating path: $['context']['auxData']['frameId']
15:15:10.571 [nioEventLoopGroup-2-1] DEBUG com.jayway.jsonpath.internal.path.CompiledPath - Evaluating path: $['context']['id']
15:15:10.572 [nioEventLoopGroup-2-1] DEBUG com.intuit.karate.driver.chrome_1743063309369 - << {"method":"Runtime.executionContextCreated","params":{"context":{"id":2,"origin":"chrome://new-tab-page","name":"","uniqueId":"-6835481139253080430.-1961224488196062133","auxData":{"isDefault":true,"type":"default","frameId":"C4D828B7C973F05B045B599D4638CBD9"}}},"sessionId":"B63F5043D4B5AB48736279C9539AC056"}
15:15:10.572 [nioEventLoopGroup-2-1] DEBUG com.jayway.jsonpath.internal.path.CompiledPath - Evaluating path: $
15:15:10.572 [nioEventLoopGroup-2-1] DEBUG com.jayway.jsonpath.internal.path.CompiledPath - Evaluating path: $['context']['auxData']['frameId']
15:15:10.572 [nioEventLoopGroup-2-1] DEBUG com.jayway.jsonpath.internal.path.CompiledPath - Evaluating path: $['context']['id']
15:15:10.572 [nioEventLoopGroup-2-1] DEBUG com.intuit.karate.driver.chrome_1743063309369 - << {"method":"Runtime.executionContextCreated","params":{"context":{"id":1,"origin":"chrome://new-tab-page","name":"","uniqueId":"8819623938872281340.-7427774274968659185","auxData":{"isDefault":true,"type":"default","frameId":"7BC57A1234B0AA728430AF9B516B991B"}}},"sessionId":"B63F5043D4B5AB48736279C9539AC056"}
15:15:10.572 [nioEventLoopGroup-2-1] DEBUG com.jayway.jsonpath.internal.path.CompiledPath - Evaluating path: $
15:15:10.572 [nioEventLoopGroup-2-1] DEBUG com.jayway.jsonpath.internal.path.CompiledPath - Evaluating path: $['context']['auxData']['frameId']
15:15:10.572 [nioEventLoopGroup-2-1] DEBUG com.jayway.jsonpath.internal.path.CompiledPath - Evaluating path: $['context']['id']
15:15:10.572 [nioEventLoopGroup-2-1] DEBUG com.intuit.karate.driver.chrome_1743063309369 - << {"id":5,"result":{},"sessionId":"B63F5043D4B5AB48736279C9539AC056"}
15:15:10.572 [nioEventLoopGroup-2-1] DEBUG com.jayway.jsonpath.internal.path.CompiledPath - Evaluating path: $
15:15:10.572 [pool-2-thread-1] DEBUG com.jayway.jsonpath.internal.path.CompiledPath - Evaluating path: $['targetId']
15:15:10.572 [pool-2-thread-1] DEBUG com.jayway.jsonpath.internal.path.CompiledPath - Evaluating path: $
15:15:10.572 [pool-2-thread-1] DEBUG com.jayway.jsonpath.internal.path.CompiledPath - Evaluating path: $
15:15:10.572 [pool-2-thread-1] DEBUG com.jayway.jsonpath.internal.JsonContext - Put path $ key targetId value {}
15:15:10.572 [pool-2-thread-1] DEBUG com.jayway.jsonpath.internal.path.CompiledPath - Evaluating path: $
15:15:10.573 [pool-2-thread-1] DEBUG com.jayway.jsonpath.internal.JsonContext - Put path $ key targetId value 7BC57A1234B0AA728430AF9B516B991B
15:15:10.573 [pool-2-thread-1] DEBUG com.jayway.jsonpath.internal.path.CompiledPath - Evaluating path: $
15:15:10.573 [pool-2-thread-1] DEBUG com.intuit.karate.driver.chrome_1743063309369 - >> {"id":6,"sessionId":"B63F5043D4B5AB48736279C9539AC056","method":"Browser.getWindowForTarget","params":{"targetId":"7BC57A1234B0AA728430AF9B516B991B"}}
15:15:10.573 [nioEventLoopGroup-2-1] DEBUG com.intuit.karate.driver.chrome_1743063309369 - << {"id":6,"result":{"windowId":560297857,"bounds":{"left":22,"top":47,"width":1200,"height":928,"windowState":"normal"}},"sessionId":"B63F5043D4B5AB48736279C9539AC056"}
15:15:10.573 [nioEventLoopGroup-2-1] DEBUG com.jayway.jsonpath.internal.path.CompiledPath - Evaluating path: $
15:15:10.585 [nioEventLoopGroup-2-1] DEBUG com.intuit.karate.driver.chrome_1743063309369 - << {"method":"Target.targetCreated","params":{"targetInfo":{"targetId":"C1A5F4E0606743DBD6670A34A7F3A5A2","type":"iframe","title":"","url":"","attached":false,"canAccessOpener":false,"browserContextId":"0AC6914DB2524C5340A35756972FC53A"}},"sessionId":"B63F5043D4B5AB48736279C9539AC056"}
15:15:10.585 [nioEventLoopGroup-2-1] DEBUG com.jayway.jsonpath.internal.path.CompiledPath - Evaluating path: $
15:15:10.587 [nioEventLoopGroup-2-1] DEBUG com.intuit.karate.driver.chrome_1743063309369 - << {"method":"Target.targetInfoChanged","params":{"targetInfo":{"targetId":"C1A5F4E0606743DBD6670A34A7F3A5A2","type":"iframe","title":"chrome-untrusted://new-tab-page/one-google-bar?paramsencoded=","url":"chrome-untrusted://new-tab-page/one-google-bar?paramsencoded=","attached":false,"canAccessOpener":false,"browserContextId":"0AC6914DB2524C5340A35756972FC53A"}},"sessionId":"B63F5043D4B5AB48736279C9539AC056"}
15:15:10.587 [nioEventLoopGroup-2-1] DEBUG com.jayway.jsonpath.internal.path.CompiledPath - Evaluating path: $
15:15:10.587 [nioEventLoopGroup-2-1] DEBUG com.jayway.jsonpath.internal.path.CompiledPath - Evaluating path: $['targetInfo']['targetId']
15:15:10.587 [nioEventLoopGroup-2-1] DEBUG com.intuit.karate.driver.chrome_1743063309369 - << {"method":"Page.frameDetached","params":{"frameId":"C1A5F4E0606743DBD6670A34A7F3A5A2","reason":"swap"},"sessionId":"B63F5043D4B5AB48736279C9539AC056"}
15:15:10.587 [nioEventLoopGroup-2-1] DEBUG com.jayway.jsonpath.internal.path.CompiledPath - Evaluating path: $
15:15:10.587 [nioEventLoopGroup-2-1] DEBUG com.intuit.karate.driver.chrome_1743063309369 - << {"method":"Runtime.executionContextDestroyed","params":{"executionContextId":3,"executionContextUniqueId":"5450654197845705526.-3998494998947622487"},"sessionId":"B63F5043D4B5AB48736279C9539AC056"}
15:15:10.587 [nioEventLoopGroup-2-1] DEBUG com.jayway.jsonpath.internal.path.CompiledPath - Evaluating path: $
15:15:10.688 [pool-2-thread-1] DEBUG com.jayway.jsonpath.internal.path.CompiledPath - Evaluating path: $['url']
15:15:10.688 [pool-2-thread-1] DEBUG com.jayway.jsonpath.internal.path.CompiledPath - Evaluating path: $
15:15:10.688 [pool-2-thread-1] DEBUG com.jayway.jsonpath.internal.path.CompiledPath - Evaluating path: $
15:15:10.688 [pool-2-thread-1] DEBUG com.jayway.jsonpath.internal.JsonContext - Put path $ key url value {}
15:15:10.688 [pool-2-thread-1] DEBUG com.jayway.jsonpath.internal.path.CompiledPath - Evaluating path: $
15:15:10.688 [pool-2-thread-1] DEBUG com.jayway.jsonpath.internal.JsonContext - Put path $ key url value https://demowebshop.tricentis.com/login
15:15:10.688 [pool-2-thread-1] DEBUG com.jayway.jsonpath.internal.path.CompiledPath - Evaluating path: $
15:15:10.688 [pool-2-thread-1] DEBUG com.intuit.karate.driver.chrome_1743063309369 - >> {"id":7,"sessionId":"B63F5043D4B5AB48736279C9539AC056","method":"Page.navigate","params":{"url":"https:\/\/demowebshop.tricentis.com\/login"}}
15:15:10.736 [nioEventLoopGroup-2-1] DEBUG com.intuit.karate.driver.chrome_1743063309369 - << {"method":"Page.frameStartedNavigating","params":{"frameId":"7BC57A1234B0AA728430AF9B516B991B","url":"https://demowebshop.tricentis.com/login","loaderId":"F620425A5ED78D940C5AD8A222E81221","navigationType":"differentDocument"},"sessionId":"B63F5043D4B5AB48736279C9539AC056"}
15:15:10.737 [nioEventLoopGroup-2-1] DEBUG com.jayway.jsonpath.internal.path.CompiledPath - Evaluating path: $
15:15:10.739 [nioEventLoopGroup-2-1] DEBUG com.intuit.karate.driver.chrome_1743063309369 - << {"method":"Page.frameStartedLoading","params":{"frameId":"7BC57A1234B0AA728430AF9B516B991B"},"sessionId":"B63F5043D4B5AB48736279C9539AC056"}
15:15:10.739 [nioEventLoopGroup-2-1] DEBUG com.jayway.jsonpath.internal.path.CompiledPath - Evaluating path: $
15:15:10.739 [nioEventLoopGroup-2-1] DEBUG com.jayway.jsonpath.internal.path.CompiledPath - Evaluating path: $['frameId']
15:15:11.983 [nioEventLoopGroup-2-1] DEBUG com.intuit.karate.driver.chrome_1743063309369 - << {"id":7,"result":{"frameId":"7BC57A1234B0AA728430AF9B516B991B","loaderId":"F620425A5ED78D940C5AD8A222E81221"},"sessionId":"B63F5043D4B5AB48736279C9539AC056"}
15:15:11.983 [nioEventLoopGroup-2-1] DEBUG com.jayway.jsonpath.internal.path.CompiledPath - Evaluating path: $
15:15:11.984 [nioEventLoopGroup-2-1] DEBUG com.intuit.karate.driver.chrome_1743063309369 - << {"method":"Runtime.executionContextsCleared","params":{},"sessionId":"B63F5043D4B5AB48736279C9539AC056"}
15:15:11.985 [nioEventLoopGroup-2-1] DEBUG com.jayway.jsonpath.internal.path.CompiledPath - Evaluating path: $
15:15:11.986 [nioEventLoopGroup-2-1] DEBUG com.intuit.karate.driver.chrome_1743063309369 - << {"method":"Runtime.executionContextsCleared","params":{},"sessionId":"B63F5043D4B5AB48736279C9539AC056"}
15:15:11.986 [nioEventLoopGroup-2-1] DEBUG com.jayway.jsonpath.internal.path.CompiledPath - Evaluating path: $
15:15:11.986 [nioEventLoopGroup-2-1] DEBUG com.intuit.karate.driver.chrome_1743063309369 - << {"method":"Page.frameNavigated","params":{"frame":{"id":"7BC57A1234B0AA728430AF9B516B991B","loaderId":"F620425A5ED78D940C5AD8A222E81221","url":"https://demowebshop.tricentis.com/login","domainAndRegistry":"tricentis.com","securityOrigin":"https://demowebshop.tricentis.com","mimeType":"text/html","adFrameStatus":{"adFrameType":"none"},"secureContextType":"Secure","crossOriginIsolatedContextType":"NotIsolated","gatedAPIFeatures":[]},"type":"Navigation"},"sessionId":"B63F5043D4B5AB48736279C9539AC056"}
15:15:11.986 [nioEventLoopGroup-2-1] DEBUG com.jayway.jsonpath.internal.path.CompiledPath - Evaluating path: $
15:15:11.986 [nioEventLoopGroup-2-1] DEBUG com.jayway.jsonpath.internal.path.CompiledPath - Evaluating path: $['frame']['id']
15:15:11.986 [nioEventLoopGroup-2-1] DEBUG com.jayway.jsonpath.internal.path.CompiledPath - Evaluating path: $['frame']['url']
15:15:11.986 [nioEventLoopGroup-2-1] DEBUG com.jayway.jsonpath.internal.path.CompiledPath - Evaluating path: $['frame']['name']
15:15:11.987 [nioEventLoopGroup-2-1] DEBUG com.intuit.karate.driver.chrome_1743063309369 - << {"method":"Target.targetInfoChanged","params":{"targetInfo":{"targetId":"7BC57A1234B0AA728430AF9B516B991B","type":"page","title":"demowebshop.tricentis.com/login","url":"https://demowebshop.tricentis.com/login","attached":true,"canAccessOpener":false,"browserContextId":"0AC6914DB2524C5340A35756972FC53A"}},"sessionId":"B63F5043D4B5AB48736279C9539AC056"}
15:15:11.987 [nioEventLoopGroup-2-1] DEBUG com.jayway.jsonpath.internal.path.CompiledPath - Evaluating path: $
15:15:11.987 [nioEventLoopGroup-2-1] DEBUG com.jayway.jsonpath.internal.path.CompiledPath - Evaluating path: $['targetInfo']['targetId']
15:15:11.988 [nioEventLoopGroup-2-1] DEBUG com.intuit.karate.driver.chrome_1743063309369 - << {"method":"Page.frameDetached","params":{"frameId":"C1A5F4E0606743DBD6670A34A7F3A5A2","reason":"remove"},"sessionId":"B63F5043D4B5AB48736279C9539AC056"}
15:15:11.988 [nioEventLoopGroup-2-1] DEBUG com.jayway.jsonpath.internal.path.CompiledPath - Evaluating path: $
15:15:11.988 [nioEventLoopGroup-2-1] DEBUG com.intuit.karate.driver.chrome_1743063309369 - << {"method":"Target.targetDestroyed","params":{"targetId":"C1A5F4E0606743DBD6670A34A7F3A5A2"},"sessionId":"B63F5043D4B5AB48736279C9539AC056"}
15:15:11.988 [nioEventLoopGroup-2-1] DEBUG com.jayway.jsonpath.internal.path.CompiledPath - Evaluating path: $
15:15:11.989 [nioEventLoopGroup-2-1] DEBUG com.intuit.karate.driver.chrome_1743063309369 - << {"method":"Runtime.executionContextCreated","params":{"context":{"id":1,"origin":"https://demowebshop.tricentis.com","name":"","uniqueId":"-6301746598453863686.43263830305152172","auxData":{"isDefault":true,"type":"default","frameId":"7BC57A1234B0AA728430AF9B516B991B"}}},"sessionId":"B63F5043D4B5AB48736279C9539AC056"}
15:15:11.989 [nioEventLoopGroup-2-1] DEBUG com.jayway.jsonpath.internal.path.CompiledPath - Evaluating path: $
15:15:11.989 [nioEventLoopGroup-2-1] DEBUG com.jayway.jsonpath.internal.path.CompiledPath - Evaluating path: $['context']['auxData']['frameId']
15:15:11.989 [nioEventLoopGroup-2-1] DEBUG com.jayway.jsonpath.internal.path.CompiledPath - Evaluating path: $['context']['id']
15:15:12.795 [nioEventLoopGroup-2-1] DEBUG com.intuit.karate.driver.chrome_1743063309369 - << {"method":"Target.targetCreated","params":{"targetInfo":{"targetId":"A6367F3106545511B42D3E3B88E2F201","type":"other","title":"","url":"","attached":false,"canAccessOpener":false,"browserContextId":"0AC6914DB2524C5340A35756972FC53A"}},"sessionId":"B63F5043D4B5AB48736279C9539AC056"}
15:15:12.795 [nioEventLoopGroup-2-1] DEBUG com.jayway.jsonpath.internal.path.CompiledPath - Evaluating path: $
15:15:12.900 [nioEventLoopGroup-2-1] DEBUG com.intuit.karate.driver.chrome_1743063309369 - << {"method":"Target.targetInfoChanged","params":{"targetInfo":{"targetId":"A6367F3106545511B42D3E3B88E2F201","type":"background_page","title":"Chrome Web Store Payments","url":"chrome-extension://nmmhkkegccagdldgiimedpiccmgmieda/_generated_background_page.html","attached":false,"canAccessOpener":false,"browserContextId":"0AC6914DB2524C5340A35756972FC53A"}},"sessionId":"B63F5043D4B5AB48736279C9539AC056"}
15:15:12.900 [nioEventLoopGroup-2-1] DEBUG com.jayway.jsonpath.internal.path.CompiledPath - Evaluating path: $
15:15:12.900 [nioEventLoopGroup-2-1] DEBUG com.jayway.jsonpath.internal.path.CompiledPath - Evaluating path: $['targetInfo']['targetId']
15:15:12.914 [nioEventLoopGroup-2-1] DEBUG com.intuit.karate.driver.chrome_1743063309369 - << {"method":"Target.targetCreated","params":{"targetInfo":{"targetId":"96D2C62B9EA4A5A8534933691B0489CA","type":"service_worker","title":"Service Worker chrome-extension://ghbmnnjooekpmoecnnnilnnbdlolhkhi/service_worker_bin_prod.js","url":"chrome-extension://ghbmnnjooekpmoecnnnilnnbdlolhkhi/service_worker_bin_prod.js","attached":false,"canAccessOpener":false,"browserContextId":"0AC6914DB2524C5340A35756972FC53A"}},"sessionId":"B63F5043D4B5AB48736279C9539AC056"}
15:15:12.914 [nioEventLoopGroup-2-1] DEBUG com.jayway.jsonpath.internal.path.CompiledPath - Evaluating path: $
15:15:13.146 [nioEventLoopGroup-2-1] DEBUG com.intuit.karate.driver.chrome_1743063309369 - << {"method":"Page.domContentEventFired","params":{"timestamp":21219.737576},"sessionId":"B63F5043D4B5AB48736279C9539AC056"}
15:15:13.147 [nioEventLoopGroup-2-1] DEBUG com.jayway.jsonpath.internal.path.CompiledPath - Evaluating path: $
15:15:13.201 [pool-2-thread-1] DEBUG com.jayway.jsonpath.internal.path.CompiledPath - Evaluating path: $['expression']
15:15:13.201 [pool-2-thread-1] DEBUG com.jayway.jsonpath.internal.path.CompiledPath - Evaluating path: $
15:15:13.201 [pool-2-thread-1] DEBUG com.jayway.jsonpath.internal.path.CompiledPath - Evaluating path: $
15:15:13.201 [pool-2-thread-1] DEBUG com.jayway.jsonpath.internal.JsonContext - Put path $ key expression value {}
15:15:13.201 [pool-2-thread-1] DEBUG com.jayway.jsonpath.internal.path.CompiledPath - Evaluating path: $
15:15:13.201 [pool-2-thread-1] DEBUG com.jayway.jsonpath.internal.JsonContext - Put path $ key expression value var e = document.querySelector("#Email"); e.focus(); try { e.selectionStart = e.selectionEnd = e.value.length } catch(x) {}
15:15:13.201 [pool-2-thread-1] DEBUG com.jayway.jsonpath.internal.path.CompiledPath - Evaluating path: $['returnByValue']
15:15:13.201 [pool-2-thread-1] DEBUG com.jayway.jsonpath.internal.path.CompiledPath - Evaluating path: $
15:15:13.201 [pool-2-thread-1] DEBUG com.jayway.jsonpath.internal.path.CompiledPath - Evaluating path: $
15:15:13.201 [pool-2-thread-1] DEBUG com.jayway.jsonpath.internal.JsonContext - Put path $ key returnByValue value {}
15:15:13.201 [pool-2-thread-1] DEBUG com.jayway.jsonpath.internal.path.CompiledPath - Evaluating path: $
15:15:13.201 [pool-2-thread-1] DEBUG com.jayway.jsonpath.internal.JsonContext - Put path $ key returnByValue value true
15:15:13.201 [pool-2-thread-1] DEBUG com.jayway.jsonpath.internal.path.CompiledPath - Evaluating path: $
15:15:13.201 [pool-2-thread-1] DEBUG com.intuit.karate.driver.chrome_1743063309369 - >> {"id":8,"sessionId":"B63F5043D4B5AB48736279C9539AC056","method":"Runtime.evaluate","params":{"expression":"var e = document.querySelector(\"#Email\"); e.focus(); try { e.selectionStart = e.selectionEnd = e.value.length } catch(x) {}","returnByValue":true}}
15:15:13.202 [nioEventLoopGroup-2-1] DEBUG com.intuit.karate.driver.chrome_1743063309369 - << {"id":8,"result":{"result":{"type":"number","value":0,"description":"0"}},"sessionId":"B63F5043D4B5AB48736279C9539AC056"}
15:15:13.202 [nioEventLoopGroup-2-1] DEBUG com.jayway.jsonpath.internal.path.CompiledPath - Evaluating path: $
15:15:13.203 [pool-2-thread-1] DEBUG com.jayway.jsonpath.internal.path.CompiledPath - Evaluating path: $['modifiers']
15:15:13.203 [pool-2-thread-1] DEBUG com.jayway.jsonpath.internal.path.CompiledPath - Evaluating path: $
15:15:13.203 [pool-2-thread-1] DEBUG com.jayway.jsonpath.internal.path.CompiledPath - Evaluating path: $
15:15:13.203 [pool-2-thread-1] DEBUG com.jayway.jsonpath.internal.JsonContext - Put path $ key modifiers value {}
15:15:13.203 [pool-2-thread-1] DEBUG com.jayway.jsonpath.internal.path.CompiledPath - Evaluating path: $
15:15:13.203 [pool-2-thread-1] DEBUG com.jayway.jsonpath.internal.JsonContext - Put path $ key modifiers value 0
15:15:13.203 [pool-2-thread-1] DEBUG com.jayway.jsonpath.internal.path.CompiledPath - Evaluating path: $['type']
15:15:13.203 [pool-2-thread-1] DEBUG com.jayway.jsonpath.internal.path.CompiledPath - Evaluating path: $
15:15:13.203 [pool-2-thread-1] DEBUG com.jayway.jsonpath.internal.path.CompiledPath - Evaluating path: $
15:15:13.203 [pool-2-thread-1] DEBUG com.jayway.jsonpath.internal.JsonContext - Put path $ key type value {}
15:15:13.203 [pool-2-thread-1] DEBUG com.jayway.jsonpath.internal.path.CompiledPath - Evaluating path: $
15:15:13.203 [pool-2-thread-1] DEBUG com.jayway.jsonpath.internal.JsonContext - Put path $ key type value rawKeyDown
15:15:13.203 [pool-2-thread-1] DEBUG com.jayway.jsonpath.internal.path.CompiledPath - Evaluating path: $['text']
15:15:13.203 [pool-2-thread-1] DEBUG com.jayway.jsonpath.internal.path.CompiledPath - Evaluating path: $
15:15:13.203 [pool-2-thread-1] DEBUG com.jayway.jsonpath.internal.path.CompiledPath - Evaluating path: $
15:15:13.203 [pool-2-thread-1] DEBUG com.jayway.jsonpath.internal.JsonContext - Put path $ key text value {}
15:15:13.203 [pool-2-thread-1] DEBUG com.jayway.jsonpath.internal.path.CompiledPath - Evaluating path: $
15:15:13.203 [pool-2-thread-1] DEBUG com.jayway.jsonpath.internal.JsonContext - Put path $ key text value n
15:15:13.203 [pool-2-thread-1] DEBUG com.jayway.jsonpath.internal.path.CompiledPath - Evaluating path: $['windowsVirtualKeyCode']
15:15:13.203 [pool-2-thread-1] DEBUG com.jayway.jsonpath.internal.path.CompiledPath - Evaluating path: $
15:15:13.203 [pool-2-thread-1] DEBUG com.jayway.jsonpath.internal.path.CompiledPath - Evaluating path: $
15:15:13.203 [pool-2-thread-1] DEBUG com.jayway.jsonpath.internal.JsonContext - Put path $ key windowsVirtualKeyCode value {}
15:15:13.203 [pool-2-thread-1] DEBUG com.jayway.jsonpath.internal.path.CompiledPath - Evaluating path: $
15:15:13.203 [pool-2-thread-1] DEBUG com.jayway.jsonpath.internal.JsonContext - Put path $ key windowsVirtualKeyCode value 110
15:15:13.203 [pool-2-thread-1] DEBUG com.jayway.jsonpath.internal.path.CompiledPath - Evaluating path: $
15:15:13.203 [pool-2-thread-1] DEBUG com.intuit.karate.driver.chrome_1743063309369 - >> {"id":9,"sessionId":"B63F5043D4B5AB48736279C9539AC056","method":"Input.dispatchKeyEvent","params":{"modifiers":0,"type":"rawKeyDown","text":"n","windowsVirtualKeyCode":110}}
15:15:13.205 [nioEventLoopGroup-2-1] DEBUG com.intuit.karate.driver.chrome_1743063309369 - << {"id":9,"result":{},"sessionId":"B63F5043D4B5AB48736279C9539AC056"}
15:15:13.205 [nioEventLoopGroup-2-1] DEBUG com.jayway.jsonpath.internal.path.CompiledPath - Evaluating path: $
15:15:13.205 [pool-2-thread-1] DEBUG com.jayway.jsonpath.internal.path.CompiledPath - Evaluating path: $['modifiers']
15:15:13.205 [pool-2-thread-1] DEBUG com.jayway.jsonpath.internal.path.CompiledPath - Evaluating path: $
15:15:13.205 [pool-2-thread-1] DEBUG com.jayway.jsonpath.internal.path.CompiledPath - Evaluating path: $
15:15:13.206 [pool-2-thread-1] DEBUG com.jayway.jsonpath.internal.JsonContext - Put path $ key modifiers value {}
15:15:13.206 [pool-2-thread-1] DEBUG com.jayway.jsonpath.internal.path.CompiledPath - Evaluating path: $
15:15:13.206 [pool-2-thread-1] DEBUG com.jayway.jsonpath.internal.JsonContext - Put path $ key modifiers value 0
15:15:13.206 [pool-2-thread-1] DEBUG com.jayway.jsonpath.internal.path.CompiledPath - Evaluating path: $['type']
15:15:13.206 [pool-2-thread-1] DEBUG com.jayway.jsonpath.internal.path.CompiledPath - Evaluating path: $
15:15:13.206 [pool-2-thread-1] DEBUG com.jayway.jsonpath.internal.path.CompiledPath - Evaluating path: $
15:15:13.206 [pool-2-thread-1] DEBUG com.jayway.jsonpath.internal.JsonContext - Put path $ key type value {}
15:15:13.206 [pool-2-thread-1] DEBUG com.jayway.jsonpath.internal.path.CompiledPath - Evaluating path: $
15:15:13.206 [pool-2-thread-1] DEBUG com.jayway.jsonpath.internal.JsonContext - Put path $ key type value char
15:15:13.206 [pool-2-thread-1] DEBUG com.jayway.jsonpath.internal.path.CompiledPath - Evaluating path: $['text']
15:15:13.206 [pool-2-thread-1] DEBUG com.jayway.jsonpath.internal.path.CompiledPath - Evaluating path: $
15:15:13.206 [pool-2-thread-1] DEBUG com.jayway.jsonpath.internal.path.CompiledPath - Evaluating path: $
15:15:13.206 [pool-2-thread-1] DEBUG com.jayway.jsonpath.internal.JsonContext - Put path $ key text value {}
15:15:13.206 [pool-2-thread-1] DEBUG com.jayway.jsonpath.internal.path.CompiledPath - Evaluating path: $
15:15:13.206 [pool-2-thread-1] DEBUG com.jayway.jsonpath.internal.JsonContext - Put path $ key text value n
15:15:13.206 [pool-2-thread-1] DEBUG com.jayway.jsonpath.internal.path.CompiledPath - Evaluating path: $['windowsVirtualKeyCode']
15:15:13.206 [pool-2-thread-1] DEBUG com.jayway.jsonpath.internal.path.CompiledPath - Evaluating path: $
15:15:13.206 [pool-2-thread-1] DEBUG com.jayway.jsonpath.internal.path.CompiledPath - Evaluating path: $
15:15:13.206 [pool-2-thread-1] DEBUG com.jayway.jsonpath.internal.JsonContext - Put path $ key windowsVirtualKeyCode value {}
15:15:13.206 [pool-2-thread-1] DEBUG com.jayway.jsonpath.internal.path.CompiledPath - Evaluating path: $
15:15:13.206 [pool-2-thread-1] DEBUG com.jayway.jsonpath.internal.JsonContext - Put path $ key windowsVirtualKeyCode value 110
15:15:13.206 [pool-2-thread-1] DEBUG com.jayway.jsonpath.internal.path.CompiledPath - Evaluating path: $
15:15:13.206 [pool-2-thread-1] DEBUG com.intuit.karate.driver.chrome_1743063309369 - >> {"id":10,"sessionId":"B63F5043D4B5AB48736279C9539AC056","method":"Input.dispatchKeyEvent","params":{"modifiers":0,"type":"char","text":"n","windowsVirtualKeyCode":110}}
15:15:13.207 [nioEventLoopGroup-2-1] DEBUG com.intuit.karate.driver.chrome_1743063309369 - << {"id":10,"result":{},"sessionId":"B63F5043D4B5AB48736279C9539AC056"}
15:15:13.207 [nioEventLoopGroup-2-1] DEBUG com.jayway.jsonpath.internal.path.CompiledPath - Evaluating path: $
15:15:13.207 [pool-2-thread-1] DEBUG com.jayway.jsonpath.internal.path.CompiledPath - Evaluating path: $['modifiers']
15:15:13.207 [pool-2-thread-1] DEBUG com.jayway.jsonpath.internal.path.CompiledPath - Evaluating path: $
15:15:13.207 [pool-2-thread-1] DEBUG com.jayway.jsonpath.internal.path.CompiledPath - Evaluating path: $
15:15:13.207 [pool-2-thread-1] DEBUG com.jayway.jsonpath.internal.JsonContext - Put path $ key modifiers value {}
15:15:13.207 [pool-2-thread-1] DEBUG com.jayway.jsonpath.internal.path.CompiledPath - Evaluating path: $
15:15:13.207 [pool-2-thread-1] DEBUG com.jayway.jsonpath.internal.JsonContext - Put path $ key modifiers value 0
15:15:13.207 [pool-2-thread-1] DEBUG com.jayway.jsonpath.internal.path.CompiledPath - Evaluating path: $['type']
15:15:13.207 [pool-2-thread-1] DEBUG com.jayway.jsonpath.internal.path.CompiledPath - Evaluating path: $
15:15:13.207 [pool-2-thread-1] DEBUG com.jayway.jsonpath.internal.path.CompiledPath - Evaluating path: $
15:15:13.207 [pool-2-thread-1] DEBUG com.jayway.jsonpath.internal.JsonContext - Put path $ key type value {}
15:15:13.207 [pool-2-thread-1] DEBUG com.jayway.jsonpath.internal.path.CompiledPath - Evaluating path: $
15:15:13.207 [pool-2-thread-1] DEBUG com.jayway.jsonpath.internal.JsonContext - Put path $ key type value keyUp
15:15:13.207 [pool-2-thread-1] DEBUG com.jayway.jsonpath.internal.path.CompiledPath - Evaluating path: $['text']
15:15:13.207 [pool-2-thread-1] DEBUG com.jayway.jsonpath.internal.path.CompiledPath - Evaluating path: $
15:15:13.207 [pool-2-thread-1] DEBUG com.jayway.jsonpath.internal.path.CompiledPath - Evaluating path: $
15:15:13.207 [pool-2-thread-1] DEBUG com.jayway.jsonpath.internal.JsonContext - Put path $ key text value {}
15:15:13.207 [pool-2-thread-1] DEBUG com.jayway.jsonpath.internal.path.CompiledPath - Evaluating path: $
15:15:13.207 [pool-2-thread-1] DEBUG com.jayway.jsonpath.internal.JsonContext - Put path $ key text value n
15:15:13.207 [pool-2-thread-1] DEBUG com.jayway.jsonpath.internal.path.CompiledPath - Evaluating path: $['windowsVirtualKeyCode']
15:15:13.207 [pool-2-thread-1] DEBUG com.jayway.jsonpath.internal.path.CompiledPath - Evaluating path: $
15:15:13.207 [pool-2-thread-1] DEBUG com.jayway.jsonpath.internal.path.CompiledPath - Evaluating path: $
15:15:13.207 [pool-2-thread-1] DEBUG com.jayway.jsonpath.internal.JsonContext - Put path $ key windowsVirtualKeyCode value {}
15:15:13.207 [pool-2-thread-1] DEBUG com.jayway.jsonpath.internal.path.CompiledPath - Evaluating path: $
15:15:13.207 [pool-2-thread-1] DEBUG com.jayway.jsonpath.internal.JsonContext - Put path $ key windowsVirtualKeyCode value 110
15:15:13.207 [pool-2-thread-1] DEBUG com.jayway.jsonpath.internal.path.CompiledPath - Evaluating path: $
15:15:13.207 [pool-2-thread-1] DEBUG com.intuit.karate.driver.chrome_1743063309369 - >> {"id":11,"sessionId":"B63F5043D4B5AB48736279C9539AC056","method":"Input.dispatchKeyEvent","params":{"modifiers":0,"type":"keyUp","text":"n","windowsVirtualKeyCode":110}}
15:15:13.209 [nioEventLoopGroup-2-1] DEBUG com.intuit.karate.driver.chrome_1743063309369 - << {"id":11,"result":{},"sessionId":"B63F5043D4B5AB48736279C9539AC056"}
15:15:13.209 [nioEventLoopGroup-2-1] DEBUG com.jayway.jsonpath.internal.path.CompiledPath - Evaluating path: $
15:15:13.209 [pool-2-thread-1] DEBUG com.jayway.jsonpath.internal.path.CompiledPath - Evaluating path: $['modifiers']
15:15:13.209 [pool-2-thread-1] DEBUG com.jayway.jsonpath.internal.path.CompiledPath - Evaluating path: $
15:15:13.209 [pool-2-thread-1] DEBUG com.jayway.jsonpath.internal.path.CompiledPath - Evaluating path: $
15:15:13.209 [pool-2-thread-1] DEBUG com.jayway.jsonpath.internal.JsonContext - Put path $ key modifiers value {}
15:15:13.209 [pool-2-thread-1] DEBUG com.jayway.jsonpath.internal.path.CompiledPath - Evaluating path: $
15:15:13.209 [pool-2-thread-1] DEBUG com.jayway.jsonpath.internal.JsonContext - Put path $ key modifiers value 0
15:15:13.209 [pool-2-thread-1] DEBUG com.jayway.jsonpath.internal.path.CompiledPath - Evaluating path: $['type']
15:15:13.209 [pool-2-thread-1] DEBUG com.jayway.jsonpath.internal.path.CompiledPath - Evaluating path: $
15:15:13.209 [pool-2-thread-1] DEBUG com.jayway.jsonpath.internal.path.CompiledPath - Evaluating path: $
15:15:13.209 [pool-2-thread-1] DEBUG com.jayway.jsonpath.internal.JsonContext - Put path $ key type value {}
15:15:13.209 [pool-2-thread-1] DEBUG com.jayway.jsonpath.internal.path.CompiledPath - Evaluating path: $
15:15:13.209 [pool-2-thread-1] DEBUG com.jayway.jsonpath.internal.JsonContext - Put path $ key type value rawKeyDown
15:15:13.209 [pool-2-thread-1] DEBUG com.jayway.jsonpath.internal.path.CompiledPath - Evaluating path: $['text']
15:15:13.209 [pool-2-thread-1] DEBUG com.jayway.jsonpath.internal.path.CompiledPath - Evaluating path: $
15:15:13.209 [pool-2-thread-1] DEBUG com.jayway.jsonpath.internal.path.CompiledPath - Evaluating path: $
15:15:13.209 [pool-2-thread-1] DEBUG com.jayway.jsonpath.internal.JsonContext - Put path $ key text value {}
15:15:13.209 [pool-2-thread-1] DEBUG com.jayway.jsonpath.internal.path.CompiledPath - Evaluating path: $
15:15:13.209 [pool-2-thread-1] DEBUG com.jayway.jsonpath.internal.JsonContext - Put path $ key text value a
15:15:13.209 [pool-2-thread-1] DEBUG com.jayway.jsonpath.internal.path.CompiledPath - Evaluating path: $['windowsVirtualKeyCode']
15:15:13.209 [pool-2-thread-1] DEBUG com.jayway.jsonpath.internal.path.CompiledPath - Evaluating path: $
15:15:13.209 [pool-2-thread-1] DEBUG com.jayway.jsonpath.internal.path.CompiledPath - Evaluating path: $
15:15:13.209 [pool-2-thread-1] DEBUG com.jayway.jsonpath.internal.JsonContext - Put path $ key windowsVirtualKeyCode value {}
15:15:13.209 [pool-2-thread-1] DEBUG com.jayway.jsonpath.internal.path.CompiledPath - Evaluating path: $
15:15:13.209 [pool-2-thread-1] DEBUG com.jayway.jsonpath.internal.JsonContext - Put path $ key windowsVirtualKeyCode value 97
15:15:13.209 [pool-2-thread-1] DEBUG com.jayway.jsonpath.internal.path.CompiledPath - Evaluating path: $
15:15:13.209 [pool-2-thread-1] DEBUG com.intuit.karate.driver.chrome_1743063309369 - >> {"id":12,"sessionId":"B63F5043D4B5AB48736279C9539AC056","method":"Input.dispatchKeyEvent","params":{"modifiers":0,"type":"rawKeyDown","text":"a","windowsVirtualKeyCode":97}}
15:15:13.210 [nioEventLoopGroup-2-1] DEBUG com.intuit.karate.driver.chrome_1743063309369 - << {"id":12,"result":{},"sessionId":"B63F5043D4B5AB48736279C9539AC056"}
15:15:13.210 [nioEventLoopGroup-2-1] DEBUG com.jayway.jsonpath.internal.path.CompiledPath - Evaluating path: $
15:15:13.210 [pool-2-thread-1] DEBUG com.jayway.jsonpath.internal.path.CompiledPath - Evaluating path: $['modifiers']
15:15:13.210 [pool-2-thread-1] DEBUG com.jayway.jsonpath.internal.path.CompiledPath - Evaluating path: $
15:15:13.210 [pool-2-thread-1] DEBUG com.jayway.jsonpath.internal.path.CompiledPath - Evaluating path: $
15:15:13.210 [pool-2-thread-1] DEBUG com.jayway.jsonpath.internal.JsonContext - Put path $ key modifiers value {}
15:15:13.210 [pool-2-thread-1] DEBUG com.jayway.jsonpath.internal.path.CompiledPath - Evaluating path: $
15:15:13.210 [pool-2-thread-1] DEBUG com.jayway.jsonpath.internal.JsonContext - Put path $ key modifiers value 0
15:15:13.210 [pool-2-thread-1] DEBUG com.jayway.jsonpath.internal.path.CompiledPath - Evaluating path: $['type']
15:15:13.210 [pool-2-thread-1] DEBUG com.jayway.jsonpath.internal.path.CompiledPath - Evaluating path: $
15:15:13.210 [pool-2-thread-1] DEBUG com.jayway.jsonpath.internal.path.CompiledPath - Evaluating path: $
15:15:13.210 [pool-2-thread-1] DEBUG com.jayway.jsonpath.internal.JsonContext - Put path $ key type value {}
15:15:13.210 [pool-2-thread-1] DEBUG com.jayway.jsonpath.internal.path.CompiledPath - Evaluating path: $
15:15:13.210 [pool-2-thread-1] DEBUG com.jayway.jsonpath.internal.JsonContext - Put path $ key type value char
15:15:13.210 [pool-2-thread-1] DEBUG com.jayway.jsonpath.internal.path.CompiledPath - Evaluating path: $['text']
15:15:13.210 [pool-2-thread-1] DEBUG com.jayway.jsonpath.internal.path.CompiledPath - Evaluating path: $
15:15:13.210 [pool-2-thread-1] DEBUG com.jayway.jsonpath.internal.path.CompiledPath - Evaluating path: $
15:15:13.210 [pool-2-thread-1] DEBUG com.jayway.jsonpath.internal.JsonContext - Put path $ key text value {}
15:15:13.210 [pool-2-thread-1] DEBUG com.jayway.jsonpath.internal.path.CompiledPath - Evaluating path: $
15:15:13.210 [pool-2-thread-1] DEBUG com.jayway.jsonpath.internal.JsonContext - Put path $ key text value a
15:15:13.210 [pool-2-thread-1] DEBUG com.jayway.jsonpath.internal.path.CompiledPath - Evaluating path: $['windowsVirtualKeyCode']
15:15:13.210 [pool-2-thread-1] DEBUG com.jayway.jsonpath.internal.path.CompiledPath - Evaluating path: $
15:15:13.210 [pool-2-thread-1] DEBUG com.jayway.jsonpath.internal.path.CompiledPath - Evaluating path: $
15:15:13.210 [pool-2-thread-1] DEBUG com.jayway.jsonpath.internal.JsonContext - Put path $ key windowsVirtualKeyCode value {}
15:15:13.210 [pool-2-thread-1] DEBUG com.jayway.jsonpath.internal.path.CompiledPath - Evaluating path: $
15:15:13.210 [pool-2-thread-1] DEBUG com.jayway.jsonpath.internal.JsonContext - Put path $ key windowsVirtualKeyCode value 97
15:15:13.210 [pool-2-thread-1] DEBUG com.jayway.jsonpath.internal.path.CompiledPath - Evaluating path: $
15:15:13.210 [pool-2-thread-1] DEBUG com.intuit.karate.driver.chrome_1743063309369 - >> {"id":13,"sessionId":"B63F5043D4B5AB48736279C9539AC056","method":"Input.dispatchKeyEvent","params":{"modifiers":0,"type":"char","text":"a","windowsVirtualKeyCode":97}}
15:15:13.211 [nioEventLoopGroup-2-1] DEBUG com.intuit.karate.driver.chrome_1743063309369 - << {"id":13,"result":{},"sessionId":"B63F5043D4B5AB48736279C9539AC056"}
15:15:13.211 [nioEventLoopGroup-2-1] DEBUG com.jayway.jsonpath.internal.path.CompiledPath - Evaluating path: $
15:15:13.212 [pool-2-thread-1] DEBUG com.jayway.jsonpath.internal.path.CompiledPath - Evaluating path: $['modifiers']
15:15:13.212 [pool-2-thread-1] DEBUG com.jayway.jsonpath.internal.path.CompiledPath - Evaluating path: $
15:15:13.212 [pool-2-thread-1] DEBUG com.jayway.jsonpath.internal.path.CompiledPath - Evaluating path: $
15:15:13.212 [pool-2-thread-1] DEBUG com.jayway.jsonpath.internal.JsonContext - Put path $ key modifiers value {}
15:15:13.212 [pool-2-thread-1] DEBUG com.jayway.jsonpath.internal.path.CompiledPath - Evaluating path: $
15:15:13.212 [pool-2-thread-1] DEBUG com.jayway.jsonpath.internal.JsonContext - Put path $ key modifiers value 0
15:15:13.212 [pool-2-thread-1] DEBUG com.jayway.jsonpath.internal.path.CompiledPath - Evaluating path: $['type']
15:15:13.212 [pool-2-thread-1] DEBUG com.jayway.jsonpath.internal.path.CompiledPath - Evaluating path: $
15:15:13.212 [pool-2-thread-1] DEBUG com.jayway.jsonpath.internal.path.CompiledPath - Evaluating path: $
15:15:13.212 [pool-2-thread-1] DEBUG com.jayway.jsonpath.internal.JsonContext - Put path $ key type value {}
15:15:13.212 [pool-2-thread-1] DEBUG com.jayway.jsonpath.internal.path.CompiledPath - Evaluating path: $
15:15:13.212 [pool-2-thread-1] DEBUG com.jayway.jsonpath.internal.JsonContext - Put path $ key type value keyUp
15:15:13.212 [pool-2-thread-1] DEBUG com.jayway.jsonpath.internal.path.CompiledPath - Evaluating path: $['text']
15:15:13.212 [pool-2-thread-1] DEBUG com.jayway.jsonpath.internal.path.CompiledPath - Evaluating path: $
15:15:13.212 [pool-2-thread-1] DEBUG com.jayway.jsonpath.internal.path.CompiledPath - Evaluating path: $
15:15:13.212 [pool-2-thread-1] DEBUG com.jayway.jsonpath.internal.JsonContext - Put path $ key text value {}
15:15:13.212 [pool-2-thread-1] DEBUG com.jayway.jsonpath.internal.path.CompiledPath - Evaluating path: $
15:15:13.212 [pool-2-thread-1] DEBUG com.jayway.jsonpath.internal.JsonContext - Put path $ key text value a
15:15:13.212 [pool-2-thread-1] DEBUG com.jayway.jsonpath.internal.path.CompiledPath - Evaluating path: $['windowsVirtualKeyCode']
15:15:13.212 [pool-2-thread-1] DEBUG com.jayway.jsonpath.internal.path.CompiledPath - Evaluating path: $
15:15:13.212 [pool-2-thread-1] DEBUG com.jayway.jsonpath.internal.path.CompiledPath - Evaluating path: $
15:15:13.212 [pool-2-thread-1] DEBUG com.jayway.jsonpath.internal.JsonContext - Put path $ key windowsVirtualKeyCode value {}
15:15:13.212 [pool-2-thread-1] DEBUG com.jayway.jsonpath.internal.path.CompiledPath - Evaluating path: $
15:15:13.212 [pool-2-thread-1] DEBUG com.jayway.jsonpath.internal.JsonContext - Put path $ key windowsVirtualKeyCode value 97
15:15:13.212 [pool-2-thread-1] DEBUG com.jayway.jsonpath.internal.path.CompiledPath - Evaluating path: $
15:15:13.212 [pool-2-thread-1] DEBUG com.intuit.karate.driver.chrome_1743063309369 - >> {"id":14,"sessionId":"B63F5043D4B5AB48736279C9539AC056","method":"Input.dispatchKeyEvent","params":{"modifiers":0,"type":"keyUp","text":"a","windowsVirtualKeyCode":97}}
15:15:13.213 [nioEventLoopGroup-2-1] DEBUG com.intuit.karate.driver.chrome_1743063309369 - << {"id":14,"result":{},"sessionId":"B63F5043D4B5AB48736279C9539AC056"}
15:15:13.213 [nioEventLoopGroup-2-1] DEBUG com.jayway.jsonpath.internal.path.CompiledPath - Evaluating path: $
15:15:13.213 [pool-2-thread-1] DEBUG com.jayway.jsonpath.internal.path.CompiledPath - Evaluating path: $['modifiers']
15:15:13.213 [pool-2-thread-1] DEBUG com.jayway.jsonpath.internal.path.CompiledPath - Evaluating path: $
15:15:13.213 [pool-2-thread-1] DEBUG com.jayway.jsonpath.internal.path.CompiledPath - Evaluating path: $
15:15:13.213 [pool-2-thread-1] DEBUG com.jayway.jsonpath.internal.JsonContext - Put path $ key modifiers value {}
15:15:13.213 [pool-2-thread-1] DEBUG com.jayway.jsonpath.internal.path.CompiledPath - Evaluating path: $
15:15:13.213 [pool-2-thread-1] DEBUG com.jayway.jsonpath.internal.JsonContext - Put path $ key modifiers value 0
15:15:13.213 [pool-2-thread-1] DEBUG com.jayway.jsonpath.internal.path.CompiledPath - Evaluating path: $['type']
15:15:13.213 [pool-2-thread-1] DEBUG com.jayway.jsonpath.internal.path.CompiledPath - Evaluating path: $
15:15:13.213 [pool-2-thread-1] DEBUG com.jayway.jsonpath.internal.path.CompiledPath - Evaluating path: $
15:15:13.213 [pool-2-thread-1] DEBUG com.jayway.jsonpath.internal.JsonContext - Put path $ key type value {}
15:15:13.213 [pool-2-thread-1] DEBUG com.jayway.jsonpath.internal.path.CompiledPath - Evaluating path: $
15:15:13.213 [pool-2-thread-1] DEBUG com.jayway.jsonpath.internal.JsonContext - Put path $ key type value rawKeyDown
15:15:13.213 [pool-2-thread-1] DEBUG com.jayway.jsonpath.internal.path.CompiledPath - Evaluating path: $['text']
15:15:13.213 [pool-2-thread-1] DEBUG com.jayway.jsonpath.internal.path.CompiledPath - Evaluating path: $
15:15:13.213 [pool-2-thread-1] DEBUG com.jayway.jsonpath.internal.path.CompiledPath - Evaluating path: $
15:15:13.213 [pool-2-thread-1] DEBUG com.jayway.jsonpath.internal.JsonContext - Put path $ key text value {}
15:15:13.213 [pool-2-thread-1] DEBUG com.jayway.jsonpath.internal.path.CompiledPath - Evaluating path: $
15:15:13.213 [pool-2-thread-1] DEBUG com.jayway.jsonpath.internal.JsonContext - Put path $ key text value s
15:15:13.213 [pool-2-thread-1] DEBUG com.jayway.jsonpath.internal.path.CompiledPath - Evaluating path: $['windowsVirtualKeyCode']
15:15:13.213 [pool-2-thread-1] DEBUG com.jayway.jsonpath.internal.path.CompiledPath - Evaluating path: $
15:15:13.213 [pool-2-thread-1] DEBUG com.jayway.jsonpath.internal.path.CompiledPath - Evaluating path: $
15:15:13.213 [pool-2-thread-1] DEBUG com.jayway.jsonpath.internal.JsonContext - Put path $ key windowsVirtualKeyCode value {}
15:15:13.213 [pool-2-thread-1] DEBUG com.jayway.jsonpath.internal.path.CompiledPath - Evaluating path: $
15:15:13.213 [pool-2-thread-1] DEBUG com.jayway.jsonpath.internal.JsonContext - Put path $ key windowsVirtualKeyCode value 115
15:15:13.213 [pool-2-thread-1] DEBUG com.jayway.jsonpath.internal.path.CompiledPath - Evaluating path: $
15:15:13.213 [pool-2-thread-1] DEBUG com.intuit.karate.driver.chrome_1743063309369 - >> {"id":15,"sessionId":"B63F5043D4B5AB48736279C9539AC056","method":"Input.dispatchKeyEvent","params":{"modifiers":0,"type":"rawKeyDown","text":"s","windowsVirtualKeyCode":115}}
15:15:13.213 [nioEventLoopGroup-2-1] DEBUG com.intuit.karate.driver.chrome_1743063309369 - << {"id":15,"result":{},"sessionId":"B63F5043D4B5AB48736279C9539AC056"}
15:15:13.213 [nioEventLoopGroup-2-1] DEBUG com.jayway.jsonpath.internal.path.CompiledPath - Evaluating path: $
15:15:13.213 [pool-2-thread-1] DEBUG com.jayway.jsonpath.internal.path.CompiledPath - Evaluating path: $['modifiers']
15:15:13.213 [pool-2-thread-1] DEBUG com.jayway.jsonpath.internal.path.CompiledPath - Evaluating path: $
15:15:13.213 [pool-2-thread-1] DEBUG com.jayway.jsonpath.internal.path.CompiledPath - Evaluating path: $
15:15:13.213 [pool-2-thread-1] DEBUG com.jayway.jsonpath.internal.JsonContext - Put path $ key modifiers value {}
15:15:13.213 [pool-2-thread-1] DEBUG com.jayway.jsonpath.internal.path.CompiledPath - Evaluating path: $
15:15:13.213 [pool-2-thread-1] DEBUG com.jayway.jsonpath.internal.JsonContext - Put path $ key modifiers value 0
15:15:13.213 [pool-2-thread-1] DEBUG com.jayway.jsonpath.internal.path.CompiledPath - Evaluating path: $['type']
15:15:13.214 [pool-2-thread-1] DEBUG com.jayway.jsonpath.internal.path.CompiledPath - Evaluating path: $
15:15:13.214 [pool-2-thread-1] DEBUG com.jayway.jsonpath.internal.path.CompiledPath - Evaluating path: $
15:15:13.214 [pool-2-thread-1] DEBUG com.jayway.jsonpath.internal.JsonContext - Put path $ key type value {}
15:15:13.214 [pool-2-thread-1] DEBUG com.jayway.jsonpath.internal.path.CompiledPath - Evaluating path: $
15:15:13.214 [pool-2-thread-1] DEBUG com.jayway.jsonpath.internal.JsonContext - Put path $ key type value char
15:15:13.214 [pool-2-thread-1] DEBUG com.jayway.jsonpath.internal.path.CompiledPath - Evaluating path: $['text']
15:15:13.214 [pool-2-thread-1] DEBUG com.jayway.jsonpath.internal.path.CompiledPath - Evaluating path: $
15:15:13.214 [pool-2-thread-1] DEBUG com.jayway.jsonpath.internal.path.CompiledPath - Evaluating path: $
15:15:13.214 [pool-2-thread-1] DEBUG com.jayway.jsonpath.internal.JsonContext - Put path $ key text value {}
15:15:13.214 [pool-2-thread-1] DEBUG com.jayway.jsonpath.internal.path.CompiledPath - Evaluating path: $
15:15:13.214 [pool-2-thread-1] DEBUG com.jayway.jsonpath.internal.JsonContext - Put path $ key text value s
15:15:13.214 [pool-2-thread-1] DEBUG com.jayway.jsonpath.internal.path.CompiledPath - Evaluating path: $['windowsVirtualKeyCode']
15:15:13.214 [pool-2-thread-1] DEBUG com.jayway.jsonpath.internal.path.CompiledPath - Evaluating path: $
15:15:13.214 [pool-2-thread-1] DEBUG com.jayway.jsonpath.internal.path.CompiledPath - Evaluating path: $
15:15:13.214 [pool-2-thread-1] DEBUG com.jayway.jsonpath.internal.JsonContext - Put path $ key windowsVirtualKeyCode value {}
15:15:13.214 [pool-2-thread-1] DEBUG com.jayway.jsonpath.internal.path.CompiledPath - Evaluating path: $
15:15:13.214 [pool-2-thread-1] DEBUG com.jayway.jsonpath.internal.JsonContext - Put path $ key windowsVirtualKeyCode value 115
15:15:13.214 [pool-2-thread-1] DEBUG com.jayway.jsonpath.internal.path.CompiledPath - Evaluating path: $
15:15:13.214 [pool-2-thread-1] DEBUG com.intuit.karate.driver.chrome_1743063309369 - >> {"id":16,"sessionId":"B63F5043D4B5AB48736279C9539AC056","method":"Input.dispatchKeyEvent","params":{"modifiers":0,"type":"char","text":"s","windowsVirtualKeyCode":115}}
15:15:13.214 [nioEventLoopGroup-2-1] DEBUG com.intuit.karate.driver.chrome_1743063309369 - << {"id":16,"result":{},"sessionId":"B63F5043D4B5AB48736279C9539AC056"}
15:15:13.214 [nioEventLoopGroup-2-1] DEBUG com.jayway.jsonpath.internal.path.CompiledPath - Evaluating path: $
15:15:13.214 [pool-2-thread-1] DEBUG com.jayway.jsonpath.internal.path.CompiledPath - Evaluating path: $['modifiers']
15:15:13.214 [pool-2-thread-1] DEBUG com.jayway.jsonpath.internal.path.CompiledPath - Evaluating path: $
15:15:13.214 [pool-2-thread-1] DEBUG com.jayway.jsonpath.internal.path.CompiledPath - Evaluating path: $
15:15:13.214 [pool-2-thread-1] DEBUG com.jayway.jsonpath.internal.JsonContext - Put path $ key modifiers value {}
15:15:13.214 [pool-2-thread-1] DEBUG com.jayway.jsonpath.internal.path.CompiledPath - Evaluating path: $
15:15:13.214 [pool-2-thread-1] DEBUG com.jayway.jsonpath.internal.JsonContext - Put path $ key modifiers value 0
15:15:13.214 [pool-2-thread-1] DEBUG com.jayway.jsonpath.internal.path.CompiledPath - Evaluating path: $['type']
15:15:13.214 [pool-2-thread-1] DEBUG com.jayway.jsonpath.internal.path.CompiledPath - Evaluating path: $
15:15:13.215 [pool-2-thread-1] DEBUG com.jayway.jsonpath.internal.path.CompiledPath - Evaluating path: $
15:15:13.215 [pool-2-thread-1] DEBUG com.jayway.jsonpath.internal.JsonContext - Put path $ key type value {}
15:15:13.215 [pool-2-thread-1] DEBUG com.jayway.jsonpath.internal.path.CompiledPath - Evaluating path: $
15:15:13.215 [pool-2-thread-1] DEBUG com.jayway.jsonpath.internal.JsonContext - Put path $ key type value keyUp
15:15:13.215 [pool-2-thread-1] DEBUG com.jayway.jsonpath.internal.path.CompiledPath - Evaluating path: $['text']
15:15:13.215 [pool-2-thread-1] DEBUG com.jayway.jsonpath.internal.path.CompiledPath - Evaluating path: $
15:15:13.215 [pool-2-thread-1] DEBUG com.jayway.jsonpath.internal.path.CompiledPath - Evaluating path: $
15:15:13.215 [pool-2-thread-1] DEBUG com.jayway.jsonpath.internal.JsonContext - Put path $ key text value {}
15:15:13.215 [pool-2-thread-1] DEBUG com.jayway.jsonpath.internal.path.CompiledPath - Evaluating path: $
15:15:13.215 [pool-2-thread-1] DEBUG com.jayway.jsonpath.internal.JsonContext - Put path $ key text value s
15:15:13.215 [pool-2-thread-1] DEBUG com.jayway.jsonpath.internal.path.CompiledPath - Evaluating path: $['windowsVirtualKeyCode']
15:15:13.215 [pool-2-thread-1] DEBUG com.jayway.jsonpath.internal.path.CompiledPath - Evaluating path: $
15:15:13.215 [pool-2-thread-1] DEBUG com.jayway.jsonpath.internal.path.CompiledPath - Evaluating path: $
15:15:13.215 [pool-2-thread-1] DEBUG com.jayway.jsonpath.internal.JsonContext - Put path $ key windowsVirtualKeyCode value {}
15:15:13.215 [pool-2-thread-1] DEBUG com.jayway.jsonpath.internal.path.CompiledPath - Evaluating path: $
15:15:13.215 [pool-2-thread-1] DEBUG com.jayway.jsonpath.internal.JsonContext - Put path $ key windowsVirtualKeyCode value 115
15:15:13.215 [pool-2-thread-1] DEBUG com.jayway.jsonpath.internal.path.CompiledPath - Evaluating path: $
15:15:13.215 [pool-2-thread-1] DEBUG com.intuit.karate.driver.chrome_1743063309369 - >> {"id":17,"sessionId":"B63F5043D4B5AB48736279C9539AC056","method":"Input.dispatchKeyEvent","params":{"modifiers":0,"type":"keyUp","text":"s","windowsVirtualKeyCode":115}}
15:15:13.215 [nioEventLoopGroup-2-1] DEBUG com.intuit.karate.driver.chrome_1743063309369 - << {"id":17,"result":{},"sessionId":"B63F5043D4B5AB48736279C9539AC056"}
15:15:13.215 [nioEventLoopGroup-2-1] DEBUG com.jayway.jsonpath.internal.path.CompiledPath - Evaluating path: $
15:15:13.215 [pool-2-thread-1] DEBUG com.jayway.jsonpath.internal.path.CompiledPath - Evaluating path: $['modifiers']
15:15:13.215 [pool-2-thread-1] DEBUG com.jayway.jsonpath.internal.path.CompiledPath - Evaluating path: $
15:15:13.215 [pool-2-thread-1] DEBUG com.jayway.jsonpath.internal.path.CompiledPath - Evaluating path: $
15:15:13.215 [pool-2-thread-1] DEBUG com.jayway.jsonpath.internal.JsonContext - Put path $ key modifiers value {}
15:15:13.215 [pool-2-thread-1] DEBUG com.jayway.jsonpath.internal.path.CompiledPath - Evaluating path: $
15:15:13.215 [pool-2-thread-1] DEBUG com.jayway.jsonpath.internal.JsonContext - Put path $ key modifiers value 0
15:15:13.215 [pool-2-thread-1] DEBUG com.jayway.jsonpath.internal.path.CompiledPath - Evaluating path: $['type']
15:15:13.215 [pool-2-thread-1] DEBUG com.jayway.jsonpath.internal.path.CompiledPath - Evaluating path: $
15:15:13.215 [pool-2-thread-1] DEBUG com.jayway.jsonpath.internal.path.CompiledPath - Evaluating path: $
15:15:13.215 [pool-2-thread-1] DEBUG com.jayway.jsonpath.internal.JsonContext - Put path $ key type value {}
15:15:13.215 [pool-2-thread-1] DEBUG com.jayway.jsonpath.internal.path.CompiledPath - Evaluating path: $
15:15:13.215 [pool-2-thread-1] DEBUG com.jayway.jsonpath.internal.JsonContext - Put path $ key type value rawKeyDown
15:15:13.215 [pool-2-thread-1] DEBUG com.jayway.jsonpath.internal.path.CompiledPath - Evaluating path: $['text']
15:15:13.215 [pool-2-thread-1] DEBUG com.jayway.jsonpath.internal.path.CompiledPath - Evaluating path: $
15:15:13.215 [pool-2-thread-1] DEBUG com.jayway.jsonpath.internal.path.CompiledPath - Evaluating path: $
15:15:13.215 [pool-2-thread-1] DEBUG com.jayway.jsonpath.internal.JsonContext - Put path $ key text value {}
15:15:13.215 [pool-2-thread-1] DEBUG com.jayway.jsonpath.internal.path.CompiledPath - Evaluating path: $
15:15:13.215 [pool-2-thread-1] DEBUG com.jayway.jsonpath.internal.JsonContext - Put path $ key text value h
15:15:13.215 [pool-2-thread-1] DEBUG com.jayway.jsonpath.internal.path.CompiledPath - Evaluating path: $['windowsVirtualKeyCode']
15:15:13.215 [pool-2-thread-1] DEBUG com.jayway.jsonpath.internal.path.CompiledPath - Evaluating path: $
15:15:13.215 [pool-2-thread-1] DEBUG com.jayway.jsonpath.internal.path.CompiledPath - Evaluating path: $
15:15:13.215 [pool-2-thread-1] DEBUG com.jayway.jsonpath.internal.JsonContext - Put path $ key windowsVirtualKeyCode value {}
15:15:13.215 [pool-2-thread-1] DEBUG com.jayway.jsonpath.internal.path.CompiledPath - Evaluating path: $
15:15:13.215 [pool-2-thread-1] DEBUG com.jayway.jsonpath.internal.JsonContext - Put path $ key windowsVirtualKeyCode value 104
15:15:13.215 [pool-2-thread-1] DEBUG com.jayway.jsonpath.internal.path.CompiledPath - Evaluating path: $
15:15:13.215 [pool-2-thread-1] DEBUG com.intuit.karate.driver.chrome_1743063309369 - >> {"id":18,"sessionId":"B63F5043D4B5AB48736279C9539AC056","method":"Input.dispatchKeyEvent","params":{"modifiers":0,"type":"rawKeyDown","text":"h","windowsVirtualKeyCode":104}}
15:15:13.216 [nioEventLoopGroup-2-1] DEBUG com.intuit.karate.driver.chrome_1743063309369 - << {"id":18,"result":{},"sessionId":"B63F5043D4B5AB48736279C9539AC056"}
15:15:13.216 [nioEventLoopGroup-2-1] DEBUG com.jayway.jsonpath.internal.path.CompiledPath - Evaluating path: $
15:15:13.216 [pool-2-thread-1] DEBUG com.jayway.jsonpath.internal.path.CompiledPath - Evaluating path: $['modifiers']
15:15:13.216 [pool-2-thread-1] DEBUG com.jayway.jsonpath.internal.path.CompiledPath - Evaluating path: $
15:15:13.216 [pool-2-thread-1] DEBUG com.jayway.jsonpath.internal.path.CompiledPath - Evaluating path: $
15:15:13.216 [pool-2-thread-1] DEBUG com.jayway.jsonpath.internal.JsonContext - Put path $ key modifiers value {}
15:15:13.216 [pool-2-thread-1] DEBUG com.jayway.jsonpath.internal.path.CompiledPath - Evaluating path: $
15:15:13.216 [pool-2-thread-1] DEBUG com.jayway.jsonpath.internal.JsonContext - Put path $ key modifiers value 0
15:15:13.216 [pool-2-thread-1] DEBUG com.jayway.jsonpath.internal.path.CompiledPath - Evaluating path: $['type']
15:15:13.216 [pool-2-thread-1] DEBUG com.jayway.jsonpath.internal.path.CompiledPath - Evaluating path: $
15:15:13.216 [pool-2-thread-1] DEBUG com.jayway.jsonpath.internal.path.CompiledPath - Evaluating path: $
15:15:13.216 [pool-2-thread-1] DEBUG com.jayway.jsonpath.internal.JsonContext - Put path $ key type value {}
15:15:13.216 [pool-2-thread-1] DEBUG com.jayway.jsonpath.internal.path.CompiledPath - Evaluating path: $
15:15:13.216 [pool-2-thread-1] DEBUG com.jayway.jsonpath.internal.JsonContext - Put path $ key type value char
15:15:13.216 [pool-2-thread-1] DEBUG com.jayway.jsonpath.internal.path.CompiledPath - Evaluating path: $['text']
15:15:13.216 [pool-2-thread-1] DEBUG com.jayway.jsonpath.internal.path.CompiledPath - Evaluating path: $
15:15:13.216 [pool-2-thread-1] DEBUG com.jayway.jsonpath.internal.path.CompiledPath - Evaluating path: $
15:15:13.216 [pool-2-thread-1] DEBUG com.jayway.jsonpath.internal.JsonContext - Put path $ key text value {}
15:15:13.216 [pool-2-thread-1] DEBUG com.jayway.jsonpath.internal.path.CompiledPath - Evaluating path: $
15:15:13.216 [pool-2-thread-1] DEBUG com.jayway.jsonpath.internal.JsonContext - Put path $ key text value h
15:15:13.216 [pool-2-thread-1] DEBUG com.jayway.jsonpath.internal.path.CompiledPath - Evaluating path: $['windowsVirtualKeyCode']
15:15:13.216 [pool-2-thread-1] DEBUG com.jayway.jsonpath.internal.path.CompiledPath - Evaluating path: $
15:15:13.216 [pool-2-thread-1] DEBUG com.jayway.jsonpath.internal.path.CompiledPath - Evaluating path: $
15:15:13.216 [pool-2-thread-1] DEBUG com.jayway.jsonpath.internal.JsonContext - Put path $ key windowsVirtualKeyCode value {}
15:15:13.216 [pool-2-thread-1] DEBUG com.jayway.jsonpath.internal.path.CompiledPath - Evaluating path: $
15:15:13.216 [pool-2-thread-1] DEBUG com.jayway.jsonpath.internal.JsonContext - Put path $ key windowsVirtualKeyCode value 104
15:15:13.216 [pool-2-thread-1] DEBUG com.jayway.jsonpath.internal.path.CompiledPath - Evaluating path: $
15:15:13.216 [pool-2-thread-1] DEBUG com.intuit.karate.driver.chrome_1743063309369 - >> {"id":19,"sessionId":"B63F5043D4B5AB48736279C9539AC056","method":"Input.dispatchKeyEvent","params":{"modifiers":0,"type":"char","text":"h","windowsVirtualKeyCode":104}}
15:15:13.217 [nioEventLoopGroup-2-1] DEBUG com.intuit.karate.driver.chrome_1743063309369 - << {"id":19,"result":{},"sessionId":"B63F5043D4B5AB48736279C9539AC056"}
15:15:13.217 [nioEventLoopGroup-2-1] DEBUG com.jayway.jsonpath.internal.path.CompiledPath - Evaluating path: $
15:15:13.217 [pool-2-thread-1] DEBUG com.jayway.jsonpath.internal.path.CompiledPath - Evaluating path: $['modifiers']
15:15:13.217 [pool-2-thread-1] DEBUG com.jayway.jsonpath.internal.path.CompiledPath - Evaluating path: $
15:15:13.217 [pool-2-thread-1] DEBUG com.jayway.jsonpath.internal.path.CompiledPath - Evaluating path: $
15:15:13.217 [pool-2-thread-1] DEBUG com.jayway.jsonpath.internal.JsonContext - Put path $ key modifiers value {}
15:15:13.217 [pool-2-thread-1] DEBUG com.jayway.jsonpath.internal.path.CompiledPath - Evaluating path: $
15:15:13.217 [pool-2-thread-1] DEBUG com.jayway.jsonpath.internal.JsonContext - Put path $ key modifiers value 0
15:15:13.217 [pool-2-thread-1] DEBUG com.jayway.jsonpath.internal.path.CompiledPath - Evaluating path: $['type']
15:15:13.217 [pool-2-thread-1] DEBUG com.jayway.jsonpath.internal.path.CompiledPath - Evaluating path: $
15:15:13.217 [pool-2-thread-1] DEBUG com.jayway.jsonpath.internal.path.CompiledPath - Evaluating path: $
15:15:13.217 [pool-2-thread-1] DEBUG com.jayway.jsonpath.internal.JsonContext - Put path $ key type value {}
15:15:13.217 [pool-2-thread-1] DEBUG com.jayway.jsonpath.internal.path.CompiledPath - Evaluating path: $
15:15:13.217 [pool-2-thread-1] DEBUG com.jayway.jsonpath.internal.JsonContext - Put path $ key type value keyUp
15:15:13.217 [pool-2-thread-1] DEBUG com.jayway.jsonpath.internal.path.CompiledPath - Evaluating path: $['text']
15:15:13.217 [pool-2-thread-1] DEBUG com.jayway.jsonpath.internal.path.CompiledPath - Evaluating path: $
15:15:13.217 [pool-2-thread-1] DEBUG com.jayway.jsonpath.internal.path.CompiledPath - Evaluating path: $
15:15:13.217 [pool-2-thread-1] DEBUG com.jayway.jsonpath.internal.JsonContext - Put path $ key text value {}
15:15:13.217 [pool-2-thread-1] DEBUG com.jayway.jsonpath.internal.path.CompiledPath - Evaluating path: $
15:15:13.217 [pool-2-thread-1] DEBUG com.jayway.jsonpath.internal.JsonContext - Put path $ key text value h
15:15:13.217 [pool-2-thread-1] DEBUG com.jayway.jsonpath.internal.path.CompiledPath - Evaluating path: $['windowsVirtualKeyCode']
15:15:13.217 [pool-2-thread-1] DEBUG com.jayway.jsonpath.internal.path.CompiledPath - Evaluating path: $
15:15:13.217 [pool-2-thread-1] DEBUG com.jayway.jsonpath.internal.path.CompiledPath - Evaluating path: $
15:15:13.217 [pool-2-thread-1] DEBUG com.jayway.jsonpath.internal.JsonContext - Put path $ key windowsVirtualKeyCode value {}
15:15:13.217 [pool-2-thread-1] DEBUG com.jayway.jsonpath.internal.path.CompiledPath - Evaluating path: $
15:15:13.217 [pool-2-thread-1] DEBUG com.jayway.jsonpath.internal.JsonContext - Put path $ key windowsVirtualKeyCode value 104
15:15:13.217 [pool-2-thread-1] DEBUG com.jayway.jsonpath.internal.path.CompiledPath - Evaluating path: $
15:15:13.217 [pool-2-thread-1] DEBUG com.intuit.karate.driver.chrome_1743063309369 - >> {"id":20,"sessionId":"B63F5043D4B5AB48736279C9539AC056","method":"Input.dispatchKeyEvent","params":{"modifiers":0,"type":"keyUp","text":"h","windowsVirtualKeyCode":104}}
15:15:13.218 [nioEventLoopGroup-2-1] DEBUG com.intuit.karate.driver.chrome_1743063309369 - << {"id":20,"result":{},"sessionId":"B63F5043D4B5AB48736279C9539AC056"}
15:15:13.218 [nioEventLoopGroup-2-1] DEBUG com.jayway.jsonpath.internal.path.CompiledPath - Evaluating path: $
15:15:13.218 [pool-2-thread-1] DEBUG com.jayway.jsonpath.internal.path.CompiledPath - Evaluating path: $['modifiers']
15:15:13.218 [pool-2-thread-1] DEBUG com.jayway.jsonpath.internal.path.CompiledPath - Evaluating path: $
15:15:13.218 [pool-2-thread-1] DEBUG com.jayway.jsonpath.internal.path.CompiledPath - Evaluating path: $
15:15:13.218 [pool-2-thread-1] DEBUG com.jayway.jsonpath.internal.JsonContext - Put path $ key modifiers value {}
15:15:13.218 [pool-2-thread-1] DEBUG com.jayway.jsonpath.internal.path.CompiledPath - Evaluating path: $
15:15:13.218 [pool-2-thread-1] DEBUG com.jayway.jsonpath.internal.JsonContext - Put path $ key modifiers value 0
15:15:13.218 [pool-2-thread-1] DEBUG com.jayway.jsonpath.internal.path.CompiledPath - Evaluating path: $['type']
15:15:13.218 [pool-2-thread-1] DEBUG com.jayway.jsonpath.internal.path.CompiledPath - Evaluating path: $
15:15:13.218 [pool-2-thread-1] DEBUG com.jayway.jsonpath.internal.path.CompiledPath - Evaluating path: $
15:15:13.218 [pool-2-thread-1] DEBUG com.jayway.jsonpath.internal.JsonContext - Put path $ key type value {}
15:15:13.218 [pool-2-thread-1] DEBUG com.jayway.jsonpath.internal.path.CompiledPath - Evaluating path: $
15:15:13.218 [pool-2-thread-1] DEBUG com.jayway.jsonpath.internal.JsonContext - Put path $ key type value rawKeyDown
15:15:13.218 [pool-2-thread-1] DEBUG com.jayway.jsonpath.internal.path.CompiledPath - Evaluating path: $['text']
15:15:13.218 [pool-2-thread-1] DEBUG com.jayway.jsonpath.internal.path.CompiledPath - Evaluating path: $
15:15:13.218 [pool-2-thread-1] DEBUG com.jayway.jsonpath.internal.path.CompiledPath - Evaluating path: $
15:15:13.218 [pool-2-thread-1] DEBUG com.jayway.jsonpath.internal.JsonContext - Put path $ key text value {}
15:15:13.218 [pool-2-thread-1] DEBUG com.jayway.jsonpath.internal.path.CompiledPath - Evaluating path: $
15:15:13.218 [pool-2-thread-1] DEBUG com.jayway.jsonpath.internal.JsonContext - Put path $ key text value t
15:15:13.218 [pool-2-thread-1] DEBUG com.jayway.jsonpath.internal.path.CompiledPath - Evaluating path: $['windowsVirtualKeyCode']
15:15:13.218 [pool-2-thread-1] DEBUG com.jayway.jsonpath.internal.path.CompiledPath - Evaluating path: $
15:15:13.218 [pool-2-thread-1] DEBUG com.jayway.jsonpath.internal.path.CompiledPath - Evaluating path: $
15:15:13.218 [pool-2-thread-1] DEBUG com.jayway.jsonpath.internal.JsonContext - Put path $ key windowsVirtualKeyCode value {}
15:15:13.218 [pool-2-thread-1] DEBUG com.jayway.jsonpath.internal.path.CompiledPath - Evaluating path: $
15:15:13.218 [pool-2-thread-1] DEBUG com.jayway.jsonpath.internal.JsonContext - Put path $ key windowsVirtualKeyCode value 116
15:15:13.218 [pool-2-thread-1] DEBUG com.jayway.jsonpath.internal.path.CompiledPath - Evaluating path: $
15:15:13.218 [pool-2-thread-1] DEBUG com.intuit.karate.driver.chrome_1743063309369 - >> {"id":21,"sessionId":"B63F5043D4B5AB48736279C9539AC056","method":"Input.dispatchKeyEvent","params":{"modifiers":0,"type":"rawKeyDown","text":"t","windowsVirtualKeyCode":116}}
15:15:13.228 [nioEventLoopGroup-2-1] DEBUG com.intuit.karate.driver.chrome_1743063309369 - << {"id":21,"result":{},"sessionId":"B63F5043D4B5AB48736279C9539AC056"}
15:15:13.229 [nioEventLoopGroup-2-1] DEBUG com.jayway.jsonpath.internal.path.CompiledPath - Evaluating path: $
15:15:13.230 [pool-2-thread-1] DEBUG com.jayway.jsonpath.internal.path.CompiledPath - Evaluating path: $['modifiers']
15:15:13.230 [pool-2-thread-1] DEBUG com.jayway.jsonpath.internal.path.CompiledPath - Evaluating path: $
15:15:13.230 [pool-2-thread-1] DEBUG com.jayway.jsonpath.internal.path.CompiledPath - Evaluating path: $
15:15:13.230 [pool-2-thread-1] DEBUG com.jayway.jsonpath.internal.JsonContext - Put path $ key modifiers value {}
15:15:13.230 [pool-2-thread-1] DEBUG com.jayway.jsonpath.internal.path.CompiledPath - Evaluating path: $
15:15:13.230 [pool-2-thread-1] DEBUG com.jayway.jsonpath.internal.JsonContext - Put path $ key modifiers value 0
15:15:13.230 [pool-2-thread-1] DEBUG com.jayway.jsonpath.internal.path.CompiledPath - Evaluating path: $['type']
15:15:13.230 [pool-2-thread-1] DEBUG com.jayway.jsonpath.internal.path.CompiledPath - Evaluating path: $
15:15:13.230 [pool-2-thread-1] DEBUG com.jayway.jsonpath.internal.path.CompiledPath - Evaluating path: $
15:15:13.230 [pool-2-thread-1] DEBUG com.jayway.jsonpath.internal.JsonContext - Put path $ key type value {}
15:15:13.230 [pool-2-thread-1] DEBUG com.jayway.jsonpath.internal.path.CompiledPath - Evaluating path: $
15:15:13.230 [pool-2-thread-1] DEBUG com.jayway.jsonpath.internal.JsonContext - Put path $ key type value char
15:15:13.231 [pool-2-thread-1] DEBUG com.jayway.jsonpath.internal.path.CompiledPath - Evaluating path: $['text']
15:15:13.231 [pool-2-thread-1] DEBUG com.jayway.jsonpath.internal.path.CompiledPath - Evaluating path: $
15:15:13.231 [pool-2-thread-1] DEBUG com.jayway.jsonpath.internal.path.CompiledPath - Evaluating path: $
15:15:13.231 [pool-2-thread-1] DEBUG com.jayway.jsonpath.internal.JsonContext - Put path $ key text value {}
15:15:13.231 [pool-2-thread-1] DEBUG com.jayway.jsonpath.internal.path.CompiledPath - Evaluating path: $
15:15:13.231 [pool-2-thread-1] DEBUG com.jayway.jsonpath.internal.JsonContext - Put path $ key text value t
15:15:13.231 [pool-2-thread-1] DEBUG com.jayway.jsonpath.internal.path.CompiledPath - Evaluating path: $['windowsVirtualKeyCode']
15:15:13.231 [pool-2-thread-1] DEBUG com.jayway.jsonpath.internal.path.CompiledPath - Evaluating path: $
15:15:13.231 [pool-2-thread-1] DEBUG com.jayway.jsonpath.internal.path.CompiledPath - Evaluating path: $
15:15:13.231 [pool-2-thread-1] DEBUG com.jayway.jsonpath.internal.JsonContext - Put path $ key windowsVirtualKeyCode value {}
15:15:13.231 [pool-2-thread-1] DEBUG com.jayway.jsonpath.internal.path.CompiledPath - Evaluating path: $
15:15:13.231 [pool-2-thread-1] DEBUG com.jayway.jsonpath.internal.JsonContext - Put path $ key windowsVirtualKeyCode value 116
15:15:13.231 [pool-2-thread-1] DEBUG com.jayway.jsonpath.internal.path.CompiledPath - Evaluating path: $
15:15:13.231 [pool-2-thread-1] DEBUG com.intuit.karate.driver.chrome_1743063309369 - >> {"id":22,"sessionId":"B63F5043D4B5AB48736279C9539AC056","method":"Input.dispatchKeyEvent","params":{"modifiers":0,"type":"char","text":"t","windowsVirtualKeyCode":116}}
15:15:13.234 [nioEventLoopGroup-2-1] DEBUG com.intuit.karate.driver.chrome_1743063309369 - << {"id":22,"result":{},"sessionId":"B63F5043D4B5AB48736279C9539AC056"}
15:15:13.236 [nioEventLoopGroup-2-1] DEBUG com.jayway.jsonpath.internal.path.CompiledPath - Evaluating path: $
15:15:13.237 [pool-2-thread-1] DEBUG com.jayway.jsonpath.internal.path.CompiledPath - Evaluating path: $['modifiers']
15:15:13.237 [pool-2-thread-1] DEBUG com.jayway.jsonpath.internal.path.CompiledPath - Evaluating path: $
15:15:13.237 [pool-2-thread-1] DEBUG com.jayway.jsonpath.internal.path.CompiledPath - Evaluating path: $
15:15:13.237 [pool-2-thread-1] DEBUG com.jayway.jsonpath.internal.JsonContext - Put path $ key modifiers value {}
15:15:13.237 [pool-2-thread-1] DEBUG com.jayway.jsonpath.internal.path.CompiledPath - Evaluating path: $
15:15:13.237 [pool-2-thread-1] DEBUG com.jayway.jsonpath.internal.JsonContext - Put path $ key modifiers value 0
15:15:13.237 [pool-2-thread-1] DEBUG com.jayway.jsonpath.internal.path.CompiledPath - Evaluating path: $['type']
15:15:13.237 [pool-2-thread-1] DEBUG com.jayway.jsonpath.internal.path.CompiledPath - Evaluating path: $
15:15:13.237 [pool-2-thread-1] DEBUG com.jayway.jsonpath.internal.path.CompiledPath - Evaluating path: $
15:15:13.237 [pool-2-thread-1] DEBUG com.jayway.jsonpath.internal.JsonContext - Put path $ key type value {}
15:15:13.237 [pool-2-thread-1] DEBUG com.jayway.jsonpath.internal.path.CompiledPath - Evaluating path: $
15:15:13.237 [pool-2-thread-1] DEBUG com.jayway.jsonpath.internal.JsonContext - Put path $ key type value keyUp
15:15:13.237 [pool-2-thread-1] DEBUG com.jayway.jsonpath.internal.path.CompiledPath - Evaluating path: $['text']
15:15:13.237 [pool-2-thread-1] DEBUG com.jayway.jsonpath.internal.path.CompiledPath - Evaluating path: $
15:15:13.237 [pool-2-thread-1] DEBUG com.jayway.jsonpath.internal.path.CompiledPath - Evaluating path: $
15:15:13.237 [pool-2-thread-1] DEBUG com.jayway.jsonpath.internal.JsonContext - Put path $ key text value {}
15:15:13.237 [pool-2-thread-1] DEBUG com.jayway.jsonpath.internal.path.CompiledPath - Evaluating path: $
15:15:13.237 [pool-2-thread-1] DEBUG com.jayway.jsonpath.internal.JsonContext - Put path $ key text value t
15:15:13.237 [pool-2-thread-1] DEBUG com.jayway.jsonpath.internal.path.CompiledPath - Evaluating path: $['windowsVirtualKeyCode']
15:15:13.237 [pool-2-thread-1] DEBUG com.jayway.jsonpath.internal.path.CompiledPath - Evaluating path: $
15:15:13.237 [pool-2-thread-1] DEBUG com.jayway.jsonpath.internal.path.CompiledPath - Evaluating path: $
15:15:13.237 [pool-2-thread-1] DEBUG com.jayway.jsonpath.internal.JsonContext - Put path $ key windowsVirtualKeyCode value {}
15:15:13.237 [pool-2-thread-1] DEBUG com.jayway.jsonpath.internal.path.CompiledPath - Evaluating path: $
15:15:13.237 [pool-2-thread-1] DEBUG com.jayway.jsonpath.internal.JsonContext - Put path $ key windowsVirtualKeyCode value 116
15:15:13.237 [pool-2-thread-1] DEBUG com.jayway.jsonpath.internal.path.CompiledPath - Evaluating path: $
15:15:13.237 [pool-2-thread-1] DEBUG com.intuit.karate.driver.chrome_1743063309369 - >> {"id":23,"sessionId":"B63F5043D4B5AB48736279C9539AC056","method":"Input.dispatchKeyEvent","params":{"modifiers":0,"type":"keyUp","text":"t","windowsVirtualKeyCode":116}}
15:15:13.240 [nioEventLoopGroup-2-1] DEBUG com.intuit.karate.driver.chrome_1743063309369 - << {"id":23,"result":{},"sessionId":"B63F5043D4B5AB48736279C9539AC056"}
15:15:13.240 [nioEventLoopGroup-2-1] DEBUG com.jayway.jsonpath.internal.path.CompiledPath - Evaluating path: $
15:15:13.240 [pool-2-thread-1] DEBUG com.jayway.jsonpath.internal.path.CompiledPath - Evaluating path: $['modifiers']
15:15:13.241 [pool-2-thread-1] DEBUG com.jayway.jsonpath.internal.path.CompiledPath - Evaluating path: $
15:15:13.241 [pool-2-thread-1] DEBUG com.jayway.jsonpath.internal.path.CompiledPath - Evaluating path: $
15:15:13.241 [pool-2-thread-1] DEBUG com.jayway.jsonpath.internal.JsonContext - Put path $ key modifiers value {}
15:15:13.241 [pool-2-thread-1] DEBUG com.jayway.jsonpath.internal.path.CompiledPath - Evaluating path: $
15:15:13.241 [pool-2-thread-1] DEBUG com.jayway.jsonpath.internal.JsonContext - Put path $ key modifiers value 0
15:15:13.241 [pool-2-thread-1] DEBUG com.jayway.jsonpath.internal.path.CompiledPath - Evaluating path: $['type']
15:15:13.241 [pool-2-thread-1] DEBUG com.jayway.jsonpath.internal.path.CompiledPath - Evaluating path: $
15:15:13.241 [pool-2-thread-1] DEBUG com.jayway.jsonpath.internal.path.CompiledPath - Evaluating path: $
15:15:13.241 [pool-2-thread-1] DEBUG com.jayway.jsonpath.internal.JsonContext - Put path $ key type value {}
15:15:13.241 [pool-2-thread-1] DEBUG com.jayway.jsonpath.internal.path.CompiledPath - Evaluating path: $
15:15:13.241 [pool-2-thread-1] DEBUG com.jayway.jsonpath.internal.JsonContext - Put path $ key type value rawKeyDown
15:15:13.241 [pool-2-thread-1] DEBUG com.jayway.jsonpath.internal.path.CompiledPath - Evaluating path: $['text']
15:15:13.241 [pool-2-thread-1] DEBUG com.jayway.jsonpath.internal.path.CompiledPath - Evaluating path: $
15:15:13.241 [pool-2-thread-1] DEBUG com.jayway.jsonpath.internal.path.CompiledPath - Evaluating path: $
15:15:13.241 [pool-2-thread-1] DEBUG com.jayway.jsonpath.internal.JsonContext - Put path $ key text value {}
15:15:13.241 [pool-2-thread-1] DEBUG com.jayway.jsonpath.internal.path.CompiledPath - Evaluating path: $
15:15:13.241 [pool-2-thread-1] DEBUG com.jayway.jsonpath.internal.JsonContext - Put path $ key text value e
15:15:13.241 [pool-2-thread-1] DEBUG com.jayway.jsonpath.internal.path.CompiledPath - Evaluating path: $['windowsVirtualKeyCode']
15:15:13.241 [pool-2-thread-1] DEBUG com.jayway.jsonpath.internal.path.CompiledPath - Evaluating path: $
15:15:13.241 [pool-2-thread-1] DEBUG com.jayway.jsonpath.internal.path.CompiledPath - Evaluating path: $
15:15:13.241 [pool-2-thread-1] DEBUG com.jayway.jsonpath.internal.JsonContext - Put path $ key windowsVirtualKeyCode value {}
15:15:13.241 [pool-2-thread-1] DEBUG com.jayway.jsonpath.internal.path.CompiledPath - Evaluating path: $
15:15:13.241 [pool-2-thread-1] DEBUG com.jayway.jsonpath.internal.JsonContext - Put path $ key windowsVirtualKeyCode value 101
15:15:13.241 [pool-2-thread-1] DEBUG com.jayway.jsonpath.internal.path.CompiledPath - Evaluating path: $
15:15:13.241 [pool-2-thread-1] DEBUG com.intuit.karate.driver.chrome_1743063309369 - >> {"id":24,"sessionId":"B63F5043D4B5AB48736279C9539AC056","method":"Input.dispatchKeyEvent","params":{"modifiers":0,"type":"rawKeyDown","text":"e","windowsVirtualKeyCode":101}}
15:15:13.242 [nioEventLoopGroup-2-1] DEBUG com.intuit.karate.driver.chrome_1743063309369 - << {"id":24,"result":{},"sessionId":"B63F5043D4B5AB48736279C9539AC056"}
15:15:13.243 [nioEventLoopGroup-2-1] DEBUG com.jayway.jsonpath.internal.path.CompiledPath - Evaluating path: $
15:15:13.243 [pool-2-thread-1] DEBUG com.jayway.jsonpath.internal.path.CompiledPath - Evaluating path: $['modifiers']
15:15:13.243 [pool-2-thread-1] DEBUG com.jayway.jsonpath.internal.path.CompiledPath - Evaluating path: $
15:15:13.243 [pool-2-thread-1] DEBUG com.jayway.jsonpath.internal.path.CompiledPath - Evaluating path: $
15:15:13.243 [pool-2-thread-1] DEBUG com.jayway.jsonpath.internal.JsonContext - Put path $ key modifiers value {}
15:15:13.243 [pool-2-thread-1] DEBUG com.jayway.jsonpath.internal.path.CompiledPath - Evaluating path: $
15:15:13.243 [pool-2-thread-1] DEBUG com.jayway.jsonpath.internal.JsonContext - Put path $ key modifiers value 0
15:15:13.243 [pool-2-thread-1] DEBUG com.jayway.jsonpath.internal.path.CompiledPath - Evaluating path: $['type']
15:15:13.243 [pool-2-thread-1] DEBUG com.jayway.jsonpath.internal.path.CompiledPath - Evaluating path: $
15:15:13.243 [pool-2-thread-1] DEBUG com.jayway.jsonpath.internal.path.CompiledPath - Evaluating path: $
15:15:13.243 [pool-2-thread-1] DEBUG com.jayway.jsonpath.internal.JsonContext - Put path $ key type value {}
15:15:13.243 [pool-2-thread-1] DEBUG com.jayway.jsonpath.internal.path.CompiledPath - Evaluating path: $
15:15:13.243 [pool-2-thread-1] DEBUG com.jayway.jsonpath.internal.JsonContext - Put path $ key type value char
15:15:13.243 [pool-2-thread-1] DEBUG com.jayway.jsonpath.internal.path.CompiledPath - Evaluating path: $['text']
15:15:13.243 [pool-2-thread-1] DEBUG com.jayway.jsonpath.internal.path.CompiledPath - Evaluating path: $
15:15:13.243 [pool-2-thread-1] DEBUG com.jayway.jsonpath.internal.path.CompiledPath - Evaluating path: $
15:15:13.243 [pool-2-thread-1] DEBUG com.jayway.jsonpath.internal.JsonContext - Put path $ key text value {}
15:15:13.243 [pool-2-thread-1] DEBUG com.jayway.jsonpath.internal.path.CompiledPath - Evaluating path: $
15:15:13.243 [pool-2-thread-1] DEBUG com.jayway.jsonpath.internal.JsonContext - Put path $ key text value e
15:15:13.243 [pool-2-thread-1] DEBUG com.jayway.jsonpath.internal.path.CompiledPath - Evaluating path: $['windowsVirtualKeyCode']
15:15:13.243 [pool-2-thread-1] DEBUG com.jayway.jsonpath.internal.path.CompiledPath - Evaluating path: $
15:15:13.243 [pool-2-thread-1] DEBUG com.jayway.jsonpath.internal.path.CompiledPath - Evaluating path: $
15:15:13.243 [pool-2-thread-1] DEBUG com.jayway.jsonpath.internal.JsonContext - Put path $ key windowsVirtualKeyCode value {}
15:15:13.243 [pool-2-thread-1] DEBUG com.jayway.jsonpath.internal.path.CompiledPath - Evaluating path: $
15:15:13.243 [pool-2-thread-1] DEBUG com.jayway.jsonpath.internal.JsonContext - Put path $ key windowsVirtualKeyCode value 101
15:15:13.243 [pool-2-thread-1] DEBUG com.jayway.jsonpath.internal.path.CompiledPath - Evaluating path: $
15:15:13.243 [pool-2-thread-1] DEBUG com.intuit.karate.driver.chrome_1743063309369 - >> {"id":25,"sessionId":"B63F5043D4B5AB48736279C9539AC056","method":"Input.dispatchKeyEvent","params":{"modifiers":0,"type":"char","text":"e","windowsVirtualKeyCode":101}}
15:15:13.288 [nioEventLoopGroup-2-1] DEBUG com.intuit.karate.driver.chrome_1743063309369 - << {"id":25,"result":{},"sessionId":"B63F5043D4B5AB48736279C9539AC056"}
15:15:13.288 [nioEventLoopGroup-2-1] DEBUG com.jayway.jsonpath.internal.path.CompiledPath - Evaluating path: $
15:15:13.288 [pool-2-thread-1] DEBUG com.jayway.jsonpath.internal.path.CompiledPath - Evaluating path: $['modifiers']
15:15:13.288 [pool-2-thread-1] DEBUG com.jayway.jsonpath.internal.path.CompiledPath - Evaluating path: $
15:15:13.288 [pool-2-thread-1] DEBUG com.jayway.jsonpath.internal.path.CompiledPath - Evaluating path: $
15:15:13.288 [pool-2-thread-1] DEBUG com.jayway.jsonpath.internal.JsonContext - Put path $ key modifiers value {}
15:15:13.288 [pool-2-thread-1] DEBUG com.jayway.jsonpath.internal.path.CompiledPath - Evaluating path: $
15:15:13.288 [pool-2-thread-1] DEBUG com.jayway.jsonpath.internal.JsonContext - Put path $ key modifiers value 0
15:15:13.288 [pool-2-thread-1] DEBUG com.jayway.jsonpath.internal.path.CompiledPath - Evaluating path: $['type']
15:15:13.289 [pool-2-thread-1] DEBUG com.jayway.jsonpath.internal.path.CompiledPath - Evaluating path: $
15:15:13.289 [pool-2-thread-1] DEBUG com.jayway.jsonpath.internal.path.CompiledPath - Evaluating path: $
15:15:13.289 [pool-2-thread-1] DEBUG com.jayway.jsonpath.internal.JsonContext - Put path $ key type value {}
15:15:13.289 [pool-2-thread-1] DEBUG com.jayway.jsonpath.internal.path.CompiledPath - Evaluating path: $
15:15:13.289 [pool-2-thread-1] DEBUG com.jayway.jsonpath.internal.JsonContext - Put path $ key type value keyUp
15:15:13.289 [pool-2-thread-1] DEBUG com.jayway.jsonpath.internal.path.CompiledPath - Evaluating path: $['text']
15:15:13.289 [pool-2-thread-1] DEBUG com.jayway.jsonpath.internal.path.CompiledPath - Evaluating path: $
15:15:13.289 [pool-2-thread-1] DEBUG com.jayway.jsonpath.internal.path.CompiledPath - Evaluating path: $
15:15:13.289 [pool-2-thread-1] DEBUG com.jayway.jsonpath.internal.JsonContext - Put path $ key text value {}
15:15:13.289 [pool-2-thread-1] DEBUG com.jayway.jsonpath.internal.path.CompiledPath - Evaluating path: $
15:15:13.289 [pool-2-thread-1] DEBUG com.jayway.jsonpath.internal.JsonContext - Put path $ key text value e
15:15:13.289 [pool-2-thread-1] DEBUG com.jayway.jsonpath.internal.path.CompiledPath - Evaluating path: $['windowsVirtualKeyCode']
15:15:13.289 [pool-2-thread-1] DEBUG com.jayway.jsonpath.internal.path.CompiledPath - Evaluating path: $
15:15:13.289 [pool-2-thread-1] DEBUG com.jayway.jsonpath.internal.path.CompiledPath - Evaluating path: $
15:15:13.289 [pool-2-thread-1] DEBUG com.jayway.jsonpath.internal.JsonContext - Put path $ key windowsVirtualKeyCode value {}
15:15:13.289 [pool-2-thread-1] DEBUG com.jayway.jsonpath.internal.path.CompiledPath - Evaluating path: $
15:15:13.289 [pool-2-thread-1] DEBUG com.jayway.jsonpath.internal.JsonContext - Put path $ key windowsVirtualKeyCode value 101
15:15:13.289 [pool-2-thread-1] DEBUG com.jayway.jsonpath.internal.path.CompiledPath - Evaluating path: $
15:15:13.289 [pool-2-thread-1] DEBUG com.intuit.karate.driver.chrome_1743063309369 - >> {"id":26,"sessionId":"B63F5043D4B5AB48736279C9539AC056","method":"Input.dispatchKeyEvent","params":{"modifiers":0,"type":"keyUp","text":"e","windowsVirtualKeyCode":101}}
15:15:13.290 [nioEventLoopGroup-2-1] DEBUG com.intuit.karate.driver.chrome_1743063309369 - << {"id":26,"result":{},"sessionId":"B63F5043D4B5AB48736279C9539AC056"}
15:15:13.290 [nioEventLoopGroup-2-1] DEBUG com.jayway.jsonpath.internal.path.CompiledPath - Evaluating path: $
15:15:13.290 [pool-2-thread-1] DEBUG com.jayway.jsonpath.internal.path.CompiledPath - Evaluating path: $['modifiers']
15:15:13.290 [pool-2-thread-1] DEBUG com.jayway.jsonpath.internal.path.CompiledPath - Evaluating path: $
15:15:13.290 [pool-2-thread-1] DEBUG com.jayway.jsonpath.internal.path.CompiledPath - Evaluating path: $
15:15:13.290 [pool-2-thread-1] DEBUG com.jayway.jsonpath.internal.JsonContext - Put path $ key modifiers value {}
15:15:13.290 [pool-2-thread-1] DEBUG com.jayway.jsonpath.internal.path.CompiledPath - Evaluating path: $
15:15:13.290 [pool-2-thread-1] DEBUG com.jayway.jsonpath.internal.JsonContext - Put path $ key modifiers value 0
15:15:13.290 [pool-2-thread-1] DEBUG com.jayway.jsonpath.internal.path.CompiledPath - Evaluating path: $['type']
15:15:13.290 [pool-2-thread-1] DEBUG com.jayway.jsonpath.internal.path.CompiledPath - Evaluating path: $
15:15:13.290 [pool-2-thread-1] DEBUG com.jayway.jsonpath.internal.path.CompiledPath - Evaluating path: $
15:15:13.290 [pool-2-thread-1] DEBUG com.jayway.jsonpath.internal.JsonContext - Put path $ key type value {}
15:15:13.290 [pool-2-thread-1] DEBUG com.jayway.jsonpath.internal.path.CompiledPath - Evaluating path: $
15:15:13.290 [pool-2-thread-1] DEBUG com.jayway.jsonpath.internal.JsonContext - Put path $ key type value rawKeyDown
15:15:13.290 [pool-2-thread-1] DEBUG com.jayway.jsonpath.internal.path.CompiledPath - Evaluating path: $['text']
15:15:13.290 [pool-2-thread-1] DEBUG com.jayway.jsonpath.internal.path.CompiledPath - Evaluating path: $
15:15:13.290 [pool-2-thread-1] DEBUG com.jayway.jsonpath.internal.path.CompiledPath - Evaluating path: $
15:15:13.290 [pool-2-thread-1] DEBUG com.jayway.jsonpath.internal.JsonContext - Put path $ key text value {}
15:15:13.290 [pool-2-thread-1] DEBUG com.jayway.jsonpath.internal.path.CompiledPath - Evaluating path: $
15:15:13.290 [pool-2-thread-1] DEBUG com.jayway.jsonpath.internal.JsonContext - Put path $ key text value c
15:15:13.290 [pool-2-thread-1] DEBUG com.jayway.jsonpath.internal.path.CompiledPath - Evaluating path: $['windowsVirtualKeyCode']
15:15:13.290 [pool-2-thread-1] DEBUG com.jayway.jsonpath.internal.path.CompiledPath - Evaluating path: $
15:15:13.290 [pool-2-thread-1] DEBUG com.jayway.jsonpath.internal.path.CompiledPath - Evaluating path: $
15:15:13.290 [pool-2-thread-1] DEBUG com.jayway.jsonpath.internal.JsonContext - Put path $ key windowsVirtualKeyCode value {}
15:15:13.290 [pool-2-thread-1] DEBUG com.jayway.jsonpath.internal.path.CompiledPath - Evaluating path: $
15:15:13.290 [pool-2-thread-1] DEBUG com.jayway.jsonpath.internal.JsonContext - Put path $ key windowsVirtualKeyCode value 99
15:15:13.290 [pool-2-thread-1] DEBUG com.jayway.jsonpath.internal.path.CompiledPath - Evaluating path: $
15:15:13.290 [pool-2-thread-1] DEBUG com.intuit.karate.driver.chrome_1743063309369 - >> {"id":27,"sessionId":"B63F5043D4B5AB48736279C9539AC056","method":"Input.dispatchKeyEvent","params":{"modifiers":0,"type":"rawKeyDown","text":"c","windowsVirtualKeyCode":99}}
15:15:13.291 [nioEventLoopGroup-2-1] DEBUG com.intuit.karate.driver.chrome_1743063309369 - << {"id":27,"result":{},"sessionId":"B63F5043D4B5AB48736279C9539AC056"}
15:15:13.291 [nioEventLoopGroup-2-1] DEBUG com.jayway.jsonpath.internal.path.CompiledPath - Evaluating path: $
15:15:13.291 [pool-2-thread-1] DEBUG com.jayway.jsonpath.internal.path.CompiledPath - Evaluating path: $['modifiers']
15:15:13.291 [pool-2-thread-1] DEBUG com.jayway.jsonpath.internal.path.CompiledPath - Evaluating path: $
15:15:13.291 [pool-2-thread-1] DEBUG com.jayway.jsonpath.internal.path.CompiledPath - Evaluating path: $
15:15:13.291 [pool-2-thread-1] DEBUG com.jayway.jsonpath.internal.JsonContext - Put path $ key modifiers value {}
15:15:13.291 [pool-2-thread-1] DEBUG com.jayway.jsonpath.internal.path.CompiledPath - Evaluating path: $
15:15:13.291 [pool-2-thread-1] DEBUG com.jayway.jsonpath.internal.JsonContext - Put path $ key modifiers value 0
15:15:13.291 [pool-2-thread-1] DEBUG com.jayway.jsonpath.internal.path.CompiledPath - Evaluating path: $['type']
15:15:13.291 [pool-2-thread-1] DEBUG com.jayway.jsonpath.internal.path.CompiledPath - Evaluating path: $
15:15:13.291 [pool-2-thread-1] DEBUG com.jayway.jsonpath.internal.path.CompiledPath - Evaluating path: $
15:15:13.291 [pool-2-thread-1] DEBUG com.jayway.jsonpath.internal.JsonContext - Put path $ key type value {}
15:15:13.291 [pool-2-thread-1] DEBUG com.jayway.jsonpath.internal.path.CompiledPath - Evaluating path: $
15:15:13.291 [pool-2-thread-1] DEBUG com.jayway.jsonpath.internal.JsonContext - Put path $ key type value char
15:15:13.291 [pool-2-thread-1] DEBUG com.jayway.jsonpath.internal.path.CompiledPath - Evaluating path: $['text']
15:15:13.291 [pool-2-thread-1] DEBUG com.jayway.jsonpath.internal.path.CompiledPath - Evaluating path: $
15:15:13.291 [pool-2-thread-1] DEBUG com.jayway.jsonpath.internal.path.CompiledPath - Evaluating path: $
15:15:13.291 [pool-2-thread-1] DEBUG com.jayway.jsonpath.internal.JsonContext - Put path $ key text value {}
15:15:13.291 [pool-2-thread-1] DEBUG com.jayway.jsonpath.internal.path.CompiledPath - Evaluating path: $
15:15:13.291 [pool-2-thread-1] DEBUG com.jayway.jsonpath.internal.JsonContext - Put path $ key text value c
15:15:13.291 [pool-2-thread-1] DEBUG com.jayway.jsonpath.internal.path.CompiledPath - Evaluating path: $['windowsVirtualKeyCode']
15:15:13.291 [pool-2-thread-1] DEBUG com.jayway.jsonpath.internal.path.CompiledPath - Evaluating path: $
15:15:13.291 [pool-2-thread-1] DEBUG com.jayway.jsonpath.internal.path.CompiledPath - Evaluating path: $
15:15:13.291 [pool-2-thread-1] DEBUG com.jayway.jsonpath.internal.JsonContext - Put path $ key windowsVirtualKeyCode value {}
15:15:13.291 [pool-2-thread-1] DEBUG com.jayway.jsonpath.internal.path.CompiledPath - Evaluating path: $
15:15:13.291 [pool-2-thread-1] DEBUG com.jayway.jsonpath.internal.JsonContext - Put path $ key windowsVirtualKeyCode value 99
15:15:13.291 [pool-2-thread-1] DEBUG com.jayway.jsonpath.internal.path.CompiledPath - Evaluating path: $
15:15:13.291 [pool-2-thread-1] DEBUG com.intuit.karate.driver.chrome_1743063309369 - >> {"id":28,"sessionId":"B63F5043D4B5AB48736279C9539AC056","method":"Input.dispatchKeyEvent","params":{"modifiers":0,"type":"char","text":"c","windowsVirtualKeyCode":99}}
15:15:13.292 [nioEventLoopGroup-2-1] DEBUG com.intuit.karate.driver.chrome_1743063309369 - << {"id":28,"result":{},"sessionId":"B63F5043D4B5AB48736279C9539AC056"}
15:15:13.292 [nioEventLoopGroup-2-1] DEBUG com.jayway.jsonpath.internal.path.CompiledPath - Evaluating path: $
15:15:13.292 [pool-2-thread-1] DEBUG com.jayway.jsonpath.internal.path.CompiledPath - Evaluating path: $['modifiers']
15:15:13.292 [pool-2-thread-1] DEBUG com.jayway.jsonpath.internal.path.CompiledPath - Evaluating path: $
15:15:13.292 [pool-2-thread-1] DEBUG com.jayway.jsonpath.internal.path.CompiledPath - Evaluating path: $
15:15:13.292 [pool-2-thread-1] DEBUG com.jayway.jsonpath.internal.JsonContext - Put path $ key modifiers value {}
15:15:13.292 [pool-2-thread-1] DEBUG com.jayway.jsonpath.internal.path.CompiledPath - Evaluating path: $
15:15:13.292 [pool-2-thread-1] DEBUG com.jayway.jsonpath.internal.JsonContext - Put path $ key modifiers value 0
15:15:13.292 [pool-2-thread-1] DEBUG com.jayway.jsonpath.internal.path.CompiledPath - Evaluating path: $['type']
15:15:13.292 [pool-2-thread-1] DEBUG com.jayway.jsonpath.internal.path.CompiledPath - Evaluating path: $
15:15:13.292 [pool-2-thread-1] DEBUG com.jayway.jsonpath.internal.path.CompiledPath - Evaluating path: $
15:15:13.292 [pool-2-thread-1] DEBUG com.jayway.jsonpath.internal.JsonContext - Put path $ key type value {}
15:15:13.292 [pool-2-thread-1] DEBUG com.jayway.jsonpath.internal.path.CompiledPath - Evaluating path: $
15:15:13.292 [pool-2-thread-1] DEBUG com.jayway.jsonpath.internal.JsonContext - Put path $ key type value keyUp
15:15:13.292 [pool-2-thread-1] DEBUG com.jayway.jsonpath.internal.path.CompiledPath - Evaluating path: $['text']
15:15:13.292 [pool-2-thread-1] DEBUG com.jayway.jsonpath.internal.path.CompiledPath - Evaluating path: $
15:15:13.292 [pool-2-thread-1] DEBUG com.jayway.jsonpath.internal.path.CompiledPath - Evaluating path: $
15:15:13.292 [pool-2-thread-1] DEBUG com.jayway.jsonpath.internal.JsonContext - Put path $ key text value {}
15:15:13.292 [pool-2-thread-1] DEBUG com.jayway.jsonpath.internal.path.CompiledPath - Evaluating path: $
15:15:13.292 [pool-2-thread-1] DEBUG com.jayway.jsonpath.internal.JsonContext - Put path $ key text value c
15:15:13.292 [pool-2-thread-1] DEBUG com.jayway.jsonpath.internal.path.CompiledPath - Evaluating path: $['windowsVirtualKeyCode']
15:15:13.292 [pool-2-thread-1] DEBUG com.jayway.jsonpath.internal.path.CompiledPath - Evaluating path: $
15:15:13.292 [pool-2-thread-1] DEBUG com.jayway.jsonpath.internal.path.CompiledPath - Evaluating path: $
15:15:13.294 [pool-2-thread-1] DEBUG com.jayway.jsonpath.internal.JsonContext - Put path $ key windowsVirtualKeyCode value {}
15:15:13.294 [pool-2-thread-1] DEBUG com.jayway.jsonpath.internal.path.CompiledPath - Evaluating path: $
15:15:13.294 [pool-2-thread-1] DEBUG com.jayway.jsonpath.internal.JsonContext - Put path $ key windowsVirtualKeyCode value 99
15:15:13.294 [pool-2-thread-1] DEBUG com.jayway.jsonpath.internal.path.CompiledPath - Evaluating path: $
15:15:13.294 [pool-2-thread-1] DEBUG com.intuit.karate.driver.chrome_1743063309369 - >> {"id":29,"sessionId":"B63F5043D4B5AB48736279C9539AC056","method":"Input.dispatchKeyEvent","params":{"modifiers":0,"type":"keyUp","text":"c","windowsVirtualKeyCode":99}}
15:15:13.303 [nioEventLoopGroup-2-1] DEBUG com.intuit.karate.driver.chrome_1743063309369 - << {"id":29,"result":{},"sessionId":"B63F5043D4B5AB48736279C9539AC056"}
15:15:13.303 [nioEventLoopGroup-2-1] DEBUG com.jayway.jsonpath.internal.path.CompiledPath - Evaluating path: $
15:15:13.303 [pool-2-thread-1] DEBUG com.jayway.jsonpath.internal.path.CompiledPath - Evaluating path: $['modifiers']
15:15:13.303 [pool-2-thread-1] DEBUG com.jayway.jsonpath.internal.path.CompiledPath - Evaluating path: $
15:15:13.303 [pool-2-thread-1] DEBUG com.jayway.jsonpath.internal.path.CompiledPath - Evaluating path: $
15:15:13.303 [pool-2-thread-1] DEBUG com.jayway.jsonpath.internal.JsonContext - Put path $ key modifiers value {}
15:15:13.303 [pool-2-thread-1] DEBUG com.jayway.jsonpath.internal.path.CompiledPath - Evaluating path: $
15:15:13.303 [pool-2-thread-1] DEBUG com.jayway.jsonpath.internal.JsonContext - Put path $ key modifiers value 0
15:15:13.303 [pool-2-thread-1] DEBUG com.jayway.jsonpath.internal.path.CompiledPath - Evaluating path: $['type']
15:15:13.303 [pool-2-thread-1] DEBUG com.jayway.jsonpath.internal.path.CompiledPath - Evaluating path: $
15:15:13.303 [pool-2-thread-1] DEBUG com.jayway.jsonpath.internal.path.CompiledPath - Evaluating path: $
15:15:13.303 [pool-2-thread-1] DEBUG com.jayway.jsonpath.internal.JsonContext - Put path $ key type value {}
15:15:13.303 [pool-2-thread-1] DEBUG com.jayway.jsonpath.internal.path.CompiledPath - Evaluating path: $
15:15:13.303 [pool-2-thread-1] DEBUG com.jayway.jsonpath.internal.JsonContext - Put path $ key type value rawKeyDown
15:15:13.303 [pool-2-thread-1] DEBUG com.jayway.jsonpath.internal.path.CompiledPath - Evaluating path: $['text']
15:15:13.303 [pool-2-thread-1] DEBUG com.jayway.jsonpath.internal.path.CompiledPath - Evaluating path: $
15:15:13.303 [pool-2-thread-1] DEBUG com.jayway.jsonpath.internal.path.CompiledPath - Evaluating path: $
15:15:13.303 [pool-2-thread-1] DEBUG com.jayway.jsonpath.internal.JsonContext - Put path $ key text value {}
15:15:13.303 [pool-2-thread-1] DEBUG com.jayway.jsonpath.internal.path.CompiledPath - Evaluating path: $
15:15:13.303 [pool-2-thread-1] DEBUG com.jayway.jsonpath.internal.JsonContext - Put path $ key text value h
15:15:13.303 [pool-2-thread-1] DEBUG com.jayway.jsonpath.internal.path.CompiledPath - Evaluating path: $['windowsVirtualKeyCode']
15:15:13.303 [pool-2-thread-1] DEBUG com.jayway.jsonpath.internal.path.CompiledPath - Evaluating path: $
15:15:13.303 [pool-2-thread-1] DEBUG com.jayway.jsonpath.internal.path.CompiledPath - Evaluating path: $
15:15:13.303 [pool-2-thread-1] DEBUG com.jayway.jsonpath.internal.JsonContext - Put path $ key windowsVirtualKeyCode value {}
15:15:13.303 [pool-2-thread-1] DEBUG com.jayway.jsonpath.internal.path.CompiledPath - Evaluating path: $
15:15:13.303 [pool-2-thread-1] DEBUG com.jayway.jsonpath.internal.JsonContext - Put path $ key windowsVirtualKeyCode value 104
15:15:13.303 [pool-2-thread-1] DEBUG com.jayway.jsonpath.internal.path.CompiledPath - Evaluating path: $
15:15:13.303 [pool-2-thread-1] DEBUG com.intuit.karate.driver.chrome_1743063309369 - >> {"id":30,"sessionId":"B63F5043D4B5AB48736279C9539AC056","method":"Input.dispatchKeyEvent","params":{"modifiers":0,"type":"rawKeyDown","text":"h","windowsVirtualKeyCode":104}}
15:15:13.303 [nioEventLoopGroup-2-1] DEBUG com.intuit.karate.driver.chrome_1743063309369 - << {"id":30,"result":{},"sessionId":"B63F5043D4B5AB48736279C9539AC056"}
15:15:13.303 [nioEventLoopGroup-2-1] DEBUG com.jayway.jsonpath.internal.path.CompiledPath - Evaluating path: $
15:15:13.304 [pool-2-thread-1] DEBUG com.jayway.jsonpath.internal.path.CompiledPath - Evaluating path: $['modifiers']
15:15:13.304 [pool-2-thread-1] DEBUG com.jayway.jsonpath.internal.path.CompiledPath - Evaluating path: $
15:15:13.304 [pool-2-thread-1] DEBUG com.jayway.jsonpath.internal.path.CompiledPath - Evaluating path: $
15:15:13.304 [pool-2-thread-1] DEBUG com.jayway.jsonpath.internal.JsonContext - Put path $ key modifiers value {}
15:15:13.304 [pool-2-thread-1] DEBUG com.jayway.jsonpath.internal.path.CompiledPath - Evaluating path: $
15:15:13.304 [pool-2-thread-1] DEBUG com.jayway.jsonpath.internal.JsonContext - Put path $ key modifiers value 0
15:15:13.304 [pool-2-thread-1] DEBUG com.jayway.jsonpath.internal.path.CompiledPath - Evaluating path: $['type']
15:15:13.304 [pool-2-thread-1] DEBUG com.jayway.jsonpath.internal.path.CompiledPath - Evaluating path: $
15:15:13.304 [pool-2-thread-1] DEBUG com.jayway.jsonpath.internal.path.CompiledPath - Evaluating path: $
15:15:13.304 [pool-2-thread-1] DEBUG com.jayway.jsonpath.internal.JsonContext - Put path $ key type value {}
15:15:13.304 [pool-2-thread-1] DEBUG com.jayway.jsonpath.internal.path.CompiledPath - Evaluating path: $
15:15:13.304 [pool-2-thread-1] DEBUG com.jayway.jsonpath.internal.JsonContext - Put path $ key type value char
15:15:13.304 [pool-2-thread-1] DEBUG com.jayway.jsonpath.internal.path.CompiledPath - Evaluating path: $['text']
15:15:13.304 [pool-2-thread-1] DEBUG com.jayway.jsonpath.internal.path.CompiledPath - Evaluating path: $
15:15:13.304 [pool-2-thread-1] DEBUG com.jayway.jsonpath.internal.path.CompiledPath - Evaluating path: $
15:15:13.304 [pool-2-thread-1] DEBUG com.jayway.jsonpath.internal.JsonContext - Put path $ key text value {}
15:15:13.304 [pool-2-thread-1] DEBUG com.jayway.jsonpath.internal.path.CompiledPath - Evaluating path: $
15:15:13.304 [pool-2-thread-1] DEBUG com.jayway.jsonpath.internal.JsonContext - Put path $ key text value h
15:15:13.304 [pool-2-thread-1] DEBUG com.jayway.jsonpath.internal.path.CompiledPath - Evaluating path: $['windowsVirtualKeyCode']
15:15:13.304 [pool-2-thread-1] DEBUG com.jayway.jsonpath.internal.path.CompiledPath - Evaluating path: $
15:15:13.304 [pool-2-thread-1] DEBUG com.jayway.jsonpath.internal.path.CompiledPath - Evaluating path: $
15:15:13.304 [pool-2-thread-1] DEBUG com.jayway.jsonpath.internal.JsonContext - Put path $ key windowsVirtualKeyCode value {}
15:15:13.304 [pool-2-thread-1] DEBUG com.jayway.jsonpath.internal.path.CompiledPath - Evaluating path: $
15:15:13.304 [pool-2-thread-1] DEBUG com.jayway.jsonpath.internal.JsonContext - Put path $ key windowsVirtualKeyCode value 104
15:15:13.304 [pool-2-thread-1] DEBUG com.jayway.jsonpath.internal.path.CompiledPath - Evaluating path: $
15:15:13.304 [pool-2-thread-1] DEBUG com.intuit.karate.driver.chrome_1743063309369 - >> {"id":31,"sessionId":"B63F5043D4B5AB48736279C9539AC056","method":"Input.dispatchKeyEvent","params":{"modifiers":0,"type":"char","text":"h","windowsVirtualKeyCode":104}}
15:15:13.306 [nioEventLoopGroup-2-1] DEBUG com.intuit.karate.driver.chrome_1743063309369 - << {"id":31,"result":{},"sessionId":"B63F5043D4B5AB48736279C9539AC056"}
15:15:13.307 [nioEventLoopGroup-2-1] DEBUG com.jayway.jsonpath.internal.path.CompiledPath - Evaluating path: $
15:15:13.307 [pool-2-thread-1] DEBUG com.jayway.jsonpath.internal.path.CompiledPath - Evaluating path: $['modifiers']
15:15:13.307 [pool-2-thread-1] DEBUG com.jayway.jsonpath.internal.path.CompiledPath - Evaluating path: $
15:15:13.307 [pool-2-thread-1] DEBUG com.jayway.jsonpath.internal.path.CompiledPath - Evaluating path: $
15:15:13.307 [pool-2-thread-1] DEBUG com.jayway.jsonpath.internal.JsonContext - Put path $ key modifiers value {}
15:15:13.307 [pool-2-thread-1] DEBUG com.jayway.jsonpath.internal.path.CompiledPath - Evaluating path: $
15:15:13.307 [pool-2-thread-1] DEBUG com.jayway.jsonpath.internal.JsonContext - Put path $ key modifiers value 0
15:15:13.307 [pool-2-thread-1] DEBUG com.jayway.jsonpath.internal.path.CompiledPath - Evaluating path: $['type']
15:15:13.307 [pool-2-thread-1] DEBUG com.jayway.jsonpath.internal.path.CompiledPath - Evaluating path: $
15:15:13.307 [pool-2-thread-1] DEBUG com.jayway.jsonpath.internal.path.CompiledPath - Evaluating path: $
15:15:13.307 [pool-2-thread-1] DEBUG com.jayway.jsonpath.internal.JsonContext - Put path $ key type value {}
15:15:13.307 [pool-2-thread-1] DEBUG com.jayway.jsonpath.internal.path.CompiledPath - Evaluating path: $
15:15:13.307 [pool-2-thread-1] DEBUG com.jayway.jsonpath.internal.JsonContext - Put path $ key type value keyUp
15:15:13.307 [pool-2-thread-1] DEBUG com.jayway.jsonpath.internal.path.CompiledPath - Evaluating path: $['text']
15:15:13.307 [pool-2-thread-1] DEBUG com.jayway.jsonpath.internal.path.CompiledPath - Evaluating path: $
15:15:13.307 [pool-2-thread-1] DEBUG com.jayway.jsonpath.internal.path.CompiledPath - Evaluating path: $
15:15:13.307 [pool-2-thread-1] DEBUG com.jayway.jsonpath.internal.JsonContext - Put path $ key text value {}
15:15:13.307 [pool-2-thread-1] DEBUG com.jayway.jsonpath.internal.path.CompiledPath - Evaluating path: $
15:15:13.307 [pool-2-thread-1] DEBUG com.jayway.jsonpath.internal.JsonContext - Put path $ key text value h
15:15:13.307 [pool-2-thread-1] DEBUG com.jayway.jsonpath.internal.path.CompiledPath - Evaluating path: $['windowsVirtualKeyCode']
15:15:13.307 [pool-2-thread-1] DEBUG com.jayway.jsonpath.internal.path.CompiledPath - Evaluating path: $
15:15:13.307 [pool-2-thread-1] DEBUG com.jayway.jsonpath.internal.path.CompiledPath - Evaluating path: $
15:15:13.307 [pool-2-thread-1] DEBUG com.jayway.jsonpath.internal.JsonContext - Put path $ key windowsVirtualKeyCode value {}
15:15:13.307 [pool-2-thread-1] DEBUG com.jayway.jsonpath.internal.path.CompiledPath - Evaluating path: $
15:15:13.307 [pool-2-thread-1] DEBUG com.jayway.jsonpath.internal.JsonContext - Put path $ key windowsVirtualKeyCode value 104
15:15:13.307 [pool-2-thread-1] DEBUG com.jayway.jsonpath.internal.path.CompiledPath - Evaluating path: $
15:15:13.307 [pool-2-thread-1] DEBUG com.intuit.karate.driver.chrome_1743063309369 - >> {"id":32,"sessionId":"B63F5043D4B5AB48736279C9539AC056","method":"Input.dispatchKeyEvent","params":{"modifiers":0,"type":"keyUp","text":"h","windowsVirtualKeyCode":104}}
15:15:13.308 [nioEventLoopGroup-2-1] DEBUG com.intuit.karate.driver.chrome_1743063309369 - << {"id":32,"result":{},"sessionId":"B63F5043D4B5AB48736279C9539AC056"}
15:15:13.308 [nioEventLoopGroup-2-1] DEBUG com.jayway.jsonpath.internal.path.CompiledPath - Evaluating path: $
15:15:13.308 [pool-2-thread-1] DEBUG com.jayway.jsonpath.internal.path.CompiledPath - Evaluating path: $['modifiers']
15:15:13.308 [pool-2-thread-1] DEBUG com.jayway.jsonpath.internal.path.CompiledPath - Evaluating path: $
15:15:13.308 [pool-2-thread-1] DEBUG com.jayway.jsonpath.internal.path.CompiledPath - Evaluating path: $
15:15:13.308 [pool-2-thread-1] DEBUG com.jayway.jsonpath.internal.JsonContext - Put path $ key modifiers value {}
15:15:13.308 [pool-2-thread-1] DEBUG com.jayway.jsonpath.internal.path.CompiledPath - Evaluating path: $
15:15:13.308 [pool-2-thread-1] DEBUG com.jayway.jsonpath.internal.JsonContext - Put path $ key modifiers value 0
15:15:13.308 [pool-2-thread-1] DEBUG com.jayway.jsonpath.internal.path.CompiledPath - Evaluating path: $['type']
15:15:13.308 [pool-2-thread-1] DEBUG com.jayway.jsonpath.internal.path.CompiledPath - Evaluating path: $
15:15:13.308 [pool-2-thread-1] DEBUG com.jayway.jsonpath.internal.path.CompiledPath - Evaluating path: $
15:15:13.308 [pool-2-thread-1] DEBUG com.jayway.jsonpath.internal.JsonContext - Put path $ key type value {}
15:15:13.308 [pool-2-thread-1] DEBUG com.jayway.jsonpath.internal.path.CompiledPath - Evaluating path: $
15:15:13.308 [pool-2-thread-1] DEBUG com.jayway.jsonpath.internal.JsonContext - Put path $ key type value rawKeyDown
15:15:13.308 [pool-2-thread-1] DEBUG com.jayway.jsonpath.internal.path.CompiledPath - Evaluating path: $['text']
15:15:13.308 [pool-2-thread-1] DEBUG com.jayway.jsonpath.internal.path.CompiledPath - Evaluating path: $
15:15:13.308 [pool-2-thread-1] DEBUG com.jayway.jsonpath.internal.path.CompiledPath - Evaluating path: $
15:15:13.308 [pool-2-thread-1] DEBUG com.jayway.jsonpath.internal.JsonContext - Put path $ key text value {}
15:15:13.308 [pool-2-thread-1] DEBUG com.jayway.jsonpath.internal.path.CompiledPath - Evaluating path: $
15:15:13.308 [pool-2-thread-1] DEBUG com.jayway.jsonpath.internal.JsonContext - Put path $ key text value h
15:15:13.308 [pool-2-thread-1] DEBUG com.jayway.jsonpath.internal.path.CompiledPath - Evaluating path: $['windowsVirtualKeyCode']
15:15:13.308 [pool-2-thread-1] DEBUG com.jayway.jsonpath.internal.path.CompiledPath - Evaluating path: $
15:15:13.308 [pool-2-thread-1] DEBUG com.jayway.jsonpath.internal.path.CompiledPath - Evaluating path: $
15:15:13.308 [pool-2-thread-1] DEBUG com.jayway.jsonpath.internal.JsonContext - Put path $ key windowsVirtualKeyCode value {}
15:15:13.308 [pool-2-thread-1] DEBUG com.jayway.jsonpath.internal.path.CompiledPath - Evaluating path: $
15:15:13.308 [pool-2-thread-1] DEBUG com.jayway.jsonpath.internal.JsonContext - Put path $ key windowsVirtualKeyCode value 104
15:15:13.308 [pool-2-thread-1] DEBUG com.jayway.jsonpath.internal.path.CompiledPath - Evaluating path: $
15:15:13.308 [pool-2-thread-1] DEBUG com.intuit.karate.driver.chrome_1743063309369 - >> {"id":33,"sessionId":"B63F5043D4B5AB48736279C9539AC056","method":"Input.dispatchKeyEvent","params":{"modifiers":0,"type":"rawKeyDown","text":"h","windowsVirtualKeyCode":104}}
15:15:13.309 [nioEventLoopGroup-2-1] DEBUG com.intuit.karate.driver.chrome_1743063309369 - << {"id":33,"result":{},"sessionId":"B63F5043D4B5AB48736279C9539AC056"}
15:15:13.309 [nioEventLoopGroup-2-1] DEBUG com.jayway.jsonpath.internal.path.CompiledPath - Evaluating path: $
15:15:13.311 [pool-2-thread-1] DEBUG com.jayway.jsonpath.internal.path.CompiledPath - Evaluating path: $['modifiers']
15:15:13.311 [pool-2-thread-1] DEBUG com.jayway.jsonpath.internal.path.CompiledPath - Evaluating path: $
15:15:13.311 [pool-2-thread-1] DEBUG com.jayway.jsonpath.internal.path.CompiledPath - Evaluating path: $
15:15:13.311 [pool-2-thread-1] DEBUG com.jayway.jsonpath.internal.JsonContext - Put path $ key modifiers value {}
15:15:13.311 [pool-2-thread-1] DEBUG com.jayway.jsonpath.internal.path.CompiledPath - Evaluating path: $
15:15:13.311 [pool-2-thread-1] DEBUG com.jayway.jsonpath.internal.JsonContext - Put path $ key modifiers value 0
15:15:13.311 [pool-2-thread-1] DEBUG com.jayway.jsonpath.internal.path.CompiledPath - Evaluating path: $['type']
15:15:13.311 [pool-2-thread-1] DEBUG com.jayway.jsonpath.internal.path.CompiledPath - Evaluating path: $
15:15:13.311 [pool-2-thread-1] DEBUG com.jayway.jsonpath.internal.path.CompiledPath - Evaluating path: $
15:15:13.311 [pool-2-thread-1] DEBUG com.jayway.jsonpath.internal.JsonContext - Put path $ key type value {}
15:15:13.311 [pool-2-thread-1] DEBUG com.jayway.jsonpath.internal.path.CompiledPath - Evaluating path: $
15:15:13.311 [pool-2-thread-1] DEBUG com.jayway.jsonpath.internal.JsonContext - Put path $ key type value char
15:15:13.311 [pool-2-thread-1] DEBUG com.jayway.jsonpath.internal.path.CompiledPath - Evaluating path: $['text']
15:15:13.311 [pool-2-thread-1] DEBUG com.jayway.jsonpath.internal.path.CompiledPath - Evaluating path: $
15:15:13.311 [pool-2-thread-1] DEBUG com.jayway.jsonpath.internal.path.CompiledPath - Evaluating path: $
15:15:13.311 [pool-2-thread-1] DEBUG com.jayway.jsonpath.internal.JsonContext - Put path $ key text value {}
15:15:13.311 [pool-2-thread-1] DEBUG com.jayway.jsonpath.internal.path.CompiledPath - Evaluating path: $
15:15:13.311 [pool-2-thread-1] DEBUG com.jayway.jsonpath.internal.JsonContext - Put path $ key text value h
15:15:13.311 [pool-2-thread-1] DEBUG com.jayway.jsonpath.internal.path.CompiledPath - Evaluating path: $['windowsVirtualKeyCode']
15:15:13.311 [pool-2-thread-1] DEBUG com.jayway.jsonpath.internal.path.CompiledPath - Evaluating path: $
15:15:13.311 [pool-2-thread-1] DEBUG com.jayway.jsonpath.internal.path.CompiledPath - Evaluating path: $
15:15:13.311 [pool-2-thread-1] DEBUG com.jayway.jsonpath.internal.JsonContext - Put path $ key windowsVirtualKeyCode value {}
15:15:13.311 [pool-2-thread-1] DEBUG com.jayway.jsonpath.internal.path.CompiledPath - Evaluating path: $
15:15:13.311 [pool-2-thread-1] DEBUG com.jayway.jsonpath.internal.JsonContext - Put path $ key windowsVirtualKeyCode value 104
15:15:13.311 [pool-2-thread-1] DEBUG com.jayway.jsonpath.internal.path.CompiledPath - Evaluating path: $
15:15:13.311 [pool-2-thread-1] DEBUG com.intuit.karate.driver.chrome_1743063309369 - >> {"id":34,"sessionId":"B63F5043D4B5AB48736279C9539AC056","method":"Input.dispatchKeyEvent","params":{"modifiers":0,"type":"char","text":"h","windowsVirtualKeyCode":104}}
15:15:13.317 [nioEventLoopGroup-2-1] DEBUG com.intuit.karate.driver.chrome_1743063309369 - << {"id":34,"result":{},"sessionId":"B63F5043D4B5AB48736279C9539AC056"}
15:15:13.317 [nioEventLoopGroup-2-1] DEBUG com.jayway.jsonpath.internal.path.CompiledPath - Evaluating path: $
15:15:13.321 [pool-2-thread-1] DEBUG com.jayway.jsonpath.internal.path.CompiledPath - Evaluating path: $['modifiers']
15:15:13.321 [pool-2-thread-1] DEBUG com.jayway.jsonpath.internal.path.CompiledPath - Evaluating path: $
15:15:13.321 [pool-2-thread-1] DEBUG com.jayway.jsonpath.internal.path.CompiledPath - Evaluating path: $
15:15:13.321 [pool-2-thread-1] DEBUG com.jayway.jsonpath.internal.JsonContext - Put path $ key modifiers value {}
15:15:13.321 [pool-2-thread-1] DEBUG com.jayway.jsonpath.internal.path.CompiledPath - Evaluating path: $
15:15:13.321 [pool-2-thread-1] DEBUG com.jayway.jsonpath.internal.JsonContext - Put path $ key modifiers value 0
15:15:13.321 [pool-2-thread-1] DEBUG com.jayway.jsonpath.internal.path.CompiledPath - Evaluating path: $['type']
15:15:13.321 [pool-2-thread-1] DEBUG com.jayway.jsonpath.internal.path.CompiledPath - Evaluating path: $
15:15:13.321 [pool-2-thread-1] DEBUG com.jayway.jsonpath.internal.path.CompiledPath - Evaluating path: $
15:15:13.321 [pool-2-thread-1] DEBUG com.jayway.jsonpath.internal.JsonContext - Put path $ key type value {}
15:15:13.321 [pool-2-thread-1] DEBUG com.jayway.jsonpath.internal.path.CompiledPath - Evaluating path: $
15:15:13.321 [pool-2-thread-1] DEBUG com.jayway.jsonpath.internal.JsonContext - Put path $ key type value keyUp
15:15:13.321 [pool-2-thread-1] DEBUG com.jayway.jsonpath.internal.path.CompiledPath - Evaluating path: $['text']
15:15:13.321 [pool-2-thread-1] DEBUG com.jayway.jsonpath.internal.path.CompiledPath - Evaluating path: $
15:15:13.321 [pool-2-thread-1] DEBUG com.jayway.jsonpath.internal.path.CompiledPath - Evaluating path: $
15:15:13.321 [pool-2-thread-1] DEBUG com.jayway.jsonpath.internal.JsonContext - Put path $ key text value {}
15:15:13.321 [pool-2-thread-1] DEBUG com.jayway.jsonpath.internal.path.CompiledPath - Evaluating path: $
15:15:13.321 [pool-2-thread-1] DEBUG com.jayway.jsonpath.internal.JsonContext - Put path $ key text value h
15:15:13.322 [pool-2-thread-1] DEBUG com.jayway.jsonpath.internal.path.CompiledPath - Evaluating path: $['windowsVirtualKeyCode']
15:15:13.322 [pool-2-thread-1] DEBUG com.jayway.jsonpath.internal.path.CompiledPath - Evaluating path: $
15:15:13.322 [pool-2-thread-1] DEBUG com.jayway.jsonpath.internal.path.CompiledPath - Evaluating path: $
15:15:13.322 [pool-2-thread-1] DEBUG com.jayway.jsonpath.internal.JsonContext - Put path $ key windowsVirtualKeyCode value {}
15:15:13.322 [pool-2-thread-1] DEBUG com.jayway.jsonpath.internal.path.CompiledPath - Evaluating path: $
15:15:13.322 [pool-2-thread-1] DEBUG com.jayway.jsonpath.internal.JsonContext - Put path $ key windowsVirtualKeyCode value 104
15:15:13.322 [pool-2-thread-1] DEBUG com.jayway.jsonpath.internal.path.CompiledPath - Evaluating path: $
15:15:13.322 [pool-2-thread-1] DEBUG com.intuit.karate.driver.chrome_1743063309369 - >> {"id":35,"sessionId":"B63F5043D4B5AB48736279C9539AC056","method":"Input.dispatchKeyEvent","params":{"modifiers":0,"type":"keyUp","text":"h","windowsVirtualKeyCode":104}}
15:15:13.327 [nioEventLoopGroup-2-1] DEBUG com.intuit.karate.driver.chrome_1743063309369 - << {"id":35,"result":{},"sessionId":"B63F5043D4B5AB48736279C9539AC056"}
15:15:13.327 [nioEventLoopGroup-2-1] DEBUG com.jayway.jsonpath.internal.path.CompiledPath - Evaluating path: $
15:15:13.328 [pool-2-thread-1] DEBUG com.jayway.jsonpath.internal.path.CompiledPath - Evaluating path: $['modifiers']
15:15:13.328 [pool-2-thread-1] DEBUG com.jayway.jsonpath.internal.path.CompiledPath - Evaluating path: $
15:15:13.328 [pool-2-thread-1] DEBUG com.jayway.jsonpath.internal.path.CompiledPath - Evaluating path: $
15:15:13.328 [pool-2-thread-1] DEBUG com.jayway.jsonpath.internal.JsonContext - Put path $ key modifiers value {}
15:15:13.328 [pool-2-thread-1] DEBUG com.jayway.jsonpath.internal.path.CompiledPath - Evaluating path: $
15:15:13.328 [pool-2-thread-1] DEBUG com.jayway.jsonpath.internal.JsonContext - Put path $ key modifiers value 0
15:15:13.328 [pool-2-thread-1] DEBUG com.jayway.jsonpath.internal.path.CompiledPath - Evaluating path: $['type']
15:15:13.328 [pool-2-thread-1] DEBUG com.jayway.jsonpath.internal.path.CompiledPath - Evaluating path: $
15:15:13.328 [pool-2-thread-1] DEBUG com.jayway.jsonpath.internal.path.CompiledPath - Evaluating path: $
15:15:13.328 [pool-2-thread-1] DEBUG com.jayway.jsonpath.internal.JsonContext - Put path $ key type value {}
15:15:13.328 [pool-2-thread-1] DEBUG com.jayway.jsonpath.internal.path.CompiledPath - Evaluating path: $
15:15:13.328 [pool-2-thread-1] DEBUG com.jayway.jsonpath.internal.JsonContext - Put path $ key type value rawKeyDown
15:15:13.328 [pool-2-thread-1] DEBUG com.jayway.jsonpath.internal.path.CompiledPath - Evaluating path: $['text']
15:15:13.328 [pool-2-thread-1] DEBUG com.jayway.jsonpath.internal.path.CompiledPath - Evaluating path: $
15:15:13.328 [pool-2-thread-1] DEBUG com.jayway.jsonpath.internal.path.CompiledPath - Evaluating path: $
15:15:13.328 [pool-2-thread-1] DEBUG com.jayway.jsonpath.internal.JsonContext - Put path $ key text value {}
15:15:13.328 [pool-2-thread-1] DEBUG com.jayway.jsonpath.internal.path.CompiledPath - Evaluating path: $
15:15:13.328 [pool-2-thread-1] DEBUG com.jayway.jsonpath.internal.JsonContext - Put path $ key text value o
15:15:13.328 [pool-2-thread-1] DEBUG com.jayway.jsonpath.internal.path.CompiledPath - Evaluating path: $['windowsVirtualKeyCode']
15:15:13.328 [pool-2-thread-1] DEBUG com.jayway.jsonpath.internal.path.CompiledPath - Evaluating path: $
15:15:13.328 [pool-2-thread-1] DEBUG com.jayway.jsonpath.internal.path.CompiledPath - Evaluating path: $
15:15:13.328 [pool-2-thread-1] DEBUG com.jayway.jsonpath.internal.JsonContext - Put path $ key windowsVirtualKeyCode value {}
15:15:13.328 [pool-2-thread-1] DEBUG com.jayway.jsonpath.internal.path.CompiledPath - Evaluating path: $
15:15:13.328 [pool-2-thread-1] DEBUG com.jayway.jsonpath.internal.JsonContext - Put path $ key windowsVirtualKeyCode value 111
15:15:13.328 [pool-2-thread-1] DEBUG com.jayway.jsonpath.internal.path.CompiledPath - Evaluating path: $
15:15:13.328 [pool-2-thread-1] DEBUG com.intuit.karate.driver.chrome_1743063309369 - >> {"id":36,"sessionId":"B63F5043D4B5AB48736279C9539AC056","method":"Input.dispatchKeyEvent","params":{"modifiers":0,"type":"rawKeyDown","text":"o","windowsVirtualKeyCode":111}}
15:15:13.329 [nioEventLoopGroup-2-1] DEBUG com.intuit.karate.driver.chrome_1743063309369 - << {"id":36,"result":{},"sessionId":"B63F5043D4B5AB48736279C9539AC056"}
15:15:13.329 [nioEventLoopGroup-2-1] DEBUG com.jayway.jsonpath.internal.path.CompiledPath - Evaluating path: $
15:15:13.330 [pool-2-thread-1] DEBUG com.jayway.jsonpath.internal.path.CompiledPath - Evaluating path: $['modifiers']
15:15:13.330 [pool-2-thread-1] DEBUG com.jayway.jsonpath.internal.path.CompiledPath - Evaluating path: $
15:15:13.330 [pool-2-thread-1] DEBUG com.jayway.jsonpath.internal.path.CompiledPath - Evaluating path: $
15:15:13.330 [pool-2-thread-1] DEBUG com.jayway.jsonpath.internal.JsonContext - Put path $ key modifiers value {}
15:15:13.330 [pool-2-thread-1] DEBUG com.jayway.jsonpath.internal.path.CompiledPath - Evaluating path: $
15:15:13.330 [pool-2-thread-1] DEBUG com.jayway.jsonpath.internal.JsonContext - Put path $ key modifiers value 0
15:15:13.330 [pool-2-thread-1] DEBUG com.jayway.jsonpath.internal.path.CompiledPath - Evaluating path: $['type']
15:15:13.330 [pool-2-thread-1] DEBUG com.jayway.jsonpath.internal.path.CompiledPath - Evaluating path: $
15:15:13.330 [pool-2-thread-1] DEBUG com.jayway.jsonpath.internal.path.CompiledPath - Evaluating path: $
15:15:13.330 [pool-2-thread-1] DEBUG com.jayway.jsonpath.internal.JsonContext - Put path $ key type value {}
15:15:13.330 [pool-2-thread-1] DEBUG com.jayway.jsonpath.internal.path.CompiledPath - Evaluating path: $
15:15:13.330 [pool-2-thread-1] DEBUG com.jayway.jsonpath.internal.JsonContext - Put path $ key type value char
15:15:13.330 [pool-2-thread-1] DEBUG com.jayway.jsonpath.internal.path.CompiledPath - Evaluating path: $['text']
15:15:13.330 [pool-2-thread-1] DEBUG com.jayway.jsonpath.internal.path.CompiledPath - Evaluating path: $
15:15:13.330 [pool-2-thread-1] DEBUG com.jayway.jsonpath.internal.path.CompiledPath - Evaluating path: $
15:15:13.330 [pool-2-thread-1] DEBUG com.jayway.jsonpath.internal.JsonContext - Put path $ key text value {}
15:15:13.330 [pool-2-thread-1] DEBUG com.jayway.jsonpath.internal.path.CompiledPath - Evaluating path: $
15:15:13.330 [pool-2-thread-1] DEBUG com.jayway.jsonpath.internal.JsonContext - Put path $ key text value o
15:15:13.330 [pool-2-thread-1] DEBUG com.jayway.jsonpath.internal.path.CompiledPath - Evaluating path: $['windowsVirtualKeyCode']
15:15:13.330 [pool-2-thread-1] DEBUG com.jayway.jsonpath.internal.path.CompiledPath - Evaluating path: $
15:15:13.330 [pool-2-thread-1] DEBUG com.jayway.jsonpath.internal.path.CompiledPath - Evaluating path: $
15:15:13.330 [pool-2-thread-1] DEBUG com.jayway.jsonpath.internal.JsonContext - Put path $ key windowsVirtualKeyCode value {}
15:15:13.330 [pool-2-thread-1] DEBUG com.jayway.jsonpath.internal.path.CompiledPath - Evaluating path: $
15:15:13.330 [pool-2-thread-1] DEBUG com.jayway.jsonpath.internal.JsonContext - Put path $ key windowsVirtualKeyCode value 111
15:15:13.330 [pool-2-thread-1] DEBUG com.jayway.jsonpath.internal.path.CompiledPath - Evaluating path: $
15:15:13.330 [pool-2-thread-1] DEBUG com.intuit.karate.driver.chrome_1743063309369 - >> {"id":37,"sessionId":"B63F5043D4B5AB48736279C9539AC056","method":"Input.dispatchKeyEvent","params":{"modifiers":0,"type":"char","text":"o","windowsVirtualKeyCode":111}}
15:15:13.331 [nioEventLoopGroup-2-1] DEBUG com.intuit.karate.driver.chrome_1743063309369 - << {"id":37,"result":{},"sessionId":"B63F5043D4B5AB48736279C9539AC056"}
15:15:13.331 [nioEventLoopGroup-2-1] DEBUG com.jayway.jsonpath.internal.path.CompiledPath - Evaluating path: $
15:15:13.332 [pool-2-thread-1] DEBUG com.jayway.jsonpath.internal.path.CompiledPath - Evaluating path: $['modifiers']
15:15:13.332 [pool-2-thread-1] DEBUG com.jayway.jsonpath.internal.path.CompiledPath - Evaluating path: $
15:15:13.332 [pool-2-thread-1] DEBUG com.jayway.jsonpath.internal.path.CompiledPath - Evaluating path: $
15:15:13.332 [pool-2-thread-1] DEBUG com.jayway.jsonpath.internal.JsonContext - Put path $ key modifiers value {}
15:15:13.332 [pool-2-thread-1] DEBUG com.jayway.jsonpath.internal.path.CompiledPath - Evaluating path: $
15:15:13.332 [pool-2-thread-1] DEBUG com.jayway.jsonpath.internal.JsonContext - Put path $ key modifiers value 0
15:15:13.332 [pool-2-thread-1] DEBUG com.jayway.jsonpath.internal.path.CompiledPath - Evaluating path: $['type']
15:15:13.332 [pool-2-thread-1] DEBUG com.jayway.jsonpath.internal.path.CompiledPath - Evaluating path: $
15:15:13.332 [pool-2-thread-1] DEBUG com.jayway.jsonpath.internal.path.CompiledPath - Evaluating path: $
15:15:13.332 [pool-2-thread-1] DEBUG com.jayway.jsonpath.internal.JsonContext - Put path $ key type value {}
15:15:13.332 [pool-2-thread-1] DEBUG com.jayway.jsonpath.internal.path.CompiledPath - Evaluating path: $
15:15:13.332 [pool-2-thread-1] DEBUG com.jayway.jsonpath.internal.JsonContext - Put path $ key type value keyUp
15:15:13.332 [pool-2-thread-1] DEBUG com.jayway.jsonpath.internal.path.CompiledPath - Evaluating path: $['text']
15:15:13.332 [pool-2-thread-1] DEBUG com.jayway.jsonpath.internal.path.CompiledPath - Evaluating path: $
15:15:13.332 [pool-2-thread-1] DEBUG com.jayway.jsonpath.internal.path.CompiledPath - Evaluating path: $
15:15:13.332 [pool-2-thread-1] DEBUG com.jayway.jsonpath.internal.JsonContext - Put path $ key text value {}
15:15:13.332 [pool-2-thread-1] DEBUG com.jayway.jsonpath.internal.path.CompiledPath - Evaluating path: $
15:15:13.332 [pool-2-thread-1] DEBUG com.jayway.jsonpath.internal.JsonContext - Put path $ key text value o
15:15:13.332 [pool-2-thread-1] DEBUG com.jayway.jsonpath.internal.path.CompiledPath - Evaluating path: $['windowsVirtualKeyCode']
15:15:13.332 [pool-2-thread-1] DEBUG com.jayway.jsonpath.internal.path.CompiledPath - Evaluating path: $
15:15:13.332 [pool-2-thread-1] DEBUG com.jayway.jsonpath.internal.path.CompiledPath - Evaluating path: $
15:15:13.333 [pool-2-thread-1] DEBUG com.jayway.jsonpath.internal.JsonContext - Put path $ key windowsVirtualKeyCode value {}
15:15:13.333 [pool-2-thread-1] DEBUG com.jayway.jsonpath.internal.path.CompiledPath - Evaluating path: $
15:15:13.333 [pool-2-thread-1] DEBUG com.jayway.jsonpath.internal.JsonContext - Put path $ key windowsVirtualKeyCode value 111
15:15:13.333 [pool-2-thread-1] DEBUG com.jayway.jsonpath.internal.path.CompiledPath - Evaluating path: $
15:15:13.333 [pool-2-thread-1] DEBUG com.intuit.karate.driver.chrome_1743063309369 - >> {"id":38,"sessionId":"B63F5043D4B5AB48736279C9539AC056","method":"Input.dispatchKeyEvent","params":{"modifiers":0,"type":"keyUp","text":"o","windowsVirtualKeyCode":111}}
15:15:13.365 [nioEventLoopGroup-2-1] DEBUG com.intuit.karate.driver.chrome_1743063309369 - << {"id":38,"result":{},"sessionId":"B63F5043D4B5AB48736279C9539AC056"}
15:15:13.366 [nioEventLoopGroup-2-1] DEBUG com.jayway.jsonpath.internal.path.CompiledPath - Evaluating path: $
15:15:13.366 [pool-2-thread-1] DEBUG com.jayway.jsonpath.internal.path.CompiledPath - Evaluating path: $['modifiers']
15:15:13.366 [pool-2-thread-1] DEBUG com.jayway.jsonpath.internal.path.CompiledPath - Evaluating path: $
15:15:13.366 [pool-2-thread-1] DEBUG com.jayway.jsonpath.internal.path.CompiledPath - Evaluating path: $
15:15:13.366 [pool-2-thread-1] DEBUG com.jayway.jsonpath.internal.JsonContext - Put path $ key modifiers value {}
15:15:13.366 [pool-2-thread-1] DEBUG com.jayway.jsonpath.internal.path.CompiledPath - Evaluating path: $
15:15:13.366 [pool-2-thread-1] DEBUG com.jayway.jsonpath.internal.JsonContext - Put path $ key modifiers value 0
15:15:13.366 [pool-2-thread-1] DEBUG com.jayway.jsonpath.internal.path.CompiledPath - Evaluating path: $['type']
15:15:13.366 [pool-2-thread-1] DEBUG com.jayway.jsonpath.internal.path.CompiledPath - Evaluating path: $
15:15:13.366 [pool-2-thread-1] DEBUG com.jayway.jsonpath.internal.path.CompiledPath - Evaluating path: $
15:15:13.366 [pool-2-thread-1] DEBUG com.jayway.jsonpath.internal.JsonContext - Put path $ key type value {}
15:15:13.366 [pool-2-thread-1] DEBUG com.jayway.jsonpath.internal.path.CompiledPath - Evaluating path: $
15:15:13.366 [pool-2-thread-1] DEBUG com.jayway.jsonpath.internal.JsonContext - Put path $ key type value rawKeyDown
15:15:13.366 [pool-2-thread-1] DEBUG com.jayway.jsonpath.internal.path.CompiledPath - Evaluating path: $['text']
15:15:13.366 [pool-2-thread-1] DEBUG com.jayway.jsonpath.internal.path.CompiledPath - Evaluating path: $
15:15:13.366 [pool-2-thread-1] DEBUG com.jayway.jsonpath.internal.path.CompiledPath - Evaluating path: $
15:15:13.366 [pool-2-thread-1] DEBUG com.jayway.jsonpath.internal.JsonContext - Put path $ key text value {}
15:15:13.366 [pool-2-thread-1] DEBUG com.jayway.jsonpath.internal.path.CompiledPath - Evaluating path: $
15:15:13.366 [pool-2-thread-1] DEBUG com.jayway.jsonpath.internal.JsonContext - Put path $ key text value a
15:15:13.366 [pool-2-thread-1] DEBUG com.jayway.jsonpath.internal.path.CompiledPath - Evaluating path: $['windowsVirtualKeyCode']
15:15:13.366 [pool-2-thread-1] DEBUG com.jayway.jsonpath.internal.path.CompiledPath - Evaluating path: $
15:15:13.366 [pool-2-thread-1] DEBUG com.jayway.jsonpath.internal.path.CompiledPath - Evaluating path: $
15:15:13.366 [pool-2-thread-1] DEBUG com.jayway.jsonpath.internal.JsonContext - Put path $ key windowsVirtualKeyCode value {}
15:15:13.366 [pool-2-thread-1] DEBUG com.jayway.jsonpath.internal.path.CompiledPath - Evaluating path: $
15:15:13.366 [pool-2-thread-1] DEBUG com.jayway.jsonpath.internal.JsonContext - Put path $ key windowsVirtualKeyCode value 97
15:15:13.366 [pool-2-thread-1] DEBUG com.jayway.jsonpath.internal.path.CompiledPath - Evaluating path: $
15:15:13.366 [pool-2-thread-1] DEBUG com.intuit.karate.driver.chrome_1743063309369 - >> {"id":39,"sessionId":"B63F5043D4B5AB48736279C9539AC056","method":"Input.dispatchKeyEvent","params":{"modifiers":0,"type":"rawKeyDown","text":"a","windowsVirtualKeyCode":97}}
15:15:13.382 [nioEventLoopGroup-2-1] DEBUG com.intuit.karate.driver.chrome_1743063309369 - << {"method":"Page.loadEventFired","params":{"timestamp":21219.973213},"sessionId":"B63F5043D4B5AB48736279C9539AC056"}
15:15:13.382 [nioEventLoopGroup-2-1] DEBUG com.jayway.jsonpath.internal.path.CompiledPath - Evaluating path: $
15:15:13.382 [nioEventLoopGroup-2-1] DEBUG com.intuit.karate.driver.chrome_1743063309369 - << {"method":"Page.frameStoppedLoading","params":{"frameId":"7BC57A1234B0AA728430AF9B516B991B"},"sessionId":"B63F5043D4B5AB48736279C9539AC056"}
15:15:13.382 [nioEventLoopGroup-2-1] DEBUG com.jayway.jsonpath.internal.path.CompiledPath - Evaluating path: $
15:15:13.382 [nioEventLoopGroup-2-1] DEBUG com.jayway.jsonpath.internal.path.CompiledPath - Evaluating path: $['frameId']
15:15:13.382 [nioEventLoopGroup-2-1] DEBUG com.intuit.karate.driver.chrome_1743063309369 - << {"id":39,"result":{},"sessionId":"B63F5043D4B5AB48736279C9539AC056"}
15:15:13.382 [nioEventLoopGroup-2-1] DEBUG com.jayway.jsonpath.internal.path.CompiledPath - Evaluating path: $
15:15:13.382 [pool-2-thread-1] DEBUG com.jayway.jsonpath.internal.path.CompiledPath - Evaluating path: $['modifiers']
15:15:13.382 [pool-2-thread-1] DEBUG com.jayway.jsonpath.internal.path.CompiledPath - Evaluating path: $
15:15:13.383 [pool-2-thread-1] DEBUG com.jayway.jsonpath.internal.path.CompiledPath - Evaluating path: $
15:15:13.383 [pool-2-thread-1] DEBUG com.jayway.jsonpath.internal.JsonContext - Put path $ key modifiers value {}
15:15:13.383 [pool-2-thread-1] DEBUG com.jayway.jsonpath.internal.path.CompiledPath - Evaluating path: $
15:15:13.383 [pool-2-thread-1] DEBUG com.jayway.jsonpath.internal.JsonContext - Put path $ key modifiers value 0
15:15:13.383 [pool-2-thread-1] DEBUG com.jayway.jsonpath.internal.path.CompiledPath - Evaluating path: $['type']
15:15:13.383 [pool-2-thread-1] DEBUG com.jayway.jsonpath.internal.path.CompiledPath - Evaluating path: $
15:15:13.383 [pool-2-thread-1] DEBUG com.jayway.jsonpath.internal.path.CompiledPath - Evaluating path: $
15:15:13.383 [pool-2-thread-1] DEBUG com.jayway.jsonpath.internal.JsonContext - Put path $ key type value {}
15:15:13.383 [pool-2-thread-1] DEBUG com.jayway.jsonpath.internal.path.CompiledPath - Evaluating path: $
15:15:13.383 [pool-2-thread-1] DEBUG com.jayway.jsonpath.internal.JsonContext - Put path $ key type value char
15:15:13.383 [pool-2-thread-1] DEBUG com.jayway.jsonpath.internal.path.CompiledPath - Evaluating path: $['text']
15:15:13.383 [pool-2-thread-1] DEBUG com.jayway.jsonpath.internal.path.CompiledPath - Evaluating path: $
15:15:13.383 [pool-2-thread-1] DEBUG com.jayway.jsonpath.internal.path.CompiledPath - Evaluating path: $
15:15:13.383 [pool-2-thread-1] DEBUG com.jayway.jsonpath.internal.JsonContext - Put path $ key text value {}
15:15:13.383 [pool-2-thread-1] DEBUG com.jayway.jsonpath.internal.path.CompiledPath - Evaluating path: $
15:15:13.383 [pool-2-thread-1] DEBUG com.jayway.jsonpath.internal.JsonContext - Put path $ key text value a
15:15:13.383 [pool-2-thread-1] DEBUG com.jayway.jsonpath.internal.path.CompiledPath - Evaluating path: $['windowsVirtualKeyCode']
15:15:13.383 [pool-2-thread-1] DEBUG com.jayway.jsonpath.internal.path.CompiledPath - Evaluating path: $
15:15:13.383 [pool-2-thread-1] DEBUG com.jayway.jsonpath.internal.path.CompiledPath - Evaluating path: $
15:15:13.383 [pool-2-thread-1] DEBUG com.jayway.jsonpath.internal.JsonContext - Put path $ key windowsVirtualKeyCode value {}
15:15:13.383 [pool-2-thread-1] DEBUG com.jayway.jsonpath.internal.path.CompiledPath - Evaluating path: $
15:15:13.383 [pool-2-thread-1] DEBUG com.jayway.jsonpath.internal.JsonContext - Put path $ key windowsVirtualKeyCode value 97
15:15:13.383 [pool-2-thread-1] DEBUG com.jayway.jsonpath.internal.path.CompiledPath - Evaluating path: $
15:15:13.383 [pool-2-thread-1] DEBUG com.intuit.karate.driver.chrome_1743063309369 - >> {"id":40,"sessionId":"B63F5043D4B5AB48736279C9539AC056","method":"Input.dispatchKeyEvent","params":{"modifiers":0,"type":"char","text":"a","windowsVirtualKeyCode":97}}
15:15:13.384 [nioEventLoopGroup-2-1] DEBUG com.intuit.karate.driver.chrome_1743063309369 - << {"id":40,"result":{},"sessionId":"B63F5043D4B5AB48736279C9539AC056"}
15:15:13.384 [nioEventLoopGroup-2-1] DEBUG com.jayway.jsonpath.internal.path.CompiledPath - Evaluating path: $
15:15:13.384 [pool-2-thread-1] DEBUG com.jayway.jsonpath.internal.path.CompiledPath - Evaluating path: $['modifiers']
15:15:13.384 [pool-2-thread-1] DEBUG com.jayway.jsonpath.internal.path.CompiledPath - Evaluating path: $
15:15:13.384 [pool-2-thread-1] DEBUG com.jayway.jsonpath.internal.path.CompiledPath - Evaluating path: $
15:15:13.384 [pool-2-thread-1] DEBUG com.jayway.jsonpath.internal.JsonContext - Put path $ key modifiers value {}
15:15:13.384 [pool-2-thread-1] DEBUG com.jayway.jsonpath.internal.path.CompiledPath - Evaluating path: $
15:15:13.384 [pool-2-thread-1] DEBUG com.jayway.jsonpath.internal.JsonContext - Put path $ key modifiers value 0
15:15:13.385 [pool-2-thread-1] DEBUG com.jayway.jsonpath.internal.path.CompiledPath - Evaluating path: $['type']
15:15:13.385 [pool-2-thread-1] DEBUG com.jayway.jsonpath.internal.path.CompiledPath - Evaluating path: $
15:15:13.385 [pool-2-thread-1] DEBUG com.jayway.jsonpath.internal.path.CompiledPath - Evaluating path: $
15:15:13.385 [pool-2-thread-1] DEBUG com.jayway.jsonpath.internal.JsonContext - Put path $ key type value {}
15:15:13.385 [pool-2-thread-1] DEBUG com.jayway.jsonpath.internal.path.CompiledPath - Evaluating path: $
15:15:13.385 [pool-2-thread-1] DEBUG com.jayway.jsonpath.internal.JsonContext - Put path $ key type value keyUp
15:15:13.385 [pool-2-thread-1] DEBUG com.jayway.jsonpath.internal.path.CompiledPath - Evaluating path: $['text']
15:15:13.385 [pool-2-thread-1] DEBUG com.jayway.jsonpath.internal.path.CompiledPath - Evaluating path: $
15:15:13.385 [pool-2-thread-1] DEBUG com.jayway.jsonpath.internal.path.CompiledPath - Evaluating path: $
15:15:13.385 [pool-2-thread-1] DEBUG com.jayway.jsonpath.internal.JsonContext - Put path $ key text value {}
15:15:13.385 [pool-2-thread-1] DEBUG com.jayway.jsonpath.internal.path.CompiledPath - Evaluating path: $
15:15:13.385 [pool-2-thread-1] DEBUG com.jayway.jsonpath.internal.JsonContext - Put path $ key text value a
15:15:13.385 [pool-2-thread-1] DEBUG com.jayway.jsonpath.internal.path.CompiledPath - Evaluating path: $['windowsVirtualKeyCode']
15:15:13.385 [pool-2-thread-1] DEBUG com.jayway.jsonpath.internal.path.CompiledPath - Evaluating path: $
15:15:13.385 [pool-2-thread-1] DEBUG com.jayway.jsonpath.internal.path.CompiledPath - Evaluating path: $
15:15:13.385 [pool-2-thread-1] DEBUG com.jayway.jsonpath.internal.JsonContext - Put path $ key windowsVirtualKeyCode value {}
15:15:13.385 [pool-2-thread-1] DEBUG com.jayway.jsonpath.internal.path.CompiledPath - Evaluating path: $
15:15:13.385 [pool-2-thread-1] DEBUG com.jayway.jsonpath.internal.JsonContext - Put path $ key windowsVirtualKeyCode value 97
15:15:13.385 [pool-2-thread-1] DEBUG com.jayway.jsonpath.internal.path.CompiledPath - Evaluating path: $
15:15:13.385 [pool-2-thread-1] DEBUG com.intuit.karate.driver.chrome_1743063309369 - >> {"id":41,"sessionId":"B63F5043D4B5AB48736279C9539AC056","method":"Input.dispatchKeyEvent","params":{"modifiers":0,"type":"keyUp","text":"a","windowsVirtualKeyCode":97}}
15:15:13.386 [nioEventLoopGroup-2-1] DEBUG com.intuit.karate.driver.chrome_1743063309369 - << {"id":41,"result":{},"sessionId":"B63F5043D4B5AB48736279C9539AC056"}
15:15:13.386 [nioEventLoopGroup-2-1] DEBUG com.jayway.jsonpath.internal.path.CompiledPath - Evaluating path: $
15:15:13.386 [pool-2-thread-1] DEBUG com.jayway.jsonpath.internal.path.CompiledPath - Evaluating path: $['modifiers']
15:15:13.386 [pool-2-thread-1] DEBUG com.jayway.jsonpath.internal.path.CompiledPath - Evaluating path: $
15:15:13.386 [pool-2-thread-1] DEBUG com.jayway.jsonpath.internal.path.CompiledPath - Evaluating path: $
15:15:13.386 [pool-2-thread-1] DEBUG com.jayway.jsonpath.internal.JsonContext - Put path $ key modifiers value {}
15:15:13.386 [pool-2-thread-1] DEBUG com.jayway.jsonpath.internal.path.CompiledPath - Evaluating path: $
15:15:13.386 [pool-2-thread-1] DEBUG com.jayway.jsonpath.internal.JsonContext - Put path $ key modifiers value 0
15:15:13.386 [pool-2-thread-1] DEBUG com.jayway.jsonpath.internal.path.CompiledPath - Evaluating path: $['type']
15:15:13.386 [pool-2-thread-1] DEBUG com.jayway.jsonpath.internal.path.CompiledPath - Evaluating path: $
15:15:13.386 [pool-2-thread-1] DEBUG com.jayway.jsonpath.internal.path.CompiledPath - Evaluating path: $
15:15:13.386 [pool-2-thread-1] DEBUG com.jayway.jsonpath.internal.JsonContext - Put path $ key type value {}
15:15:13.386 [pool-2-thread-1] DEBUG com.jayway.jsonpath.internal.path.CompiledPath - Evaluating path: $
15:15:13.386 [pool-2-thread-1] DEBUG com.jayway.jsonpath.internal.JsonContext - Put path $ key type value rawKeyDown
15:15:13.386 [pool-2-thread-1] DEBUG com.jayway.jsonpath.internal.path.CompiledPath - Evaluating path: $['text']
15:15:13.386 [pool-2-thread-1] DEBUG com.jayway.jsonpath.internal.path.CompiledPath - Evaluating path: $
15:15:13.386 [pool-2-thread-1] DEBUG com.jayway.jsonpath.internal.path.CompiledPath - Evaluating path: $
15:15:13.386 [pool-2-thread-1] DEBUG com.jayway.jsonpath.internal.JsonContext - Put path $ key text value {}
15:15:13.386 [pool-2-thread-1] DEBUG com.jayway.jsonpath.internal.path.CompiledPath - Evaluating path: $
15:15:13.386 [pool-2-thread-1] DEBUG com.jayway.jsonpath.internal.JsonContext - Put path $ key text value n
15:15:13.386 [pool-2-thread-1] DEBUG com.jayway.jsonpath.internal.path.CompiledPath - Evaluating path: $['windowsVirtualKeyCode']
15:15:13.386 [pool-2-thread-1] DEBUG com.jayway.jsonpath.internal.path.CompiledPath - Evaluating path: $
15:15:13.386 [pool-2-thread-1] DEBUG com.jayway.jsonpath.internal.path.CompiledPath - Evaluating path: $
15:15:13.386 [pool-2-thread-1] DEBUG com.jayway.jsonpath.internal.JsonContext - Put path $ key windowsVirtualKeyCode value {}
15:15:13.386 [pool-2-thread-1] DEBUG com.jayway.jsonpath.internal.path.CompiledPath - Evaluating path: $
15:15:13.386 [pool-2-thread-1] DEBUG com.jayway.jsonpath.internal.JsonContext - Put path $ key windowsVirtualKeyCode value 110
15:15:13.386 [pool-2-thread-1] DEBUG com.jayway.jsonpath.internal.path.CompiledPath - Evaluating path: $
15:15:13.386 [pool-2-thread-1] DEBUG com.intuit.karate.driver.chrome_1743063309369 - >> {"id":42,"sessionId":"B63F5043D4B5AB48736279C9539AC056","method":"Input.dispatchKeyEvent","params":{"modifiers":0,"type":"rawKeyDown","text":"n","windowsVirtualKeyCode":110}}
15:15:13.386 [nioEventLoopGroup-2-1] DEBUG com.intuit.karate.driver.chrome_1743063309369 - << {"id":42,"result":{},"sessionId":"B63F5043D4B5AB48736279C9539AC056"}
15:15:13.386 [nioEventLoopGroup-2-1] DEBUG com.jayway.jsonpath.internal.path.CompiledPath - Evaluating path: $
15:15:13.387 [pool-2-thread-1] DEBUG com.jayway.jsonpath.internal.path.CompiledPath - Evaluating path: $['modifiers']
15:15:13.387 [pool-2-thread-1] DEBUG com.jayway.jsonpath.internal.path.CompiledPath - Evaluating path: $
15:15:13.387 [pool-2-thread-1] DEBUG com.jayway.jsonpath.internal.path.CompiledPath - Evaluating path: $
15:15:13.387 [pool-2-thread-1] DEBUG com.jayway.jsonpath.internal.JsonContext - Put path $ key modifiers value {}
15:15:13.387 [pool-2-thread-1] DEBUG com.jayway.jsonpath.internal.path.CompiledPath - Evaluating path: $
15:15:13.387 [pool-2-thread-1] DEBUG com.jayway.jsonpath.internal.JsonContext - Put path $ key modifiers value 0
15:15:13.387 [pool-2-thread-1] DEBUG com.jayway.jsonpath.internal.path.CompiledPath - Evaluating path: $['type']
15:15:13.387 [pool-2-thread-1] DEBUG com.jayway.jsonpath.internal.path.CompiledPath - Evaluating path: $
15:15:13.387 [pool-2-thread-1] DEBUG com.jayway.jsonpath.internal.path.CompiledPath - Evaluating path: $
15:15:13.387 [pool-2-thread-1] DEBUG com.jayway.jsonpath.internal.JsonContext - Put path $ key type value {}
15:15:13.387 [pool-2-thread-1] DEBUG com.jayway.jsonpath.internal.path.CompiledPath - Evaluating path: $
15:15:13.387 [pool-2-thread-1] DEBUG com.jayway.jsonpath.internal.JsonContext - Put path $ key type value char
15:15:13.387 [pool-2-thread-1] DEBUG com.jayway.jsonpath.internal.path.CompiledPath - Evaluating path: $['text']
15:15:13.387 [pool-2-thread-1] DEBUG com.jayway.jsonpath.internal.path.CompiledPath - Evaluating path: $
15:15:13.387 [pool-2-thread-1] DEBUG com.jayway.jsonpath.internal.path.CompiledPath - Evaluating path: $
15:15:13.387 [pool-2-thread-1] DEBUG com.jayway.jsonpath.internal.JsonContext - Put path $ key text value {}
15:15:13.387 [pool-2-thread-1] DEBUG com.jayway.jsonpath.internal.path.CompiledPath - Evaluating path: $
15:15:13.387 [pool-2-thread-1] DEBUG com.jayway.jsonpath.internal.JsonContext - Put path $ key text value n
15:15:13.387 [pool-2-thread-1] DEBUG com.jayway.jsonpath.internal.path.CompiledPath - Evaluating path: $['windowsVirtualKeyCode']
15:15:13.387 [pool-2-thread-1] DEBUG com.jayway.jsonpath.internal.path.CompiledPath - Evaluating path: $
15:15:13.387 [pool-2-thread-1] DEBUG com.jayway.jsonpath.internal.path.CompiledPath - Evaluating path: $
15:15:13.387 [pool-2-thread-1] DEBUG com.jayway.jsonpath.internal.JsonContext - Put path $ key windowsVirtualKeyCode value {}
15:15:13.387 [pool-2-thread-1] DEBUG com.jayway.jsonpath.internal.path.CompiledPath - Evaluating path: $
15:15:13.387 [pool-2-thread-1] DEBUG com.jayway.jsonpath.internal.JsonContext - Put path $ key windowsVirtualKeyCode value 110
15:15:13.387 [pool-2-thread-1] DEBUG com.jayway.jsonpath.internal.path.CompiledPath - Evaluating path: $
15:15:13.387 [pool-2-thread-1] DEBUG com.intuit.karate.driver.chrome_1743063309369 - >> {"id":43,"sessionId":"B63F5043D4B5AB48736279C9539AC056","method":"Input.dispatchKeyEvent","params":{"modifiers":0,"type":"char","text":"n","windowsVirtualKeyCode":110}}
15:15:13.387 [nioEventLoopGroup-2-1] DEBUG com.intuit.karate.driver.chrome_1743063309369 - << {"id":43,"result":{},"sessionId":"B63F5043D4B5AB48736279C9539AC056"}
15:15:13.387 [nioEventLoopGroup-2-1] DEBUG com.jayway.jsonpath.internal.path.CompiledPath - Evaluating path: $
15:15:13.387 [pool-2-thread-1] DEBUG com.jayway.jsonpath.internal.path.CompiledPath - Evaluating path: $['modifiers']
15:15:13.387 [pool-2-thread-1] DEBUG com.jayway.jsonpath.internal.path.CompiledPath - Evaluating path: $
15:15:13.387 [pool-2-thread-1] DEBUG com.jayway.jsonpath.internal.path.CompiledPath - Evaluating path: $
15:15:13.387 [pool-2-thread-1] DEBUG com.jayway.jsonpath.internal.JsonContext - Put path $ key modifiers value {}
15:15:13.388 [pool-2-thread-1] DEBUG com.jayway.jsonpath.internal.path.CompiledPath - Evaluating path: $
15:15:13.388 [pool-2-thread-1] DEBUG com.jayway.jsonpath.internal.JsonContext - Put path $ key modifiers value 0
15:15:13.388 [pool-2-thread-1] DEBUG com.jayway.jsonpath.internal.path.CompiledPath - Evaluating path: $['type']
15:15:13.389 [pool-2-thread-1] DEBUG com.jayway.jsonpath.internal.path.CompiledPath - Evaluating path: $
15:15:13.389 [pool-2-thread-1] DEBUG com.jayway.jsonpath.internal.path.CompiledPath - Evaluating path: $
15:15:13.389 [pool-2-thread-1] DEBUG com.jayway.jsonpath.internal.JsonContext - Put path $ key type value {}
15:15:13.389 [pool-2-thread-1] DEBUG com.jayway.jsonpath.internal.path.CompiledPath - Evaluating path: $
15:15:13.389 [pool-2-thread-1] DEBUG com.jayway.jsonpath.internal.JsonContext - Put path $ key type value keyUp
15:15:13.389 [pool-2-thread-1] DEBUG com.jayway.jsonpath.internal.path.CompiledPath - Evaluating path: $['text']
15:15:13.389 [pool-2-thread-1] DEBUG com.jayway.jsonpath.internal.path.CompiledPath - Evaluating path: $
15:15:13.389 [pool-2-thread-1] DEBUG com.jayway.jsonpath.internal.path.CompiledPath - Evaluating path: $
15:15:13.389 [pool-2-thread-1] DEBUG com.jayway.jsonpath.internal.JsonContext - Put path $ key text value {}
15:15:13.389 [pool-2-thread-1] DEBUG com.jayway.jsonpath.internal.path.CompiledPath - Evaluating path: $
15:15:13.389 [pool-2-thread-1] DEBUG com.jayway.jsonpath.internal.JsonContext - Put path $ key text value n
15:15:13.389 [pool-2-thread-1] DEBUG com.jayway.jsonpath.internal.path.CompiledPath - Evaluating path: $['windowsVirtualKeyCode']
15:15:13.389 [pool-2-thread-1] DEBUG com.jayway.jsonpath.internal.path.CompiledPath - Evaluating path: $
15:15:13.389 [pool-2-thread-1] DEBUG com.jayway.jsonpath.internal.path.CompiledPath - Evaluating path: $
15:15:13.389 [pool-2-thread-1] DEBUG com.jayway.jsonpath.internal.JsonContext - Put path $ key windowsVirtualKeyCode value {}
15:15:13.389 [pool-2-thread-1] DEBUG com.jayway.jsonpath.internal.path.CompiledPath - Evaluating path: $
15:15:13.389 [pool-2-thread-1] DEBUG com.jayway.jsonpath.internal.JsonContext - Put path $ key windowsVirtualKeyCode value 110
15:15:13.389 [pool-2-thread-1] DEBUG com.jayway.jsonpath.internal.path.CompiledPath - Evaluating path: $
15:15:13.389 [pool-2-thread-1] DEBUG com.intuit.karate.driver.chrome_1743063309369 - >> {"id":44,"sessionId":"B63F5043D4B5AB48736279C9539AC056","method":"Input.dispatchKeyEvent","params":{"modifiers":0,"type":"keyUp","text":"n","windowsVirtualKeyCode":110}}
15:15:13.391 [nioEventLoopGroup-2-1] DEBUG com.intuit.karate.driver.chrome_1743063309369 - << {"id":44,"result":{},"sessionId":"B63F5043D4B5AB48736279C9539AC056"}
15:15:13.391 [nioEventLoopGroup-2-1] DEBUG com.jayway.jsonpath.internal.path.CompiledPath - Evaluating path: $
15:15:13.392 [pool-2-thread-1] DEBUG com.jayway.jsonpath.internal.path.CompiledPath - Evaluating path: $['modifiers']
15:15:13.392 [pool-2-thread-1] DEBUG com.jayway.jsonpath.internal.path.CompiledPath - Evaluating path: $
15:15:13.392 [pool-2-thread-1] DEBUG com.jayway.jsonpath.internal.path.CompiledPath - Evaluating path: $
15:15:13.392 [pool-2-thread-1] DEBUG com.jayway.jsonpath.internal.JsonContext - Put path $ key modifiers value {}
15:15:13.392 [pool-2-thread-1] DEBUG com.jayway.jsonpath.internal.path.CompiledPath - Evaluating path: $
15:15:13.392 [pool-2-thread-1] DEBUG com.jayway.jsonpath.internal.JsonContext - Put path $ key modifiers value 0
15:15:13.392 [pool-2-thread-1] DEBUG com.jayway.jsonpath.internal.path.CompiledPath - Evaluating path: $['type']
15:15:13.392 [pool-2-thread-1] DEBUG com.jayway.jsonpath.internal.path.CompiledPath - Evaluating path: $
15:15:13.392 [pool-2-thread-1] DEBUG com.jayway.jsonpath.internal.path.CompiledPath - Evaluating path: $
15:15:13.392 [pool-2-thread-1] DEBUG com.jayway.jsonpath.internal.JsonContext - Put path $ key type value {}
15:15:13.392 [pool-2-thread-1] DEBUG com.jayway.jsonpath.internal.path.CompiledPath - Evaluating path: $
15:15:13.392 [pool-2-thread-1] DEBUG com.jayway.jsonpath.internal.JsonContext - Put path $ key type value rawKeyDown
15:15:13.392 [pool-2-thread-1] DEBUG com.jayway.jsonpath.internal.path.CompiledPath - Evaluating path: $['text']
15:15:13.392 [pool-2-thread-1] DEBUG com.jayway.jsonpath.internal.path.CompiledPath - Evaluating path: $
15:15:13.392 [pool-2-thread-1] DEBUG com.jayway.jsonpath.internal.path.CompiledPath - Evaluating path: $
15:15:13.392 [pool-2-thread-1] DEBUG com.jayway.jsonpath.internal.JsonContext - Put path $ key text value {}
15:15:13.392 [pool-2-thread-1] DEBUG com.jayway.jsonpath.internal.path.CompiledPath - Evaluating path: $
15:15:13.392 [pool-2-thread-1] DEBUG com.jayway.jsonpath.internal.JsonContext - Put path $ key text value g
15:15:13.392 [pool-2-thread-1] DEBUG com.jayway.jsonpath.internal.path.CompiledPath - Evaluating path: $['windowsVirtualKeyCode']
15:15:13.392 [pool-2-thread-1] DEBUG com.jayway.jsonpath.internal.path.CompiledPath - Evaluating path: $
15:15:13.392 [pool-2-thread-1] DEBUG com.jayway.jsonpath.internal.path.CompiledPath - Evaluating path: $
15:15:13.392 [pool-2-thread-1] DEBUG com.jayway.jsonpath.internal.JsonContext - Put path $ key windowsVirtualKeyCode value {}
15:15:13.392 [pool-2-thread-1] DEBUG com.jayway.jsonpath.internal.path.CompiledPath - Evaluating path: $
15:15:13.392 [pool-2-thread-1] DEBUG com.jayway.jsonpath.internal.JsonContext - Put path $ key windowsVirtualKeyCode value 103
15:15:13.392 [pool-2-thread-1] DEBUG com.jayway.jsonpath.internal.path.CompiledPath - Evaluating path: $
15:15:13.392 [pool-2-thread-1] DEBUG com.intuit.karate.driver.chrome_1743063309369 - >> {"id":45,"sessionId":"B63F5043D4B5AB48736279C9539AC056","method":"Input.dispatchKeyEvent","params":{"modifiers":0,"type":"rawKeyDown","text":"g","windowsVirtualKeyCode":103}}
15:15:13.393 [nioEventLoopGroup-2-1] DEBUG com.intuit.karate.driver.chrome_1743063309369 - << {"id":45,"result":{},"sessionId":"B63F5043D4B5AB48736279C9539AC056"}
15:15:13.393 [nioEventLoopGroup-2-1] DEBUG com.jayway.jsonpath.internal.path.CompiledPath - Evaluating path: $
15:15:13.394 [pool-2-thread-1] DEBUG com.jayway.jsonpath.internal.path.CompiledPath - Evaluating path: $['modifiers']
15:15:13.394 [pool-2-thread-1] DEBUG com.jayway.jsonpath.internal.path.CompiledPath - Evaluating path: $
15:15:13.394 [pool-2-thread-1] DEBUG com.jayway.jsonpath.internal.path.CompiledPath - Evaluating path: $
15:15:13.394 [pool-2-thread-1] DEBUG com.jayway.jsonpath.internal.JsonContext - Put path $ key modifiers value {}
15:15:13.394 [pool-2-thread-1] DEBUG com.jayway.jsonpath.internal.path.CompiledPath - Evaluating path: $
15:15:13.394 [pool-2-thread-1] DEBUG com.jayway.jsonpath.internal.JsonContext - Put path $ key modifiers value 0
15:15:13.394 [pool-2-thread-1] DEBUG com.jayway.jsonpath.internal.path.CompiledPath - Evaluating path: $['type']
15:15:13.394 [pool-2-thread-1] DEBUG com.jayway.jsonpath.internal.path.CompiledPath - Evaluating path: $
15:15:13.394 [pool-2-thread-1] DEBUG com.jayway.jsonpath.internal.path.CompiledPath - Evaluating path: $
15:15:13.394 [pool-2-thread-1] DEBUG com.jayway.jsonpath.internal.JsonContext - Put path $ key type value {}
15:15:13.394 [pool-2-thread-1] DEBUG com.jayway.jsonpath.internal.path.CompiledPath - Evaluating path: $
15:15:13.394 [pool-2-thread-1] DEBUG com.jayway.jsonpath.internal.JsonContext - Put path $ key type value char
15:15:13.394 [pool-2-thread-1] DEBUG com.jayway.jsonpath.internal.path.CompiledPath - Evaluating path: $['text']
15:15:13.394 [pool-2-thread-1] DEBUG com.jayway.jsonpath.internal.path.CompiledPath - Evaluating path: $
15:15:13.394 [pool-2-thread-1] DEBUG com.jayway.jsonpath.internal.path.CompiledPath - Evaluating path: $
15:15:13.394 [pool-2-thread-1] DEBUG com.jayway.jsonpath.internal.JsonContext - Put path $ key text value {}
15:15:13.394 [pool-2-thread-1] DEBUG com.jayway.jsonpath.internal.path.CompiledPath - Evaluating path: $
15:15:13.394 [pool-2-thread-1] DEBUG com.jayway.jsonpath.internal.JsonContext - Put path $ key text value g
15:15:13.394 [pool-2-thread-1] DEBUG com.jayway.jsonpath.internal.path.CompiledPath - Evaluating path: $['windowsVirtualKeyCode']
15:15:13.394 [pool-2-thread-1] DEBUG com.jayway.jsonpath.internal.path.CompiledPath - Evaluating path: $
15:15:13.394 [pool-2-thread-1] DEBUG com.jayway.jsonpath.internal.path.CompiledPath - Evaluating path: $
15:15:13.394 [pool-2-thread-1] DEBUG com.jayway.jsonpath.internal.JsonContext - Put path $ key windowsVirtualKeyCode value {}
15:15:13.394 [pool-2-thread-1] DEBUG com.jayway.jsonpath.internal.path.CompiledPath - Evaluating path: $
15:15:13.394 [pool-2-thread-1] DEBUG com.jayway.jsonpath.internal.JsonContext - Put path $ key windowsVirtualKeyCode value 103
15:15:13.394 [pool-2-thread-1] DEBUG com.jayway.jsonpath.internal.path.CompiledPath - Evaluating path: $
15:15:13.394 [pool-2-thread-1] DEBUG com.intuit.karate.driver.chrome_1743063309369 - >> {"id":46,"sessionId":"B63F5043D4B5AB48736279C9539AC056","method":"Input.dispatchKeyEvent","params":{"modifiers":0,"type":"char","text":"g","windowsVirtualKeyCode":103}}
15:15:13.398 [nioEventLoopGroup-2-1] DEBUG com.intuit.karate.driver.chrome_1743063309369 - << {"id":46,"result":{},"sessionId":"B63F5043D4B5AB48736279C9539AC056"}
15:15:13.399 [nioEventLoopGroup-2-1] DEBUG com.jayway.jsonpath.internal.path.CompiledPath - Evaluating path: $
15:15:13.400 [pool-2-thread-1] DEBUG com.jayway.jsonpath.internal.path.CompiledPath - Evaluating path: $['modifiers']
15:15:13.400 [pool-2-thread-1] DEBUG com.jayway.jsonpath.internal.path.CompiledPath - Evaluating path: $
15:15:13.400 [pool-2-thread-1] DEBUG com.jayway.jsonpath.internal.path.CompiledPath - Evaluating path: $
15:15:13.400 [pool-2-thread-1] DEBUG com.jayway.jsonpath.internal.JsonContext - Put path $ key modifiers value {}
15:15:13.400 [pool-2-thread-1] DEBUG com.jayway.jsonpath.internal.path.CompiledPath - Evaluating path: $
15:15:13.400 [pool-2-thread-1] DEBUG com.jayway.jsonpath.internal.JsonContext - Put path $ key modifiers value 0
15:15:13.400 [pool-2-thread-1] DEBUG com.jayway.jsonpath.internal.path.CompiledPath - Evaluating path: $['type']
15:15:13.400 [pool-2-thread-1] DEBUG com.jayway.jsonpath.internal.path.CompiledPath - Evaluating path: $
15:15:13.400 [pool-2-thread-1] DEBUG com.jayway.jsonpath.internal.path.CompiledPath - Evaluating path: $
15:15:13.400 [pool-2-thread-1] DEBUG com.jayway.jsonpath.internal.JsonContext - Put path $ key type value {}
15:15:13.400 [pool-2-thread-1] DEBUG com.jayway.jsonpath.internal.path.CompiledPath - Evaluating path: $
15:15:13.400 [pool-2-thread-1] DEBUG com.jayway.jsonpath.internal.JsonContext - Put path $ key type value keyUp
15:15:13.400 [pool-2-thread-1] DEBUG com.jayway.jsonpath.internal.path.CompiledPath - Evaluating path: $['text']
15:15:13.400 [pool-2-thread-1] DEBUG com.jayway.jsonpath.internal.path.CompiledPath - Evaluating path: $
15:15:13.400 [pool-2-thread-1] DEBUG com.jayway.jsonpath.internal.path.CompiledPath - Evaluating path: $
15:15:13.400 [pool-2-thread-1] DEBUG com.jayway.jsonpath.internal.JsonContext - Put path $ key text value {}
15:15:13.400 [pool-2-thread-1] DEBUG com.jayway.jsonpath.internal.path.CompiledPath - Evaluating path: $
15:15:13.400 [pool-2-thread-1] DEBUG com.jayway.jsonpath.internal.JsonContext - Put path $ key text value g
15:15:13.400 [pool-2-thread-1] DEBUG com.jayway.jsonpath.internal.path.CompiledPath - Evaluating path: $['windowsVirtualKeyCode']
15:15:13.400 [pool-2-thread-1] DEBUG com.jayway.jsonpath.internal.path.CompiledPath - Evaluating path: $
15:15:13.400 [pool-2-thread-1] DEBUG com.jayway.jsonpath.internal.path.CompiledPath - Evaluating path: $
15:15:13.400 [pool-2-thread-1] DEBUG com.jayway.jsonpath.internal.JsonContext - Put path $ key windowsVirtualKeyCode value {}
15:15:13.400 [pool-2-thread-1] DEBUG com.jayway.jsonpath.internal.path.CompiledPath - Evaluating path: $
15:15:13.400 [pool-2-thread-1] DEBUG com.jayway.jsonpath.internal.JsonContext - Put path $ key windowsVirtualKeyCode value 103
15:15:13.400 [pool-2-thread-1] DEBUG com.jayway.jsonpath.internal.path.CompiledPath - Evaluating path: $
15:15:13.401 [pool-2-thread-1] DEBUG com.intuit.karate.driver.chrome_1743063309369 - >> {"id":47,"sessionId":"B63F5043D4B5AB48736279C9539AC056","method":"Input.dispatchKeyEvent","params":{"modifiers":0,"type":"keyUp","text":"g","windowsVirtualKeyCode":103}}
15:15:13.402 [nioEventLoopGroup-2-1] DEBUG com.intuit.karate.driver.chrome_1743063309369 - << {"id":47,"result":{},"sessionId":"B63F5043D4B5AB48736279C9539AC056"}
15:15:13.403 [nioEventLoopGroup-2-1] DEBUG com.jayway.jsonpath.internal.path.CompiledPath - Evaluating path: $
15:15:13.404 [pool-2-thread-1] DEBUG com.jayway.jsonpath.internal.path.CompiledPath - Evaluating path: $['modifiers']
15:15:13.404 [pool-2-thread-1] DEBUG com.jayway.jsonpath.internal.path.CompiledPath - Evaluating path: $
15:15:13.404 [pool-2-thread-1] DEBUG com.jayway.jsonpath.internal.path.CompiledPath - Evaluating path: $
15:15:13.404 [pool-2-thread-1] DEBUG com.jayway.jsonpath.internal.JsonContext - Put path $ key modifiers value {}
15:15:13.404 [pool-2-thread-1] DEBUG com.jayway.jsonpath.internal.path.CompiledPath - Evaluating path: $
15:15:13.404 [pool-2-thread-1] DEBUG com.jayway.jsonpath.internal.JsonContext - Put path $ key modifiers value 0
15:15:13.404 [pool-2-thread-1] DEBUG com.jayway.jsonpath.internal.path.CompiledPath - Evaluating path: $['type']
15:15:13.404 [pool-2-thread-1] DEBUG com.jayway.jsonpath.internal.path.CompiledPath - Evaluating path: $
15:15:13.404 [pool-2-thread-1] DEBUG com.jayway.jsonpath.internal.path.CompiledPath - Evaluating path: $
15:15:13.404 [pool-2-thread-1] DEBUG com.jayway.jsonpath.internal.JsonContext - Put path $ key type value {}
15:15:13.404 [pool-2-thread-1] DEBUG com.jayway.jsonpath.internal.path.CompiledPath - Evaluating path: $
15:15:13.404 [pool-2-thread-1] DEBUG com.jayway.jsonpath.internal.JsonContext - Put path $ key type value rawKeyDown
15:15:13.404 [pool-2-thread-1] DEBUG com.jayway.jsonpath.internal.path.CompiledPath - Evaluating path: $['text']
15:15:13.404 [pool-2-thread-1] DEBUG com.jayway.jsonpath.internal.path.CompiledPath - Evaluating path: $
15:15:13.404 [pool-2-thread-1] DEBUG com.jayway.jsonpath.internal.path.CompiledPath - Evaluating path: $
15:15:13.404 [pool-2-thread-1] DEBUG com.jayway.jsonpath.internal.JsonContext - Put path $ key text value {}
15:15:13.404 [pool-2-thread-1] DEBUG com.jayway.jsonpath.internal.path.CompiledPath - Evaluating path: $
15:15:13.404 [pool-2-thread-1] DEBUG com.jayway.jsonpath.internal.JsonContext - Put path $ key text value @
15:15:13.404 [pool-2-thread-1] DEBUG com.jayway.jsonpath.internal.path.CompiledPath - Evaluating path: $['windowsVirtualKeyCode']
15:15:13.404 [pool-2-thread-1] DEBUG com.jayway.jsonpath.internal.path.CompiledPath - Evaluating path: $
15:15:13.404 [pool-2-thread-1] DEBUG com.jayway.jsonpath.internal.path.CompiledPath - Evaluating path: $
15:15:13.404 [pool-2-thread-1] DEBUG com.jayway.jsonpath.internal.JsonContext - Put path $ key windowsVirtualKeyCode value {}
15:15:13.404 [pool-2-thread-1] DEBUG com.jayway.jsonpath.internal.path.CompiledPath - Evaluating path: $
15:15:13.404 [pool-2-thread-1] DEBUG com.jayway.jsonpath.internal.JsonContext - Put path $ key windowsVirtualKeyCode value 512
15:15:13.404 [pool-2-thread-1] DEBUG com.jayway.jsonpath.internal.path.CompiledPath - Evaluating path: $
15:15:13.404 [pool-2-thread-1] DEBUG com.intuit.karate.driver.chrome_1743063309369 - >> {"id":48,"sessionId":"B63F5043D4B5AB48736279C9539AC056","method":"Input.dispatchKeyEvent","params":{"modifiers":0,"type":"rawKeyDown","text":"@","windowsVirtualKeyCode":512}}
15:15:13.406 [nioEventLoopGroup-2-1] DEBUG com.intuit.karate.driver.chrome_1743063309369 - << {"id":48,"result":{},"sessionId":"B63F5043D4B5AB48736279C9539AC056"}
15:15:13.406 [nioEventLoopGroup-2-1] DEBUG com.jayway.jsonpath.internal.path.CompiledPath - Evaluating path: $
15:15:13.406 [pool-2-thread-1] DEBUG com.jayway.jsonpath.internal.path.CompiledPath - Evaluating path: $['modifiers']
15:15:13.406 [pool-2-thread-1] DEBUG com.jayway.jsonpath.internal.path.CompiledPath - Evaluating path: $
15:15:13.406 [pool-2-thread-1] DEBUG com.jayway.jsonpath.internal.path.CompiledPath - Evaluating path: $
15:15:13.406 [pool-2-thread-1] DEBUG com.jayway.jsonpath.internal.JsonContext - Put path $ key modifiers value {}
15:15:13.406 [pool-2-thread-1] DEBUG com.jayway.jsonpath.internal.path.CompiledPath - Evaluating path: $
15:15:13.406 [pool-2-thread-1] DEBUG com.jayway.jsonpath.internal.JsonContext - Put path $ key modifiers value 0
15:15:13.406 [pool-2-thread-1] DEBUG com.jayway.jsonpath.internal.path.CompiledPath - Evaluating path: $['type']
15:15:13.406 [pool-2-thread-1] DEBUG com.jayway.jsonpath.internal.path.CompiledPath - Evaluating path: $
15:15:13.406 [pool-2-thread-1] DEBUG com.jayway.jsonpath.internal.path.CompiledPath - Evaluating path: $
15:15:13.406 [pool-2-thread-1] DEBUG com.jayway.jsonpath.internal.JsonContext - Put path $ key type value {}
15:15:13.406 [pool-2-thread-1] DEBUG com.jayway.jsonpath.internal.path.CompiledPath - Evaluating path: $
15:15:13.406 [pool-2-thread-1] DEBUG com.jayway.jsonpath.internal.JsonContext - Put path $ key type value char
15:15:13.406 [pool-2-thread-1] DEBUG com.jayway.jsonpath.internal.path.CompiledPath - Evaluating path: $['text']
15:15:13.406 [pool-2-thread-1] DEBUG com.jayway.jsonpath.internal.path.CompiledPath - Evaluating path: $
15:15:13.406 [pool-2-thread-1] DEBUG com.jayway.jsonpath.internal.path.CompiledPath - Evaluating path: $
15:15:13.406 [pool-2-thread-1] DEBUG com.jayway.jsonpath.internal.JsonContext - Put path $ key text value {}
15:15:13.406 [pool-2-thread-1] DEBUG com.jayway.jsonpath.internal.path.CompiledPath - Evaluating path: $
15:15:13.406 [pool-2-thread-1] DEBUG com.jayway.jsonpath.internal.JsonContext - Put path $ key text value @
15:15:13.406 [pool-2-thread-1] DEBUG com.jayway.jsonpath.internal.path.CompiledPath - Evaluating path: $['windowsVirtualKeyCode']
15:15:13.406 [pool-2-thread-1] DEBUG com.jayway.jsonpath.internal.path.CompiledPath - Evaluating path: $
15:15:13.406 [pool-2-thread-1] DEBUG com.jayway.jsonpath.internal.path.CompiledPath - Evaluating path: $
15:15:13.406 [pool-2-thread-1] DEBUG com.jayway.jsonpath.internal.JsonContext - Put path $ key windowsVirtualKeyCode value {}
15:15:13.406 [pool-2-thread-1] DEBUG com.jayway.jsonpath.internal.path.CompiledPath - Evaluating path: $
15:15:13.406 [pool-2-thread-1] DEBUG com.jayway.jsonpath.internal.JsonContext - Put path $ key windowsVirtualKeyCode value 512
15:15:13.406 [pool-2-thread-1] DEBUG com.jayway.jsonpath.internal.path.CompiledPath - Evaluating path: $
15:15:13.406 [pool-2-thread-1] DEBUG com.intuit.karate.driver.chrome_1743063309369 - >> {"id":49,"sessionId":"B63F5043D4B5AB48736279C9539AC056","method":"Input.dispatchKeyEvent","params":{"modifiers":0,"type":"char","text":"@","windowsVirtualKeyCode":512}}
15:15:13.407 [nioEventLoopGroup-2-1] DEBUG com.intuit.karate.driver.chrome_1743063309369 - << {"id":49,"result":{},"sessionId":"B63F5043D4B5AB48736279C9539AC056"}
15:15:13.407 [nioEventLoopGroup-2-1] DEBUG com.jayway.jsonpath.internal.path.CompiledPath - Evaluating path: $
15:15:13.407 [pool-2-thread-1] DEBUG com.jayway.jsonpath.internal.path.CompiledPath - Evaluating path: $['modifiers']
15:15:13.407 [pool-2-thread-1] DEBUG com.jayway.jsonpath.internal.path.CompiledPath - Evaluating path: $
15:15:13.407 [pool-2-thread-1] DEBUG com.jayway.jsonpath.internal.path.CompiledPath - Evaluating path: $
15:15:13.407 [pool-2-thread-1] DEBUG com.jayway.jsonpath.internal.JsonContext - Put path $ key modifiers value {}
15:15:13.407 [pool-2-thread-1] DEBUG com.jayway.jsonpath.internal.path.CompiledPath - Evaluating path: $
15:15:13.407 [pool-2-thread-1] DEBUG com.jayway.jsonpath.internal.JsonContext - Put path $ key modifiers value 0
15:15:13.407 [pool-2-thread-1] DEBUG com.jayway.jsonpath.internal.path.CompiledPath - Evaluating path: $['type']
15:15:13.407 [pool-2-thread-1] DEBUG com.jayway.jsonpath.internal.path.CompiledPath - Evaluating path: $
15:15:13.407 [pool-2-thread-1] DEBUG com.jayway.jsonpath.internal.path.CompiledPath - Evaluating path: $
15:15:13.407 [pool-2-thread-1] DEBUG com.jayway.jsonpath.internal.JsonContext - Put path $ key type value {}
15:15:13.407 [pool-2-thread-1] DEBUG com.jayway.jsonpath.internal.path.CompiledPath - Evaluating path: $
15:15:13.407 [pool-2-thread-1] DEBUG com.jayway.jsonpath.internal.JsonContext - Put path $ key type value keyUp
15:15:13.407 [pool-2-thread-1] DEBUG com.jayway.jsonpath.internal.path.CompiledPath - Evaluating path: $['text']
15:15:13.407 [pool-2-thread-1] DEBUG com.jayway.jsonpath.internal.path.CompiledPath - Evaluating path: $
15:15:13.407 [pool-2-thread-1] DEBUG com.jayway.jsonpath.internal.path.CompiledPath - Evaluating path: $
15:15:13.407 [pool-2-thread-1] DEBUG com.jayway.jsonpath.internal.JsonContext - Put path $ key text value {}
15:15:13.407 [pool-2-thread-1] DEBUG com.jayway.jsonpath.internal.path.CompiledPath - Evaluating path: $
15:15:13.407 [pool-2-thread-1] DEBUG com.jayway.jsonpath.internal.JsonContext - Put path $ key text value @
15:15:13.407 [pool-2-thread-1] DEBUG com.jayway.jsonpath.internal.path.CompiledPath - Evaluating path: $['windowsVirtualKeyCode']
15:15:13.407 [pool-2-thread-1] DEBUG com.jayway.jsonpath.internal.path.CompiledPath - Evaluating path: $
15:15:13.407 [pool-2-thread-1] DEBUG com.jayway.jsonpath.internal.path.CompiledPath - Evaluating path: $
15:15:13.407 [pool-2-thread-1] DEBUG com.jayway.jsonpath.internal.JsonContext - Put path $ key windowsVirtualKeyCode value {}
15:15:13.408 [pool-2-thread-1] DEBUG com.jayway.jsonpath.internal.path.CompiledPath - Evaluating path: $
15:15:13.408 [pool-2-thread-1] DEBUG com.jayway.jsonpath.internal.JsonContext - Put path $ key windowsVirtualKeyCode value 512
15:15:13.408 [pool-2-thread-1] DEBUG com.jayway.jsonpath.internal.path.CompiledPath - Evaluating path: $
15:15:13.408 [pool-2-thread-1] DEBUG com.intuit.karate.driver.chrome_1743063309369 - >> {"id":50,"sessionId":"B63F5043D4B5AB48736279C9539AC056","method":"Input.dispatchKeyEvent","params":{"modifiers":0,"type":"keyUp","text":"@","windowsVirtualKeyCode":512}}
15:15:13.408 [nioEventLoopGroup-2-1] DEBUG com.intuit.karate.driver.chrome_1743063309369 - << {"id":50,"result":{},"sessionId":"B63F5043D4B5AB48736279C9539AC056"}
15:15:13.408 [nioEventLoopGroup-2-1] DEBUG com.jayway.jsonpath.internal.path.CompiledPath - Evaluating path: $
15:15:13.408 [pool-2-thread-1] DEBUG com.jayway.jsonpath.internal.path.CompiledPath - Evaluating path: $['modifiers']
15:15:13.408 [pool-2-thread-1] DEBUG com.jayway.jsonpath.internal.path.CompiledPath - Evaluating path: $
15:15:13.408 [pool-2-thread-1] DEBUG com.jayway.jsonpath.internal.path.CompiledPath - Evaluating path: $
15:15:13.408 [pool-2-thread-1] DEBUG com.jayway.jsonpath.internal.JsonContext - Put path $ key modifiers value {}
15:15:13.408 [pool-2-thread-1] DEBUG com.jayway.jsonpath.internal.path.CompiledPath - Evaluating path: $
15:15:13.408 [pool-2-thread-1] DEBUG com.jayway.jsonpath.internal.JsonContext - Put path $ key modifiers value 0
15:15:13.408 [pool-2-thread-1] DEBUG com.jayway.jsonpath.internal.path.CompiledPath - Evaluating path: $['type']
15:15:13.408 [pool-2-thread-1] DEBUG com.jayway.jsonpath.internal.path.CompiledPath - Evaluating path: $
15:15:13.408 [pool-2-thread-1] DEBUG com.jayway.jsonpath.internal.path.CompiledPath - Evaluating path: $
15:15:13.408 [pool-2-thread-1] DEBUG com.jayway.jsonpath.internal.JsonContext - Put path $ key type value {}
15:15:13.408 [pool-2-thread-1] DEBUG com.jayway.jsonpath.internal.path.CompiledPath - Evaluating path: $
15:15:13.408 [pool-2-thread-1] DEBUG com.jayway.jsonpath.internal.JsonContext - Put path $ key type value rawKeyDown
15:15:13.408 [pool-2-thread-1] DEBUG com.jayway.jsonpath.internal.path.CompiledPath - Evaluating path: $['text']
15:15:13.408 [pool-2-thread-1] DEBUG com.jayway.jsonpath.internal.path.CompiledPath - Evaluating path: $
15:15:13.409 [pool-2-thread-1] DEBUG com.jayway.jsonpath.internal.path.CompiledPath - Evaluating path: $
15:15:13.409 [pool-2-thread-1] DEBUG com.jayway.jsonpath.internal.JsonContext - Put path $ key text value {}
15:15:13.409 [pool-2-thread-1] DEBUG com.jayway.jsonpath.internal.path.CompiledPath - Evaluating path: $
15:15:13.409 [pool-2-thread-1] DEBUG com.jayway.jsonpath.internal.JsonContext - Put path $ key text value g
15:15:13.409 [pool-2-thread-1] DEBUG com.jayway.jsonpath.internal.path.CompiledPath - Evaluating path: $['windowsVirtualKeyCode']
15:15:13.409 [pool-2-thread-1] DEBUG com.jayway.jsonpath.internal.path.CompiledPath - Evaluating path: $
15:15:13.409 [pool-2-thread-1] DEBUG com.jayway.jsonpath.internal.path.CompiledPath - Evaluating path: $
15:15:13.409 [pool-2-thread-1] DEBUG com.jayway.jsonpath.internal.JsonContext - Put path $ key windowsVirtualKeyCode value {}
15:15:13.409 [pool-2-thread-1] DEBUG com.jayway.jsonpath.internal.path.CompiledPath - Evaluating path: $
15:15:13.409 [pool-2-thread-1] DEBUG com.jayway.jsonpath.internal.JsonContext - Put path $ key windowsVirtualKeyCode value 103
15:15:13.409 [pool-2-thread-1] DEBUG com.jayway.jsonpath.internal.path.CompiledPath - Evaluating path: $
15:15:13.409 [pool-2-thread-1] DEBUG com.intuit.karate.driver.chrome_1743063309369 - >> {"id":51,"sessionId":"B63F5043D4B5AB48736279C9539AC056","method":"Input.dispatchKeyEvent","params":{"modifiers":0,"type":"rawKeyDown","text":"g","windowsVirtualKeyCode":103}}
15:15:13.409 [nioEventLoopGroup-2-1] DEBUG com.intuit.karate.driver.chrome_1743063309369 - << {"id":51,"result":{},"sessionId":"B63F5043D4B5AB48736279C9539AC056"}
15:15:13.409 [nioEventLoopGroup-2-1] DEBUG com.jayway.jsonpath.internal.path.CompiledPath - Evaluating path: $
15:15:13.409 [pool-2-thread-1] DEBUG com.jayway.jsonpath.internal.path.CompiledPath - Evaluating path: $['modifiers']
15:15:13.409 [pool-2-thread-1] DEBUG com.jayway.jsonpath.internal.path.CompiledPath - Evaluating path: $
15:15:13.409 [pool-2-thread-1] DEBUG com.jayway.jsonpath.internal.path.CompiledPath - Evaluating path: $
15:15:13.409 [pool-2-thread-1] DEBUG com.jayway.jsonpath.internal.JsonContext - Put path $ key modifiers value {}
15:15:13.410 [pool-2-thread-1] DEBUG com.jayway.jsonpath.internal.path.CompiledPath - Evaluating path: $
15:15:13.410 [pool-2-thread-1] DEBUG com.jayway.jsonpath.internal.JsonContext - Put path $ key modifiers value 0
15:15:13.410 [pool-2-thread-1] DEBUG com.jayway.jsonpath.internal.path.CompiledPath - Evaluating path: $['type']
15:15:13.410 [pool-2-thread-1] DEBUG com.jayway.jsonpath.internal.path.CompiledPath - Evaluating path: $
15:15:13.410 [pool-2-thread-1] DEBUG com.jayway.jsonpath.internal.path.CompiledPath - Evaluating path: $
15:15:13.410 [pool-2-thread-1] DEBUG com.jayway.jsonpath.internal.JsonContext - Put path $ key type value {}
15:15:13.410 [pool-2-thread-1] DEBUG com.jayway.jsonpath.internal.path.CompiledPath - Evaluating path: $
15:15:13.410 [pool-2-thread-1] DEBUG com.jayway.jsonpath.internal.JsonContext - Put path $ key type value char
15:15:13.410 [pool-2-thread-1] DEBUG com.jayway.jsonpath.internal.path.CompiledPath - Evaluating path: $['text']
15:15:13.410 [pool-2-thread-1] DEBUG com.jayway.jsonpath.internal.path.CompiledPath - Evaluating path: $
15:15:13.410 [pool-2-thread-1] DEBUG com.jayway.jsonpath.internal.path.CompiledPath - Evaluating path: $
15:15:13.410 [pool-2-thread-1] DEBUG com.jayway.jsonpath.internal.JsonContext - Put path $ key text value {}
15:15:13.410 [pool-2-thread-1] DEBUG com.jayway.jsonpath.internal.path.CompiledPath - Evaluating path: $
15:15:13.410 [pool-2-thread-1] DEBUG com.jayway.jsonpath.internal.JsonContext - Put path $ key text value g
15:15:13.410 [pool-2-thread-1] DEBUG com.jayway.jsonpath.internal.path.CompiledPath - Evaluating path: $['windowsVirtualKeyCode']
15:15:13.410 [pool-2-thread-1] DEBUG com.jayway.jsonpath.internal.path.CompiledPath - Evaluating path: $
15:15:13.410 [pool-2-thread-1] DEBUG com.jayway.jsonpath.internal.path.CompiledPath - Evaluating path: $
15:15:13.410 [pool-2-thread-1] DEBUG com.jayway.jsonpath.internal.JsonContext - Put path $ key windowsVirtualKeyCode value {}
15:15:13.410 [pool-2-thread-1] DEBUG com.jayway.jsonpath.internal.path.CompiledPath - Evaluating path: $
15:15:13.410 [pool-2-thread-1] DEBUG com.jayway.jsonpath.internal.JsonContext - Put path $ key windowsVirtualKeyCode value 103
15:15:13.410 [pool-2-thread-1] DEBUG com.jayway.jsonpath.internal.path.CompiledPath - Evaluating path: $
15:15:13.410 [pool-2-thread-1] DEBUG com.intuit.karate.driver.chrome_1743063309369 - >> {"id":52,"sessionId":"B63F5043D4B5AB48736279C9539AC056","method":"Input.dispatchKeyEvent","params":{"modifiers":0,"type":"char","text":"g","windowsVirtualKeyCode":103}}
15:15:13.412 [nioEventLoopGroup-2-1] DEBUG com.intuit.karate.driver.chrome_1743063309369 - << {"id":52,"result":{},"sessionId":"B63F5043D4B5AB48736279C9539AC056"}
15:15:13.412 [nioEventLoopGroup-2-1] DEBUG com.jayway.jsonpath.internal.path.CompiledPath - Evaluating path: $
15:15:13.412 [pool-2-thread-1] DEBUG com.jayway.jsonpath.internal.path.CompiledPath - Evaluating path: $['modifiers']
15:15:13.412 [pool-2-thread-1] DEBUG com.jayway.jsonpath.internal.path.CompiledPath - Evaluating path: $
15:15:13.412 [pool-2-thread-1] DEBUG com.jayway.jsonpath.internal.path.CompiledPath - Evaluating path: $
15:15:13.412 [pool-2-thread-1] DEBUG com.jayway.jsonpath.internal.JsonContext - Put path $ key modifiers value {}
15:15:13.412 [pool-2-thread-1] DEBUG com.jayway.jsonpath.internal.path.CompiledPath - Evaluating path: $
15:15:13.412 [pool-2-thread-1] DEBUG com.jayway.jsonpath.internal.JsonContext - Put path $ key modifiers value 0
15:15:13.412 [pool-2-thread-1] DEBUG com.jayway.jsonpath.internal.path.CompiledPath - Evaluating path: $['type']
15:15:13.413 [pool-2-thread-1] DEBUG com.jayway.jsonpath.internal.path.CompiledPath - Evaluating path: $
15:15:13.413 [pool-2-thread-1] DEBUG com.jayway.jsonpath.internal.path.CompiledPath - Evaluating path: $
15:15:13.413 [pool-2-thread-1] DEBUG com.jayway.jsonpath.internal.JsonContext - Put path $ key type value {}
15:15:13.413 [pool-2-thread-1] DEBUG com.jayway.jsonpath.internal.path.CompiledPath - Evaluating path: $
15:15:13.413 [pool-2-thread-1] DEBUG com.jayway.jsonpath.internal.JsonContext - Put path $ key type value keyUp
15:15:13.413 [pool-2-thread-1] DEBUG com.jayway.jsonpath.internal.path.CompiledPath - Evaluating path: $['text']
15:15:13.413 [pool-2-thread-1] DEBUG com.jayway.jsonpath.internal.path.CompiledPath - Evaluating path: $
15:15:13.413 [pool-2-thread-1] DEBUG com.jayway.jsonpath.internal.path.CompiledPath - Evaluating path: $
15:15:13.413 [pool-2-thread-1] DEBUG com.jayway.jsonpath.internal.JsonContext - Put path $ key text value {}
15:15:13.413 [pool-2-thread-1] DEBUG com.jayway.jsonpath.internal.path.CompiledPath - Evaluating path: $
15:15:13.413 [pool-2-thread-1] DEBUG com.jayway.jsonpath.internal.JsonContext - Put path $ key text value g
15:15:13.413 [pool-2-thread-1] DEBUG com.jayway.jsonpath.internal.path.CompiledPath - Evaluating path: $['windowsVirtualKeyCode']
15:15:13.413 [pool-2-thread-1] DEBUG com.jayway.jsonpath.internal.path.CompiledPath - Evaluating path: $
15:15:13.413 [pool-2-thread-1] DEBUG com.jayway.jsonpath.internal.path.CompiledPath - Evaluating path: $
15:15:13.413 [pool-2-thread-1] DEBUG com.jayway.jsonpath.internal.JsonContext - Put path $ key windowsVirtualKeyCode value {}
15:15:13.413 [pool-2-thread-1] DEBUG com.jayway.jsonpath.internal.path.CompiledPath - Evaluating path: $
15:15:13.413 [pool-2-thread-1] DEBUG com.jayway.jsonpath.internal.JsonContext - Put path $ key windowsVirtualKeyCode value 103
15:15:13.413 [pool-2-thread-1] DEBUG com.jayway.jsonpath.internal.path.CompiledPath - Evaluating path: $
15:15:13.413 [pool-2-thread-1] DEBUG com.intuit.karate.driver.chrome_1743063309369 - >> {"id":53,"sessionId":"B63F5043D4B5AB48736279C9539AC056","method":"Input.dispatchKeyEvent","params":{"modifiers":0,"type":"keyUp","text":"g","windowsVirtualKeyCode":103}}
15:15:13.414 [nioEventLoopGroup-2-1] DEBUG com.intuit.karate.driver.chrome_1743063309369 - << {"id":53,"result":{},"sessionId":"B63F5043D4B5AB48736279C9539AC056"}
15:15:13.415 [nioEventLoopGroup-2-1] DEBUG com.jayway.jsonpath.internal.path.CompiledPath - Evaluating path: $
15:15:13.415 [pool-2-thread-1] DEBUG com.jayway.jsonpath.internal.path.CompiledPath - Evaluating path: $['modifiers']
15:15:13.415 [pool-2-thread-1] DEBUG com.jayway.jsonpath.internal.path.CompiledPath - Evaluating path: $
15:15:13.415 [pool-2-thread-1] DEBUG com.jayway.jsonpath.internal.path.CompiledPath - Evaluating path: $
15:15:13.415 [pool-2-thread-1] DEBUG com.jayway.jsonpath.internal.JsonContext - Put path $ key modifiers value {}
15:15:13.415 [pool-2-thread-1] DEBUG com.jayway.jsonpath.internal.path.CompiledPath - Evaluating path: $
15:15:13.415 [pool-2-thread-1] DEBUG com.jayway.jsonpath.internal.JsonContext - Put path $ key modifiers value 0
15:15:13.415 [pool-2-thread-1] DEBUG com.jayway.jsonpath.internal.path.CompiledPath - Evaluating path: $['type']
15:15:13.415 [pool-2-thread-1] DEBUG com.jayway.jsonpath.internal.path.CompiledPath - Evaluating path: $
15:15:13.415 [pool-2-thread-1] DEBUG com.jayway.jsonpath.internal.path.CompiledPath - Evaluating path: $
15:15:13.415 [pool-2-thread-1] DEBUG com.jayway.jsonpath.internal.JsonContext - Put path $ key type value {}
15:15:13.415 [pool-2-thread-1] DEBUG com.jayway.jsonpath.internal.path.CompiledPath - Evaluating path: $
15:15:13.415 [pool-2-thread-1] DEBUG com.jayway.jsonpath.internal.JsonContext - Put path $ key type value rawKeyDown
15:15:13.415 [pool-2-thread-1] DEBUG com.jayway.jsonpath.internal.path.CompiledPath - Evaluating path: $['text']
15:15:13.415 [pool-2-thread-1] DEBUG com.jayway.jsonpath.internal.path.CompiledPath - Evaluating path: $
15:15:13.415 [pool-2-thread-1] DEBUG com.jayway.jsonpath.internal.path.CompiledPath - Evaluating path: $
15:15:13.415 [pool-2-thread-1] DEBUG com.jayway.jsonpath.internal.JsonContext - Put path $ key text value {}
15:15:13.415 [pool-2-thread-1] DEBUG com.jayway.jsonpath.internal.path.CompiledPath - Evaluating path: $
15:15:13.415 [pool-2-thread-1] DEBUG com.jayway.jsonpath.internal.JsonContext - Put path $ key text value m
15:15:13.415 [pool-2-thread-1] DEBUG com.jayway.jsonpath.internal.path.CompiledPath - Evaluating path: $['windowsVirtualKeyCode']
15:15:13.415 [pool-2-thread-1] DEBUG com.jayway.jsonpath.internal.path.CompiledPath - Evaluating path: $
15:15:13.415 [pool-2-thread-1] DEBUG com.jayway.jsonpath.internal.path.CompiledPath - Evaluating path: $
15:15:13.415 [pool-2-thread-1] DEBUG com.jayway.jsonpath.internal.JsonContext - Put path $ key windowsVirtualKeyCode value {}
15:15:13.415 [pool-2-thread-1] DEBUG com.jayway.jsonpath.internal.path.CompiledPath - Evaluating path: $
15:15:13.415 [pool-2-thread-1] DEBUG com.jayway.jsonpath.internal.JsonContext - Put path $ key windowsVirtualKeyCode value 109
15:15:13.415 [pool-2-thread-1] DEBUG com.jayway.jsonpath.internal.path.CompiledPath - Evaluating path: $
15:15:13.415 [pool-2-thread-1] DEBUG com.intuit.karate.driver.chrome_1743063309369 - >> {"id":54,"sessionId":"B63F5043D4B5AB48736279C9539AC056","method":"Input.dispatchKeyEvent","params":{"modifiers":0,"type":"rawKeyDown","text":"m","windowsVirtualKeyCode":109}}
15:15:13.416 [nioEventLoopGroup-2-1] DEBUG com.intuit.karate.driver.chrome_1743063309369 - << {"id":54,"result":{},"sessionId":"B63F5043D4B5AB48736279C9539AC056"}
15:15:13.416 [nioEventLoopGroup-2-1] DEBUG com.jayway.jsonpath.internal.path.CompiledPath - Evaluating path: $
15:15:13.416 [pool-2-thread-1] DEBUG com.jayway.jsonpath.internal.path.CompiledPath - Evaluating path: $['modifiers']
15:15:13.416 [pool-2-thread-1] DEBUG com.jayway.jsonpath.internal.path.CompiledPath - Evaluating path: $
15:15:13.416 [pool-2-thread-1] DEBUG com.jayway.jsonpath.internal.path.CompiledPath - Evaluating path: $
15:15:13.416 [pool-2-thread-1] DEBUG com.jayway.jsonpath.internal.JsonContext - Put path $ key modifiers value {}
15:15:13.416 [pool-2-thread-1] DEBUG com.jayway.jsonpath.internal.path.CompiledPath - Evaluating path: $
15:15:13.416 [pool-2-thread-1] DEBUG com.jayway.jsonpath.internal.JsonContext - Put path $ key modifiers value 0
15:15:13.416 [pool-2-thread-1] DEBUG com.jayway.jsonpath.internal.path.CompiledPath - Evaluating path: $['type']
15:15:13.416 [pool-2-thread-1] DEBUG com.jayway.jsonpath.internal.path.CompiledPath - Evaluating path: $
15:15:13.416 [pool-2-thread-1] DEBUG com.jayway.jsonpath.internal.path.CompiledPath - Evaluating path: $
15:15:13.416 [pool-2-thread-1] DEBUG com.jayway.jsonpath.internal.JsonContext - Put path $ key type value {}
15:15:13.416 [pool-2-thread-1] DEBUG com.jayway.jsonpath.internal.path.CompiledPath - Evaluating path: $
15:15:13.416 [pool-2-thread-1] DEBUG com.jayway.jsonpath.internal.JsonContext - Put path $ key type value char
15:15:13.416 [pool-2-thread-1] DEBUG com.jayway.jsonpath.internal.path.CompiledPath - Evaluating path: $['text']
15:15:13.416 [pool-2-thread-1] DEBUG com.jayway.jsonpath.internal.path.CompiledPath - Evaluating path: $
15:15:13.416 [pool-2-thread-1] DEBUG com.jayway.jsonpath.internal.path.CompiledPath - Evaluating path: $
15:15:13.416 [pool-2-thread-1] DEBUG com.jayway.jsonpath.internal.JsonContext - Put path $ key text value {}
15:15:13.416 [pool-2-thread-1] DEBUG com.jayway.jsonpath.internal.path.CompiledPath - Evaluating path: $
15:15:13.416 [pool-2-thread-1] DEBUG com.jayway.jsonpath.internal.JsonContext - Put path $ key text value m
15:15:13.416 [pool-2-thread-1] DEBUG com.jayway.jsonpath.internal.path.CompiledPath - Evaluating path: $['windowsVirtualKeyCode']
15:15:13.416 [pool-2-thread-1] DEBUG com.jayway.jsonpath.internal.path.CompiledPath - Evaluating path: $
15:15:13.416 [pool-2-thread-1] DEBUG com.jayway.jsonpath.internal.path.CompiledPath - Evaluating path: $
15:15:13.416 [pool-2-thread-1] DEBUG com.jayway.jsonpath.internal.JsonContext - Put path $ key windowsVirtualKeyCode value {}
15:15:13.416 [pool-2-thread-1] DEBUG com.jayway.jsonpath.internal.path.CompiledPath - Evaluating path: $
15:15:13.416 [pool-2-thread-1] DEBUG com.jayway.jsonpath.internal.JsonContext - Put path $ key windowsVirtualKeyCode value 109
15:15:13.416 [pool-2-thread-1] DEBUG com.jayway.jsonpath.internal.path.CompiledPath - Evaluating path: $
15:15:13.416 [pool-2-thread-1] DEBUG com.intuit.karate.driver.chrome_1743063309369 - >> {"id":55,"sessionId":"B63F5043D4B5AB48736279C9539AC056","method":"Input.dispatchKeyEvent","params":{"modifiers":0,"type":"char","text":"m","windowsVirtualKeyCode":109}}
15:15:13.417 [nioEventLoopGroup-2-1] DEBUG com.intuit.karate.driver.chrome_1743063309369 - << {"id":55,"result":{},"sessionId":"B63F5043D4B5AB48736279C9539AC056"}
15:15:13.417 [nioEventLoopGroup-2-1] DEBUG com.jayway.jsonpath.internal.path.CompiledPath - Evaluating path: $
15:15:13.417 [pool-2-thread-1] DEBUG com.jayway.jsonpath.internal.path.CompiledPath - Evaluating path: $['modifiers']
15:15:13.417 [pool-2-thread-1] DEBUG com.jayway.jsonpath.internal.path.CompiledPath - Evaluating path: $
15:15:13.417 [pool-2-thread-1] DEBUG com.jayway.jsonpath.internal.path.CompiledPath - Evaluating path: $
15:15:13.417 [pool-2-thread-1] DEBUG com.jayway.jsonpath.internal.JsonContext - Put path $ key modifiers value {}
15:15:13.417 [pool-2-thread-1] DEBUG com.jayway.jsonpath.internal.path.CompiledPath - Evaluating path: $
15:15:13.417 [pool-2-thread-1] DEBUG com.jayway.jsonpath.internal.JsonContext - Put path $ key modifiers value 0
15:15:13.417 [pool-2-thread-1] DEBUG com.jayway.jsonpath.internal.path.CompiledPath - Evaluating path: $['type']
15:15:13.417 [pool-2-thread-1] DEBUG com.jayway.jsonpath.internal.path.CompiledPath - Evaluating path: $
15:15:13.417 [pool-2-thread-1] DEBUG com.jayway.jsonpath.internal.path.CompiledPath - Evaluating path: $
15:15:13.417 [pool-2-thread-1] DEBUG com.jayway.jsonpath.internal.JsonContext - Put path $ key type value {}
15:15:13.417 [pool-2-thread-1] DEBUG com.jayway.jsonpath.internal.path.CompiledPath - Evaluating path: $
15:15:13.417 [pool-2-thread-1] DEBUG com.jayway.jsonpath.internal.JsonContext - Put path $ key type value keyUp
15:15:13.417 [pool-2-thread-1] DEBUG com.jayway.jsonpath.internal.path.CompiledPath - Evaluating path: $['text']
15:15:13.417 [pool-2-thread-1] DEBUG com.jayway.jsonpath.internal.path.CompiledPath - Evaluating path: $
15:15:13.417 [pool-2-thread-1] DEBUG com.jayway.jsonpath.internal.path.CompiledPath - Evaluating path: $
15:15:13.417 [pool-2-thread-1] DEBUG com.jayway.jsonpath.internal.JsonContext - Put path $ key text value {}
15:15:13.417 [pool-2-thread-1] DEBUG com.jayway.jsonpath.internal.path.CompiledPath - Evaluating path: $
15:15:13.417 [pool-2-thread-1] DEBUG com.jayway.jsonpath.internal.JsonContext - Put path $ key text value m
15:15:13.417 [pool-2-thread-1] DEBUG com.jayway.jsonpath.internal.path.CompiledPath - Evaluating path: $['windowsVirtualKeyCode']
15:15:13.417 [pool-2-thread-1] DEBUG com.jayway.jsonpath.internal.path.CompiledPath - Evaluating path: $
15:15:13.417 [pool-2-thread-1] DEBUG com.jayway.jsonpath.internal.path.CompiledPath - Evaluating path: $
15:15:13.417 [pool-2-thread-1] DEBUG com.jayway.jsonpath.internal.JsonContext - Put path $ key windowsVirtualKeyCode value {}
15:15:13.417 [pool-2-thread-1] DEBUG com.jayway.jsonpath.internal.path.CompiledPath - Evaluating path: $
15:15:13.417 [pool-2-thread-1] DEBUG com.jayway.jsonpath.internal.JsonContext - Put path $ key windowsVirtualKeyCode value 109
15:15:13.417 [pool-2-thread-1] DEBUG com.jayway.jsonpath.internal.path.CompiledPath - Evaluating path: $
15:15:13.417 [pool-2-thread-1] DEBUG com.intuit.karate.driver.chrome_1743063309369 - >> {"id":56,"sessionId":"B63F5043D4B5AB48736279C9539AC056","method":"Input.dispatchKeyEvent","params":{"modifiers":0,"type":"keyUp","text":"m","windowsVirtualKeyCode":109}}
15:15:13.418 [nioEventLoopGroup-2-1] DEBUG com.intuit.karate.driver.chrome_1743063309369 - << {"id":56,"result":{},"sessionId":"B63F5043D4B5AB48736279C9539AC056"}
15:15:13.418 [nioEventLoopGroup-2-1] DEBUG com.jayway.jsonpath.internal.path.CompiledPath - Evaluating path: $
15:15:13.418 [pool-2-thread-1] DEBUG com.jayway.jsonpath.internal.path.CompiledPath - Evaluating path: $['modifiers']
15:15:13.418 [pool-2-thread-1] DEBUG com.jayway.jsonpath.internal.path.CompiledPath - Evaluating path: $
15:15:13.418 [pool-2-thread-1] DEBUG com.jayway.jsonpath.internal.path.CompiledPath - Evaluating path: $
15:15:13.418 [pool-2-thread-1] DEBUG com.jayway.jsonpath.internal.JsonContext - Put path $ key modifiers value {}
15:15:13.418 [pool-2-thread-1] DEBUG com.jayway.jsonpath.internal.path.CompiledPath - Evaluating path: $
15:15:13.418 [pool-2-thread-1] DEBUG com.jayway.jsonpath.internal.JsonContext - Put path $ key modifiers value 0
15:15:13.418 [pool-2-thread-1] DEBUG com.jayway.jsonpath.internal.path.CompiledPath - Evaluating path: $['type']
15:15:13.418 [pool-2-thread-1] DEBUG com.jayway.jsonpath.internal.path.CompiledPath - Evaluating path: $
15:15:13.418 [pool-2-thread-1] DEBUG com.jayway.jsonpath.internal.path.CompiledPath - Evaluating path: $
15:15:13.418 [pool-2-thread-1] DEBUG com.jayway.jsonpath.internal.JsonContext - Put path $ key type value {}
15:15:13.418 [pool-2-thread-1] DEBUG com.jayway.jsonpath.internal.path.CompiledPath - Evaluating path: $
15:15:13.418 [pool-2-thread-1] DEBUG com.jayway.jsonpath.internal.JsonContext - Put path $ key type value rawKeyDown
15:15:13.418 [pool-2-thread-1] DEBUG com.jayway.jsonpath.internal.path.CompiledPath - Evaluating path: $['text']
15:15:13.418 [pool-2-thread-1] DEBUG com.jayway.jsonpath.internal.path.CompiledPath - Evaluating path: $
15:15:13.418 [pool-2-thread-1] DEBUG com.jayway.jsonpath.internal.path.CompiledPath - Evaluating path: $
15:15:13.418 [pool-2-thread-1] DEBUG com.jayway.jsonpath.internal.JsonContext - Put path $ key text value {}
15:15:13.418 [pool-2-thread-1] DEBUG com.jayway.jsonpath.internal.path.CompiledPath - Evaluating path: $
15:15:13.418 [pool-2-thread-1] DEBUG com.jayway.jsonpath.internal.JsonContext - Put path $ key text value a
15:15:13.418 [pool-2-thread-1] DEBUG com.jayway.jsonpath.internal.path.CompiledPath - Evaluating path: $['windowsVirtualKeyCode']
15:15:13.418 [pool-2-thread-1] DEBUG com.jayway.jsonpath.internal.path.CompiledPath - Evaluating path: $
15:15:13.418 [pool-2-thread-1] DEBUG com.jayway.jsonpath.internal.path.CompiledPath - Evaluating path: $
15:15:13.418 [pool-2-thread-1] DEBUG com.jayway.jsonpath.internal.JsonContext - Put path $ key windowsVirtualKeyCode value {}
15:15:13.418 [pool-2-thread-1] DEBUG com.jayway.jsonpath.internal.path.CompiledPath - Evaluating path: $
15:15:13.418 [pool-2-thread-1] DEBUG com.jayway.jsonpath.internal.JsonContext - Put path $ key windowsVirtualKeyCode value 97
15:15:13.418 [pool-2-thread-1] DEBUG com.jayway.jsonpath.internal.path.CompiledPath - Evaluating path: $
15:15:13.418 [pool-2-thread-1] DEBUG com.intuit.karate.driver.chrome_1743063309369 - >> {"id":57,"sessionId":"B63F5043D4B5AB48736279C9539AC056","method":"Input.dispatchKeyEvent","params":{"modifiers":0,"type":"rawKeyDown","text":"a","windowsVirtualKeyCode":97}}
15:15:13.420 [nioEventLoopGroup-2-1] DEBUG com.intuit.karate.driver.chrome_1743063309369 - << {"id":57,"result":{},"sessionId":"B63F5043D4B5AB48736279C9539AC056"}
15:15:13.421 [nioEventLoopGroup-2-1] DEBUG com.jayway.jsonpath.internal.path.CompiledPath - Evaluating path: $
15:15:13.421 [pool-2-thread-1] DEBUG com.jayway.jsonpath.internal.path.CompiledPath - Evaluating path: $['modifiers']
15:15:13.421 [pool-2-thread-1] DEBUG com.jayway.jsonpath.internal.path.CompiledPath - Evaluating path: $
15:15:13.421 [pool-2-thread-1] DEBUG com.jayway.jsonpath.internal.path.CompiledPath - Evaluating path: $
15:15:13.421 [pool-2-thread-1] DEBUG com.jayway.jsonpath.internal.JsonContext - Put path $ key modifiers value {}
15:15:13.421 [pool-2-thread-1] DEBUG com.jayway.jsonpath.internal.path.CompiledPath - Evaluating path: $
15:15:13.421 [pool-2-thread-1] DEBUG com.jayway.jsonpath.internal.JsonContext - Put path $ key modifiers value 0
15:15:13.421 [pool-2-thread-1] DEBUG com.jayway.jsonpath.internal.path.CompiledPath - Evaluating path: $['type']
15:15:13.421 [pool-2-thread-1] DEBUG com.jayway.jsonpath.internal.path.CompiledPath - Evaluating path: $
15:15:13.421 [pool-2-thread-1] DEBUG com.jayway.jsonpath.internal.path.CompiledPath - Evaluating path: $
15:15:13.421 [pool-2-thread-1] DEBUG com.jayway.jsonpath.internal.JsonContext - Put path $ key type value {}
15:15:13.421 [pool-2-thread-1] DEBUG com.jayway.jsonpath.internal.path.CompiledPath - Evaluating path: $
15:15:13.421 [pool-2-thread-1] DEBUG com.jayway.jsonpath.internal.JsonContext - Put path $ key type value char
15:15:13.421 [pool-2-thread-1] DEBUG com.jayway.jsonpath.internal.path.CompiledPath - Evaluating path: $['text']
15:15:13.421 [pool-2-thread-1] DEBUG com.jayway.jsonpath.internal.path.CompiledPath - Evaluating path: $
15:15:13.421 [pool-2-thread-1] DEBUG com.jayway.jsonpath.internal.path.CompiledPath - Evaluating path: $
15:15:13.421 [pool-2-thread-1] DEBUG com.jayway.jsonpath.internal.JsonContext - Put path $ key text value {}
15:15:13.421 [pool-2-thread-1] DEBUG com.jayway.jsonpath.internal.path.CompiledPath - Evaluating path: $
15:15:13.421 [pool-2-thread-1] DEBUG com.jayway.jsonpath.internal.JsonContext - Put path $ key text value a
15:15:13.421 [pool-2-thread-1] DEBUG com.jayway.jsonpath.internal.path.CompiledPath - Evaluating path: $['windowsVirtualKeyCode']
15:15:13.421 [pool-2-thread-1] DEBUG com.jayway.jsonpath.internal.path.CompiledPath - Evaluating path: $
15:15:13.421 [pool-2-thread-1] DEBUG com.jayway.jsonpath.internal.path.CompiledPath - Evaluating path: $
15:15:13.421 [pool-2-thread-1] DEBUG com.jayway.jsonpath.internal.JsonContext - Put path $ key windowsVirtualKeyCode value {}
15:15:13.421 [pool-2-thread-1] DEBUG com.jayway.jsonpath.internal.path.CompiledPath - Evaluating path: $
15:15:13.421 [pool-2-thread-1] DEBUG com.jayway.jsonpath.internal.JsonContext - Put path $ key windowsVirtualKeyCode value 97
15:15:13.421 [pool-2-thread-1] DEBUG com.jayway.jsonpath.internal.path.CompiledPath - Evaluating path: $
15:15:13.421 [pool-2-thread-1] DEBUG com.intuit.karate.driver.chrome_1743063309369 - >> {"id":58,"sessionId":"B63F5043D4B5AB48736279C9539AC056","method":"Input.dispatchKeyEvent","params":{"modifiers":0,"type":"char","text":"a","windowsVirtualKeyCode":97}}
15:15:13.423 [nioEventLoopGroup-2-1] DEBUG com.intuit.karate.driver.chrome_1743063309369 - << {"id":58,"result":{},"sessionId":"B63F5043D4B5AB48736279C9539AC056"}
15:15:13.423 [nioEventLoopGroup-2-1] DEBUG com.jayway.jsonpath.internal.path.CompiledPath - Evaluating path: $
15:15:13.424 [pool-2-thread-1] DEBUG com.jayway.jsonpath.internal.path.CompiledPath - Evaluating path: $['modifiers']
15:15:13.424 [pool-2-thread-1] DEBUG com.jayway.jsonpath.internal.path.CompiledPath - Evaluating path: $
15:15:13.424 [pool-2-thread-1] DEBUG com.jayway.jsonpath.internal.path.CompiledPath - Evaluating path: $
15:15:13.424 [pool-2-thread-1] DEBUG com.jayway.jsonpath.internal.JsonContext - Put path $ key modifiers value {}
15:15:13.424 [pool-2-thread-1] DEBUG com.jayway.jsonpath.internal.path.CompiledPath - Evaluating path: $
15:15:13.424 [pool-2-thread-1] DEBUG com.jayway.jsonpath.internal.JsonContext - Put path $ key modifiers value 0
15:15:13.424 [pool-2-thread-1] DEBUG com.jayway.jsonpath.internal.path.CompiledPath - Evaluating path: $['type']
15:15:13.424 [pool-2-thread-1] DEBUG com.jayway.jsonpath.internal.path.CompiledPath - Evaluating path: $
15:15:13.424 [pool-2-thread-1] DEBUG com.jayway.jsonpath.internal.path.CompiledPath - Evaluating path: $
15:15:13.424 [pool-2-thread-1] DEBUG com.jayway.jsonpath.internal.JsonContext - Put path $ key type value {}
15:15:13.424 [pool-2-thread-1] DEBUG com.jayway.jsonpath.internal.path.CompiledPath - Evaluating path: $
15:15:13.424 [pool-2-thread-1] DEBUG com.jayway.jsonpath.internal.JsonContext - Put path $ key type value keyUp
15:15:13.424 [pool-2-thread-1] DEBUG com.jayway.jsonpath.internal.path.CompiledPath - Evaluating path: $['text']
15:15:13.424 [pool-2-thread-1] DEBUG com.jayway.jsonpath.internal.path.CompiledPath - Evaluating path: $
15:15:13.424 [pool-2-thread-1] DEBUG com.jayway.jsonpath.internal.path.CompiledPath - Evaluating path: $
15:15:13.424 [pool-2-thread-1] DEBUG com.jayway.jsonpath.internal.JsonContext - Put path $ key text value {}
15:15:13.424 [pool-2-thread-1] DEBUG com.jayway.jsonpath.internal.path.CompiledPath - Evaluating path: $
15:15:13.424 [pool-2-thread-1] DEBUG com.jayway.jsonpath.internal.JsonContext - Put path $ key text value a
15:15:13.424 [pool-2-thread-1] DEBUG com.jayway.jsonpath.internal.path.CompiledPath - Evaluating path: $['windowsVirtualKeyCode']
15:15:13.424 [pool-2-thread-1] DEBUG com.jayway.jsonpath.internal.path.CompiledPath - Evaluating path: $
15:15:13.424 [pool-2-thread-1] DEBUG com.jayway.jsonpath.internal.path.CompiledPath - Evaluating path: $
15:15:13.424 [pool-2-thread-1] DEBUG com.jayway.jsonpath.internal.JsonContext - Put path $ key windowsVirtualKeyCode value {}
15:15:13.424 [pool-2-thread-1] DEBUG com.jayway.jsonpath.internal.path.CompiledPath - Evaluating path: $
15:15:13.424 [pool-2-thread-1] DEBUG com.jayway.jsonpath.internal.JsonContext - Put path $ key windowsVirtualKeyCode value 97
15:15:13.424 [pool-2-thread-1] DEBUG com.jayway.jsonpath.internal.path.CompiledPath - Evaluating path: $
15:15:13.425 [pool-2-thread-1] DEBUG com.intuit.karate.driver.chrome_1743063309369 - >> {"id":59,"sessionId":"B63F5043D4B5AB48736279C9539AC056","method":"Input.dispatchKeyEvent","params":{"modifiers":0,"type":"keyUp","text":"a","windowsVirtualKeyCode":97}}
15:15:13.430 [nioEventLoopGroup-2-1] DEBUG com.intuit.karate.driver.chrome_1743063309369 - << {"id":59,"result":{},"sessionId":"B63F5043D4B5AB48736279C9539AC056"}
15:15:13.430 [nioEventLoopGroup-2-1] DEBUG com.jayway.jsonpath.internal.path.CompiledPath - Evaluating path: $
15:15:13.431 [pool-2-thread-1] DEBUG com.jayway.jsonpath.internal.path.CompiledPath - Evaluating path: $['modifiers']
15:15:13.431 [pool-2-thread-1] DEBUG com.jayway.jsonpath.internal.path.CompiledPath - Evaluating path: $
15:15:13.431 [pool-2-thread-1] DEBUG com.jayway.jsonpath.internal.path.CompiledPath - Evaluating path: $
15:15:13.431 [pool-2-thread-1] DEBUG com.jayway.jsonpath.internal.JsonContext - Put path $ key modifiers value {}
15:15:13.431 [pool-2-thread-1] DEBUG com.jayway.jsonpath.internal.path.CompiledPath - Evaluating path: $
15:15:13.431 [pool-2-thread-1] DEBUG com.jayway.jsonpath.internal.JsonContext - Put path $ key modifiers value 0
15:15:13.431 [pool-2-thread-1] DEBUG com.jayway.jsonpath.internal.path.CompiledPath - Evaluating path: $['type']
15:15:13.431 [pool-2-thread-1] DEBUG com.jayway.jsonpath.internal.path.CompiledPath - Evaluating path: $
15:15:13.431 [pool-2-thread-1] DEBUG com.jayway.jsonpath.internal.path.CompiledPath - Evaluating path: $
15:15:13.431 [pool-2-thread-1] DEBUG com.jayway.jsonpath.internal.JsonContext - Put path $ key type value {}
15:15:13.431 [pool-2-thread-1] DEBUG com.jayway.jsonpath.internal.path.CompiledPath - Evaluating path: $
15:15:13.431 [pool-2-thread-1] DEBUG com.jayway.jsonpath.internal.JsonContext - Put path $ key type value rawKeyDown
15:15:13.431 [pool-2-thread-1] DEBUG com.jayway.jsonpath.internal.path.CompiledPath - Evaluating path: $['text']
15:15:13.431 [pool-2-thread-1] DEBUG com.jayway.jsonpath.internal.path.CompiledPath - Evaluating path: $
15:15:13.431 [pool-2-thread-1] DEBUG com.jayway.jsonpath.internal.path.CompiledPath - Evaluating path: $
15:15:13.431 [pool-2-thread-1] DEBUG com.jayway.jsonpath.internal.JsonContext - Put path $ key text value {}
15:15:13.431 [pool-2-thread-1] DEBUG com.jayway.jsonpath.internal.path.CompiledPath - Evaluating path: $
15:15:13.431 [pool-2-thread-1] DEBUG com.jayway.jsonpath.internal.JsonContext - Put path $ key text value i
15:15:13.431 [pool-2-thread-1] DEBUG com.jayway.jsonpath.internal.path.CompiledPath - Evaluating path: $['windowsVirtualKeyCode']
15:15:13.431 [pool-2-thread-1] DEBUG com.jayway.jsonpath.internal.path.CompiledPath - Evaluating path: $
15:15:13.431 [pool-2-thread-1] DEBUG com.jayway.jsonpath.internal.path.CompiledPath - Evaluating path: $
15:15:13.431 [pool-2-thread-1] DEBUG com.jayway.jsonpath.internal.JsonContext - Put path $ key windowsVirtualKeyCode value {}
15:15:13.431 [pool-2-thread-1] DEBUG com.jayway.jsonpath.internal.path.CompiledPath - Evaluating path: $
15:15:13.431 [pool-2-thread-1] DEBUG com.jayway.jsonpath.internal.JsonContext - Put path $ key windowsVirtualKeyCode value 105
15:15:13.431 [pool-2-thread-1] DEBUG com.jayway.jsonpath.internal.path.CompiledPath - Evaluating path: $
15:15:13.431 [pool-2-thread-1] DEBUG com.intuit.karate.driver.chrome_1743063309369 - >> {"id":60,"sessionId":"B63F5043D4B5AB48736279C9539AC056","method":"Input.dispatchKeyEvent","params":{"modifiers":0,"type":"rawKeyDown","text":"i","windowsVirtualKeyCode":105}}
15:15:13.432 [nioEventLoopGroup-2-1] DEBUG com.intuit.karate.driver.chrome_1743063309369 - << {"id":60,"result":{},"sessionId":"B63F5043D4B5AB48736279C9539AC056"}
15:15:13.432 [nioEventLoopGroup-2-1] DEBUG com.jayway.jsonpath.internal.path.CompiledPath - Evaluating path: $
15:15:13.432 [pool-2-thread-1] DEBUG com.jayway.jsonpath.internal.path.CompiledPath - Evaluating path: $['modifiers']
15:15:13.432 [pool-2-thread-1] DEBUG com.jayway.jsonpath.internal.path.CompiledPath - Evaluating path: $
15:15:13.432 [pool-2-thread-1] DEBUG com.jayway.jsonpath.internal.path.CompiledPath - Evaluating path: $
15:15:13.432 [pool-2-thread-1] DEBUG com.jayway.jsonpath.internal.JsonContext - Put path $ key modifiers value {}
15:15:13.432 [pool-2-thread-1] DEBUG com.jayway.jsonpath.internal.path.CompiledPath - Evaluating path: $
15:15:13.432 [pool-2-thread-1] DEBUG com.jayway.jsonpath.internal.JsonContext - Put path $ key modifiers value 0
15:15:13.432 [pool-2-thread-1] DEBUG com.jayway.jsonpath.internal.path.CompiledPath - Evaluating path: $['type']
15:15:13.432 [pool-2-thread-1] DEBUG com.jayway.jsonpath.internal.path.CompiledPath - Evaluating path: $
15:15:13.432 [pool-2-thread-1] DEBUG com.jayway.jsonpath.internal.path.CompiledPath - Evaluating path: $
15:15:13.432 [pool-2-thread-1] DEBUG com.jayway.jsonpath.internal.JsonContext - Put path $ key type value {}
15:15:13.432 [pool-2-thread-1] DEBUG com.jayway.jsonpath.internal.path.CompiledPath - Evaluating path: $
15:15:13.432 [pool-2-thread-1] DEBUG com.jayway.jsonpath.internal.JsonContext - Put path $ key type value char
15:15:13.432 [pool-2-thread-1] DEBUG com.jayway.jsonpath.internal.path.CompiledPath - Evaluating path: $['text']
15:15:13.432 [pool-2-thread-1] DEBUG com.jayway.jsonpath.internal.path.CompiledPath - Evaluating path: $
15:15:13.432 [pool-2-thread-1] DEBUG com.jayway.jsonpath.internal.path.CompiledPath - Evaluating path: $
15:15:13.432 [pool-2-thread-1] DEBUG com.jayway.jsonpath.internal.JsonContext - Put path $ key text value {}
15:15:13.432 [pool-2-thread-1] DEBUG com.jayway.jsonpath.internal.path.CompiledPath - Evaluating path: $
15:15:13.432 [pool-2-thread-1] DEBUG com.jayway.jsonpath.internal.JsonContext - Put path $ key text value i
15:15:13.432 [pool-2-thread-1] DEBUG com.jayway.jsonpath.internal.path.CompiledPath - Evaluating path: $['windowsVirtualKeyCode']
15:15:13.432 [pool-2-thread-1] DEBUG com.jayway.jsonpath.internal.path.CompiledPath - Evaluating path: $
15:15:13.432 [pool-2-thread-1] DEBUG com.jayway.jsonpath.internal.path.CompiledPath - Evaluating path: $
15:15:13.432 [pool-2-thread-1] DEBUG com.jayway.jsonpath.internal.JsonContext - Put path $ key windowsVirtualKeyCode value {}
15:15:13.432 [pool-2-thread-1] DEBUG com.jayway.jsonpath.internal.path.CompiledPath - Evaluating path: $
15:15:13.432 [pool-2-thread-1] DEBUG com.jayway.jsonpath.internal.JsonContext - Put path $ key windowsVirtualKeyCode value 105
15:15:13.432 [pool-2-thread-1] DEBUG com.jayway.jsonpath.internal.path.CompiledPath - Evaluating path: $
15:15:13.432 [pool-2-thread-1] DEBUG com.intuit.karate.driver.chrome_1743063309369 - >> {"id":61,"sessionId":"B63F5043D4B5AB48736279C9539AC056","method":"Input.dispatchKeyEvent","params":{"modifiers":0,"type":"char","text":"i","windowsVirtualKeyCode":105}}
15:15:13.433 [nioEventLoopGroup-2-1] DEBUG com.intuit.karate.driver.chrome_1743063309369 - << {"id":61,"result":{},"sessionId":"B63F5043D4B5AB48736279C9539AC056"}
15:15:13.433 [nioEventLoopGroup-2-1] DEBUG com.jayway.jsonpath.internal.path.CompiledPath - Evaluating path: $
15:15:13.434 [pool-2-thread-1] DEBUG com.jayway.jsonpath.internal.path.CompiledPath - Evaluating path: $['modifiers']
15:15:13.434 [pool-2-thread-1] DEBUG com.jayway.jsonpath.internal.path.CompiledPath - Evaluating path: $
15:15:13.434 [pool-2-thread-1] DEBUG com.jayway.jsonpath.internal.path.CompiledPath - Evaluating path: $
15:15:13.434 [pool-2-thread-1] DEBUG com.jayway.jsonpath.internal.JsonContext - Put path $ key modifiers value {}
15:15:13.434 [pool-2-thread-1] DEBUG com.jayway.jsonpath.internal.path.CompiledPath - Evaluating path: $
15:15:13.434 [pool-2-thread-1] DEBUG com.jayway.jsonpath.internal.JsonContext - Put path $ key modifiers value 0
15:15:13.434 [pool-2-thread-1] DEBUG com.jayway.jsonpath.internal.path.CompiledPath - Evaluating path: $['type']
15:15:13.434 [pool-2-thread-1] DEBUG com.jayway.jsonpath.internal.path.CompiledPath - Evaluating path: $
15:15:13.434 [pool-2-thread-1] DEBUG com.jayway.jsonpath.internal.path.CompiledPath - Evaluating path: $
15:15:13.434 [pool-2-thread-1] DEBUG com.jayway.jsonpath.internal.JsonContext - Put path $ key type value {}
15:15:13.434 [pool-2-thread-1] DEBUG com.jayway.jsonpath.internal.path.CompiledPath - Evaluating path: $
15:15:13.434 [pool-2-thread-1] DEBUG com.jayway.jsonpath.internal.JsonContext - Put path $ key type value keyUp
15:15:13.434 [pool-2-thread-1] DEBUG com.jayway.jsonpath.internal.path.CompiledPath - Evaluating path: $['text']
15:15:13.434 [pool-2-thread-1] DEBUG com.jayway.jsonpath.internal.path.CompiledPath - Evaluating path: $
15:15:13.434 [pool-2-thread-1] DEBUG com.jayway.jsonpath.internal.path.CompiledPath - Evaluating path: $
15:15:13.434 [pool-2-thread-1] DEBUG com.jayway.jsonpath.internal.JsonContext - Put path $ key text value {}
15:15:13.434 [pool-2-thread-1] DEBUG com.jayway.jsonpath.internal.path.CompiledPath - Evaluating path: $
15:15:13.434 [pool-2-thread-1] DEBUG com.jayway.jsonpath.internal.JsonContext - Put path $ key text value i
15:15:13.434 [pool-2-thread-1] DEBUG com.jayway.jsonpath.internal.path.CompiledPath - Evaluating path: $['windowsVirtualKeyCode']
15:15:13.434 [pool-2-thread-1] DEBUG com.jayway.jsonpath.internal.path.CompiledPath - Evaluating path: $
15:15:13.434 [pool-2-thread-1] DEBUG com.jayway.jsonpath.internal.path.CompiledPath - Evaluating path: $
15:15:13.434 [pool-2-thread-1] DEBUG com.jayway.jsonpath.internal.JsonContext - Put path $ key windowsVirtualKeyCode value {}
15:15:13.434 [pool-2-thread-1] DEBUG com.jayway.jsonpath.internal.path.CompiledPath - Evaluating path: $
15:15:13.434 [pool-2-thread-1] DEBUG com.jayway.jsonpath.internal.JsonContext - Put path $ key windowsVirtualKeyCode value 105
15:15:13.434 [pool-2-thread-1] DEBUG com.jayway.jsonpath.internal.path.CompiledPath - Evaluating path: $
15:15:13.434 [pool-2-thread-1] DEBUG com.intuit.karate.driver.chrome_1743063309369 - >> {"id":62,"sessionId":"B63F5043D4B5AB48736279C9539AC056","method":"Input.dispatchKeyEvent","params":{"modifiers":0,"type":"keyUp","text":"i","windowsVirtualKeyCode":105}}
15:15:13.435 [nioEventLoopGroup-2-1] DEBUG com.intuit.karate.driver.chrome_1743063309369 - << {"id":62,"result":{},"sessionId":"B63F5043D4B5AB48736279C9539AC056"}
15:15:13.435 [nioEventLoopGroup-2-1] DEBUG com.jayway.jsonpath.internal.path.CompiledPath - Evaluating path: $
15:15:13.435 [pool-2-thread-1] DEBUG com.jayway.jsonpath.internal.path.CompiledPath - Evaluating path: $['modifiers']
15:15:13.435 [pool-2-thread-1] DEBUG com.jayway.jsonpath.internal.path.CompiledPath - Evaluating path: $
15:15:13.435 [pool-2-thread-1] DEBUG com.jayway.jsonpath.internal.path.CompiledPath - Evaluating path: $
15:15:13.435 [pool-2-thread-1] DEBUG com.jayway.jsonpath.internal.JsonContext - Put path $ key modifiers value {}
15:15:13.435 [pool-2-thread-1] DEBUG com.jayway.jsonpath.internal.path.CompiledPath - Evaluating path: $
15:15:13.435 [pool-2-thread-1] DEBUG com.jayway.jsonpath.internal.JsonContext - Put path $ key modifiers value 0
15:15:13.435 [pool-2-thread-1] DEBUG com.jayway.jsonpath.internal.path.CompiledPath - Evaluating path: $['type']
15:15:13.435 [pool-2-thread-1] DEBUG com.jayway.jsonpath.internal.path.CompiledPath - Evaluating path: $
15:15:13.435 [pool-2-thread-1] DEBUG com.jayway.jsonpath.internal.path.CompiledPath - Evaluating path: $
15:15:13.435 [pool-2-thread-1] DEBUG com.jayway.jsonpath.internal.JsonContext - Put path $ key type value {}
15:15:13.435 [pool-2-thread-1] DEBUG com.jayway.jsonpath.internal.path.CompiledPath - Evaluating path: $
15:15:13.435 [pool-2-thread-1] DEBUG com.jayway.jsonpath.internal.JsonContext - Put path $ key type value rawKeyDown
15:15:13.435 [pool-2-thread-1] DEBUG com.jayway.jsonpath.internal.path.CompiledPath - Evaluating path: $['text']
15:15:13.435 [pool-2-thread-1] DEBUG com.jayway.jsonpath.internal.path.CompiledPath - Evaluating path: $
15:15:13.435 [pool-2-thread-1] DEBUG com.jayway.jsonpath.internal.path.CompiledPath - Evaluating path: $
15:15:13.435 [pool-2-thread-1] DEBUG com.jayway.jsonpath.internal.JsonContext - Put path $ key text value {}
15:15:13.435 [pool-2-thread-1] DEBUG com.jayway.jsonpath.internal.path.CompiledPath - Evaluating path: $
15:15:13.435 [pool-2-thread-1] DEBUG com.jayway.jsonpath.internal.JsonContext - Put path $ key text value l
15:15:13.435 [pool-2-thread-1] DEBUG com.jayway.jsonpath.internal.path.CompiledPath - Evaluating path: $['windowsVirtualKeyCode']
15:15:13.435 [pool-2-thread-1] DEBUG com.jayway.jsonpath.internal.path.CompiledPath - Evaluating path: $
15:15:13.435 [pool-2-thread-1] DEBUG com.jayway.jsonpath.internal.path.CompiledPath - Evaluating path: $
15:15:13.435 [pool-2-thread-1] DEBUG com.jayway.jsonpath.internal.JsonContext - Put path $ key windowsVirtualKeyCode value {}
15:15:13.435 [pool-2-thread-1] DEBUG com.jayway.jsonpath.internal.path.CompiledPath - Evaluating path: $
15:15:13.435 [pool-2-thread-1] DEBUG com.jayway.jsonpath.internal.JsonContext - Put path $ key windowsVirtualKeyCode value 108
15:15:13.435 [pool-2-thread-1] DEBUG com.jayway.jsonpath.internal.path.CompiledPath - Evaluating path: $
15:15:13.435 [pool-2-thread-1] DEBUG com.intuit.karate.driver.chrome_1743063309369 - >> {"id":63,"sessionId":"B63F5043D4B5AB48736279C9539AC056","method":"Input.dispatchKeyEvent","params":{"modifiers":0,"type":"rawKeyDown","text":"l","windowsVirtualKeyCode":108}}
15:15:13.437 [nioEventLoopGroup-2-1] DEBUG com.intuit.karate.driver.chrome_1743063309369 - << {"id":63,"result":{},"sessionId":"B63F5043D4B5AB48736279C9539AC056"}
15:15:13.443 [nioEventLoopGroup-2-1] DEBUG com.jayway.jsonpath.internal.path.CompiledPath - Evaluating path: $
15:15:13.444 [pool-2-thread-1] DEBUG com.jayway.jsonpath.internal.path.CompiledPath - Evaluating path: $['modifiers']
15:15:13.444 [pool-2-thread-1] DEBUG com.jayway.jsonpath.internal.path.CompiledPath - Evaluating path: $
15:15:13.444 [pool-2-thread-1] DEBUG com.jayway.jsonpath.internal.path.CompiledPath - Evaluating path: $
15:15:13.444 [pool-2-thread-1] DEBUG com.jayway.jsonpath.internal.JsonContext - Put path $ key modifiers value {}
15:15:13.444 [pool-2-thread-1] DEBUG com.jayway.jsonpath.internal.path.CompiledPath - Evaluating path: $
15:15:13.444 [pool-2-thread-1] DEBUG com.jayway.jsonpath.internal.JsonContext - Put path $ key modifiers value 0
15:15:13.444 [pool-2-thread-1] DEBUG com.jayway.jsonpath.internal.path.CompiledPath - Evaluating path: $['type']
15:15:13.444 [pool-2-thread-1] DEBUG com.jayway.jsonpath.internal.path.CompiledPath - Evaluating path: $
15:15:13.444 [pool-2-thread-1] DEBUG com.jayway.jsonpath.internal.path.CompiledPath - Evaluating path: $
15:15:13.444 [pool-2-thread-1] DEBUG com.jayway.jsonpath.internal.JsonContext - Put path $ key type value {}
15:15:13.444 [pool-2-thread-1] DEBUG com.jayway.jsonpath.internal.path.CompiledPath - Evaluating path: $
15:15:13.444 [pool-2-thread-1] DEBUG com.jayway.jsonpath.internal.JsonContext - Put path $ key type value char
15:15:13.444 [pool-2-thread-1] DEBUG com.jayway.jsonpath.internal.path.CompiledPath - Evaluating path: $['text']
15:15:13.444 [pool-2-thread-1] DEBUG com.jayway.jsonpath.internal.path.CompiledPath - Evaluating path: $
15:15:13.444 [pool-2-thread-1] DEBUG com.jayway.jsonpath.internal.path.CompiledPath - Evaluating path: $
15:15:13.444 [pool-2-thread-1] DEBUG com.jayway.jsonpath.internal.JsonContext - Put path $ key text value {}
15:15:13.444 [pool-2-thread-1] DEBUG com.jayway.jsonpath.internal.path.CompiledPath - Evaluating path: $
15:15:13.444 [pool-2-thread-1] DEBUG com.jayway.jsonpath.internal.JsonContext - Put path $ key text value l
15:15:13.444 [pool-2-thread-1] DEBUG com.jayway.jsonpath.internal.path.CompiledPath - Evaluating path: $['windowsVirtualKeyCode']
15:15:13.444 [pool-2-thread-1] DEBUG com.jayway.jsonpath.internal.path.CompiledPath - Evaluating path: $
15:15:13.444 [pool-2-thread-1] DEBUG com.jayway.jsonpath.internal.path.CompiledPath - Evaluating path: $
15:15:13.444 [pool-2-thread-1] DEBUG com.jayway.jsonpath.internal.JsonContext - Put path $ key windowsVirtualKeyCode value {}
15:15:13.444 [pool-2-thread-1] DEBUG com.jayway.jsonpath.internal.path.CompiledPath - Evaluating path: $
15:15:13.444 [pool-2-thread-1] DEBUG com.jayway.jsonpath.internal.JsonContext - Put path $ key windowsVirtualKeyCode value 108
15:15:13.444 [pool-2-thread-1] DEBUG com.jayway.jsonpath.internal.path.CompiledPath - Evaluating path: $
15:15:13.444 [pool-2-thread-1] DEBUG com.intuit.karate.driver.chrome_1743063309369 - >> {"id":64,"sessionId":"B63F5043D4B5AB48736279C9539AC056","method":"Input.dispatchKeyEvent","params":{"modifiers":0,"type":"char","text":"l","windowsVirtualKeyCode":108}}
15:15:13.456 [nioEventLoopGroup-2-1] DEBUG com.intuit.karate.driver.chrome_1743063309369 - << {"id":64,"result":{},"sessionId":"B63F5043D4B5AB48736279C9539AC056"}
15:15:13.456 [nioEventLoopGroup-2-1] DEBUG com.jayway.jsonpath.internal.path.CompiledPath - Evaluating path: $
15:15:13.456 [pool-2-thread-1] DEBUG com.jayway.jsonpath.internal.path.CompiledPath - Evaluating path: $['modifiers']
15:15:13.456 [pool-2-thread-1] DEBUG com.jayway.jsonpath.internal.path.CompiledPath - Evaluating path: $
15:15:13.456 [pool-2-thread-1] DEBUG com.jayway.jsonpath.internal.path.CompiledPath - Evaluating path: $
15:15:13.456 [pool-2-thread-1] DEBUG com.jayway.jsonpath.internal.JsonContext - Put path $ key modifiers value {}
15:15:13.456 [pool-2-thread-1] DEBUG com.jayway.jsonpath.internal.path.CompiledPath - Evaluating path: $
15:15:13.456 [pool-2-thread-1] DEBUG com.jayway.jsonpath.internal.JsonContext - Put path $ key modifiers value 0
15:15:13.456 [pool-2-thread-1] DEBUG com.jayway.jsonpath.internal.path.CompiledPath - Evaluating path: $['type']
15:15:13.456 [pool-2-thread-1] DEBUG com.jayway.jsonpath.internal.path.CompiledPath - Evaluating path: $
15:15:13.456 [pool-2-thread-1] DEBUG com.jayway.jsonpath.internal.path.CompiledPath - Evaluating path: $
15:15:13.456 [pool-2-thread-1] DEBUG com.jayway.jsonpath.internal.JsonContext - Put path $ key type value {}
15:15:13.456 [pool-2-thread-1] DEBUG com.jayway.jsonpath.internal.path.CompiledPath - Evaluating path: $
15:15:13.456 [pool-2-thread-1] DEBUG com.jayway.jsonpath.internal.JsonContext - Put path $ key type value keyUp
15:15:13.456 [pool-2-thread-1] DEBUG com.jayway.jsonpath.internal.path.CompiledPath - Evaluating path: $['text']
15:15:13.456 [pool-2-thread-1] DEBUG com.jayway.jsonpath.internal.path.CompiledPath - Evaluating path: $
15:15:13.456 [pool-2-thread-1] DEBUG com.jayway.jsonpath.internal.path.CompiledPath - Evaluating path: $
15:15:13.456 [pool-2-thread-1] DEBUG com.jayway.jsonpath.internal.JsonContext - Put path $ key text value {}
15:15:13.456 [pool-2-thread-1] DEBUG com.jayway.jsonpath.internal.path.CompiledPath - Evaluating path: $
15:15:13.456 [pool-2-thread-1] DEBUG com.jayway.jsonpath.internal.JsonContext - Put path $ key text value l
15:15:13.456 [pool-2-thread-1] DEBUG com.jayway.jsonpath.internal.path.CompiledPath - Evaluating path: $['windowsVirtualKeyCode']
15:15:13.456 [pool-2-thread-1] DEBUG com.jayway.jsonpath.internal.path.CompiledPath - Evaluating path: $
15:15:13.456 [pool-2-thread-1] DEBUG com.jayway.jsonpath.internal.path.CompiledPath - Evaluating path: $
15:15:13.456 [pool-2-thread-1] DEBUG com.jayway.jsonpath.internal.JsonContext - Put path $ key windowsVirtualKeyCode value {}
15:15:13.456 [pool-2-thread-1] DEBUG com.jayway.jsonpath.internal.path.CompiledPath - Evaluating path: $
15:15:13.456 [pool-2-thread-1] DEBUG com.jayway.jsonpath.internal.JsonContext - Put path $ key windowsVirtualKeyCode value 108
15:15:13.456 [pool-2-thread-1] DEBUG com.jayway.jsonpath.internal.path.CompiledPath - Evaluating path: $
15:15:13.456 [pool-2-thread-1] DEBUG com.intuit.karate.driver.chrome_1743063309369 - >> {"id":65,"sessionId":"B63F5043D4B5AB48736279C9539AC056","method":"Input.dispatchKeyEvent","params":{"modifiers":0,"type":"keyUp","text":"l","windowsVirtualKeyCode":108}}
15:15:13.478 [nioEventLoopGroup-2-1] DEBUG com.intuit.karate.driver.chrome_1743063309369 - << {"id":65,"result":{},"sessionId":"B63F5043D4B5AB48736279C9539AC056"}
15:15:13.478 [nioEventLoopGroup-2-1] DEBUG com.jayway.jsonpath.internal.path.CompiledPath - Evaluating path: $
15:15:13.480 [pool-2-thread-1] DEBUG com.jayway.jsonpath.internal.path.CompiledPath - Evaluating path: $['modifiers']
15:15:13.481 [pool-2-thread-1] DEBUG com.jayway.jsonpath.internal.path.CompiledPath - Evaluating path: $
15:15:13.481 [pool-2-thread-1] DEBUG com.jayway.jsonpath.internal.path.CompiledPath - Evaluating path: $
15:15:13.481 [pool-2-thread-1] DEBUG com.jayway.jsonpath.internal.JsonContext - Put path $ key modifiers value {}
15:15:13.481 [pool-2-thread-1] DEBUG com.jayway.jsonpath.internal.path.CompiledPath - Evaluating path: $
15:15:13.481 [pool-2-thread-1] DEBUG com.jayway.jsonpath.internal.JsonContext - Put path $ key modifiers value 0
15:15:13.481 [pool-2-thread-1] DEBUG com.jayway.jsonpath.internal.path.CompiledPath - Evaluating path: $['type']
15:15:13.481 [pool-2-thread-1] DEBUG com.jayway.jsonpath.internal.path.CompiledPath - Evaluating path: $
15:15:13.481 [pool-2-thread-1] DEBUG com.jayway.jsonpath.internal.path.CompiledPath - Evaluating path: $
15:15:13.481 [pool-2-thread-1] DEBUG com.jayway.jsonpath.internal.JsonContext - Put path $ key type value {}
15:15:13.481 [pool-2-thread-1] DEBUG com.jayway.jsonpath.internal.path.CompiledPath - Evaluating path: $
15:15:13.481 [pool-2-thread-1] DEBUG com.jayway.jsonpath.internal.JsonContext - Put path $ key type value rawKeyDown
15:15:13.481 [pool-2-thread-1] DEBUG com.jayway.jsonpath.internal.path.CompiledPath - Evaluating path: $['type']
15:15:13.481 [pool-2-thread-1] DEBUG com.jayway.jsonpath.internal.path.CompiledPath - Evaluating path: $
15:15:13.481 [pool-2-thread-1] DEBUG com.jayway.jsonpath.internal.JsonContext - Put path $ key type value keyDown
15:15:13.482 [pool-2-thread-1] DEBUG com.jayway.jsonpath.internal.path.CompiledPath - Evaluating path: $['text']
15:15:13.482 [pool-2-thread-1] DEBUG com.jayway.jsonpath.internal.path.CompiledPath - Evaluating path: $
15:15:13.482 [pool-2-thread-1] DEBUG com.jayway.jsonpath.internal.path.CompiledPath - Evaluating path: $
15:15:13.482 [pool-2-thread-1] DEBUG com.jayway.jsonpath.internal.JsonContext - Put path $ key text value {}
15:15:13.482 [pool-2-thread-1] DEBUG com.jayway.jsonpath.internal.path.CompiledPath - Evaluating path: $
15:15:13.482 [pool-2-thread-1] DEBUG com.jayway.jsonpath.internal.JsonContext - Put path $ key text value .
15:15:13.482 [pool-2-thread-1] DEBUG com.jayway.jsonpath.internal.path.CompiledPath - Evaluating path: $['windowsVirtualKeyCode']
15:15:13.482 [pool-2-thread-1] DEBUG com.jayway.jsonpath.internal.path.CompiledPath - Evaluating path: $
15:15:13.482 [pool-2-thread-1] DEBUG com.jayway.jsonpath.internal.path.CompiledPath - Evaluating path: $
15:15:13.482 [pool-2-thread-1] DEBUG com.jayway.jsonpath.internal.JsonContext - Put path $ key windowsVirtualKeyCode value {}
15:15:13.482 [pool-2-thread-1] DEBUG com.jayway.jsonpath.internal.path.CompiledPath - Evaluating path: $
15:15:13.482 [pool-2-thread-1] DEBUG com.jayway.jsonpath.internal.JsonContext - Put path $ key windowsVirtualKeyCode value 46
15:15:13.482 [pool-2-thread-1] DEBUG com.jayway.jsonpath.internal.path.CompiledPath - Evaluating path: $
15:15:13.482 [pool-2-thread-1] DEBUG com.intuit.karate.driver.chrome_1743063309369 - >> {"id":66,"sessionId":"B63F5043D4B5AB48736279C9539AC056","method":"Input.dispatchKeyEvent","params":{"modifiers":0,"type":"keyDown","text":".","windowsVirtualKeyCode":46}}
15:15:13.502 [nioEventLoopGroup-2-1] DEBUG com.intuit.karate.driver.chrome_1743063309369 - << {"id":66,"result":{},"sessionId":"B63F5043D4B5AB48736279C9539AC056"}
15:15:13.502 [nioEventLoopGroup-2-1] DEBUG com.jayway.jsonpath.internal.path.CompiledPath - Evaluating path: $
15:15:13.502 [pool-2-thread-1] DEBUG com.jayway.jsonpath.internal.path.CompiledPath - Evaluating path: $['modifiers']
15:15:13.502 [pool-2-thread-1] DEBUG com.jayway.jsonpath.internal.path.CompiledPath - Evaluating path: $
15:15:13.502 [pool-2-thread-1] DEBUG com.jayway.jsonpath.internal.path.CompiledPath - Evaluating path: $
15:15:13.502 [pool-2-thread-1] DEBUG com.jayway.jsonpath.internal.JsonContext - Put path $ key modifiers value {}
15:15:13.502 [pool-2-thread-1] DEBUG com.jayway.jsonpath.internal.path.CompiledPath - Evaluating path: $
15:15:13.502 [pool-2-thread-1] DEBUG com.jayway.jsonpath.internal.JsonContext - Put path $ key modifiers value 0
15:15:13.502 [pool-2-thread-1] DEBUG com.jayway.jsonpath.internal.path.CompiledPath - Evaluating path: $['type']
15:15:13.502 [pool-2-thread-1] DEBUG com.jayway.jsonpath.internal.path.CompiledPath - Evaluating path: $
15:15:13.502 [pool-2-thread-1] DEBUG com.jayway.jsonpath.internal.path.CompiledPath - Evaluating path: $
15:15:13.502 [pool-2-thread-1] DEBUG com.jayway.jsonpath.internal.JsonContext - Put path $ key type value {}
15:15:13.502 [pool-2-thread-1] DEBUG com.jayway.jsonpath.internal.path.CompiledPath - Evaluating path: $
15:15:13.502 [pool-2-thread-1] DEBUG com.jayway.jsonpath.internal.JsonContext - Put path $ key type value char
15:15:13.502 [pool-2-thread-1] DEBUG com.jayway.jsonpath.internal.path.CompiledPath - Evaluating path: $['text']
15:15:13.502 [pool-2-thread-1] DEBUG com.jayway.jsonpath.internal.path.CompiledPath - Evaluating path: $
15:15:13.502 [pool-2-thread-1] DEBUG com.jayway.jsonpath.internal.path.CompiledPath - Evaluating path: $
15:15:13.502 [pool-2-thread-1] DEBUG com.jayway.jsonpath.internal.JsonContext - Put path $ key text value {}
15:15:13.502 [pool-2-thread-1] DEBUG com.jayway.jsonpath.internal.path.CompiledPath - Evaluating path: $
15:15:13.502 [pool-2-thread-1] DEBUG com.jayway.jsonpath.internal.JsonContext - Put path $ key text value .
15:15:13.502 [pool-2-thread-1] DEBUG com.jayway.jsonpath.internal.path.CompiledPath - Evaluating path: $['windowsVirtualKeyCode']
15:15:13.502 [pool-2-thread-1] DEBUG com.jayway.jsonpath.internal.path.CompiledPath - Evaluating path: $
15:15:13.502 [pool-2-thread-1] DEBUG com.jayway.jsonpath.internal.path.CompiledPath - Evaluating path: $
15:15:13.502 [pool-2-thread-1] DEBUG com.jayway.jsonpath.internal.JsonContext - Put path $ key windowsVirtualKeyCode value {}
15:15:13.502 [pool-2-thread-1] DEBUG com.jayway.jsonpath.internal.path.CompiledPath - Evaluating path: $
15:15:13.502 [pool-2-thread-1] DEBUG com.jayway.jsonpath.internal.JsonContext - Put path $ key windowsVirtualKeyCode value 46
15:15:13.502 [pool-2-thread-1] DEBUG com.jayway.jsonpath.internal.path.CompiledPath - Evaluating path: $
15:15:13.502 [pool-2-thread-1] DEBUG com.intuit.karate.driver.chrome_1743063309369 - >> {"id":67,"sessionId":"B63F5043D4B5AB48736279C9539AC056","method":"Input.dispatchKeyEvent","params":{"modifiers":0,"type":"char","text":".","windowsVirtualKeyCode":46}}
15:15:13.503 [nioEventLoopGroup-2-1] DEBUG com.intuit.karate.driver.chrome_1743063309369 - << {"id":67,"result":{},"sessionId":"B63F5043D4B5AB48736279C9539AC056"}
15:15:13.504 [nioEventLoopGroup-2-1] DEBUG com.jayway.jsonpath.internal.path.CompiledPath - Evaluating path: $
15:15:13.504 [pool-2-thread-1] DEBUG com.jayway.jsonpath.internal.path.CompiledPath - Evaluating path: $['modifiers']
15:15:13.504 [pool-2-thread-1] DEBUG com.jayway.jsonpath.internal.path.CompiledPath - Evaluating path: $
15:15:13.504 [pool-2-thread-1] DEBUG com.jayway.jsonpath.internal.path.CompiledPath - Evaluating path: $
15:15:13.504 [pool-2-thread-1] DEBUG com.jayway.jsonpath.internal.JsonContext - Put path $ key modifiers value {}
15:15:13.504 [pool-2-thread-1] DEBUG com.jayway.jsonpath.internal.path.CompiledPath - Evaluating path: $
15:15:13.504 [pool-2-thread-1] DEBUG com.jayway.jsonpath.internal.JsonContext - Put path $ key modifiers value 0
15:15:13.504 [pool-2-thread-1] DEBUG com.jayway.jsonpath.internal.path.CompiledPath - Evaluating path: $['type']
15:15:13.504 [pool-2-thread-1] DEBUG com.jayway.jsonpath.internal.path.CompiledPath - Evaluating path: $
15:15:13.504 [pool-2-thread-1] DEBUG com.jayway.jsonpath.internal.path.CompiledPath - Evaluating path: $
15:15:13.504 [pool-2-thread-1] DEBUG com.jayway.jsonpath.internal.JsonContext - Put path $ key type value {}
15:15:13.504 [pool-2-thread-1] DEBUG com.jayway.jsonpath.internal.path.CompiledPath - Evaluating path: $
15:15:13.504 [pool-2-thread-1] DEBUG com.jayway.jsonpath.internal.JsonContext - Put path $ key type value keyUp
15:15:13.504 [pool-2-thread-1] DEBUG com.jayway.jsonpath.internal.path.CompiledPath - Evaluating path: $['text']
15:15:13.504 [pool-2-thread-1] DEBUG com.jayway.jsonpath.internal.path.CompiledPath - Evaluating path: $
15:15:13.504 [pool-2-thread-1] DEBUG com.jayway.jsonpath.internal.path.CompiledPath - Evaluating path: $
15:15:13.504 [pool-2-thread-1] DEBUG com.jayway.jsonpath.internal.JsonContext - Put path $ key text value {}
15:15:13.504 [pool-2-thread-1] DEBUG com.jayway.jsonpath.internal.path.CompiledPath - Evaluating path: $
15:15:13.504 [pool-2-thread-1] DEBUG com.jayway.jsonpath.internal.JsonContext - Put path $ key text value .
15:15:13.504 [pool-2-thread-1] DEBUG com.jayway.jsonpath.internal.path.CompiledPath - Evaluating path: $['windowsVirtualKeyCode']
15:15:13.504 [pool-2-thread-1] DEBUG com.jayway.jsonpath.internal.path.CompiledPath - Evaluating path: $
15:15:13.504 [pool-2-thread-1] DEBUG com.jayway.jsonpath.internal.path.CompiledPath - Evaluating path: $
15:15:13.504 [pool-2-thread-1] DEBUG com.jayway.jsonpath.internal.JsonContext - Put path $ key windowsVirtualKeyCode value {}
15:15:13.504 [pool-2-thread-1] DEBUG com.jayway.jsonpath.internal.path.CompiledPath - Evaluating path: $
15:15:13.504 [pool-2-thread-1] DEBUG com.jayway.jsonpath.internal.JsonContext - Put path $ key windowsVirtualKeyCode value 46
15:15:13.504 [pool-2-thread-1] DEBUG com.jayway.jsonpath.internal.path.CompiledPath - Evaluating path: $
15:15:13.504 [pool-2-thread-1] DEBUG com.intuit.karate.driver.chrome_1743063309369 - >> {"id":68,"sessionId":"B63F5043D4B5AB48736279C9539AC056","method":"Input.dispatchKeyEvent","params":{"modifiers":0,"type":"keyUp","text":".","windowsVirtualKeyCode":46}}
15:15:13.505 [nioEventLoopGroup-2-1] DEBUG com.intuit.karate.driver.chrome_1743063309369 - << {"id":68,"result":{},"sessionId":"B63F5043D4B5AB48736279C9539AC056"}
15:15:13.506 [nioEventLoopGroup-2-1] DEBUG com.jayway.jsonpath.internal.path.CompiledPath - Evaluating path: $
15:15:13.506 [pool-2-thread-1] DEBUG com.jayway.jsonpath.internal.path.CompiledPath - Evaluating path: $['modifiers']
15:15:13.506 [pool-2-thread-1] DEBUG com.jayway.jsonpath.internal.path.CompiledPath - Evaluating path: $
15:15:13.506 [pool-2-thread-1] DEBUG com.jayway.jsonpath.internal.path.CompiledPath - Evaluating path: $
15:15:13.506 [pool-2-thread-1] DEBUG com.jayway.jsonpath.internal.JsonContext - Put path $ key modifiers value {}
15:15:13.506 [pool-2-thread-1] DEBUG com.jayway.jsonpath.internal.path.CompiledPath - Evaluating path: $
15:15:13.506 [pool-2-thread-1] DEBUG com.jayway.jsonpath.internal.JsonContext - Put path $ key modifiers value 0
15:15:13.506 [pool-2-thread-1] DEBUG com.jayway.jsonpath.internal.path.CompiledPath - Evaluating path: $['type']
15:15:13.506 [pool-2-thread-1] DEBUG com.jayway.jsonpath.internal.path.CompiledPath - Evaluating path: $
15:15:13.506 [pool-2-thread-1] DEBUG com.jayway.jsonpath.internal.path.CompiledPath - Evaluating path: $
15:15:13.506 [pool-2-thread-1] DEBUG com.jayway.jsonpath.internal.JsonContext - Put path $ key type value {}
15:15:13.506 [pool-2-thread-1] DEBUG com.jayway.jsonpath.internal.path.CompiledPath - Evaluating path: $
15:15:13.506 [pool-2-thread-1] DEBUG com.jayway.jsonpath.internal.JsonContext - Put path $ key type value rawKeyDown
15:15:13.506 [pool-2-thread-1] DEBUG com.jayway.jsonpath.internal.path.CompiledPath - Evaluating path: $['text']
15:15:13.506 [pool-2-thread-1] DEBUG com.jayway.jsonpath.internal.path.CompiledPath - Evaluating path: $
15:15:13.506 [pool-2-thread-1] DEBUG com.jayway.jsonpath.internal.path.CompiledPath - Evaluating path: $
15:15:13.506 [pool-2-thread-1] DEBUG com.jayway.jsonpath.internal.JsonContext - Put path $ key text value {}
15:15:13.506 [pool-2-thread-1] DEBUG com.jayway.jsonpath.internal.path.CompiledPath - Evaluating path: $
15:15:13.506 [pool-2-thread-1] DEBUG com.jayway.jsonpath.internal.JsonContext - Put path $ key text value c
15:15:13.506 [pool-2-thread-1] DEBUG com.jayway.jsonpath.internal.path.CompiledPath - Evaluating path: $['windowsVirtualKeyCode']
15:15:13.506 [pool-2-thread-1] DEBUG com.jayway.jsonpath.internal.path.CompiledPath - Evaluating path: $
15:15:13.506 [pool-2-thread-1] DEBUG com.jayway.jsonpath.internal.path.CompiledPath - Evaluating path: $
15:15:13.506 [pool-2-thread-1] DEBUG com.jayway.jsonpath.internal.JsonContext - Put path $ key windowsVirtualKeyCode value {}
15:15:13.506 [pool-2-thread-1] DEBUG com.jayway.jsonpath.internal.path.CompiledPath - Evaluating path: $
15:15:13.506 [pool-2-thread-1] DEBUG com.jayway.jsonpath.internal.JsonContext - Put path $ key windowsVirtualKeyCode value 99
15:15:13.506 [pool-2-thread-1] DEBUG com.jayway.jsonpath.internal.path.CompiledPath - Evaluating path: $
15:15:13.506 [pool-2-thread-1] DEBUG com.intuit.karate.driver.chrome_1743063309369 - >> {"id":69,"sessionId":"B63F5043D4B5AB48736279C9539AC056","method":"Input.dispatchKeyEvent","params":{"modifiers":0,"type":"rawKeyDown","text":"c","windowsVirtualKeyCode":99}}
15:15:13.506 [nioEventLoopGroup-2-1] DEBUG com.intuit.karate.driver.chrome_1743063309369 - << {"id":69,"result":{},"sessionId":"B63F5043D4B5AB48736279C9539AC056"}
15:15:13.506 [nioEventLoopGroup-2-1] DEBUG com.jayway.jsonpath.internal.path.CompiledPath - Evaluating path: $
15:15:13.506 [pool-2-thread-1] DEBUG com.jayway.jsonpath.internal.path.CompiledPath - Evaluating path: $['modifiers']
15:15:13.506 [pool-2-thread-1] DEBUG com.jayway.jsonpath.internal.path.CompiledPath - Evaluating path: $
15:15:13.506 [pool-2-thread-1] DEBUG com.jayway.jsonpath.internal.path.CompiledPath - Evaluating path: $
15:15:13.506 [pool-2-thread-1] DEBUG com.jayway.jsonpath.internal.JsonContext - Put path $ key modifiers value {}
15:15:13.506 [pool-2-thread-1] DEBUG com.jayway.jsonpath.internal.path.CompiledPath - Evaluating path: $
15:15:13.506 [pool-2-thread-1] DEBUG com.jayway.jsonpath.internal.JsonContext - Put path $ key modifiers value 0
15:15:13.506 [pool-2-thread-1] DEBUG com.jayway.jsonpath.internal.path.CompiledPath - Evaluating path: $['type']
15:15:13.506 [pool-2-thread-1] DEBUG com.jayway.jsonpath.internal.path.CompiledPath - Evaluating path: $
15:15:13.506 [pool-2-thread-1] DEBUG com.jayway.jsonpath.internal.path.CompiledPath - Evaluating path: $
15:15:13.506 [pool-2-thread-1] DEBUG com.jayway.jsonpath.internal.JsonContext - Put path $ key type value {}
15:15:13.506 [pool-2-thread-1] DEBUG com.jayway.jsonpath.internal.path.CompiledPath - Evaluating path: $
15:15:13.506 [pool-2-thread-1] DEBUG com.jayway.jsonpath.internal.JsonContext - Put path $ key type value char
15:15:13.506 [pool-2-thread-1] DEBUG com.jayway.jsonpath.internal.path.CompiledPath - Evaluating path: $['text']
15:15:13.506 [pool-2-thread-1] DEBUG com.jayway.jsonpath.internal.path.CompiledPath - Evaluating path: $
15:15:13.506 [pool-2-thread-1] DEBUG com.jayway.jsonpath.internal.path.CompiledPath - Evaluating path: $
15:15:13.506 [pool-2-thread-1] DEBUG com.jayway.jsonpath.internal.JsonContext - Put path $ key text value {}
15:15:13.506 [pool-2-thread-1] DEBUG com.jayway.jsonpath.internal.path.CompiledPath - Evaluating path: $
15:15:13.506 [pool-2-thread-1] DEBUG com.jayway.jsonpath.internal.JsonContext - Put path $ key text value c
15:15:13.506 [pool-2-thread-1] DEBUG com.jayway.jsonpath.internal.path.CompiledPath - Evaluating path: $['windowsVirtualKeyCode']
15:15:13.506 [pool-2-thread-1] DEBUG com.jayway.jsonpath.internal.path.CompiledPath - Evaluating path: $
15:15:13.506 [pool-2-thread-1] DEBUG com.jayway.jsonpath.internal.path.CompiledPath - Evaluating path: $
15:15:13.506 [pool-2-thread-1] DEBUG com.jayway.jsonpath.internal.JsonContext - Put path $ key windowsVirtualKeyCode value {}
15:15:13.506 [pool-2-thread-1] DEBUG com.jayway.jsonpath.internal.path.CompiledPath - Evaluating path: $
15:15:13.506 [pool-2-thread-1] DEBUG com.jayway.jsonpath.internal.JsonContext - Put path $ key windowsVirtualKeyCode value 99
15:15:13.506 [pool-2-thread-1] DEBUG com.jayway.jsonpath.internal.path.CompiledPath - Evaluating path: $
15:15:13.506 [pool-2-thread-1] DEBUG com.intuit.karate.driver.chrome_1743063309369 - >> {"id":70,"sessionId":"B63F5043D4B5AB48736279C9539AC056","method":"Input.dispatchKeyEvent","params":{"modifiers":0,"type":"char","text":"c","windowsVirtualKeyCode":99}}
15:15:13.507 [nioEventLoopGroup-2-1] DEBUG com.intuit.karate.driver.chrome_1743063309369 - << {"id":70,"result":{},"sessionId":"B63F5043D4B5AB48736279C9539AC056"}
15:15:13.507 [nioEventLoopGroup-2-1] DEBUG com.jayway.jsonpath.internal.path.CompiledPath - Evaluating path: $
15:15:13.507 [pool-2-thread-1] DEBUG com.jayway.jsonpath.internal.path.CompiledPath - Evaluating path: $['modifiers']
15:15:13.507 [pool-2-thread-1] DEBUG com.jayway.jsonpath.internal.path.CompiledPath - Evaluating path: $
15:15:13.507 [pool-2-thread-1] DEBUG com.jayway.jsonpath.internal.path.CompiledPath - Evaluating path: $
15:15:13.507 [pool-2-thread-1] DEBUG com.jayway.jsonpath.internal.JsonContext - Put path $ key modifiers value {}
15:15:13.507 [pool-2-thread-1] DEBUG com.jayway.jsonpath.internal.path.CompiledPath - Evaluating path: $
15:15:13.507 [pool-2-thread-1] DEBUG com.jayway.jsonpath.internal.JsonContext - Put path $ key modifiers value 0
15:15:13.507 [pool-2-thread-1] DEBUG com.jayway.jsonpath.internal.path.CompiledPath - Evaluating path: $['type']
15:15:13.507 [pool-2-thread-1] DEBUG com.jayway.jsonpath.internal.path.CompiledPath - Evaluating path: $
15:15:13.508 [pool-2-thread-1] DEBUG com.jayway.jsonpath.internal.path.CompiledPath - Evaluating path: $
15:15:13.508 [pool-2-thread-1] DEBUG com.jayway.jsonpath.internal.JsonContext - Put path $ key type value {}
15:15:13.508 [pool-2-thread-1] DEBUG com.jayway.jsonpath.internal.path.CompiledPath - Evaluating path: $
15:15:13.508 [pool-2-thread-1] DEBUG com.jayway.jsonpath.internal.JsonContext - Put path $ key type value keyUp
15:15:13.508 [pool-2-thread-1] DEBUG com.jayway.jsonpath.internal.path.CompiledPath - Evaluating path: $['text']
15:15:13.508 [pool-2-thread-1] DEBUG com.jayway.jsonpath.internal.path.CompiledPath - Evaluating path: $
15:15:13.508 [pool-2-thread-1] DEBUG com.jayway.jsonpath.internal.path.CompiledPath - Evaluating path: $
15:15:13.508 [pool-2-thread-1] DEBUG com.jayway.jsonpath.internal.JsonContext - Put path $ key text value {}
15:15:13.508 [pool-2-thread-1] DEBUG com.jayway.jsonpath.internal.path.CompiledPath - Evaluating path: $
15:15:13.508 [pool-2-thread-1] DEBUG com.jayway.jsonpath.internal.JsonContext - Put path $ key text value c
15:15:13.508 [pool-2-thread-1] DEBUG com.jayway.jsonpath.internal.path.CompiledPath - Evaluating path: $['windowsVirtualKeyCode']
15:15:13.508 [pool-2-thread-1] DEBUG com.jayway.jsonpath.internal.path.CompiledPath - Evaluating path: $
15:15:13.508 [pool-2-thread-1] DEBUG com.jayway.jsonpath.internal.path.CompiledPath - Evaluating path: $
15:15:13.508 [pool-2-thread-1] DEBUG com.jayway.jsonpath.internal.JsonContext - Put path $ key windowsVirtualKeyCode value {}
15:15:13.508 [pool-2-thread-1] DEBUG com.jayway.jsonpath.internal.path.CompiledPath - Evaluating path: $
15:15:13.508 [pool-2-thread-1] DEBUG com.jayway.jsonpath.internal.JsonContext - Put path $ key windowsVirtualKeyCode value 99
15:15:13.508 [pool-2-thread-1] DEBUG com.jayway.jsonpath.internal.path.CompiledPath - Evaluating path: $
15:15:13.508 [pool-2-thread-1] DEBUG com.intuit.karate.driver.chrome_1743063309369 - >> {"id":71,"sessionId":"B63F5043D4B5AB48736279C9539AC056","method":"Input.dispatchKeyEvent","params":{"modifiers":0,"type":"keyUp","text":"c","windowsVirtualKeyCode":99}}
15:15:13.516 [nioEventLoopGroup-2-1] DEBUG com.intuit.karate.driver.chrome_1743063309369 - << {"id":71,"result":{},"sessionId":"B63F5043D4B5AB48736279C9539AC056"}
15:15:13.517 [nioEventLoopGroup-2-1] DEBUG com.jayway.jsonpath.internal.path.CompiledPath - Evaluating path: $
15:15:13.518 [pool-2-thread-1] DEBUG com.jayway.jsonpath.internal.path.CompiledPath - Evaluating path: $['modifiers']
15:15:13.519 [pool-2-thread-1] DEBUG com.jayway.jsonpath.internal.path.CompiledPath - Evaluating path: $
15:15:13.519 [pool-2-thread-1] DEBUG com.jayway.jsonpath.internal.path.CompiledPath - Evaluating path: $
15:15:13.519 [pool-2-thread-1] DEBUG com.jayway.jsonpath.internal.JsonContext - Put path $ key modifiers value {}
15:15:13.519 [pool-2-thread-1] DEBUG com.jayway.jsonpath.internal.path.CompiledPath - Evaluating path: $
15:15:13.519 [pool-2-thread-1] DEBUG com.jayway.jsonpath.internal.JsonContext - Put path $ key modifiers value 0
15:15:13.519 [pool-2-thread-1] DEBUG com.jayway.jsonpath.internal.path.CompiledPath - Evaluating path: $['type']
15:15:13.519 [pool-2-thread-1] DEBUG com.jayway.jsonpath.internal.path.CompiledPath - Evaluating path: $
15:15:13.519 [pool-2-thread-1] DEBUG com.jayway.jsonpath.internal.path.CompiledPath - Evaluating path: $
15:15:13.519 [pool-2-thread-1] DEBUG com.jayway.jsonpath.internal.JsonContext - Put path $ key type value {}
15:15:13.519 [pool-2-thread-1] DEBUG com.jayway.jsonpath.internal.path.CompiledPath - Evaluating path: $
15:15:13.519 [pool-2-thread-1] DEBUG com.jayway.jsonpath.internal.JsonContext - Put path $ key type value rawKeyDown
15:15:13.519 [pool-2-thread-1] DEBUG com.jayway.jsonpath.internal.path.CompiledPath - Evaluating path: $['text']
15:15:13.519 [pool-2-thread-1] DEBUG com.jayway.jsonpath.internal.path.CompiledPath - Evaluating path: $
15:15:13.519 [pool-2-thread-1] DEBUG com.jayway.jsonpath.internal.path.CompiledPath - Evaluating path: $
15:15:13.519 [pool-2-thread-1] DEBUG com.jayway.jsonpath.internal.JsonContext - Put path $ key text value {}
15:15:13.519 [pool-2-thread-1] DEBUG com.jayway.jsonpath.internal.path.CompiledPath - Evaluating path: $
15:15:13.519 [pool-2-thread-1] DEBUG com.jayway.jsonpath.internal.JsonContext - Put path $ key text value o
15:15:13.519 [pool-2-thread-1] DEBUG com.jayway.jsonpath.internal.path.CompiledPath - Evaluating path: $['windowsVirtualKeyCode']
15:15:13.519 [pool-2-thread-1] DEBUG com.jayway.jsonpath.internal.path.CompiledPath - Evaluating path: $
15:15:13.519 [pool-2-thread-1] DEBUG com.jayway.jsonpath.internal.path.CompiledPath - Evaluating path: $
15:15:13.519 [pool-2-thread-1] DEBUG com.jayway.jsonpath.internal.JsonContext - Put path $ key windowsVirtualKeyCode value {}
15:15:13.519 [pool-2-thread-1] DEBUG com.jayway.jsonpath.internal.path.CompiledPath - Evaluating path: $
15:15:13.519 [pool-2-thread-1] DEBUG com.jayway.jsonpath.internal.JsonContext - Put path $ key windowsVirtualKeyCode value 111
15:15:13.519 [pool-2-thread-1] DEBUG com.jayway.jsonpath.internal.path.CompiledPath - Evaluating path: $
15:15:13.519 [pool-2-thread-1] DEBUG com.intuit.karate.driver.chrome_1743063309369 - >> {"id":72,"sessionId":"B63F5043D4B5AB48736279C9539AC056","method":"Input.dispatchKeyEvent","params":{"modifiers":0,"type":"rawKeyDown","text":"o","windowsVirtualKeyCode":111}}
15:15:13.522 [nioEventLoopGroup-2-1] DEBUG com.intuit.karate.driver.chrome_1743063309369 - << {"id":72,"result":{},"sessionId":"B63F5043D4B5AB48736279C9539AC056"}
15:15:13.522 [nioEventLoopGroup-2-1] DEBUG com.jayway.jsonpath.internal.path.CompiledPath - Evaluating path: $
15:15:13.523 [pool-2-thread-1] DEBUG com.jayway.jsonpath.internal.path.CompiledPath - Evaluating path: $['modifiers']
15:15:13.523 [pool-2-thread-1] DEBUG com.jayway.jsonpath.internal.path.CompiledPath - Evaluating path: $
15:15:13.523 [pool-2-thread-1] DEBUG com.jayway.jsonpath.internal.path.CompiledPath - Evaluating path: $
15:15:13.523 [pool-2-thread-1] DEBUG com.jayway.jsonpath.internal.JsonContext - Put path $ key modifiers value {}
15:15:13.523 [pool-2-thread-1] DEBUG com.jayway.jsonpath.internal.path.CompiledPath - Evaluating path: $
15:15:13.523 [pool-2-thread-1] DEBUG com.jayway.jsonpath.internal.JsonContext - Put path $ key modifiers value 0
15:15:13.523 [pool-2-thread-1] DEBUG com.jayway.jsonpath.internal.path.CompiledPath - Evaluating path: $['type']
15:15:13.523 [pool-2-thread-1] DEBUG com.jayway.jsonpath.internal.path.CompiledPath - Evaluating path: $
15:15:13.523 [pool-2-thread-1] DEBUG com.jayway.jsonpath.internal.path.CompiledPath - Evaluating path: $
15:15:13.523 [pool-2-thread-1] DEBUG com.jayway.jsonpath.internal.JsonContext - Put path $ key type value {}
15:15:13.523 [pool-2-thread-1] DEBUG com.jayway.jsonpath.internal.path.CompiledPath - Evaluating path: $
15:15:13.523 [pool-2-thread-1] DEBUG com.jayway.jsonpath.internal.JsonContext - Put path $ key type value char
15:15:13.523 [pool-2-thread-1] DEBUG com.jayway.jsonpath.internal.path.CompiledPath - Evaluating path: $['text']
15:15:13.523 [pool-2-thread-1] DEBUG com.jayway.jsonpath.internal.path.CompiledPath - Evaluating path: $
15:15:13.523 [pool-2-thread-1] DEBUG com.jayway.jsonpath.internal.path.CompiledPath - Evaluating path: $
15:15:13.523 [pool-2-thread-1] DEBUG com.jayway.jsonpath.internal.JsonContext - Put path $ key text value {}
15:15:13.523 [pool-2-thread-1] DEBUG com.jayway.jsonpath.internal.path.CompiledPath - Evaluating path: $
15:15:13.523 [pool-2-thread-1] DEBUG com.jayway.jsonpath.internal.JsonContext - Put path $ key text value o
15:15:13.523 [pool-2-thread-1] DEBUG com.jayway.jsonpath.internal.path.CompiledPath - Evaluating path: $['windowsVirtualKeyCode']
15:15:13.523 [pool-2-thread-1] DEBUG com.jayway.jsonpath.internal.path.CompiledPath - Evaluating path: $
15:15:13.523 [pool-2-thread-1] DEBUG com.jayway.jsonpath.internal.path.CompiledPath - Evaluating path: $
15:15:13.523 [pool-2-thread-1] DEBUG com.jayway.jsonpath.internal.JsonContext - Put path $ key windowsVirtualKeyCode value {}
15:15:13.523 [pool-2-thread-1] DEBUG com.jayway.jsonpath.internal.path.CompiledPath - Evaluating path: $
15:15:13.523 [pool-2-thread-1] DEBUG com.jayway.jsonpath.internal.JsonContext - Put path $ key windowsVirtualKeyCode value 111
15:15:13.523 [pool-2-thread-1] DEBUG com.jayway.jsonpath.internal.path.CompiledPath - Evaluating path: $
15:15:13.523 [pool-2-thread-1] DEBUG com.intuit.karate.driver.chrome_1743063309369 - >> {"id":73,"sessionId":"B63F5043D4B5AB48736279C9539AC056","method":"Input.dispatchKeyEvent","params":{"modifiers":0,"type":"char","text":"o","windowsVirtualKeyCode":111}}
15:15:13.524 [nioEventLoopGroup-2-1] DEBUG com.intuit.karate.driver.chrome_1743063309369 - << {"id":73,"result":{},"sessionId":"B63F5043D4B5AB48736279C9539AC056"}
15:15:13.524 [nioEventLoopGroup-2-1] DEBUG com.jayway.jsonpath.internal.path.CompiledPath - Evaluating path: $
15:15:13.526 [pool-2-thread-1] DEBUG com.jayway.jsonpath.internal.path.CompiledPath - Evaluating path: $['modifiers']
15:15:13.526 [pool-2-thread-1] DEBUG com.jayway.jsonpath.internal.path.CompiledPath - Evaluating path: $
15:15:13.526 [pool-2-thread-1] DEBUG com.jayway.jsonpath.internal.path.CompiledPath - Evaluating path: $
15:15:13.526 [pool-2-thread-1] DEBUG com.jayway.jsonpath.internal.JsonContext - Put path $ key modifiers value {}
15:15:13.526 [pool-2-thread-1] DEBUG com.jayway.jsonpath.internal.path.CompiledPath - Evaluating path: $
15:15:13.526 [pool-2-thread-1] DEBUG com.jayway.jsonpath.internal.JsonContext - Put path $ key modifiers value 0
15:15:13.526 [pool-2-thread-1] DEBUG com.jayway.jsonpath.internal.path.CompiledPath - Evaluating path: $['type']
15:15:13.526 [pool-2-thread-1] DEBUG com.jayway.jsonpath.internal.path.CompiledPath - Evaluating path: $
15:15:13.526 [pool-2-thread-1] DEBUG com.jayway.jsonpath.internal.path.CompiledPath - Evaluating path: $
15:15:13.526 [pool-2-thread-1] DEBUG com.jayway.jsonpath.internal.JsonContext - Put path $ key type value {}
15:15:13.526 [pool-2-thread-1] DEBUG com.jayway.jsonpath.internal.path.CompiledPath - Evaluating path: $
15:15:13.526 [pool-2-thread-1] DEBUG com.jayway.jsonpath.internal.JsonContext - Put path $ key type value keyUp
15:15:13.526 [pool-2-thread-1] DEBUG com.jayway.jsonpath.internal.path.CompiledPath - Evaluating path: $['text']
15:15:13.526 [pool-2-thread-1] DEBUG com.jayway.jsonpath.internal.path.CompiledPath - Evaluating path: $
15:15:13.526 [pool-2-thread-1] DEBUG com.jayway.jsonpath.internal.path.CompiledPath - Evaluating path: $
15:15:13.526 [pool-2-thread-1] DEBUG com.jayway.jsonpath.internal.JsonContext - Put path $ key text value {}
15:15:13.526 [pool-2-thread-1] DEBUG com.jayway.jsonpath.internal.path.CompiledPath - Evaluating path: $
15:15:13.526 [pool-2-thread-1] DEBUG com.jayway.jsonpath.internal.JsonContext - Put path $ key text value o
15:15:13.526 [pool-2-thread-1] DEBUG com.jayway.jsonpath.internal.path.CompiledPath - Evaluating path: $['windowsVirtualKeyCode']
15:15:13.526 [pool-2-thread-1] DEBUG com.jayway.jsonpath.internal.path.CompiledPath - Evaluating path: $
15:15:13.526 [pool-2-thread-1] DEBUG com.jayway.jsonpath.internal.path.CompiledPath - Evaluating path: $
15:15:13.526 [pool-2-thread-1] DEBUG com.jayway.jsonpath.internal.JsonContext - Put path $ key windowsVirtualKeyCode value {}
15:15:13.526 [pool-2-thread-1] DEBUG com.jayway.jsonpath.internal.path.CompiledPath - Evaluating path: $
15:15:13.526 [pool-2-thread-1] DEBUG com.jayway.jsonpath.internal.JsonContext - Put path $ key windowsVirtualKeyCode value 111
15:15:13.526 [pool-2-thread-1] DEBUG com.jayway.jsonpath.internal.path.CompiledPath - Evaluating path: $
15:15:13.526 [pool-2-thread-1] DEBUG com.intuit.karate.driver.chrome_1743063309369 - >> {"id":74,"sessionId":"B63F5043D4B5AB48736279C9539AC056","method":"Input.dispatchKeyEvent","params":{"modifiers":0,"type":"keyUp","text":"o","windowsVirtualKeyCode":111}}
15:15:13.528 [nioEventLoopGroup-2-1] DEBUG com.intuit.karate.driver.chrome_1743063309369 - << {"id":74,"result":{},"sessionId":"B63F5043D4B5AB48736279C9539AC056"}
15:15:13.528 [nioEventLoopGroup-2-1] DEBUG com.jayway.jsonpath.internal.path.CompiledPath - Evaluating path: $
15:15:13.528 [pool-2-thread-1] DEBUG com.jayway.jsonpath.internal.path.CompiledPath - Evaluating path: $['modifiers']
15:15:13.528 [pool-2-thread-1] DEBUG com.jayway.jsonpath.internal.path.CompiledPath - Evaluating path: $
15:15:13.528 [pool-2-thread-1] DEBUG com.jayway.jsonpath.internal.path.CompiledPath - Evaluating path: $
15:15:13.528 [pool-2-thread-1] DEBUG com.jayway.jsonpath.internal.JsonContext - Put path $ key modifiers value {}
15:15:13.528 [pool-2-thread-1] DEBUG com.jayway.jsonpath.internal.path.CompiledPath - Evaluating path: $
15:15:13.528 [pool-2-thread-1] DEBUG com.jayway.jsonpath.internal.JsonContext - Put path $ key modifiers value 0
15:15:13.528 [pool-2-thread-1] DEBUG com.jayway.jsonpath.internal.path.CompiledPath - Evaluating path: $['type']
15:15:13.528 [pool-2-thread-1] DEBUG com.jayway.jsonpath.internal.path.CompiledPath - Evaluating path: $
15:15:13.528 [pool-2-thread-1] DEBUG com.jayway.jsonpath.internal.path.CompiledPath - Evaluating path: $
15:15:13.528 [pool-2-thread-1] DEBUG com.jayway.jsonpath.internal.JsonContext - Put path $ key type value {}
15:15:13.528 [pool-2-thread-1] DEBUG com.jayway.jsonpath.internal.path.CompiledPath - Evaluating path: $
15:15:13.529 [pool-2-thread-1] DEBUG com.jayway.jsonpath.internal.JsonContext - Put path $ key type value rawKeyDown
15:15:13.529 [pool-2-thread-1] DEBUG com.jayway.jsonpath.internal.path.CompiledPath - Evaluating path: $['text']
15:15:13.529 [pool-2-thread-1] DEBUG com.jayway.jsonpath.internal.path.CompiledPath - Evaluating path: $
15:15:13.529 [pool-2-thread-1] DEBUG com.jayway.jsonpath.internal.path.CompiledPath - Evaluating path: $
15:15:13.529 [pool-2-thread-1] DEBUG com.jayway.jsonpath.internal.JsonContext - Put path $ key text value {}
15:15:13.529 [pool-2-thread-1] DEBUG com.jayway.jsonpath.internal.path.CompiledPath - Evaluating path: $
15:15:13.529 [pool-2-thread-1] DEBUG com.jayway.jsonpath.internal.JsonContext - Put path $ key text value m
15:15:13.529 [pool-2-thread-1] DEBUG com.jayway.jsonpath.internal.path.CompiledPath - Evaluating path: $['windowsVirtualKeyCode']
15:15:13.529 [pool-2-thread-1] DEBUG com.jayway.jsonpath.internal.path.CompiledPath - Evaluating path: $
15:15:13.529 [pool-2-thread-1] DEBUG com.jayway.jsonpath.internal.path.CompiledPath - Evaluating path: $
15:15:13.529 [pool-2-thread-1] DEBUG com.jayway.jsonpath.internal.JsonContext - Put path $ key windowsVirtualKeyCode value {}
15:15:13.529 [pool-2-thread-1] DEBUG com.jayway.jsonpath.internal.path.CompiledPath - Evaluating path: $
15:15:13.529 [pool-2-thread-1] DEBUG com.jayway.jsonpath.internal.JsonContext - Put path $ key windowsVirtualKeyCode value 109
15:15:13.529 [pool-2-thread-1] DEBUG com.jayway.jsonpath.internal.path.CompiledPath - Evaluating path: $
15:15:13.529 [pool-2-thread-1] DEBUG com.intuit.karate.driver.chrome_1743063309369 - >> {"id":75,"sessionId":"B63F5043D4B5AB48736279C9539AC056","method":"Input.dispatchKeyEvent","params":{"modifiers":0,"type":"rawKeyDown","text":"m","windowsVirtualKeyCode":109}}
15:15:13.529 [nioEventLoopGroup-2-1] DEBUG com.intuit.karate.driver.chrome_1743063309369 - << {"id":75,"result":{},"sessionId":"B63F5043D4B5AB48736279C9539AC056"}
15:15:13.529 [nioEventLoopGroup-2-1] DEBUG com.jayway.jsonpath.internal.path.CompiledPath - Evaluating path: $
15:15:13.530 [pool-2-thread-1] DEBUG com.jayway.jsonpath.internal.path.CompiledPath - Evaluating path: $['modifiers']
15:15:13.530 [pool-2-thread-1] DEBUG com.jayway.jsonpath.internal.path.CompiledPath - Evaluating path: $
15:15:13.530 [pool-2-thread-1] DEBUG com.jayway.jsonpath.internal.path.CompiledPath - Evaluating path: $
15:15:13.530 [pool-2-thread-1] DEBUG com.jayway.jsonpath.internal.JsonContext - Put path $ key modifiers value {}
15:15:13.530 [pool-2-thread-1] DEBUG com.jayway.jsonpath.internal.path.CompiledPath - Evaluating path: $
15:15:13.530 [pool-2-thread-1] DEBUG com.jayway.jsonpath.internal.JsonContext - Put path $ key modifiers value 0
15:15:13.530 [pool-2-thread-1] DEBUG com.jayway.jsonpath.internal.path.CompiledPath - Evaluating path: $['type']
15:15:13.530 [pool-2-thread-1] DEBUG com.jayway.jsonpath.internal.path.CompiledPath - Evaluating path: $
15:15:13.530 [pool-2-thread-1] DEBUG com.jayway.jsonpath.internal.path.CompiledPath - Evaluating path: $
15:15:13.530 [pool-2-thread-1] DEBUG com.jayway.jsonpath.internal.JsonContext - Put path $ key type value {}
15:15:13.530 [pool-2-thread-1] DEBUG com.jayway.jsonpath.internal.path.CompiledPath - Evaluating path: $
15:15:13.530 [pool-2-thread-1] DEBUG com.jayway.jsonpath.internal.JsonContext - Put path $ key type value char
15:15:13.530 [pool-2-thread-1] DEBUG com.jayway.jsonpath.internal.path.CompiledPath - Evaluating path: $['text']
15:15:13.530 [pool-2-thread-1] DEBUG com.jayway.jsonpath.internal.path.CompiledPath - Evaluating path: $
15:15:13.530 [pool-2-thread-1] DEBUG com.jayway.jsonpath.internal.path.CompiledPath - Evaluating path: $
15:15:13.530 [pool-2-thread-1] DEBUG com.jayway.jsonpath.internal.JsonContext - Put path $ key text value {}
15:15:13.530 [pool-2-thread-1] DEBUG com.jayway.jsonpath.internal.path.CompiledPath - Evaluating path: $
15:15:13.530 [pool-2-thread-1] DEBUG com.jayway.jsonpath.internal.JsonContext - Put path $ key text value m
15:15:13.530 [pool-2-thread-1] DEBUG com.jayway.jsonpath.internal.path.CompiledPath - Evaluating path: $['windowsVirtualKeyCode']
15:15:13.530 [pool-2-thread-1] DEBUG com.jayway.jsonpath.internal.path.CompiledPath - Evaluating path: $
15:15:13.530 [pool-2-thread-1] DEBUG com.jayway.jsonpath.internal.path.CompiledPath - Evaluating path: $
15:15:13.530 [pool-2-thread-1] DEBUG com.jayway.jsonpath.internal.JsonContext - Put path $ key windowsVirtualKeyCode value {}
15:15:13.530 [pool-2-thread-1] DEBUG com.jayway.jsonpath.internal.path.CompiledPath - Evaluating path: $
15:15:13.530 [pool-2-thread-1] DEBUG com.jayway.jsonpath.internal.JsonContext - Put path $ key windowsVirtualKeyCode value 109
15:15:13.530 [pool-2-thread-1] DEBUG com.jayway.jsonpath.internal.path.CompiledPath - Evaluating path: $
15:15:13.530 [pool-2-thread-1] DEBUG com.intuit.karate.driver.chrome_1743063309369 - >> {"id":76,"sessionId":"B63F5043D4B5AB48736279C9539AC056","method":"Input.dispatchKeyEvent","params":{"modifiers":0,"type":"char","text":"m","windowsVirtualKeyCode":109}}
15:15:13.531 [nioEventLoopGroup-2-1] DEBUG com.intuit.karate.driver.chrome_1743063309369 - << {"id":76,"result":{},"sessionId":"B63F5043D4B5AB48736279C9539AC056"}
15:15:13.531 [nioEventLoopGroup-2-1] DEBUG com.jayway.jsonpath.internal.path.CompiledPath - Evaluating path: $
15:15:13.532 [pool-2-thread-1] DEBUG com.jayway.jsonpath.internal.path.CompiledPath - Evaluating path: $['modifiers']
15:15:13.532 [pool-2-thread-1] DEBUG com.jayway.jsonpath.internal.path.CompiledPath - Evaluating path: $
15:15:13.532 [pool-2-thread-1] DEBUG com.jayway.jsonpath.internal.path.CompiledPath - Evaluating path: $
15:15:13.532 [pool-2-thread-1] DEBUG com.jayway.jsonpath.internal.JsonContext - Put path $ key modifiers value {}
15:15:13.532 [pool-2-thread-1] DEBUG com.jayway.jsonpath.internal.path.CompiledPath - Evaluating path: $
15:15:13.532 [pool-2-thread-1] DEBUG com.jayway.jsonpath.internal.JsonContext - Put path $ key modifiers value 0
15:15:13.532 [pool-2-thread-1] DEBUG com.jayway.jsonpath.internal.path.CompiledPath - Evaluating path: $['type']
15:15:13.532 [pool-2-thread-1] DEBUG com.jayway.jsonpath.internal.path.CompiledPath - Evaluating path: $
15:15:13.532 [pool-2-thread-1] DEBUG com.jayway.jsonpath.internal.path.CompiledPath - Evaluating path: $
15:15:13.532 [pool-2-thread-1] DEBUG com.jayway.jsonpath.internal.JsonContext - Put path $ key type value {}
15:15:13.532 [pool-2-thread-1] DEBUG com.jayway.jsonpath.internal.path.CompiledPath - Evaluating path: $
15:15:13.532 [pool-2-thread-1] DEBUG com.jayway.jsonpath.internal.JsonContext - Put path $ key type value keyUp
15:15:13.532 [pool-2-thread-1] DEBUG com.jayway.jsonpath.internal.path.CompiledPath - Evaluating path: $['text']
15:15:13.532 [pool-2-thread-1] DEBUG com.jayway.jsonpath.internal.path.CompiledPath - Evaluating path: $
15:15:13.532 [pool-2-thread-1] DEBUG com.jayway.jsonpath.internal.path.CompiledPath - Evaluating path: $
15:15:13.532 [pool-2-thread-1] DEBUG com.jayway.jsonpath.internal.JsonContext - Put path $ key text value {}
15:15:13.532 [pool-2-thread-1] DEBUG com.jayway.jsonpath.internal.path.CompiledPath - Evaluating path: $
15:15:13.532 [pool-2-thread-1] DEBUG com.jayway.jsonpath.internal.JsonContext - Put path $ key text value m
15:15:13.532 [pool-2-thread-1] DEBUG com.jayway.jsonpath.internal.path.CompiledPath - Evaluating path: $['windowsVirtualKeyCode']
15:15:13.532 [pool-2-thread-1] DEBUG com.jayway.jsonpath.internal.path.CompiledPath - Evaluating path: $
15:15:13.532 [pool-2-thread-1] DEBUG com.jayway.jsonpath.internal.path.CompiledPath - Evaluating path: $
15:15:13.532 [pool-2-thread-1] DEBUG com.jayway.jsonpath.internal.JsonContext - Put path $ key windowsVirtualKeyCode value {}
15:15:13.532 [pool-2-thread-1] DEBUG com.jayway.jsonpath.internal.path.CompiledPath - Evaluating path: $
15:15:13.532 [pool-2-thread-1] DEBUG com.jayway.jsonpath.internal.JsonContext - Put path $ key windowsVirtualKeyCode value 109
15:15:13.532 [pool-2-thread-1] DEBUG com.jayway.jsonpath.internal.path.CompiledPath - Evaluating path: $
15:15:13.532 [pool-2-thread-1] DEBUG com.intuit.karate.driver.chrome_1743063309369 - >> {"id":77,"sessionId":"B63F5043D4B5AB48736279C9539AC056","method":"Input.dispatchKeyEvent","params":{"modifiers":0,"type":"keyUp","text":"m","windowsVirtualKeyCode":109}}
15:15:13.533 [nioEventLoopGroup-2-1] DEBUG com.intuit.karate.driver.chrome_1743063309369 - << {"id":77,"result":{},"sessionId":"B63F5043D4B5AB48736279C9539AC056"}
15:15:13.533 [nioEventLoopGroup-2-1] DEBUG com.jayway.jsonpath.internal.path.CompiledPath - Evaluating path: $
15:15:13.536 [pool-2-thread-1] DEBUG com.jayway.jsonpath.internal.path.CompiledPath - Evaluating path: $['expression']
15:15:13.536 [pool-2-thread-1] DEBUG com.jayway.jsonpath.internal.path.CompiledPath - Evaluating path: $
15:15:13.536 [pool-2-thread-1] DEBUG com.jayway.jsonpath.internal.path.CompiledPath - Evaluating path: $
15:15:13.536 [pool-2-thread-1] DEBUG com.jayway.jsonpath.internal.JsonContext - Put path $ key expression value {}
15:15:13.536 [pool-2-thread-1] DEBUG com.jayway.jsonpath.internal.path.CompiledPath - Evaluating path: $
15:15:13.536 [pool-2-thread-1] DEBUG com.jayway.jsonpath.internal.JsonContext - Put path $ key expression value var e = document.querySelector("#Password"); e.focus(); try { e.selectionStart = e.selectionEnd = e.value.length } catch(x) {}
15:15:13.536 [pool-2-thread-1] DEBUG com.jayway.jsonpath.internal.path.CompiledPath - Evaluating path: $['returnByValue']
15:15:13.536 [pool-2-thread-1] DEBUG com.jayway.jsonpath.internal.path.CompiledPath - Evaluating path: $
15:15:13.536 [pool-2-thread-1] DEBUG com.jayway.jsonpath.internal.path.CompiledPath - Evaluating path: $
15:15:13.536 [pool-2-thread-1] DEBUG com.jayway.jsonpath.internal.JsonContext - Put path $ key returnByValue value {}
15:15:13.536 [pool-2-thread-1] DEBUG com.jayway.jsonpath.internal.path.CompiledPath - Evaluating path: $
15:15:13.536 [pool-2-thread-1] DEBUG com.jayway.jsonpath.internal.JsonContext - Put path $ key returnByValue value true
15:15:13.536 [pool-2-thread-1] DEBUG com.jayway.jsonpath.internal.path.CompiledPath - Evaluating path: $
15:15:13.536 [pool-2-thread-1] DEBUG com.intuit.karate.driver.chrome_1743063309369 - >> {"id":78,"sessionId":"B63F5043D4B5AB48736279C9539AC056","method":"Runtime.evaluate","params":{"expression":"var e = document.querySelector(\"#Password\"); e.focus(); try { e.selectionStart = e.selectionEnd = e.value.length } catch(x) {}","returnByValue":true}}
15:15:13.540 [nioEventLoopGroup-2-1] DEBUG com.intuit.karate.driver.chrome_1743063309369 - << {"id":78,"result":{"result":{"type":"number","value":0,"description":"0"}},"sessionId":"B63F5043D4B5AB48736279C9539AC056"}
15:15:13.540 [nioEventLoopGroup-2-1] DEBUG com.jayway.jsonpath.internal.path.CompiledPath - Evaluating path: $
15:15:13.540 [pool-2-thread-1] DEBUG com.jayway.jsonpath.internal.path.CompiledPath - Evaluating path: $['modifiers']
15:15:13.540 [pool-2-thread-1] DEBUG com.jayway.jsonpath.internal.path.CompiledPath - Evaluating path: $
15:15:13.540 [pool-2-thread-1] DEBUG com.jayway.jsonpath.internal.path.CompiledPath - Evaluating path: $
15:15:13.540 [pool-2-thread-1] DEBUG com.jayway.jsonpath.internal.JsonContext - Put path $ key modifiers value {}
15:15:13.540 [pool-2-thread-1] DEBUG com.jayway.jsonpath.internal.path.CompiledPath - Evaluating path: $
15:15:13.540 [pool-2-thread-1] DEBUG com.jayway.jsonpath.internal.JsonContext - Put path $ key modifiers value 0
15:15:13.540 [pool-2-thread-1] DEBUG com.jayway.jsonpath.internal.path.CompiledPath - Evaluating path: $['type']
15:15:13.540 [pool-2-thread-1] DEBUG com.jayway.jsonpath.internal.path.CompiledPath - Evaluating path: $
15:15:13.540 [pool-2-thread-1] DEBUG com.jayway.jsonpath.internal.path.CompiledPath - Evaluating path: $
15:15:13.540 [pool-2-thread-1] DEBUG com.jayway.jsonpath.internal.JsonContext - Put path $ key type value {}
15:15:13.540 [pool-2-thread-1] DEBUG com.jayway.jsonpath.internal.path.CompiledPath - Evaluating path: $
15:15:13.540 [pool-2-thread-1] DEBUG com.jayway.jsonpath.internal.JsonContext - Put path $ key type value rawKeyDown
15:15:13.540 [pool-2-thread-1] DEBUG com.jayway.jsonpath.internal.path.CompiledPath - Evaluating path: $['text']
15:15:13.540 [pool-2-thread-1] DEBUG com.jayway.jsonpath.internal.path.CompiledPath - Evaluating path: $
15:15:13.540 [pool-2-thread-1] DEBUG com.jayway.jsonpath.internal.path.CompiledPath - Evaluating path: $
15:15:13.540 [pool-2-thread-1] DEBUG com.jayway.jsonpath.internal.JsonContext - Put path $ key text value {}
15:15:13.540 [pool-2-thread-1] DEBUG com.jayway.jsonpath.internal.path.CompiledPath - Evaluating path: $
15:15:13.540 [pool-2-thread-1] DEBUG com.jayway.jsonpath.internal.JsonContext - Put path $ key text value 1
15:15:13.540 [pool-2-thread-1] DEBUG com.jayway.jsonpath.internal.path.CompiledPath - Evaluating path: $['windowsVirtualKeyCode']
15:15:13.540 [pool-2-thread-1] DEBUG com.jayway.jsonpath.internal.path.CompiledPath - Evaluating path: $
15:15:13.540 [pool-2-thread-1] DEBUG com.jayway.jsonpath.internal.path.CompiledPath - Evaluating path: $
15:15:13.540 [pool-2-thread-1] DEBUG com.jayway.jsonpath.internal.JsonContext - Put path $ key windowsVirtualKeyCode value {}
15:15:13.540 [pool-2-thread-1] DEBUG com.jayway.jsonpath.internal.path.CompiledPath - Evaluating path: $
15:15:13.540 [pool-2-thread-1] DEBUG com.jayway.jsonpath.internal.JsonContext - Put path $ key windowsVirtualKeyCode value 49
15:15:13.540 [pool-2-thread-1] DEBUG com.jayway.jsonpath.internal.path.CompiledPath - Evaluating path: $
15:15:13.540 [pool-2-thread-1] DEBUG com.intuit.karate.driver.chrome_1743063309369 - >> {"id":79,"sessionId":"B63F5043D4B5AB48736279C9539AC056","method":"Input.dispatchKeyEvent","params":{"modifiers":0,"type":"rawKeyDown","text":"1","windowsVirtualKeyCode":49}}
15:15:13.541 [nioEventLoopGroup-2-1] DEBUG com.intuit.karate.driver.chrome_1743063309369 - << {"id":79,"result":{},"sessionId":"B63F5043D4B5AB48736279C9539AC056"}
15:15:13.541 [nioEventLoopGroup-2-1] DEBUG com.jayway.jsonpath.internal.path.CompiledPath - Evaluating path: $
15:15:13.541 [pool-2-thread-1] DEBUG com.jayway.jsonpath.internal.path.CompiledPath - Evaluating path: $['modifiers']
15:15:13.541 [pool-2-thread-1] DEBUG com.jayway.jsonpath.internal.path.CompiledPath - Evaluating path: $
15:15:13.541 [pool-2-thread-1] DEBUG com.jayway.jsonpath.internal.path.CompiledPath - Evaluating path: $
15:15:13.541 [pool-2-thread-1] DEBUG com.jayway.jsonpath.internal.JsonContext - Put path $ key modifiers value {}
15:15:13.541 [pool-2-thread-1] DEBUG com.jayway.jsonpath.internal.path.CompiledPath - Evaluating path: $
15:15:13.541 [pool-2-thread-1] DEBUG com.jayway.jsonpath.internal.JsonContext - Put path $ key modifiers value 0
15:15:13.541 [pool-2-thread-1] DEBUG com.jayway.jsonpath.internal.path.CompiledPath - Evaluating path: $['type']
15:15:13.541 [pool-2-thread-1] DEBUG com.jayway.jsonpath.internal.path.CompiledPath - Evaluating path: $
15:15:13.541 [pool-2-thread-1] DEBUG com.jayway.jsonpath.internal.path.CompiledPath - Evaluating path: $
15:15:13.541 [pool-2-thread-1] DEBUG com.jayway.jsonpath.internal.JsonContext - Put path $ key type value {}
15:15:13.541 [pool-2-thread-1] DEBUG com.jayway.jsonpath.internal.path.CompiledPath - Evaluating path: $
15:15:13.541 [pool-2-thread-1] DEBUG com.jayway.jsonpath.internal.JsonContext - Put path $ key type value char
15:15:13.541 [pool-2-thread-1] DEBUG com.jayway.jsonpath.internal.path.CompiledPath - Evaluating path: $['text']
15:15:13.541 [pool-2-thread-1] DEBUG com.jayway.jsonpath.internal.path.CompiledPath - Evaluating path: $
15:15:13.541 [pool-2-thread-1] DEBUG com.jayway.jsonpath.internal.path.CompiledPath - Evaluating path: $
15:15:13.541 [pool-2-thread-1] DEBUG com.jayway.jsonpath.internal.JsonContext - Put path $ key text value {}
15:15:13.541 [pool-2-thread-1] DEBUG com.jayway.jsonpath.internal.path.CompiledPath - Evaluating path: $
15:15:13.541 [pool-2-thread-1] DEBUG com.jayway.jsonpath.internal.JsonContext - Put path $ key text value 1
15:15:13.541 [pool-2-thread-1] DEBUG com.jayway.jsonpath.internal.path.CompiledPath - Evaluating path: $['windowsVirtualKeyCode']
15:15:13.541 [pool-2-thread-1] DEBUG com.jayway.jsonpath.internal.path.CompiledPath - Evaluating path: $
15:15:13.541 [pool-2-thread-1] DEBUG com.jayway.jsonpath.internal.path.CompiledPath - Evaluating path: $
15:15:13.541 [pool-2-thread-1] DEBUG com.jayway.jsonpath.internal.JsonContext - Put path $ key windowsVirtualKeyCode value {}
15:15:13.541 [pool-2-thread-1] DEBUG com.jayway.jsonpath.internal.path.CompiledPath - Evaluating path: $
15:15:13.541 [pool-2-thread-1] DEBUG com.jayway.jsonpath.internal.JsonContext - Put path $ key windowsVirtualKeyCode value 49
15:15:13.541 [pool-2-thread-1] DEBUG com.jayway.jsonpath.internal.path.CompiledPath - Evaluating path: $
15:15:13.541 [pool-2-thread-1] DEBUG com.intuit.karate.driver.chrome_1743063309369 - >> {"id":80,"sessionId":"B63F5043D4B5AB48736279C9539AC056","method":"Input.dispatchKeyEvent","params":{"modifiers":0,"type":"char","text":"1","windowsVirtualKeyCode":49}}
15:15:13.542 [nioEventLoopGroup-2-1] DEBUG com.intuit.karate.driver.chrome_1743063309369 - << {"id":80,"result":{},"sessionId":"B63F5043D4B5AB48736279C9539AC056"}
15:15:13.542 [nioEventLoopGroup-2-1] DEBUG com.jayway.jsonpath.internal.path.CompiledPath - Evaluating path: $
15:15:13.542 [pool-2-thread-1] DEBUG com.jayway.jsonpath.internal.path.CompiledPath - Evaluating path: $['modifiers']
15:15:13.542 [pool-2-thread-1] DEBUG com.jayway.jsonpath.internal.path.CompiledPath - Evaluating path: $
15:15:13.542 [pool-2-thread-1] DEBUG com.jayway.jsonpath.internal.path.CompiledPath - Evaluating path: $
15:15:13.542 [pool-2-thread-1] DEBUG com.jayway.jsonpath.internal.JsonContext - Put path $ key modifiers value {}
15:15:13.542 [pool-2-thread-1] DEBUG com.jayway.jsonpath.internal.path.CompiledPath - Evaluating path: $
15:15:13.542 [pool-2-thread-1] DEBUG com.jayway.jsonpath.internal.JsonContext - Put path $ key modifiers value 0
15:15:13.542 [pool-2-thread-1] DEBUG com.jayway.jsonpath.internal.path.CompiledPath - Evaluating path: $['type']
15:15:13.542 [pool-2-thread-1] DEBUG com.jayway.jsonpath.internal.path.CompiledPath - Evaluating path: $
15:15:13.542 [pool-2-thread-1] DEBUG com.jayway.jsonpath.internal.path.CompiledPath - Evaluating path: $
15:15:13.542 [pool-2-thread-1] DEBUG com.jayway.jsonpath.internal.JsonContext - Put path $ key type value {}
15:15:13.542 [pool-2-thread-1] DEBUG com.jayway.jsonpath.internal.path.CompiledPath - Evaluating path: $
15:15:13.542 [pool-2-thread-1] DEBUG com.jayway.jsonpath.internal.JsonContext - Put path $ key type value keyUp
15:15:13.542 [pool-2-thread-1] DEBUG com.jayway.jsonpath.internal.path.CompiledPath - Evaluating path: $['text']
15:15:13.542 [pool-2-thread-1] DEBUG com.jayway.jsonpath.internal.path.CompiledPath - Evaluating path: $
15:15:13.542 [pool-2-thread-1] DEBUG com.jayway.jsonpath.internal.path.CompiledPath - Evaluating path: $
15:15:13.542 [pool-2-thread-1] DEBUG com.jayway.jsonpath.internal.JsonContext - Put path $ key text value {}
15:15:13.542 [pool-2-thread-1] DEBUG com.jayway.jsonpath.internal.path.CompiledPath - Evaluating path: $
15:15:13.542 [pool-2-thread-1] DEBUG com.jayway.jsonpath.internal.JsonContext - Put path $ key text value 1
15:15:13.542 [pool-2-thread-1] DEBUG com.jayway.jsonpath.internal.path.CompiledPath - Evaluating path: $['windowsVirtualKeyCode']
15:15:13.542 [pool-2-thread-1] DEBUG com.jayway.jsonpath.internal.path.CompiledPath - Evaluating path: $
15:15:13.542 [pool-2-thread-1] DEBUG com.jayway.jsonpath.internal.path.CompiledPath - Evaluating path: $
15:15:13.542 [pool-2-thread-1] DEBUG com.jayway.jsonpath.internal.JsonContext - Put path $ key windowsVirtualKeyCode value {}
15:15:13.542 [pool-2-thread-1] DEBUG com.jayway.jsonpath.internal.path.CompiledPath - Evaluating path: $
15:15:13.542 [pool-2-thread-1] DEBUG com.jayway.jsonpath.internal.JsonContext - Put path $ key windowsVirtualKeyCode value 49
15:15:13.542 [pool-2-thread-1] DEBUG com.jayway.jsonpath.internal.path.CompiledPath - Evaluating path: $
15:15:13.542 [pool-2-thread-1] DEBUG com.intuit.karate.driver.chrome_1743063309369 - >> {"id":81,"sessionId":"B63F5043D4B5AB48736279C9539AC056","method":"Input.dispatchKeyEvent","params":{"modifiers":0,"type":"keyUp","text":"1","windowsVirtualKeyCode":49}}
15:15:13.561 [nioEventLoopGroup-2-1] DEBUG com.intuit.karate.driver.chrome_1743063309369 - << {"id":81,"result":{},"sessionId":"B63F5043D4B5AB48736279C9539AC056"}
15:15:13.561 [nioEventLoopGroup-2-1] DEBUG com.jayway.jsonpath.internal.path.CompiledPath - Evaluating path: $
15:15:13.561 [pool-2-thread-1] DEBUG com.jayway.jsonpath.internal.path.CompiledPath - Evaluating path: $['modifiers']
15:15:13.561 [pool-2-thread-1] DEBUG com.jayway.jsonpath.internal.path.CompiledPath - Evaluating path: $
15:15:13.561 [pool-2-thread-1] DEBUG com.jayway.jsonpath.internal.path.CompiledPath - Evaluating path: $
15:15:13.561 [pool-2-thread-1] DEBUG com.jayway.jsonpath.internal.JsonContext - Put path $ key modifiers value {}
15:15:13.561 [pool-2-thread-1] DEBUG com.jayway.jsonpath.internal.path.CompiledPath - Evaluating path: $
15:15:13.561 [pool-2-thread-1] DEBUG com.jayway.jsonpath.internal.JsonContext - Put path $ key modifiers value 0
15:15:13.561 [pool-2-thread-1] DEBUG com.jayway.jsonpath.internal.path.CompiledPath - Evaluating path: $['type']
15:15:13.561 [pool-2-thread-1] DEBUG com.jayway.jsonpath.internal.path.CompiledPath - Evaluating path: $
15:15:13.561 [pool-2-thread-1] DEBUG com.jayway.jsonpath.internal.path.CompiledPath - Evaluating path: $
15:15:13.561 [pool-2-thread-1] DEBUG com.jayway.jsonpath.internal.JsonContext - Put path $ key type value {}
15:15:13.561 [pool-2-thread-1] DEBUG com.jayway.jsonpath.internal.path.CompiledPath - Evaluating path: $
15:15:13.561 [pool-2-thread-1] DEBUG com.jayway.jsonpath.internal.JsonContext - Put path $ key type value rawKeyDown
15:15:13.561 [pool-2-thread-1] DEBUG com.jayway.jsonpath.internal.path.CompiledPath - Evaluating path: $['text']
15:15:13.561 [pool-2-thread-1] DEBUG com.jayway.jsonpath.internal.path.CompiledPath - Evaluating path: $
15:15:13.561 [pool-2-thread-1] DEBUG com.jayway.jsonpath.internal.path.CompiledPath - Evaluating path: $
15:15:13.561 [pool-2-thread-1] DEBUG com.jayway.jsonpath.internal.JsonContext - Put path $ key text value {}
15:15:13.561 [pool-2-thread-1] DEBUG com.jayway.jsonpath.internal.path.CompiledPath - Evaluating path: $
15:15:13.561 [pool-2-thread-1] DEBUG com.jayway.jsonpath.internal.JsonContext - Put path $ key text value 2
15:15:13.561 [pool-2-thread-1] DEBUG com.jayway.jsonpath.internal.path.CompiledPath - Evaluating path: $['windowsVirtualKeyCode']
15:15:13.561 [pool-2-thread-1] DEBUG com.jayway.jsonpath.internal.path.CompiledPath - Evaluating path: $
15:15:13.561 [pool-2-thread-1] DEBUG com.jayway.jsonpath.internal.path.CompiledPath - Evaluating path: $
15:15:13.561 [pool-2-thread-1] DEBUG com.jayway.jsonpath.internal.JsonContext - Put path $ key windowsVirtualKeyCode value {}
15:15:13.561 [pool-2-thread-1] DEBUG com.jayway.jsonpath.internal.path.CompiledPath - Evaluating path: $
15:15:13.561 [pool-2-thread-1] DEBUG com.jayway.jsonpath.internal.JsonContext - Put path $ key windowsVirtualKeyCode value 50
15:15:13.561 [pool-2-thread-1] DEBUG com.jayway.jsonpath.internal.path.CompiledPath - Evaluating path: $
15:15:13.561 [pool-2-thread-1] DEBUG com.intuit.karate.driver.chrome_1743063309369 - >> {"id":82,"sessionId":"B63F5043D4B5AB48736279C9539AC056","method":"Input.dispatchKeyEvent","params":{"modifiers":0,"type":"rawKeyDown","text":"2","windowsVirtualKeyCode":50}}
15:15:13.562 [nioEventLoopGroup-2-1] DEBUG com.intuit.karate.driver.chrome_1743063309369 - << {"id":82,"result":{},"sessionId":"B63F5043D4B5AB48736279C9539AC056"}
15:15:13.563 [nioEventLoopGroup-2-1] DEBUG com.jayway.jsonpath.internal.path.CompiledPath - Evaluating path: $
15:15:13.563 [pool-2-thread-1] DEBUG com.jayway.jsonpath.internal.path.CompiledPath - Evaluating path: $['modifiers']
15:15:13.563 [pool-2-thread-1] DEBUG com.jayway.jsonpath.internal.path.CompiledPath - Evaluating path: $
15:15:13.563 [pool-2-thread-1] DEBUG com.jayway.jsonpath.internal.path.CompiledPath - Evaluating path: $
15:15:13.563 [pool-2-thread-1] DEBUG com.jayway.jsonpath.internal.JsonContext - Put path $ key modifiers value {}
15:15:13.563 [pool-2-thread-1] DEBUG com.jayway.jsonpath.internal.path.CompiledPath - Evaluating path: $
15:15:13.563 [pool-2-thread-1] DEBUG com.jayway.jsonpath.internal.JsonContext - Put path $ key modifiers value 0
15:15:13.563 [pool-2-thread-1] DEBUG com.jayway.jsonpath.internal.path.CompiledPath - Evaluating path: $['type']
15:15:13.563 [pool-2-thread-1] DEBUG com.jayway.jsonpath.internal.path.CompiledPath - Evaluating path: $
15:15:13.563 [pool-2-thread-1] DEBUG com.jayway.jsonpath.internal.path.CompiledPath - Evaluating path: $
15:15:13.563 [pool-2-thread-1] DEBUG com.jayway.jsonpath.internal.JsonContext - Put path $ key type value {}
15:15:13.563 [pool-2-thread-1] DEBUG com.jayway.jsonpath.internal.path.CompiledPath - Evaluating path: $
15:15:13.563 [pool-2-thread-1] DEBUG com.jayway.jsonpath.internal.JsonContext - Put path $ key type value char
15:15:13.563 [pool-2-thread-1] DEBUG com.jayway.jsonpath.internal.path.CompiledPath - Evaluating path: $['text']
15:15:13.563 [pool-2-thread-1] DEBUG com.jayway.jsonpath.internal.path.CompiledPath - Evaluating path: $
15:15:13.563 [pool-2-thread-1] DEBUG com.jayway.jsonpath.internal.path.CompiledPath - Evaluating path: $
15:15:13.563 [pool-2-thread-1] DEBUG com.jayway.jsonpath.internal.JsonContext - Put path $ key text value {}
15:15:13.563 [pool-2-thread-1] DEBUG com.jayway.jsonpath.internal.path.CompiledPath - Evaluating path: $
15:15:13.563 [pool-2-thread-1] DEBUG com.jayway.jsonpath.internal.JsonContext - Put path $ key text value 2
15:15:13.563 [pool-2-thread-1] DEBUG com.jayway.jsonpath.internal.path.CompiledPath - Evaluating path: $['windowsVirtualKeyCode']
15:15:13.563 [pool-2-thread-1] DEBUG com.jayway.jsonpath.internal.path.CompiledPath - Evaluating path: $
15:15:13.563 [pool-2-thread-1] DEBUG com.jayway.jsonpath.internal.path.CompiledPath - Evaluating path: $
15:15:13.563 [pool-2-thread-1] DEBUG com.jayway.jsonpath.internal.JsonContext - Put path $ key windowsVirtualKeyCode value {}
15:15:13.563 [pool-2-thread-1] DEBUG com.jayway.jsonpath.internal.path.CompiledPath - Evaluating path: $
15:15:13.563 [pool-2-thread-1] DEBUG com.jayway.jsonpath.internal.JsonContext - Put path $ key windowsVirtualKeyCode value 50
15:15:13.563 [pool-2-thread-1] DEBUG com.jayway.jsonpath.internal.path.CompiledPath - Evaluating path: $
15:15:13.563 [pool-2-thread-1] DEBUG com.intuit.karate.driver.chrome_1743063309369 - >> {"id":83,"sessionId":"B63F5043D4B5AB48736279C9539AC056","method":"Input.dispatchKeyEvent","params":{"modifiers":0,"type":"char","text":"2","windowsVirtualKeyCode":50}}
15:15:13.565 [nioEventLoopGroup-2-1] DEBUG com.intuit.karate.driver.chrome_1743063309369 - << {"id":83,"result":{},"sessionId":"B63F5043D4B5AB48736279C9539AC056"}
15:15:13.566 [nioEventLoopGroup-2-1] DEBUG com.jayway.jsonpath.internal.path.CompiledPath - Evaluating path: $
15:15:13.567 [pool-2-thread-1] DEBUG com.jayway.jsonpath.internal.path.CompiledPath - Evaluating path: $['modifiers']
15:15:13.567 [pool-2-thread-1] DEBUG com.jayway.jsonpath.internal.path.CompiledPath - Evaluating path: $
15:15:13.567 [pool-2-thread-1] DEBUG com.jayway.jsonpath.internal.path.CompiledPath - Evaluating path: $
15:15:13.567 [pool-2-thread-1] DEBUG com.jayway.jsonpath.internal.JsonContext - Put path $ key modifiers value {}
15:15:13.567 [pool-2-thread-1] DEBUG com.jayway.jsonpath.internal.path.CompiledPath - Evaluating path: $
15:15:13.567 [pool-2-thread-1] DEBUG com.jayway.jsonpath.internal.JsonContext - Put path $ key modifiers value 0
15:15:13.567 [pool-2-thread-1] DEBUG com.jayway.jsonpath.internal.path.CompiledPath - Evaluating path: $['type']
15:15:13.567 [pool-2-thread-1] DEBUG com.jayway.jsonpath.internal.path.CompiledPath - Evaluating path: $
15:15:13.567 [pool-2-thread-1] DEBUG com.jayway.jsonpath.internal.path.CompiledPath - Evaluating path: $
15:15:13.567 [pool-2-thread-1] DEBUG com.jayway.jsonpath.internal.JsonContext - Put path $ key type value {}
15:15:13.567 [pool-2-thread-1] DEBUG com.jayway.jsonpath.internal.path.CompiledPath - Evaluating path: $
15:15:13.567 [pool-2-thread-1] DEBUG com.jayway.jsonpath.internal.JsonContext - Put path $ key type value keyUp
15:15:13.567 [pool-2-thread-1] DEBUG com.jayway.jsonpath.internal.path.CompiledPath - Evaluating path: $['text']
15:15:13.567 [pool-2-thread-1] DEBUG com.jayway.jsonpath.internal.path.CompiledPath - Evaluating path: $
15:15:13.567 [pool-2-thread-1] DEBUG com.jayway.jsonpath.internal.path.CompiledPath - Evaluating path: $
15:15:13.567 [pool-2-thread-1] DEBUG com.jayway.jsonpath.internal.JsonContext - Put path $ key text value {}
15:15:13.567 [pool-2-thread-1] DEBUG com.jayway.jsonpath.internal.path.CompiledPath - Evaluating path: $
15:15:13.567 [pool-2-thread-1] DEBUG com.jayway.jsonpath.internal.JsonContext - Put path $ key text value 2
15:15:13.567 [pool-2-thread-1] DEBUG com.jayway.jsonpath.internal.path.CompiledPath - Evaluating path: $['windowsVirtualKeyCode']
15:15:13.567 [pool-2-thread-1] DEBUG com.jayway.jsonpath.internal.path.CompiledPath - Evaluating path: $
15:15:13.567 [pool-2-thread-1] DEBUG com.jayway.jsonpath.internal.path.CompiledPath - Evaluating path: $
15:15:13.567 [pool-2-thread-1] DEBUG com.jayway.jsonpath.internal.JsonContext - Put path $ key windowsVirtualKeyCode value {}
15:15:13.567 [pool-2-thread-1] DEBUG com.jayway.jsonpath.internal.path.CompiledPath - Evaluating path: $
15:15:13.567 [pool-2-thread-1] DEBUG com.jayway.jsonpath.internal.JsonContext - Put path $ key windowsVirtualKeyCode value 50
15:15:13.567 [pool-2-thread-1] DEBUG com.jayway.jsonpath.internal.path.CompiledPath - Evaluating path: $
15:15:13.567 [pool-2-thread-1] DEBUG com.intuit.karate.driver.chrome_1743063309369 - >> {"id":84,"sessionId":"B63F5043D4B5AB48736279C9539AC056","method":"Input.dispatchKeyEvent","params":{"modifiers":0,"type":"keyUp","text":"2","windowsVirtualKeyCode":50}}
15:15:13.593 [nioEventLoopGroup-2-1] DEBUG com.intuit.karate.driver.chrome_1743063309369 - << {"id":84,"result":{},"sessionId":"B63F5043D4B5AB48736279C9539AC056"}
15:15:13.593 [nioEventLoopGroup-2-1] DEBUG com.jayway.jsonpath.internal.path.CompiledPath - Evaluating path: $
15:15:13.593 [pool-2-thread-1] DEBUG com.jayway.jsonpath.internal.path.CompiledPath - Evaluating path: $['modifiers']
15:15:13.593 [pool-2-thread-1] DEBUG com.jayway.jsonpath.internal.path.CompiledPath - Evaluating path: $
15:15:13.593 [pool-2-thread-1] DEBUG com.jayway.jsonpath.internal.path.CompiledPath - Evaluating path: $
15:15:13.593 [pool-2-thread-1] DEBUG com.jayway.jsonpath.internal.JsonContext - Put path $ key modifiers value {}
15:15:13.593 [pool-2-thread-1] DEBUG com.jayway.jsonpath.internal.path.CompiledPath - Evaluating path: $
15:15:13.593 [pool-2-thread-1] DEBUG com.jayway.jsonpath.internal.JsonContext - Put path $ key modifiers value 0
15:15:13.593 [pool-2-thread-1] DEBUG com.jayway.jsonpath.internal.path.CompiledPath - Evaluating path: $['type']
15:15:13.593 [pool-2-thread-1] DEBUG com.jayway.jsonpath.internal.path.CompiledPath - Evaluating path: $
15:15:13.593 [pool-2-thread-1] DEBUG com.jayway.jsonpath.internal.path.CompiledPath - Evaluating path: $
15:15:13.593 [pool-2-thread-1] DEBUG com.jayway.jsonpath.internal.JsonContext - Put path $ key type value {}
15:15:13.593 [pool-2-thread-1] DEBUG com.jayway.jsonpath.internal.path.CompiledPath - Evaluating path: $
15:15:13.593 [pool-2-thread-1] DEBUG com.jayway.jsonpath.internal.JsonContext - Put path $ key type value rawKeyDown
15:15:13.593 [pool-2-thread-1] DEBUG com.jayway.jsonpath.internal.path.CompiledPath - Evaluating path: $['text']
15:15:13.593 [pool-2-thread-1] DEBUG com.jayway.jsonpath.internal.path.CompiledPath - Evaluating path: $
15:15:13.593 [pool-2-thread-1] DEBUG com.jayway.jsonpath.internal.path.CompiledPath - Evaluating path: $
15:15:13.593 [pool-2-thread-1] DEBUG com.jayway.jsonpath.internal.JsonContext - Put path $ key text value {}
15:15:13.593 [pool-2-thread-1] DEBUG com.jayway.jsonpath.internal.path.CompiledPath - Evaluating path: $
15:15:13.593 [pool-2-thread-1] DEBUG com.jayway.jsonpath.internal.JsonContext - Put path $ key text value 3
15:15:13.593 [pool-2-thread-1] DEBUG com.jayway.jsonpath.internal.path.CompiledPath - Evaluating path: $['windowsVirtualKeyCode']
15:15:13.593 [pool-2-thread-1] DEBUG com.jayway.jsonpath.internal.path.CompiledPath - Evaluating path: $
15:15:13.593 [pool-2-thread-1] DEBUG com.jayway.jsonpath.internal.path.CompiledPath - Evaluating path: $
15:15:13.593 [pool-2-thread-1] DEBUG com.jayway.jsonpath.internal.JsonContext - Put path $ key windowsVirtualKeyCode value {}
15:15:13.593 [pool-2-thread-1] DEBUG com.jayway.jsonpath.internal.path.CompiledPath - Evaluating path: $
15:15:13.593 [pool-2-thread-1] DEBUG com.jayway.jsonpath.internal.JsonContext - Put path $ key windowsVirtualKeyCode value 51
15:15:13.593 [pool-2-thread-1] DEBUG com.jayway.jsonpath.internal.path.CompiledPath - Evaluating path: $
15:15:13.593 [pool-2-thread-1] DEBUG com.intuit.karate.driver.chrome_1743063309369 - >> {"id":85,"sessionId":"B63F5043D4B5AB48736279C9539AC056","method":"Input.dispatchKeyEvent","params":{"modifiers":0,"type":"rawKeyDown","text":"3","windowsVirtualKeyCode":51}}
15:15:13.596 [nioEventLoopGroup-2-1] DEBUG com.intuit.karate.driver.chrome_1743063309369 - << {"id":85,"result":{},"sessionId":"B63F5043D4B5AB48736279C9539AC056"}
15:15:13.596 [nioEventLoopGroup-2-1] DEBUG com.jayway.jsonpath.internal.path.CompiledPath - Evaluating path: $
15:15:13.596 [pool-2-thread-1] DEBUG com.jayway.jsonpath.internal.path.CompiledPath - Evaluating path: $['modifiers']
15:15:13.596 [pool-2-thread-1] DEBUG com.jayway.jsonpath.internal.path.CompiledPath - Evaluating path: $
15:15:13.596 [pool-2-thread-1] DEBUG com.jayway.jsonpath.internal.path.CompiledPath - Evaluating path: $
15:15:13.596 [pool-2-thread-1] DEBUG com.jayway.jsonpath.internal.JsonContext - Put path $ key modifiers value {}
15:15:13.596 [pool-2-thread-1] DEBUG com.jayway.jsonpath.internal.path.CompiledPath - Evaluating path: $
15:15:13.596 [pool-2-thread-1] DEBUG com.jayway.jsonpath.internal.JsonContext - Put path $ key modifiers value 0
15:15:13.596 [pool-2-thread-1] DEBUG com.jayway.jsonpath.internal.path.CompiledPath - Evaluating path: $['type']
15:15:13.596 [pool-2-thread-1] DEBUG com.jayway.jsonpath.internal.path.CompiledPath - Evaluating path: $
15:15:13.596 [pool-2-thread-1] DEBUG com.jayway.jsonpath.internal.path.CompiledPath - Evaluating path: $
15:15:13.596 [pool-2-thread-1] DEBUG com.jayway.jsonpath.internal.JsonContext - Put path $ key type value {}
15:15:13.596 [pool-2-thread-1] DEBUG com.jayway.jsonpath.internal.path.CompiledPath - Evaluating path: $
15:15:13.596 [pool-2-thread-1] DEBUG com.jayway.jsonpath.internal.JsonContext - Put path $ key type value char
15:15:13.596 [pool-2-thread-1] DEBUG com.jayway.jsonpath.internal.path.CompiledPath - Evaluating path: $['text']
15:15:13.596 [pool-2-thread-1] DEBUG com.jayway.jsonpath.internal.path.CompiledPath - Evaluating path: $
15:15:13.596 [pool-2-thread-1] DEBUG com.jayway.jsonpath.internal.path.CompiledPath - Evaluating path: $
15:15:13.596 [pool-2-thread-1] DEBUG com.jayway.jsonpath.internal.JsonContext - Put path $ key text value {}
15:15:13.596 [pool-2-thread-1] DEBUG com.jayway.jsonpath.internal.path.CompiledPath - Evaluating path: $
15:15:13.596 [pool-2-thread-1] DEBUG com.jayway.jsonpath.internal.JsonContext - Put path $ key text value 3
15:15:13.596 [pool-2-thread-1] DEBUG com.jayway.jsonpath.internal.path.CompiledPath - Evaluating path: $['windowsVirtualKeyCode']
15:15:13.596 [pool-2-thread-1] DEBUG com.jayway.jsonpath.internal.path.CompiledPath - Evaluating path: $
15:15:13.596 [pool-2-thread-1] DEBUG com.jayway.jsonpath.internal.path.CompiledPath - Evaluating path: $
15:15:13.596 [pool-2-thread-1] DEBUG com.jayway.jsonpath.internal.JsonContext - Put path $ key windowsVirtualKeyCode value {}
15:15:13.596 [pool-2-thread-1] DEBUG com.jayway.jsonpath.internal.path.CompiledPath - Evaluating path: $
15:15:13.596 [pool-2-thread-1] DEBUG com.jayway.jsonpath.internal.JsonContext - Put path $ key windowsVirtualKeyCode value 51
15:15:13.596 [pool-2-thread-1] DEBUG com.jayway.jsonpath.internal.path.CompiledPath - Evaluating path: $
15:15:13.596 [pool-2-thread-1] DEBUG com.intuit.karate.driver.chrome_1743063309369 - >> {"id":86,"sessionId":"B63F5043D4B5AB48736279C9539AC056","method":"Input.dispatchKeyEvent","params":{"modifiers":0,"type":"char","text":"3","windowsVirtualKeyCode":51}}
15:15:13.610 [nioEventLoopGroup-2-1] DEBUG com.intuit.karate.driver.chrome_1743063309369 - << {"id":86,"result":{},"sessionId":"B63F5043D4B5AB48736279C9539AC056"}
15:15:13.610 [nioEventLoopGroup-2-1] DEBUG com.jayway.jsonpath.internal.path.CompiledPath - Evaluating path: $
15:15:13.610 [pool-2-thread-1] DEBUG com.jayway.jsonpath.internal.path.CompiledPath - Evaluating path: $['modifiers']
15:15:13.610 [pool-2-thread-1] DEBUG com.jayway.jsonpath.internal.path.CompiledPath - Evaluating path: $
15:15:13.610 [pool-2-thread-1] DEBUG com.jayway.jsonpath.internal.path.CompiledPath - Evaluating path: $
15:15:13.610 [pool-2-thread-1] DEBUG com.jayway.jsonpath.internal.JsonContext - Put path $ key modifiers value {}
15:15:13.610 [pool-2-thread-1] DEBUG com.jayway.jsonpath.internal.path.CompiledPath - Evaluating path: $
15:15:13.610 [pool-2-thread-1] DEBUG com.jayway.jsonpath.internal.JsonContext - Put path $ key modifiers value 0
15:15:13.610 [pool-2-thread-1] DEBUG com.jayway.jsonpath.internal.path.CompiledPath - Evaluating path: $['type']
15:15:13.610 [pool-2-thread-1] DEBUG com.jayway.jsonpath.internal.path.CompiledPath - Evaluating path: $
15:15:13.610 [pool-2-thread-1] DEBUG com.jayway.jsonpath.internal.path.CompiledPath - Evaluating path: $
15:15:13.610 [pool-2-thread-1] DEBUG com.jayway.jsonpath.internal.JsonContext - Put path $ key type value {}
15:15:13.610 [pool-2-thread-1] DEBUG com.jayway.jsonpath.internal.path.CompiledPath - Evaluating path: $
15:15:13.610 [pool-2-thread-1] DEBUG com.jayway.jsonpath.internal.JsonContext - Put path $ key type value keyUp
15:15:13.610 [pool-2-thread-1] DEBUG com.jayway.jsonpath.internal.path.CompiledPath - Evaluating path: $['text']
15:15:13.610 [pool-2-thread-1] DEBUG com.jayway.jsonpath.internal.path.CompiledPath - Evaluating path: $
15:15:13.610 [pool-2-thread-1] DEBUG com.jayway.jsonpath.internal.path.CompiledPath - Evaluating path: $
15:15:13.610 [pool-2-thread-1] DEBUG com.jayway.jsonpath.internal.JsonContext - Put path $ key text value {}
15:15:13.610 [pool-2-thread-1] DEBUG com.jayway.jsonpath.internal.path.CompiledPath - Evaluating path: $
15:15:13.610 [pool-2-thread-1] DEBUG com.jayway.jsonpath.internal.JsonContext - Put path $ key text value 3
15:15:13.610 [pool-2-thread-1] DEBUG com.jayway.jsonpath.internal.path.CompiledPath - Evaluating path: $['windowsVirtualKeyCode']
15:15:13.610 [pool-2-thread-1] DEBUG com.jayway.jsonpath.internal.path.CompiledPath - Evaluating path: $
15:15:13.610 [pool-2-thread-1] DEBUG com.jayway.jsonpath.internal.path.CompiledPath - Evaluating path: $
15:15:13.610 [pool-2-thread-1] DEBUG com.jayway.jsonpath.internal.JsonContext - Put path $ key windowsVirtualKeyCode value {}
15:15:13.610 [pool-2-thread-1] DEBUG com.jayway.jsonpath.internal.path.CompiledPath - Evaluating path: $
15:15:13.610 [pool-2-thread-1] DEBUG com.jayway.jsonpath.internal.JsonContext - Put path $ key windowsVirtualKeyCode value 51
15:15:13.610 [pool-2-thread-1] DEBUG com.jayway.jsonpath.internal.path.CompiledPath - Evaluating path: $
15:15:13.610 [pool-2-thread-1] DEBUG com.intuit.karate.driver.chrome_1743063309369 - >> {"id":87,"sessionId":"B63F5043D4B5AB48736279C9539AC056","method":"Input.dispatchKeyEvent","params":{"modifiers":0,"type":"keyUp","text":"3","windowsVirtualKeyCode":51}}
15:15:13.613 [nioEventLoopGroup-2-1] DEBUG com.intuit.karate.driver.chrome_1743063309369 - << {"id":87,"result":{},"sessionId":"B63F5043D4B5AB48736279C9539AC056"}
15:15:13.613 [nioEventLoopGroup-2-1] DEBUG com.jayway.jsonpath.internal.path.CompiledPath - Evaluating path: $
15:15:13.613 [pool-2-thread-1] DEBUG com.jayway.jsonpath.internal.path.CompiledPath - Evaluating path: $['modifiers']
15:15:13.613 [pool-2-thread-1] DEBUG com.jayway.jsonpath.internal.path.CompiledPath - Evaluating path: $
15:15:13.613 [pool-2-thread-1] DEBUG com.jayway.jsonpath.internal.path.CompiledPath - Evaluating path: $
15:15:13.613 [pool-2-thread-1] DEBUG com.jayway.jsonpath.internal.JsonContext - Put path $ key modifiers value {}
15:15:13.613 [pool-2-thread-1] DEBUG com.jayway.jsonpath.internal.path.CompiledPath - Evaluating path: $
15:15:13.613 [pool-2-thread-1] DEBUG com.jayway.jsonpath.internal.JsonContext - Put path $ key modifiers value 0
15:15:13.613 [pool-2-thread-1] DEBUG com.jayway.jsonpath.internal.path.CompiledPath - Evaluating path: $['type']
15:15:13.613 [pool-2-thread-1] DEBUG com.jayway.jsonpath.internal.path.CompiledPath - Evaluating path: $
15:15:13.613 [pool-2-thread-1] DEBUG com.jayway.jsonpath.internal.path.CompiledPath - Evaluating path: $
15:15:13.613 [pool-2-thread-1] DEBUG com.jayway.jsonpath.internal.JsonContext - Put path $ key type value {}
15:15:13.613 [pool-2-thread-1] DEBUG com.jayway.jsonpath.internal.path.CompiledPath - Evaluating path: $
15:15:13.613 [pool-2-thread-1] DEBUG com.jayway.jsonpath.internal.JsonContext - Put path $ key type value rawKeyDown
15:15:13.614 [pool-2-thread-1] DEBUG com.jayway.jsonpath.internal.path.CompiledPath - Evaluating path: $['text']
15:15:13.614 [pool-2-thread-1] DEBUG com.jayway.jsonpath.internal.path.CompiledPath - Evaluating path: $
15:15:13.614 [pool-2-thread-1] DEBUG com.jayway.jsonpath.internal.path.CompiledPath - Evaluating path: $
15:15:13.614 [pool-2-thread-1] DEBUG com.jayway.jsonpath.internal.JsonContext - Put path $ key text value {}
15:15:13.614 [pool-2-thread-1] DEBUG com.jayway.jsonpath.internal.path.CompiledPath - Evaluating path: $
15:15:13.614 [pool-2-thread-1] DEBUG com.jayway.jsonpath.internal.JsonContext - Put path $ key text value 3
15:15:13.614 [pool-2-thread-1] DEBUG com.jayway.jsonpath.internal.path.CompiledPath - Evaluating path: $['windowsVirtualKeyCode']
15:15:13.614 [pool-2-thread-1] DEBUG com.jayway.jsonpath.internal.path.CompiledPath - Evaluating path: $
15:15:13.614 [pool-2-thread-1] DEBUG com.jayway.jsonpath.internal.path.CompiledPath - Evaluating path: $
15:15:13.614 [pool-2-thread-1] DEBUG com.jayway.jsonpath.internal.JsonContext - Put path $ key windowsVirtualKeyCode value {}
15:15:13.614 [pool-2-thread-1] DEBUG com.jayway.jsonpath.internal.path.CompiledPath - Evaluating path: $
15:15:13.614 [pool-2-thread-1] DEBUG com.jayway.jsonpath.internal.JsonContext - Put path $ key windowsVirtualKeyCode value 51
15:15:13.614 [pool-2-thread-1] DEBUG com.jayway.jsonpath.internal.path.CompiledPath - Evaluating path: $
15:15:13.614 [pool-2-thread-1] DEBUG com.intuit.karate.driver.chrome_1743063309369 - >> {"id":88,"sessionId":"B63F5043D4B5AB48736279C9539AC056","method":"Input.dispatchKeyEvent","params":{"modifiers":0,"type":"rawKeyDown","text":"3","windowsVirtualKeyCode":51}}
15:15:13.615 [nioEventLoopGroup-2-1] DEBUG com.intuit.karate.driver.chrome_1743063309369 - << {"id":88,"result":{},"sessionId":"B63F5043D4B5AB48736279C9539AC056"}
15:15:13.615 [nioEventLoopGroup-2-1] DEBUG com.jayway.jsonpath.internal.path.CompiledPath - Evaluating path: $
15:15:13.615 [pool-2-thread-1] DEBUG com.jayway.jsonpath.internal.path.CompiledPath - Evaluating path: $['modifiers']
15:15:13.615 [pool-2-thread-1] DEBUG com.jayway.jsonpath.internal.path.CompiledPath - Evaluating path: $
15:15:13.615 [pool-2-thread-1] DEBUG com.jayway.jsonpath.internal.path.CompiledPath - Evaluating path: $
15:15:13.615 [pool-2-thread-1] DEBUG com.jayway.jsonpath.internal.JsonContext - Put path $ key modifiers value {}
15:15:13.615 [pool-2-thread-1] DEBUG com.jayway.jsonpath.internal.path.CompiledPath - Evaluating path: $
15:15:13.615 [pool-2-thread-1] DEBUG com.jayway.jsonpath.internal.JsonContext - Put path $ key modifiers value 0
15:15:13.615 [pool-2-thread-1] DEBUG com.jayway.jsonpath.internal.path.CompiledPath - Evaluating path: $['type']
15:15:13.615 [pool-2-thread-1] DEBUG com.jayway.jsonpath.internal.path.CompiledPath - Evaluating path: $
15:15:13.615 [pool-2-thread-1] DEBUG com.jayway.jsonpath.internal.path.CompiledPath - Evaluating path: $
15:15:13.615 [pool-2-thread-1] DEBUG com.jayway.jsonpath.internal.JsonContext - Put path $ key type value {}
15:15:13.615 [pool-2-thread-1] DEBUG com.jayway.jsonpath.internal.path.CompiledPath - Evaluating path: $
15:15:13.615 [pool-2-thread-1] DEBUG com.jayway.jsonpath.internal.JsonContext - Put path $ key type value char
15:15:13.615 [pool-2-thread-1] DEBUG com.jayway.jsonpath.internal.path.CompiledPath - Evaluating path: $['text']
15:15:13.615 [pool-2-thread-1] DEBUG com.jayway.jsonpath.internal.path.CompiledPath - Evaluating path: $
15:15:13.615 [pool-2-thread-1] DEBUG com.jayway.jsonpath.internal.path.CompiledPath - Evaluating path: $
15:15:13.615 [pool-2-thread-1] DEBUG com.jayway.jsonpath.internal.JsonContext - Put path $ key text value {}
15:15:13.615 [pool-2-thread-1] DEBUG com.jayway.jsonpath.internal.path.CompiledPath - Evaluating path: $
15:15:13.615 [pool-2-thread-1] DEBUG com.jayway.jsonpath.internal.JsonContext - Put path $ key text value 3
15:15:13.615 [pool-2-thread-1] DEBUG com.jayway.jsonpath.internal.path.CompiledPath - Evaluating path: $['windowsVirtualKeyCode']
15:15:13.615 [pool-2-thread-1] DEBUG com.jayway.jsonpath.internal.path.CompiledPath - Evaluating path: $
15:15:13.615 [pool-2-thread-1] DEBUG com.jayway.jsonpath.internal.path.CompiledPath - Evaluating path: $
15:15:13.615 [pool-2-thread-1] DEBUG com.jayway.jsonpath.internal.JsonContext - Put path $ key windowsVirtualKeyCode value {}
15:15:13.615 [pool-2-thread-1] DEBUG com.jayway.jsonpath.internal.path.CompiledPath - Evaluating path: $
15:15:13.615 [pool-2-thread-1] DEBUG com.jayway.jsonpath.internal.JsonContext - Put path $ key windowsVirtualKeyCode value 51
15:15:13.615 [pool-2-thread-1] DEBUG com.jayway.jsonpath.internal.path.CompiledPath - Evaluating path: $
15:15:13.615 [pool-2-thread-1] DEBUG com.intuit.karate.driver.chrome_1743063309369 - >> {"id":89,"sessionId":"B63F5043D4B5AB48736279C9539AC056","method":"Input.dispatchKeyEvent","params":{"modifiers":0,"type":"char","text":"3","windowsVirtualKeyCode":51}}
15:15:13.616 [nioEventLoopGroup-2-1] DEBUG com.intuit.karate.driver.chrome_1743063309369 - << {"id":89,"result":{},"sessionId":"B63F5043D4B5AB48736279C9539AC056"}
15:15:13.616 [nioEventLoopGroup-2-1] DEBUG com.jayway.jsonpath.internal.path.CompiledPath - Evaluating path: $
15:15:13.616 [pool-2-thread-1] DEBUG com.jayway.jsonpath.internal.path.CompiledPath - Evaluating path: $['modifiers']
15:15:13.616 [pool-2-thread-1] DEBUG com.jayway.jsonpath.internal.path.CompiledPath - Evaluating path: $
15:15:13.616 [pool-2-thread-1] DEBUG com.jayway.jsonpath.internal.path.CompiledPath - Evaluating path: $
15:15:13.616 [pool-2-thread-1] DEBUG com.jayway.jsonpath.internal.JsonContext - Put path $ key modifiers value {}
15:15:13.616 [pool-2-thread-1] DEBUG com.jayway.jsonpath.internal.path.CompiledPath - Evaluating path: $
15:15:13.616 [pool-2-thread-1] DEBUG com.jayway.jsonpath.internal.JsonContext - Put path $ key modifiers value 0
15:15:13.616 [pool-2-thread-1] DEBUG com.jayway.jsonpath.internal.path.CompiledPath - Evaluating path: $['type']
15:15:13.616 [pool-2-thread-1] DEBUG com.jayway.jsonpath.internal.path.CompiledPath - Evaluating path: $
15:15:13.616 [pool-2-thread-1] DEBUG com.jayway.jsonpath.internal.path.CompiledPath - Evaluating path: $
15:15:13.616 [pool-2-thread-1] DEBUG com.jayway.jsonpath.internal.JsonContext - Put path $ key type value {}
15:15:13.616 [pool-2-thread-1] DEBUG com.jayway.jsonpath.internal.path.CompiledPath - Evaluating path: $
15:15:13.616 [pool-2-thread-1] DEBUG com.jayway.jsonpath.internal.JsonContext - Put path $ key type value keyUp
15:15:13.616 [pool-2-thread-1] DEBUG com.jayway.jsonpath.internal.path.CompiledPath - Evaluating path: $['text']
15:15:13.616 [pool-2-thread-1] DEBUG com.jayway.jsonpath.internal.path.CompiledPath - Evaluating path: $
15:15:13.616 [pool-2-thread-1] DEBUG com.jayway.jsonpath.internal.path.CompiledPath - Evaluating path: $
15:15:13.616 [pool-2-thread-1] DEBUG com.jayway.jsonpath.internal.JsonContext - Put path $ key text value {}
15:15:13.616 [pool-2-thread-1] DEBUG com.jayway.jsonpath.internal.path.CompiledPath - Evaluating path: $
15:15:13.616 [pool-2-thread-1] DEBUG com.jayway.jsonpath.internal.JsonContext - Put path $ key text value 3
15:15:13.616 [pool-2-thread-1] DEBUG com.jayway.jsonpath.internal.path.CompiledPath - Evaluating path: $['windowsVirtualKeyCode']
15:15:13.616 [pool-2-thread-1] DEBUG com.jayway.jsonpath.internal.path.CompiledPath - Evaluating path: $
15:15:13.616 [pool-2-thread-1] DEBUG com.jayway.jsonpath.internal.path.CompiledPath - Evaluating path: $
15:15:13.616 [pool-2-thread-1] DEBUG com.jayway.jsonpath.internal.JsonContext - Put path $ key windowsVirtualKeyCode value {}
15:15:13.616 [pool-2-thread-1] DEBUG com.jayway.jsonpath.internal.path.CompiledPath - Evaluating path: $
15:15:13.616 [pool-2-thread-1] DEBUG com.jayway.jsonpath.internal.JsonContext - Put path $ key windowsVirtualKeyCode value 51
15:15:13.616 [pool-2-thread-1] DEBUG com.jayway.jsonpath.internal.path.CompiledPath - Evaluating path: $
15:15:13.617 [pool-2-thread-1] DEBUG com.intuit.karate.driver.chrome_1743063309369 - >> {"id":90,"sessionId":"B63F5043D4B5AB48736279C9539AC056","method":"Input.dispatchKeyEvent","params":{"modifiers":0,"type":"keyUp","text":"3","windowsVirtualKeyCode":51}}
15:15:13.617 [nioEventLoopGroup-2-1] DEBUG com.intuit.karate.driver.chrome_1743063309369 - << {"id":90,"result":{},"sessionId":"B63F5043D4B5AB48736279C9539AC056"}
15:15:13.617 [nioEventLoopGroup-2-1] DEBUG com.jayway.jsonpath.internal.path.CompiledPath - Evaluating path: $
15:15:13.623 [pool-2-thread-1] DEBUG com.jayway.jsonpath.internal.path.CompiledPath - Evaluating path: $['modifiers']
15:15:13.623 [pool-2-thread-1] DEBUG com.jayway.jsonpath.internal.path.CompiledPath - Evaluating path: $
15:15:13.623 [pool-2-thread-1] DEBUG com.jayway.jsonpath.internal.path.CompiledPath - Evaluating path: $
15:15:13.623 [pool-2-thread-1] DEBUG com.jayway.jsonpath.internal.JsonContext - Put path $ key modifiers value {}
15:15:13.623 [pool-2-thread-1] DEBUG com.jayway.jsonpath.internal.path.CompiledPath - Evaluating path: $
15:15:13.623 [pool-2-thread-1] DEBUG com.jayway.jsonpath.internal.JsonContext - Put path $ key modifiers value 0
15:15:13.623 [pool-2-thread-1] DEBUG com.jayway.jsonpath.internal.path.CompiledPath - Evaluating path: $['type']
15:15:13.623 [pool-2-thread-1] DEBUG com.jayway.jsonpath.internal.path.CompiledPath - Evaluating path: $
15:15:13.623 [pool-2-thread-1] DEBUG com.jayway.jsonpath.internal.path.CompiledPath - Evaluating path: $
15:15:13.623 [pool-2-thread-1] DEBUG com.jayway.jsonpath.internal.JsonContext - Put path $ key type value {}
15:15:13.623 [pool-2-thread-1] DEBUG com.jayway.jsonpath.internal.path.CompiledPath - Evaluating path: $
15:15:13.623 [pool-2-thread-1] DEBUG com.jayway.jsonpath.internal.JsonContext - Put path $ key type value rawKeyDown
15:15:13.623 [pool-2-thread-1] DEBUG com.jayway.jsonpath.internal.path.CompiledPath - Evaluating path: $['text']
15:15:13.623 [pool-2-thread-1] DEBUG com.jayway.jsonpath.internal.path.CompiledPath - Evaluating path: $
15:15:13.623 [pool-2-thread-1] DEBUG com.jayway.jsonpath.internal.path.CompiledPath - Evaluating path: $
15:15:13.623 [pool-2-thread-1] DEBUG com.jayway.jsonpath.internal.JsonContext - Put path $ key text value {}
15:15:13.623 [pool-2-thread-1] DEBUG com.jayway.jsonpath.internal.path.CompiledPath - Evaluating path: $
15:15:13.623 [pool-2-thread-1] DEBUG com.jayway.jsonpath.internal.JsonContext - Put path $ key text value 2
15:15:13.623 [pool-2-thread-1] DEBUG com.jayway.jsonpath.internal.path.CompiledPath - Evaluating path: $['windowsVirtualKeyCode']
15:15:13.623 [pool-2-thread-1] DEBUG com.jayway.jsonpath.internal.path.CompiledPath - Evaluating path: $
15:15:13.623 [pool-2-thread-1] DEBUG com.jayway.jsonpath.internal.path.CompiledPath - Evaluating path: $
15:15:13.623 [pool-2-thread-1] DEBUG com.jayway.jsonpath.internal.JsonContext - Put path $ key windowsVirtualKeyCode value {}
15:15:13.623 [pool-2-thread-1] DEBUG com.jayway.jsonpath.internal.path.CompiledPath - Evaluating path: $
15:15:13.623 [pool-2-thread-1] DEBUG com.jayway.jsonpath.internal.JsonContext - Put path $ key windowsVirtualKeyCode value 50
15:15:13.623 [pool-2-thread-1] DEBUG com.jayway.jsonpath.internal.path.CompiledPath - Evaluating path: $
15:15:13.623 [pool-2-thread-1] DEBUG com.intuit.karate.driver.chrome_1743063309369 - >> {"id":91,"sessionId":"B63F5043D4B5AB48736279C9539AC056","method":"Input.dispatchKeyEvent","params":{"modifiers":0,"type":"rawKeyDown","text":"2","windowsVirtualKeyCode":50}}
15:15:13.626 [nioEventLoopGroup-2-1] DEBUG com.intuit.karate.driver.chrome_1743063309369 - << {"id":91,"result":{},"sessionId":"B63F5043D4B5AB48736279C9539AC056"}
15:15:13.626 [nioEventLoopGroup-2-1] DEBUG com.jayway.jsonpath.internal.path.CompiledPath - Evaluating path: $
15:15:13.627 [pool-2-thread-1] DEBUG com.jayway.jsonpath.internal.path.CompiledPath - Evaluating path: $['modifiers']
15:15:13.627 [pool-2-thread-1] DEBUG com.jayway.jsonpath.internal.path.CompiledPath - Evaluating path: $
15:15:13.627 [pool-2-thread-1] DEBUG com.jayway.jsonpath.internal.path.CompiledPath - Evaluating path: $
15:15:13.627 [pool-2-thread-1] DEBUG com.jayway.jsonpath.internal.JsonContext - Put path $ key modifiers value {}
15:15:13.627 [pool-2-thread-1] DEBUG com.jayway.jsonpath.internal.path.CompiledPath - Evaluating path: $
15:15:13.627 [pool-2-thread-1] DEBUG com.jayway.jsonpath.internal.JsonContext - Put path $ key modifiers value 0
15:15:13.627 [pool-2-thread-1] DEBUG com.jayway.jsonpath.internal.path.CompiledPath - Evaluating path: $['type']
15:15:13.627 [pool-2-thread-1] DEBUG com.jayway.jsonpath.internal.path.CompiledPath - Evaluating path: $
15:15:13.627 [pool-2-thread-1] DEBUG com.jayway.jsonpath.internal.path.CompiledPath - Evaluating path: $
15:15:13.627 [pool-2-thread-1] DEBUG com.jayway.jsonpath.internal.JsonContext - Put path $ key type value {}
15:15:13.627 [pool-2-thread-1] DEBUG com.jayway.jsonpath.internal.path.CompiledPath - Evaluating path: $
15:15:13.627 [pool-2-thread-1] DEBUG com.jayway.jsonpath.internal.JsonContext - Put path $ key type value char
15:15:13.627 [pool-2-thread-1] DEBUG com.jayway.jsonpath.internal.path.CompiledPath - Evaluating path: $['text']
15:15:13.627 [pool-2-thread-1] DEBUG com.jayway.jsonpath.internal.path.CompiledPath - Evaluating path: $
15:15:13.627 [pool-2-thread-1] DEBUG com.jayway.jsonpath.internal.path.CompiledPath - Evaluating path: $
15:15:13.627 [pool-2-thread-1] DEBUG com.jayway.jsonpath.internal.JsonContext - Put path $ key text value {}
15:15:13.627 [pool-2-thread-1] DEBUG com.jayway.jsonpath.internal.path.CompiledPath - Evaluating path: $
15:15:13.627 [pool-2-thread-1] DEBUG com.jayway.jsonpath.internal.JsonContext - Put path $ key text value 2
15:15:13.627 [pool-2-thread-1] DEBUG com.jayway.jsonpath.internal.path.CompiledPath - Evaluating path: $['windowsVirtualKeyCode']
15:15:13.627 [pool-2-thread-1] DEBUG com.jayway.jsonpath.internal.path.CompiledPath - Evaluating path: $
15:15:13.627 [pool-2-thread-1] DEBUG com.jayway.jsonpath.internal.path.CompiledPath - Evaluating path: $
15:15:13.627 [pool-2-thread-1] DEBUG com.jayway.jsonpath.internal.JsonContext - Put path $ key windowsVirtualKeyCode value {}
15:15:13.627 [pool-2-thread-1] DEBUG com.jayway.jsonpath.internal.path.CompiledPath - Evaluating path: $
15:15:13.627 [pool-2-thread-1] DEBUG com.jayway.jsonpath.internal.JsonContext - Put path $ key windowsVirtualKeyCode value 50
15:15:13.627 [pool-2-thread-1] DEBUG com.jayway.jsonpath.internal.path.CompiledPath - Evaluating path: $
15:15:13.627 [pool-2-thread-1] DEBUG com.intuit.karate.driver.chrome_1743063309369 - >> {"id":92,"sessionId":"B63F5043D4B5AB48736279C9539AC056","method":"Input.dispatchKeyEvent","params":{"modifiers":0,"type":"char","text":"2","windowsVirtualKeyCode":50}}
15:15:13.629 [nioEventLoopGroup-2-1] DEBUG com.intuit.karate.driver.chrome_1743063309369 - << {"id":92,"result":{},"sessionId":"B63F5043D4B5AB48736279C9539AC056"}
15:15:13.629 [nioEventLoopGroup-2-1] DEBUG com.jayway.jsonpath.internal.path.CompiledPath - Evaluating path: $
15:15:13.629 [pool-2-thread-1] DEBUG com.jayway.jsonpath.internal.path.CompiledPath - Evaluating path: $['modifiers']
15:15:13.629 [pool-2-thread-1] DEBUG com.jayway.jsonpath.internal.path.CompiledPath - Evaluating path: $
15:15:13.629 [pool-2-thread-1] DEBUG com.jayway.jsonpath.internal.path.CompiledPath - Evaluating path: $
15:15:13.629 [pool-2-thread-1] DEBUG com.jayway.jsonpath.internal.JsonContext - Put path $ key modifiers value {}
15:15:13.629 [pool-2-thread-1] DEBUG com.jayway.jsonpath.internal.path.CompiledPath - Evaluating path: $
15:15:13.629 [pool-2-thread-1] DEBUG com.jayway.jsonpath.internal.JsonContext - Put path $ key modifiers value 0
15:15:13.629 [pool-2-thread-1] DEBUG com.jayway.jsonpath.internal.path.CompiledPath - Evaluating path: $['type']
15:15:13.629 [pool-2-thread-1] DEBUG com.jayway.jsonpath.internal.path.CompiledPath - Evaluating path: $
15:15:13.630 [pool-2-thread-1] DEBUG com.jayway.jsonpath.internal.path.CompiledPath - Evaluating path: $
15:15:13.630 [pool-2-thread-1] DEBUG com.jayway.jsonpath.internal.JsonContext - Put path $ key type value {}
15:15:13.630 [pool-2-thread-1] DEBUG com.jayway.jsonpath.internal.path.CompiledPath - Evaluating path: $
15:15:13.630 [pool-2-thread-1] DEBUG com.jayway.jsonpath.internal.JsonContext - Put path $ key type value keyUp
15:15:13.630 [pool-2-thread-1] DEBUG com.jayway.jsonpath.internal.path.CompiledPath - Evaluating path: $['text']
15:15:13.630 [pool-2-thread-1] DEBUG com.jayway.jsonpath.internal.path.CompiledPath - Evaluating path: $
15:15:13.630 [pool-2-thread-1] DEBUG com.jayway.jsonpath.internal.path.CompiledPath - Evaluating path: $
15:15:13.630 [pool-2-thread-1] DEBUG com.jayway.jsonpath.internal.JsonContext - Put path $ key text value {}
15:15:13.630 [pool-2-thread-1] DEBUG com.jayway.jsonpath.internal.path.CompiledPath - Evaluating path: $
15:15:13.630 [pool-2-thread-1] DEBUG com.jayway.jsonpath.internal.JsonContext - Put path $ key text value 2
15:15:13.630 [pool-2-thread-1] DEBUG com.jayway.jsonpath.internal.path.CompiledPath - Evaluating path: $['windowsVirtualKeyCode']
15:15:13.630 [pool-2-thread-1] DEBUG com.jayway.jsonpath.internal.path.CompiledPath - Evaluating path: $
15:15:13.630 [pool-2-thread-1] DEBUG com.jayway.jsonpath.internal.path.CompiledPath - Evaluating path: $
15:15:13.630 [pool-2-thread-1] DEBUG com.jayway.jsonpath.internal.JsonContext - Put path $ key windowsVirtualKeyCode value {}
15:15:13.630 [pool-2-thread-1] DEBUG com.jayway.jsonpath.internal.path.CompiledPath - Evaluating path: $
15:15:13.630 [pool-2-thread-1] DEBUG com.jayway.jsonpath.internal.JsonContext - Put path $ key windowsVirtualKeyCode value 50
15:15:13.630 [pool-2-thread-1] DEBUG com.jayway.jsonpath.internal.path.CompiledPath - Evaluating path: $
15:15:13.630 [pool-2-thread-1] DEBUG com.intuit.karate.driver.chrome_1743063309369 - >> {"id":93,"sessionId":"B63F5043D4B5AB48736279C9539AC056","method":"Input.dispatchKeyEvent","params":{"modifiers":0,"type":"keyUp","text":"2","windowsVirtualKeyCode":50}}
15:15:13.630 [nioEventLoopGroup-2-1] DEBUG com.intuit.karate.driver.chrome_1743063309369 - << {"id":93,"result":{},"sessionId":"B63F5043D4B5AB48736279C9539AC056"}
15:15:13.630 [nioEventLoopGroup-2-1] DEBUG com.jayway.jsonpath.internal.path.CompiledPath - Evaluating path: $
15:15:13.630 [pool-2-thread-1] DEBUG com.jayway.jsonpath.internal.path.CompiledPath - Evaluating path: $['modifiers']
15:15:13.630 [pool-2-thread-1] DEBUG com.jayway.jsonpath.internal.path.CompiledPath - Evaluating path: $
15:15:13.630 [pool-2-thread-1] DEBUG com.jayway.jsonpath.internal.path.CompiledPath - Evaluating path: $
15:15:13.630 [pool-2-thread-1] DEBUG com.jayway.jsonpath.internal.JsonContext - Put path $ key modifiers value {}
15:15:13.630 [pool-2-thread-1] DEBUG com.jayway.jsonpath.internal.path.CompiledPath - Evaluating path: $
15:15:13.630 [pool-2-thread-1] DEBUG com.jayway.jsonpath.internal.JsonContext - Put path $ key modifiers value 0
15:15:13.630 [pool-2-thread-1] DEBUG com.jayway.jsonpath.internal.path.CompiledPath - Evaluating path: $['type']
15:15:13.630 [pool-2-thread-1] DEBUG com.jayway.jsonpath.internal.path.CompiledPath - Evaluating path: $
15:15:13.630 [pool-2-thread-1] DEBUG com.jayway.jsonpath.internal.path.CompiledPath - Evaluating path: $
15:15:13.630 [pool-2-thread-1] DEBUG com.jayway.jsonpath.internal.JsonContext - Put path $ key type value {}
15:15:13.630 [pool-2-thread-1] DEBUG com.jayway.jsonpath.internal.path.CompiledPath - Evaluating path: $
15:15:13.630 [pool-2-thread-1] DEBUG com.jayway.jsonpath.internal.JsonContext - Put path $ key type value rawKeyDown
15:15:13.630 [pool-2-thread-1] DEBUG com.jayway.jsonpath.internal.path.CompiledPath - Evaluating path: $['text']
15:15:13.630 [pool-2-thread-1] DEBUG com.jayway.jsonpath.internal.path.CompiledPath - Evaluating path: $
15:15:13.630 [pool-2-thread-1] DEBUG com.jayway.jsonpath.internal.path.CompiledPath - Evaluating path: $
15:15:13.631 [pool-2-thread-1] DEBUG com.jayway.jsonpath.internal.JsonContext - Put path $ key text value {}
15:15:13.631 [pool-2-thread-1] DEBUG com.jayway.jsonpath.internal.path.CompiledPath - Evaluating path: $
15:15:13.631 [pool-2-thread-1] DEBUG com.jayway.jsonpath.internal.JsonContext - Put path $ key text value 1
15:15:13.631 [pool-2-thread-1] DEBUG com.jayway.jsonpath.internal.path.CompiledPath - Evaluating path: $['windowsVirtualKeyCode']
15:15:13.631 [pool-2-thread-1] DEBUG com.jayway.jsonpath.internal.path.CompiledPath - Evaluating path: $
15:15:13.631 [pool-2-thread-1] DEBUG com.jayway.jsonpath.internal.path.CompiledPath - Evaluating path: $
15:15:13.631 [pool-2-thread-1] DEBUG com.jayway.jsonpath.internal.JsonContext - Put path $ key windowsVirtualKeyCode value {}
15:15:13.631 [pool-2-thread-1] DEBUG com.jayway.jsonpath.internal.path.CompiledPath - Evaluating path: $
15:15:13.631 [pool-2-thread-1] DEBUG com.jayway.jsonpath.internal.JsonContext - Put path $ key windowsVirtualKeyCode value 49
15:15:13.631 [pool-2-thread-1] DEBUG com.jayway.jsonpath.internal.path.CompiledPath - Evaluating path: $
15:15:13.631 [pool-2-thread-1] DEBUG com.intuit.karate.driver.chrome_1743063309369 - >> {"id":94,"sessionId":"B63F5043D4B5AB48736279C9539AC056","method":"Input.dispatchKeyEvent","params":{"modifiers":0,"type":"rawKeyDown","text":"1","windowsVirtualKeyCode":49}}
15:15:13.631 [nioEventLoopGroup-2-1] DEBUG com.intuit.karate.driver.chrome_1743063309369 - << {"id":94,"result":{},"sessionId":"B63F5043D4B5AB48736279C9539AC056"}
15:15:13.631 [nioEventLoopGroup-2-1] DEBUG com.jayway.jsonpath.internal.path.CompiledPath - Evaluating path: $
15:15:13.631 [pool-2-thread-1] DEBUG com.jayway.jsonpath.internal.path.CompiledPath - Evaluating path: $['modifiers']
15:15:13.631 [pool-2-thread-1] DEBUG com.jayway.jsonpath.internal.path.CompiledPath - Evaluating path: $
15:15:13.631 [pool-2-thread-1] DEBUG com.jayway.jsonpath.internal.path.CompiledPath - Evaluating path: $
15:15:13.631 [pool-2-thread-1] DEBUG com.jayway.jsonpath.internal.JsonContext - Put path $ key modifiers value {}
15:15:13.631 [pool-2-thread-1] DEBUG com.jayway.jsonpath.internal.path.CompiledPath - Evaluating path: $
15:15:13.631 [pool-2-thread-1] DEBUG com.jayway.jsonpath.internal.JsonContext - Put path $ key modifiers value 0
15:15:13.631 [pool-2-thread-1] DEBUG com.jayway.jsonpath.internal.path.CompiledPath - Evaluating path: $['type']
15:15:13.631 [pool-2-thread-1] DEBUG com.jayway.jsonpath.internal.path.CompiledPath - Evaluating path: $
15:15:13.631 [pool-2-thread-1] DEBUG com.jayway.jsonpath.internal.path.CompiledPath - Evaluating path: $
15:15:13.631 [pool-2-thread-1] DEBUG com.jayway.jsonpath.internal.JsonContext - Put path $ key type value {}
15:15:13.631 [pool-2-thread-1] DEBUG com.jayway.jsonpath.internal.path.CompiledPath - Evaluating path: $
15:15:13.631 [pool-2-thread-1] DEBUG com.jayway.jsonpath.internal.JsonContext - Put path $ key type value char
15:15:13.631 [pool-2-thread-1] DEBUG com.jayway.jsonpath.internal.path.CompiledPath - Evaluating path: $['text']
15:15:13.631 [pool-2-thread-1] DEBUG com.jayway.jsonpath.internal.path.CompiledPath - Evaluating path: $
15:15:13.631 [pool-2-thread-1] DEBUG com.jayway.jsonpath.internal.path.CompiledPath - Evaluating path: $
15:15:13.631 [pool-2-thread-1] DEBUG com.jayway.jsonpath.internal.JsonContext - Put path $ key text value {}
15:15:13.631 [pool-2-thread-1] DEBUG com.jayway.jsonpath.internal.path.CompiledPath - Evaluating path: $
15:15:13.631 [pool-2-thread-1] DEBUG com.jayway.jsonpath.internal.JsonContext - Put path $ key text value 1
15:15:13.631 [pool-2-thread-1] DEBUG com.jayway.jsonpath.internal.path.CompiledPath - Evaluating path: $['windowsVirtualKeyCode']
15:15:13.631 [pool-2-thread-1] DEBUG com.jayway.jsonpath.internal.path.CompiledPath - Evaluating path: $
15:15:13.631 [pool-2-thread-1] DEBUG com.jayway.jsonpath.internal.path.CompiledPath - Evaluating path: $
15:15:13.631 [pool-2-thread-1] DEBUG com.jayway.jsonpath.internal.JsonContext - Put path $ key windowsVirtualKeyCode value {}
15:15:13.631 [pool-2-thread-1] DEBUG com.jayway.jsonpath.internal.path.CompiledPath - Evaluating path: $
15:15:13.631 [pool-2-thread-1] DEBUG com.jayway.jsonpath.internal.JsonContext - Put path $ key windowsVirtualKeyCode value 49
15:15:13.631 [pool-2-thread-1] DEBUG com.jayway.jsonpath.internal.path.CompiledPath - Evaluating path: $
15:15:13.631 [pool-2-thread-1] DEBUG com.intuit.karate.driver.chrome_1743063309369 - >> {"id":95,"sessionId":"B63F5043D4B5AB48736279C9539AC056","method":"Input.dispatchKeyEvent","params":{"modifiers":0,"type":"char","text":"1","windowsVirtualKeyCode":49}}
15:15:13.632 [nioEventLoopGroup-2-1] DEBUG com.intuit.karate.driver.chrome_1743063309369 - << {"id":95,"result":{},"sessionId":"B63F5043D4B5AB48736279C9539AC056"}
15:15:13.632 [nioEventLoopGroup-2-1] DEBUG com.jayway.jsonpath.internal.path.CompiledPath - Evaluating path: $
15:15:13.632 [pool-2-thread-1] DEBUG com.jayway.jsonpath.internal.path.CompiledPath - Evaluating path: $['modifiers']
15:15:13.632 [pool-2-thread-1] DEBUG com.jayway.jsonpath.internal.path.CompiledPath - Evaluating path: $
15:15:13.632 [pool-2-thread-1] DEBUG com.jayway.jsonpath.internal.path.CompiledPath - Evaluating path: $
15:15:13.632 [pool-2-thread-1] DEBUG com.jayway.jsonpath.internal.JsonContext - Put path $ key modifiers value {}
15:15:13.632 [pool-2-thread-1] DEBUG com.jayway.jsonpath.internal.path.CompiledPath - Evaluating path: $
15:15:13.632 [pool-2-thread-1] DEBUG com.jayway.jsonpath.internal.JsonContext - Put path $ key modifiers value 0
15:15:13.632 [pool-2-thread-1] DEBUG com.jayway.jsonpath.internal.path.CompiledPath - Evaluating path: $['type']
15:15:13.632 [pool-2-thread-1] DEBUG com.jayway.jsonpath.internal.path.CompiledPath - Evaluating path: $
15:15:13.632 [pool-2-thread-1] DEBUG com.jayway.jsonpath.internal.path.CompiledPath - Evaluating path: $
15:15:13.632 [pool-2-thread-1] DEBUG com.jayway.jsonpath.internal.JsonContext - Put path $ key type value {}
15:15:13.632 [pool-2-thread-1] DEBUG com.jayway.jsonpath.internal.path.CompiledPath - Evaluating path: $
15:15:13.632 [pool-2-thread-1] DEBUG com.jayway.jsonpath.internal.JsonContext - Put path $ key type value keyUp
15:15:13.632 [pool-2-thread-1] DEBUG com.jayway.jsonpath.internal.path.CompiledPath - Evaluating path: $['text']
15:15:13.632 [pool-2-thread-1] DEBUG com.jayway.jsonpath.internal.path.CompiledPath - Evaluating path: $
15:15:13.632 [pool-2-thread-1] DEBUG com.jayway.jsonpath.internal.path.CompiledPath - Evaluating path: $
15:15:13.632 [pool-2-thread-1] DEBUG com.jayway.jsonpath.internal.JsonContext - Put path $ key text value {}
15:15:13.632 [pool-2-thread-1] DEBUG com.jayway.jsonpath.internal.path.CompiledPath - Evaluating path: $
15:15:13.632 [pool-2-thread-1] DEBUG com.jayway.jsonpath.internal.JsonContext - Put path $ key text value 1
15:15:13.632 [pool-2-thread-1] DEBUG com.jayway.jsonpath.internal.path.CompiledPath - Evaluating path: $['windowsVirtualKeyCode']
15:15:13.632 [pool-2-thread-1] DEBUG com.jayway.jsonpath.internal.path.CompiledPath - Evaluating path: $
15:15:13.632 [pool-2-thread-1] DEBUG com.jayway.jsonpath.internal.path.CompiledPath - Evaluating path: $
15:15:13.632 [pool-2-thread-1] DEBUG com.jayway.jsonpath.internal.JsonContext - Put path $ key windowsVirtualKeyCode value {}
15:15:13.632 [pool-2-thread-1] DEBUG com.jayway.jsonpath.internal.path.CompiledPath - Evaluating path: $
15:15:13.632 [pool-2-thread-1] DEBUG com.jayway.jsonpath.internal.JsonContext - Put path $ key windowsVirtualKeyCode value 49
15:15:13.632 [pool-2-thread-1] DEBUG com.jayway.jsonpath.internal.path.CompiledPath - Evaluating path: $
15:15:13.633 [pool-2-thread-1] DEBUG com.intuit.karate.driver.chrome_1743063309369 - >> {"id":96,"sessionId":"B63F5043D4B5AB48736279C9539AC056","method":"Input.dispatchKeyEvent","params":{"modifiers":0,"type":"keyUp","text":"1","windowsVirtualKeyCode":49}}
15:15:13.633 [nioEventLoopGroup-2-1] DEBUG com.intuit.karate.driver.chrome_1743063309369 - << {"id":96,"result":{},"sessionId":"B63F5043D4B5AB48736279C9539AC056"}
15:15:13.633 [nioEventLoopGroup-2-1] DEBUG com.jayway.jsonpath.internal.path.CompiledPath - Evaluating path: $
15:15:13.635 [pool-2-thread-1] DEBUG com.jayway.jsonpath.internal.path.CompiledPath - Evaluating path: $['modifiers']
15:15:13.635 [pool-2-thread-1] DEBUG com.jayway.jsonpath.internal.path.CompiledPath - Evaluating path: $
15:15:13.635 [pool-2-thread-1] DEBUG com.jayway.jsonpath.internal.path.CompiledPath - Evaluating path: $
15:15:13.635 [pool-2-thread-1] DEBUG com.jayway.jsonpath.internal.JsonContext - Put path $ key modifiers value {}
15:15:13.635 [pool-2-thread-1] DEBUG com.jayway.jsonpath.internal.path.CompiledPath - Evaluating path: $
15:15:13.635 [pool-2-thread-1] DEBUG com.jayway.jsonpath.internal.JsonContext - Put path $ key modifiers value 0
15:15:13.635 [pool-2-thread-1] DEBUG com.jayway.jsonpath.internal.path.CompiledPath - Evaluating path: $['type']
15:15:13.635 [pool-2-thread-1] DEBUG com.jayway.jsonpath.internal.path.CompiledPath - Evaluating path: $
15:15:13.635 [pool-2-thread-1] DEBUG com.jayway.jsonpath.internal.path.CompiledPath - Evaluating path: $
15:15:13.635 [pool-2-thread-1] DEBUG com.jayway.jsonpath.internal.JsonContext - Put path $ key type value {}
15:15:13.635 [pool-2-thread-1] DEBUG com.jayway.jsonpath.internal.path.CompiledPath - Evaluating path: $
15:15:13.635 [pool-2-thread-1] DEBUG com.jayway.jsonpath.internal.JsonContext - Put path $ key type value rawKeyDown
15:15:13.635 [pool-2-thread-1] DEBUG com.jayway.jsonpath.internal.path.CompiledPath - Evaluating path: $['text']
15:15:13.635 [pool-2-thread-1] DEBUG com.jayway.jsonpath.internal.path.CompiledPath - Evaluating path: $
15:15:13.635 [pool-2-thread-1] DEBUG com.jayway.jsonpath.internal.path.CompiledPath - Evaluating path: $
15:15:13.635 [pool-2-thread-1] DEBUG com.jayway.jsonpath.internal.JsonContext - Put path $ key text value {}
15:15:13.635 [pool-2-thread-1] DEBUG com.jayway.jsonpath.internal.path.CompiledPath - Evaluating path: $
15:15:13.635 [pool-2-thread-1] DEBUG com.jayway.jsonpath.internal.JsonContext - Put path $ key text value 4
15:15:13.636 [pool-2-thread-1] DEBUG com.jayway.jsonpath.internal.path.CompiledPath - Evaluating path: $['windowsVirtualKeyCode']
15:15:13.636 [pool-2-thread-1] DEBUG com.jayway.jsonpath.internal.path.CompiledPath - Evaluating path: $
15:15:13.636 [pool-2-thread-1] DEBUG com.jayway.jsonpath.internal.path.CompiledPath - Evaluating path: $
15:15:13.636 [pool-2-thread-1] DEBUG com.jayway.jsonpath.internal.JsonContext - Put path $ key windowsVirtualKeyCode value {}
15:15:13.636 [pool-2-thread-1] DEBUG com.jayway.jsonpath.internal.path.CompiledPath - Evaluating path: $
15:15:13.636 [pool-2-thread-1] DEBUG com.jayway.jsonpath.internal.JsonContext - Put path $ key windowsVirtualKeyCode value 52
15:15:13.636 [pool-2-thread-1] DEBUG com.jayway.jsonpath.internal.path.CompiledPath - Evaluating path: $
15:15:13.636 [pool-2-thread-1] DEBUG com.intuit.karate.driver.chrome_1743063309369 - >> {"id":97,"sessionId":"B63F5043D4B5AB48736279C9539AC056","method":"Input.dispatchKeyEvent","params":{"modifiers":0,"type":"rawKeyDown","text":"4","windowsVirtualKeyCode":52}}
15:15:13.637 [nioEventLoopGroup-2-1] DEBUG com.intuit.karate.driver.chrome_1743063309369 - << {"id":97,"result":{},"sessionId":"B63F5043D4B5AB48736279C9539AC056"}
15:15:13.637 [nioEventLoopGroup-2-1] DEBUG com.jayway.jsonpath.internal.path.CompiledPath - Evaluating path: $
15:15:13.648 [pool-2-thread-1] DEBUG com.jayway.jsonpath.internal.path.CompiledPath - Evaluating path: $['modifiers']
15:15:13.648 [pool-2-thread-1] DEBUG com.jayway.jsonpath.internal.path.CompiledPath - Evaluating path: $
15:15:13.648 [pool-2-thread-1] DEBUG com.jayway.jsonpath.internal.path.CompiledPath - Evaluating path: $
15:15:13.648 [pool-2-thread-1] DEBUG com.jayway.jsonpath.internal.JsonContext - Put path $ key modifiers value {}
15:15:13.648 [pool-2-thread-1] DEBUG com.jayway.jsonpath.internal.path.CompiledPath - Evaluating path: $
15:15:13.648 [pool-2-thread-1] DEBUG com.jayway.jsonpath.internal.JsonContext - Put path $ key modifiers value 0
15:15:13.648 [pool-2-thread-1] DEBUG com.jayway.jsonpath.internal.path.CompiledPath - Evaluating path: $['type']
15:15:13.648 [pool-2-thread-1] DEBUG com.jayway.jsonpath.internal.path.CompiledPath - Evaluating path: $
15:15:13.648 [pool-2-thread-1] DEBUG com.jayway.jsonpath.internal.path.CompiledPath - Evaluating path: $
15:15:13.648 [pool-2-thread-1] DEBUG com.jayway.jsonpath.internal.JsonContext - Put path $ key type value {}
15:15:13.648 [pool-2-thread-1] DEBUG com.jayway.jsonpath.internal.path.CompiledPath - Evaluating path: $
15:15:13.648 [pool-2-thread-1] DEBUG com.jayway.jsonpath.internal.JsonContext - Put path $ key type value char
15:15:13.648 [pool-2-thread-1] DEBUG com.jayway.jsonpath.internal.path.CompiledPath - Evaluating path: $['text']
15:15:13.648 [pool-2-thread-1] DEBUG com.jayway.jsonpath.internal.path.CompiledPath - Evaluating path: $
15:15:13.648 [pool-2-thread-1] DEBUG com.jayway.jsonpath.internal.path.CompiledPath - Evaluating path: $
15:15:13.648 [pool-2-thread-1] DEBUG com.jayway.jsonpath.internal.JsonContext - Put path $ key text value {}
15:15:13.648 [pool-2-thread-1] DEBUG com.jayway.jsonpath.internal.path.CompiledPath - Evaluating path: $
15:15:13.648 [pool-2-thread-1] DEBUG com.jayway.jsonpath.internal.JsonContext - Put path $ key text value 4
15:15:13.648 [pool-2-thread-1] DEBUG com.jayway.jsonpath.internal.path.CompiledPath - Evaluating path: $['windowsVirtualKeyCode']
15:15:13.648 [pool-2-thread-1] DEBUG com.jayway.jsonpath.internal.path.CompiledPath - Evaluating path: $
15:15:13.648 [pool-2-thread-1] DEBUG com.jayway.jsonpath.internal.path.CompiledPath - Evaluating path: $
15:15:13.648 [pool-2-thread-1] DEBUG com.jayway.jsonpath.internal.JsonContext - Put path $ key windowsVirtualKeyCode value {}
15:15:13.648 [pool-2-thread-1] DEBUG com.jayway.jsonpath.internal.path.CompiledPath - Evaluating path: $
15:15:13.648 [pool-2-thread-1] DEBUG com.jayway.jsonpath.internal.JsonContext - Put path $ key windowsVirtualKeyCode value 52
15:15:13.648 [pool-2-thread-1] DEBUG com.jayway.jsonpath.internal.path.CompiledPath - Evaluating path: $
15:15:13.649 [pool-2-thread-1] DEBUG com.intuit.karate.driver.chrome_1743063309369 - >> {"id":98,"sessionId":"B63F5043D4B5AB48736279C9539AC056","method":"Input.dispatchKeyEvent","params":{"modifiers":0,"type":"char","text":"4","windowsVirtualKeyCode":52}}
15:15:13.651 [nioEventLoopGroup-2-1] DEBUG com.intuit.karate.driver.chrome_1743063309369 - << {"id":98,"result":{},"sessionId":"B63F5043D4B5AB48736279C9539AC056"}
15:15:13.651 [nioEventLoopGroup-2-1] DEBUG com.jayway.jsonpath.internal.path.CompiledPath - Evaluating path: $
15:15:13.654 [pool-2-thread-1] DEBUG com.jayway.jsonpath.internal.path.CompiledPath - Evaluating path: $['modifiers']
15:15:13.654 [pool-2-thread-1] DEBUG com.jayway.jsonpath.internal.path.CompiledPath - Evaluating path: $
15:15:13.654 [pool-2-thread-1] DEBUG com.jayway.jsonpath.internal.path.CompiledPath - Evaluating path: $
15:15:13.654 [pool-2-thread-1] DEBUG com.jayway.jsonpath.internal.JsonContext - Put path $ key modifiers value {}
15:15:13.654 [pool-2-thread-1] DEBUG com.jayway.jsonpath.internal.path.CompiledPath - Evaluating path: $
15:15:13.654 [pool-2-thread-1] DEBUG com.jayway.jsonpath.internal.JsonContext - Put path $ key modifiers value 0
15:15:13.654 [pool-2-thread-1] DEBUG com.jayway.jsonpath.internal.path.CompiledPath - Evaluating path: $['type']
15:15:13.654 [pool-2-thread-1] DEBUG com.jayway.jsonpath.internal.path.CompiledPath - Evaluating path: $
15:15:13.654 [pool-2-thread-1] DEBUG com.jayway.jsonpath.internal.path.CompiledPath - Evaluating path: $
15:15:13.654 [pool-2-thread-1] DEBUG com.jayway.jsonpath.internal.JsonContext - Put path $ key type value {}
15:15:13.654 [pool-2-thread-1] DEBUG com.jayway.jsonpath.internal.path.CompiledPath - Evaluating path: $
15:15:13.654 [pool-2-thread-1] DEBUG com.jayway.jsonpath.internal.JsonContext - Put path $ key type value keyUp
15:15:13.654 [pool-2-thread-1] DEBUG com.jayway.jsonpath.internal.path.CompiledPath - Evaluating path: $['text']
15:15:13.654 [pool-2-thread-1] DEBUG com.jayway.jsonpath.internal.path.CompiledPath - Evaluating path: $
15:15:13.654 [pool-2-thread-1] DEBUG com.jayway.jsonpath.internal.path.CompiledPath - Evaluating path: $
15:15:13.654 [pool-2-thread-1] DEBUG com.jayway.jsonpath.internal.JsonContext - Put path $ key text value {}
15:15:13.654 [pool-2-thread-1] DEBUG com.jayway.jsonpath.internal.path.CompiledPath - Evaluating path: $
15:15:13.654 [pool-2-thread-1] DEBUG com.jayway.jsonpath.internal.JsonContext - Put path $ key text value 4
15:15:13.654 [pool-2-thread-1] DEBUG com.jayway.jsonpath.internal.path.CompiledPath - Evaluating path: $['windowsVirtualKeyCode']
15:15:13.654 [pool-2-thread-1] DEBUG com.jayway.jsonpath.internal.path.CompiledPath - Evaluating path: $
15:15:13.654 [pool-2-thread-1] DEBUG com.jayway.jsonpath.internal.path.CompiledPath - Evaluating path: $
15:15:13.654 [pool-2-thread-1] DEBUG com.jayway.jsonpath.internal.JsonContext - Put path $ key windowsVirtualKeyCode value {}
15:15:13.654 [pool-2-thread-1] DEBUG com.jayway.jsonpath.internal.path.CompiledPath - Evaluating path: $
15:15:13.654 [pool-2-thread-1] DEBUG com.jayway.jsonpath.internal.JsonContext - Put path $ key windowsVirtualKeyCode value 52
15:15:13.654 [pool-2-thread-1] DEBUG com.jayway.jsonpath.internal.path.CompiledPath - Evaluating path: $
15:15:13.654 [pool-2-thread-1] DEBUG com.intuit.karate.driver.chrome_1743063309369 - >> {"id":99,"sessionId":"B63F5043D4B5AB48736279C9539AC056","method":"Input.dispatchKeyEvent","params":{"modifiers":0,"type":"keyUp","text":"4","windowsVirtualKeyCode":52}}
15:15:13.655 [nioEventLoopGroup-2-1] DEBUG com.intuit.karate.driver.chrome_1743063309369 - << {"id":99,"result":{},"sessionId":"B63F5043D4B5AB48736279C9539AC056"}
15:15:13.655 [nioEventLoopGroup-2-1] DEBUG com.jayway.jsonpath.internal.path.CompiledPath - Evaluating path: $
15:15:13.655 [pool-2-thread-1] DEBUG com.jayway.jsonpath.internal.path.CompiledPath - Evaluating path: $['modifiers']
15:15:13.655 [pool-2-thread-1] DEBUG com.jayway.jsonpath.internal.path.CompiledPath - Evaluating path: $
15:15:13.656 [pool-2-thread-1] DEBUG com.jayway.jsonpath.internal.path.CompiledPath - Evaluating path: $
15:15:13.656 [pool-2-thread-1] DEBUG com.jayway.jsonpath.internal.JsonContext - Put path $ key modifiers value {}
15:15:13.656 [pool-2-thread-1] DEBUG com.jayway.jsonpath.internal.path.CompiledPath - Evaluating path: $
15:15:13.656 [pool-2-thread-1] DEBUG com.jayway.jsonpath.internal.JsonContext - Put path $ key modifiers value 0
15:15:13.656 [pool-2-thread-1] DEBUG com.jayway.jsonpath.internal.path.CompiledPath - Evaluating path: $['type']
15:15:13.656 [pool-2-thread-1] DEBUG com.jayway.jsonpath.internal.path.CompiledPath - Evaluating path: $
15:15:13.656 [pool-2-thread-1] DEBUG com.jayway.jsonpath.internal.path.CompiledPath - Evaluating path: $
15:15:13.656 [pool-2-thread-1] DEBUG com.jayway.jsonpath.internal.JsonContext - Put path $ key type value {}
15:15:13.656 [pool-2-thread-1] DEBUG com.jayway.jsonpath.internal.path.CompiledPath - Evaluating path: $
15:15:13.656 [pool-2-thread-1] DEBUG com.jayway.jsonpath.internal.JsonContext - Put path $ key type value rawKeyDown
15:15:13.656 [pool-2-thread-1] DEBUG com.jayway.jsonpath.internal.path.CompiledPath - Evaluating path: $['text']
15:15:13.656 [pool-2-thread-1] DEBUG com.jayway.jsonpath.internal.path.CompiledPath - Evaluating path: $
15:15:13.656 [pool-2-thread-1] DEBUG com.jayway.jsonpath.internal.path.CompiledPath - Evaluating path: $
15:15:13.656 [pool-2-thread-1] DEBUG com.jayway.jsonpath.internal.JsonContext - Put path $ key text value {}
15:15:13.656 [pool-2-thread-1] DEBUG com.jayway.jsonpath.internal.path.CompiledPath - Evaluating path: $
15:15:13.656 [pool-2-thread-1] DEBUG com.jayway.jsonpath.internal.JsonContext - Put path $ key text value 5
15:15:13.656 [pool-2-thread-1] DEBUG com.jayway.jsonpath.internal.path.CompiledPath - Evaluating path: $['windowsVirtualKeyCode']
15:15:13.656 [pool-2-thread-1] DEBUG com.jayway.jsonpath.internal.path.CompiledPath - Evaluating path: $
15:15:13.656 [pool-2-thread-1] DEBUG com.jayway.jsonpath.internal.path.CompiledPath - Evaluating path: $
15:15:13.656 [pool-2-thread-1] DEBUG com.jayway.jsonpath.internal.JsonContext - Put path $ key windowsVirtualKeyCode value {}
15:15:13.656 [pool-2-thread-1] DEBUG com.jayway.jsonpath.internal.path.CompiledPath - Evaluating path: $
15:15:13.656 [pool-2-thread-1] DEBUG com.jayway.jsonpath.internal.JsonContext - Put path $ key windowsVirtualKeyCode value 53
15:15:13.656 [pool-2-thread-1] DEBUG com.jayway.jsonpath.internal.path.CompiledPath - Evaluating path: $
15:15:13.656 [pool-2-thread-1] DEBUG com.intuit.karate.driver.chrome_1743063309369 - >> {"id":100,"sessionId":"B63F5043D4B5AB48736279C9539AC056","method":"Input.dispatchKeyEvent","params":{"modifiers":0,"type":"rawKeyDown","text":"5","windowsVirtualKeyCode":53}}
15:15:13.656 [nioEventLoopGroup-2-1] DEBUG com.intuit.karate.driver.chrome_1743063309369 - << {"id":100,"result":{},"sessionId":"B63F5043D4B5AB48736279C9539AC056"}
15:15:13.656 [nioEventLoopGroup-2-1] DEBUG com.jayway.jsonpath.internal.path.CompiledPath - Evaluating path: $
15:15:13.656 [pool-2-thread-1] DEBUG com.jayway.jsonpath.internal.path.CompiledPath - Evaluating path: $['modifiers']
15:15:13.656 [pool-2-thread-1] DEBUG com.jayway.jsonpath.internal.path.CompiledPath - Evaluating path: $
15:15:13.656 [pool-2-thread-1] DEBUG com.jayway.jsonpath.internal.path.CompiledPath - Evaluating path: $
15:15:13.656 [pool-2-thread-1] DEBUG com.jayway.jsonpath.internal.JsonContext - Put path $ key modifiers value {}
15:15:13.656 [pool-2-thread-1] DEBUG com.jayway.jsonpath.internal.path.CompiledPath - Evaluating path: $
15:15:13.656 [pool-2-thread-1] DEBUG com.jayway.jsonpath.internal.JsonContext - Put path $ key modifiers value 0
15:15:13.656 [pool-2-thread-1] DEBUG com.jayway.jsonpath.internal.path.CompiledPath - Evaluating path: $['type']
15:15:13.657 [pool-2-thread-1] DEBUG com.jayway.jsonpath.internal.path.CompiledPath - Evaluating path: $
15:15:13.657 [pool-2-thread-1] DEBUG com.jayway.jsonpath.internal.path.CompiledPath - Evaluating path: $
15:15:13.657 [pool-2-thread-1] DEBUG com.jayway.jsonpath.internal.JsonContext - Put path $ key type value {}
15:15:13.657 [pool-2-thread-1] DEBUG com.jayway.jsonpath.internal.path.CompiledPath - Evaluating path: $
15:15:13.657 [pool-2-thread-1] DEBUG com.jayway.jsonpath.internal.JsonContext - Put path $ key type value char
15:15:13.657 [pool-2-thread-1] DEBUG com.jayway.jsonpath.internal.path.CompiledPath - Evaluating path: $['text']
15:15:13.657 [pool-2-thread-1] DEBUG com.jayway.jsonpath.internal.path.CompiledPath - Evaluating path: $
15:15:13.657 [pool-2-thread-1] DEBUG com.jayway.jsonpath.internal.path.CompiledPath - Evaluating path: $
15:15:13.657 [pool-2-thread-1] DEBUG com.jayway.jsonpath.internal.JsonContext - Put path $ key text value {}
15:15:13.657 [pool-2-thread-1] DEBUG com.jayway.jsonpath.internal.path.CompiledPath - Evaluating path: $
15:15:13.657 [pool-2-thread-1] DEBUG com.jayway.jsonpath.internal.JsonContext - Put path $ key text value 5
15:15:13.657 [pool-2-thread-1] DEBUG com.jayway.jsonpath.internal.path.CompiledPath - Evaluating path: $['windowsVirtualKeyCode']
15:15:13.657 [pool-2-thread-1] DEBUG com.jayway.jsonpath.internal.path.CompiledPath - Evaluating path: $
15:15:13.657 [pool-2-thread-1] DEBUG com.jayway.jsonpath.internal.path.CompiledPath - Evaluating path: $
15:15:13.657 [pool-2-thread-1] DEBUG com.jayway.jsonpath.internal.JsonContext - Put path $ key windowsVirtualKeyCode value {}
15:15:13.657 [pool-2-thread-1] DEBUG com.jayway.jsonpath.internal.path.CompiledPath - Evaluating path: $
15:15:13.657 [pool-2-thread-1] DEBUG com.jayway.jsonpath.internal.JsonContext - Put path $ key windowsVirtualKeyCode value 53
15:15:13.657 [pool-2-thread-1] DEBUG com.jayway.jsonpath.internal.path.CompiledPath - Evaluating path: $
15:15:13.657 [pool-2-thread-1] DEBUG com.intuit.karate.driver.chrome_1743063309369 - >> {"id":101,"sessionId":"B63F5043D4B5AB48736279C9539AC056","method":"Input.dispatchKeyEvent","params":{"modifiers":0,"type":"char","text":"5","windowsVirtualKeyCode":53}}
15:15:13.660 [nioEventLoopGroup-2-1] DEBUG com.intuit.karate.driver.chrome_1743063309369 - << {"id":101,"result":{},"sessionId":"B63F5043D4B5AB48736279C9539AC056"}
15:15:13.660 [nioEventLoopGroup-2-1] DEBUG com.jayway.jsonpath.internal.path.CompiledPath - Evaluating path: $
15:15:13.660 [pool-2-thread-1] DEBUG com.jayway.jsonpath.internal.path.CompiledPath - Evaluating path: $['modifiers']
15:15:13.660 [pool-2-thread-1] DEBUG com.jayway.jsonpath.internal.path.CompiledPath - Evaluating path: $
15:15:13.660 [pool-2-thread-1] DEBUG com.jayway.jsonpath.internal.path.CompiledPath - Evaluating path: $
15:15:13.660 [pool-2-thread-1] DEBUG com.jayway.jsonpath.internal.JsonContext - Put path $ key modifiers value {}
15:15:13.660 [pool-2-thread-1] DEBUG com.jayway.jsonpath.internal.path.CompiledPath - Evaluating path: $
15:15:13.660 [pool-2-thread-1] DEBUG com.jayway.jsonpath.internal.JsonContext - Put path $ key modifiers value 0
15:15:13.660 [pool-2-thread-1] DEBUG com.jayway.jsonpath.internal.path.CompiledPath - Evaluating path: $['type']
15:15:13.660 [pool-2-thread-1] DEBUG com.jayway.jsonpath.internal.path.CompiledPath - Evaluating path: $
15:15:13.660 [pool-2-thread-1] DEBUG com.jayway.jsonpath.internal.path.CompiledPath - Evaluating path: $
15:15:13.660 [pool-2-thread-1] DEBUG com.jayway.jsonpath.internal.JsonContext - Put path $ key type value {}
15:15:13.660 [pool-2-thread-1] DEBUG com.jayway.jsonpath.internal.path.CompiledPath - Evaluating path: $
15:15:13.660 [pool-2-thread-1] DEBUG com.jayway.jsonpath.internal.JsonContext - Put path $ key type value keyUp
15:15:13.660 [pool-2-thread-1] DEBUG com.jayway.jsonpath.internal.path.CompiledPath - Evaluating path: $['text']
15:15:13.660 [pool-2-thread-1] DEBUG com.jayway.jsonpath.internal.path.CompiledPath - Evaluating path: $
15:15:13.660 [pool-2-thread-1] DEBUG com.jayway.jsonpath.internal.path.CompiledPath - Evaluating path: $
15:15:13.660 [pool-2-thread-1] DEBUG com.jayway.jsonpath.internal.JsonContext - Put path $ key text value {}
15:15:13.660 [pool-2-thread-1] DEBUG com.jayway.jsonpath.internal.path.CompiledPath - Evaluating path: $
15:15:13.660 [pool-2-thread-1] DEBUG com.jayway.jsonpath.internal.JsonContext - Put path $ key text value 5
15:15:13.660 [pool-2-thread-1] DEBUG com.jayway.jsonpath.internal.path.CompiledPath - Evaluating path: $['windowsVirtualKeyCode']
15:15:13.660 [pool-2-thread-1] DEBUG com.jayway.jsonpath.internal.path.CompiledPath - Evaluating path: $
15:15:13.660 [pool-2-thread-1] DEBUG com.jayway.jsonpath.internal.path.CompiledPath - Evaluating path: $
15:15:13.660 [pool-2-thread-1] DEBUG com.jayway.jsonpath.internal.JsonContext - Put path $ key windowsVirtualKeyCode value {}
15:15:13.660 [pool-2-thread-1] DEBUG com.jayway.jsonpath.internal.path.CompiledPath - Evaluating path: $
15:15:13.660 [pool-2-thread-1] DEBUG com.jayway.jsonpath.internal.JsonContext - Put path $ key windowsVirtualKeyCode value 53
15:15:13.660 [pool-2-thread-1] DEBUG com.jayway.jsonpath.internal.path.CompiledPath - Evaluating path: $
15:15:13.660 [pool-2-thread-1] DEBUG com.intuit.karate.driver.chrome_1743063309369 - >> {"id":102,"sessionId":"B63F5043D4B5AB48736279C9539AC056","method":"Input.dispatchKeyEvent","params":{"modifiers":0,"type":"keyUp","text":"5","windowsVirtualKeyCode":53}}
15:15:13.661 [nioEventLoopGroup-2-1] DEBUG com.intuit.karate.driver.chrome_1743063309369 - << {"id":102,"result":{},"sessionId":"B63F5043D4B5AB48736279C9539AC056"}
15:15:13.661 [nioEventLoopGroup-2-1] DEBUG com.jayway.jsonpath.internal.path.CompiledPath - Evaluating path: $
15:15:13.661 [pool-2-thread-1] DEBUG com.jayway.jsonpath.internal.path.CompiledPath - Evaluating path: $['modifiers']
15:15:13.661 [pool-2-thread-1] DEBUG com.jayway.jsonpath.internal.path.CompiledPath - Evaluating path: $
15:15:13.661 [pool-2-thread-1] DEBUG com.jayway.jsonpath.internal.path.CompiledPath - Evaluating path: $
15:15:13.661 [pool-2-thread-1] DEBUG com.jayway.jsonpath.internal.JsonContext - Put path $ key modifiers value {}
15:15:13.661 [pool-2-thread-1] DEBUG com.jayway.jsonpath.internal.path.CompiledPath - Evaluating path: $
15:15:13.661 [pool-2-thread-1] DEBUG com.jayway.jsonpath.internal.JsonContext - Put path $ key modifiers value 0
15:15:13.661 [pool-2-thread-1] DEBUG com.jayway.jsonpath.internal.path.CompiledPath - Evaluating path: $['type']
15:15:13.661 [pool-2-thread-1] DEBUG com.jayway.jsonpath.internal.path.CompiledPath - Evaluating path: $
15:15:13.661 [pool-2-thread-1] DEBUG com.jayway.jsonpath.internal.path.CompiledPath - Evaluating path: $
15:15:13.661 [pool-2-thread-1] DEBUG com.jayway.jsonpath.internal.JsonContext - Put path $ key type value {}
15:15:13.661 [pool-2-thread-1] DEBUG com.jayway.jsonpath.internal.path.CompiledPath - Evaluating path: $
15:15:13.661 [pool-2-thread-1] DEBUG com.jayway.jsonpath.internal.JsonContext - Put path $ key type value rawKeyDown
15:15:13.661 [pool-2-thread-1] DEBUG com.jayway.jsonpath.internal.path.CompiledPath - Evaluating path: $['text']
15:15:13.661 [pool-2-thread-1] DEBUG com.jayway.jsonpath.internal.path.CompiledPath - Evaluating path: $
15:15:13.661 [pool-2-thread-1] DEBUG com.jayway.jsonpath.internal.path.CompiledPath - Evaluating path: $
15:15:13.661 [pool-2-thread-1] DEBUG com.jayway.jsonpath.internal.JsonContext - Put path $ key text value {}
15:15:13.661 [pool-2-thread-1] DEBUG com.jayway.jsonpath.internal.path.CompiledPath - Evaluating path: $
15:15:13.661 [pool-2-thread-1] DEBUG com.jayway.jsonpath.internal.JsonContext - Put path $ key text value 6
15:15:13.661 [pool-2-thread-1] DEBUG com.jayway.jsonpath.internal.path.CompiledPath - Evaluating path: $['windowsVirtualKeyCode']
15:15:13.661 [pool-2-thread-1] DEBUG com.jayway.jsonpath.internal.path.CompiledPath - Evaluating path: $
15:15:13.661 [pool-2-thread-1] DEBUG com.jayway.jsonpath.internal.path.CompiledPath - Evaluating path: $
15:15:13.661 [pool-2-thread-1] DEBUG com.jayway.jsonpath.internal.JsonContext - Put path $ key windowsVirtualKeyCode value {}
15:15:13.661 [pool-2-thread-1] DEBUG com.jayway.jsonpath.internal.path.CompiledPath - Evaluating path: $
15:15:13.661 [pool-2-thread-1] DEBUG com.jayway.jsonpath.internal.JsonContext - Put path $ key windowsVirtualKeyCode value 54
15:15:13.661 [pool-2-thread-1] DEBUG com.jayway.jsonpath.internal.path.CompiledPath - Evaluating path: $
15:15:13.661 [pool-2-thread-1] DEBUG com.intuit.karate.driver.chrome_1743063309369 - >> {"id":103,"sessionId":"B63F5043D4B5AB48736279C9539AC056","method":"Input.dispatchKeyEvent","params":{"modifiers":0,"type":"rawKeyDown","text":"6","windowsVirtualKeyCode":54}}
15:15:13.662 [nioEventLoopGroup-2-1] DEBUG com.intuit.karate.driver.chrome_1743063309369 - << {"id":103,"result":{},"sessionId":"B63F5043D4B5AB48736279C9539AC056"}
15:15:13.662 [nioEventLoopGroup-2-1] DEBUG com.jayway.jsonpath.internal.path.CompiledPath - Evaluating path: $
15:15:13.662 [pool-2-thread-1] DEBUG com.jayway.jsonpath.internal.path.CompiledPath - Evaluating path: $['modifiers']
15:15:13.662 [pool-2-thread-1] DEBUG com.jayway.jsonpath.internal.path.CompiledPath - Evaluating path: $
15:15:13.662 [pool-2-thread-1] DEBUG com.jayway.jsonpath.internal.path.CompiledPath - Evaluating path: $
15:15:13.662 [pool-2-thread-1] DEBUG com.jayway.jsonpath.internal.JsonContext - Put path $ key modifiers value {}
15:15:13.663 [pool-2-thread-1] DEBUG com.jayway.jsonpath.internal.path.CompiledPath - Evaluating path: $
15:15:13.663 [pool-2-thread-1] DEBUG com.jayway.jsonpath.internal.JsonContext - Put path $ key modifiers value 0
15:15:13.663 [pool-2-thread-1] DEBUG com.jayway.jsonpath.internal.path.CompiledPath - Evaluating path: $['type']
15:15:13.663 [pool-2-thread-1] DEBUG com.jayway.jsonpath.internal.path.CompiledPath - Evaluating path: $
15:15:13.663 [pool-2-thread-1] DEBUG com.jayway.jsonpath.internal.path.CompiledPath - Evaluating path: $
15:15:13.663 [pool-2-thread-1] DEBUG com.jayway.jsonpath.internal.JsonContext - Put path $ key type value {}
15:15:13.663 [pool-2-thread-1] DEBUG com.jayway.jsonpath.internal.path.CompiledPath - Evaluating path: $
15:15:13.663 [pool-2-thread-1] DEBUG com.jayway.jsonpath.internal.JsonContext - Put path $ key type value char
15:15:13.663 [pool-2-thread-1] DEBUG com.jayway.jsonpath.internal.path.CompiledPath - Evaluating path: $['text']
15:15:13.663 [pool-2-thread-1] DEBUG com.jayway.jsonpath.internal.path.CompiledPath - Evaluating path: $
15:15:13.663 [pool-2-thread-1] DEBUG com.jayway.jsonpath.internal.path.CompiledPath - Evaluating path: $
15:15:13.663 [pool-2-thread-1] DEBUG com.jayway.jsonpath.internal.JsonContext - Put path $ key text value {}
15:15:13.663 [pool-2-thread-1] DEBUG com.jayway.jsonpath.internal.path.CompiledPath - Evaluating path: $
15:15:13.663 [pool-2-thread-1] DEBUG com.jayway.jsonpath.internal.JsonContext - Put path $ key text value 6
15:15:13.663 [pool-2-thread-1] DEBUG com.jayway.jsonpath.internal.path.CompiledPath - Evaluating path: $['windowsVirtualKeyCode']
15:15:13.663 [pool-2-thread-1] DEBUG com.jayway.jsonpath.internal.path.CompiledPath - Evaluating path: $
15:15:13.663 [pool-2-thread-1] DEBUG com.jayway.jsonpath.internal.path.CompiledPath - Evaluating path: $
15:15:13.663 [pool-2-thread-1] DEBUG com.jayway.jsonpath.internal.JsonContext - Put path $ key windowsVirtualKeyCode value {}
15:15:13.663 [pool-2-thread-1] DEBUG com.jayway.jsonpath.internal.path.CompiledPath - Evaluating path: $
15:15:13.663 [pool-2-thread-1] DEBUG com.jayway.jsonpath.internal.JsonContext - Put path $ key windowsVirtualKeyCode value 54
15:15:13.663 [pool-2-thread-1] DEBUG com.jayway.jsonpath.internal.path.CompiledPath - Evaluating path: $
15:15:13.663 [pool-2-thread-1] DEBUG com.intuit.karate.driver.chrome_1743063309369 - >> {"id":104,"sessionId":"B63F5043D4B5AB48736279C9539AC056","method":"Input.dispatchKeyEvent","params":{"modifiers":0,"type":"char","text":"6","windowsVirtualKeyCode":54}}
15:15:13.664 [nioEventLoopGroup-2-1] DEBUG com.intuit.karate.driver.chrome_1743063309369 - << {"id":104,"result":{},"sessionId":"B63F5043D4B5AB48736279C9539AC056"}
15:15:13.664 [nioEventLoopGroup-2-1] DEBUG com.jayway.jsonpath.internal.path.CompiledPath - Evaluating path: $
15:15:13.664 [pool-2-thread-1] DEBUG com.jayway.jsonpath.internal.path.CompiledPath - Evaluating path: $['modifiers']
15:15:13.664 [pool-2-thread-1] DEBUG com.jayway.jsonpath.internal.path.CompiledPath - Evaluating path: $
15:15:13.664 [pool-2-thread-1] DEBUG com.jayway.jsonpath.internal.path.CompiledPath - Evaluating path: $
15:15:13.664 [pool-2-thread-1] DEBUG com.jayway.jsonpath.internal.JsonContext - Put path $ key modifiers value {}
15:15:13.664 [pool-2-thread-1] DEBUG com.jayway.jsonpath.internal.path.CompiledPath - Evaluating path: $
15:15:13.664 [pool-2-thread-1] DEBUG com.jayway.jsonpath.internal.JsonContext - Put path $ key modifiers value 0
15:15:13.664 [pool-2-thread-1] DEBUG com.jayway.jsonpath.internal.path.CompiledPath - Evaluating path: $['type']
15:15:13.664 [pool-2-thread-1] DEBUG com.jayway.jsonpath.internal.path.CompiledPath - Evaluating path: $
15:15:13.664 [pool-2-thread-1] DEBUG com.jayway.jsonpath.internal.path.CompiledPath - Evaluating path: $
15:15:13.664 [pool-2-thread-1] DEBUG com.jayway.jsonpath.internal.JsonContext - Put path $ key type value {}
15:15:13.664 [pool-2-thread-1] DEBUG com.jayway.jsonpath.internal.path.CompiledPath - Evaluating path: $
15:15:13.664 [pool-2-thread-1] DEBUG com.jayway.jsonpath.internal.JsonContext - Put path $ key type value keyUp
15:15:13.664 [pool-2-thread-1] DEBUG com.jayway.jsonpath.internal.path.CompiledPath - Evaluating path: $['text']
15:15:13.664 [pool-2-thread-1] DEBUG com.jayway.jsonpath.internal.path.CompiledPath - Evaluating path: $
15:15:13.664 [pool-2-thread-1] DEBUG com.jayway.jsonpath.internal.path.CompiledPath - Evaluating path: $
15:15:13.664 [pool-2-thread-1] DEBUG com.jayway.jsonpath.internal.JsonContext - Put path $ key text value {}
15:15:13.664 [pool-2-thread-1] DEBUG com.jayway.jsonpath.internal.path.CompiledPath - Evaluating path: $
15:15:13.664 [pool-2-thread-1] DEBUG com.jayway.jsonpath.internal.JsonContext - Put path $ key text value 6
15:15:13.664 [pool-2-thread-1] DEBUG com.jayway.jsonpath.internal.path.CompiledPath - Evaluating path: $['windowsVirtualKeyCode']
15:15:13.664 [pool-2-thread-1] DEBUG com.jayway.jsonpath.internal.path.CompiledPath - Evaluating path: $
15:15:13.664 [pool-2-thread-1] DEBUG com.jayway.jsonpath.internal.path.CompiledPath - Evaluating path: $
15:15:13.664 [pool-2-thread-1] DEBUG com.jayway.jsonpath.internal.JsonContext - Put path $ key windowsVirtualKeyCode value {}
15:15:13.664 [pool-2-thread-1] DEBUG com.jayway.jsonpath.internal.path.CompiledPath - Evaluating path: $
15:15:13.664 [pool-2-thread-1] DEBUG com.jayway.jsonpath.internal.JsonContext - Put path $ key windowsVirtualKeyCode value 54
15:15:13.664 [pool-2-thread-1] DEBUG com.jayway.jsonpath.internal.path.CompiledPath - Evaluating path: $
15:15:13.664 [pool-2-thread-1] DEBUG com.intuit.karate.driver.chrome_1743063309369 - >> {"id":105,"sessionId":"B63F5043D4B5AB48736279C9539AC056","method":"Input.dispatchKeyEvent","params":{"modifiers":0,"type":"keyUp","text":"6","windowsVirtualKeyCode":54}}
15:15:13.668 [nioEventLoopGroup-2-1] DEBUG com.intuit.karate.driver.chrome_1743063309369 - << {"id":105,"result":{},"sessionId":"B63F5043D4B5AB48736279C9539AC056"}
15:15:13.668 [nioEventLoopGroup-2-1] DEBUG com.jayway.jsonpath.internal.path.CompiledPath - Evaluating path: $
15:15:13.671 [pool-2-thread-1] DEBUG com.jayway.jsonpath.internal.path.CompiledPath - Evaluating path: $['expression']
15:15:13.671 [pool-2-thread-1] DEBUG com.jayway.jsonpath.internal.path.CompiledPath - Evaluating path: $
15:15:13.672 [pool-2-thread-1] DEBUG com.jayway.jsonpath.internal.path.CompiledPath - Evaluating path: $
15:15:13.672 [pool-2-thread-1] DEBUG com.jayway.jsonpath.internal.JsonContext - Put path $ key expression value {}
15:15:13.672 [pool-2-thread-1] DEBUG com.jayway.jsonpath.internal.path.CompiledPath - Evaluating path: $
15:15:13.672 [pool-2-thread-1] DEBUG com.jayway.jsonpath.internal.JsonContext - Put path $ key expression value document.querySelector(".button-1.login-button").click()
15:15:13.672 [pool-2-thread-1] DEBUG com.jayway.jsonpath.internal.path.CompiledPath - Evaluating path: $['returnByValue']
15:15:13.672 [pool-2-thread-1] DEBUG com.jayway.jsonpath.internal.path.CompiledPath - Evaluating path: $
15:15:13.672 [pool-2-thread-1] DEBUG com.jayway.jsonpath.internal.path.CompiledPath - Evaluating path: $
15:15:13.672 [pool-2-thread-1] DEBUG com.jayway.jsonpath.internal.JsonContext - Put path $ key returnByValue value {}
15:15:13.672 [pool-2-thread-1] DEBUG com.jayway.jsonpath.internal.path.CompiledPath - Evaluating path: $
15:15:13.672 [pool-2-thread-1] DEBUG com.jayway.jsonpath.internal.JsonContext - Put path $ key returnByValue value true
15:15:13.672 [pool-2-thread-1] DEBUG com.jayway.jsonpath.internal.path.CompiledPath - Evaluating path: $
15:15:13.672 [pool-2-thread-1] DEBUG com.intuit.karate.driver.chrome_1743063309369 - >> {"id":106,"sessionId":"B63F5043D4B5AB48736279C9539AC056","method":"Runtime.evaluate","params":{"expression":"document.querySelector(\".button-1.login-button\").click()","returnByValue":true}}
15:15:13.677 [nioEventLoopGroup-2-1] DEBUG com.intuit.karate.driver.chrome_1743063309369 - << {"id":106,"result":{"result":{"type":"undefined"}},"sessionId":"B63F5043D4B5AB48736279C9539AC056"}
15:15:13.677 [nioEventLoopGroup-2-1] DEBUG com.jayway.jsonpath.internal.path.CompiledPath - Evaluating path: $
15:15:13.678 [nioEventLoopGroup-2-1] DEBUG com.intuit.karate.driver.chrome_1743063309369 - << {"method":"Page.frameScheduledNavigation","params":{"frameId":"7BC57A1234B0AA728430AF9B516B991B","delay":0,"reason":"formSubmissionPost","url":"https://demowebshop.tricentis.com/login"},"sessionId":"B63F5043D4B5AB48736279C9539AC056"}
15:15:13.678 [nioEventLoopGroup-2-1] DEBUG com.jayway.jsonpath.internal.path.CompiledPath - Evaluating path: $
15:15:13.678 [nioEventLoopGroup-2-1] DEBUG com.intuit.karate.driver.chrome_1743063309369 - << {"method":"Page.frameRequestedNavigation","params":{"frameId":"7BC57A1234B0AA728430AF9B516B991B","reason":"formSubmissionPost","url":"https://demowebshop.tricentis.com/login","disposition":"currentTab"},"sessionId":"B63F5043D4B5AB48736279C9539AC056"}
15:15:13.678 [nioEventLoopGroup-2-1] DEBUG com.jayway.jsonpath.internal.path.CompiledPath - Evaluating path: $
15:15:13.681 [pool-2-thread-1] DEBUG com.jayway.jsonpath.internal.path.CompiledPath - Evaluating path: $['expression']
15:15:13.681 [pool-2-thread-1] DEBUG com.jayway.jsonpath.internal.path.CompiledPath - Evaluating path: $
15:15:13.681 [pool-2-thread-1] DEBUG com.jayway.jsonpath.internal.path.CompiledPath - Evaluating path: $
15:15:13.681 [pool-2-thread-1] DEBUG com.jayway.jsonpath.internal.JsonContext - Put path $ key expression value {}
15:15:13.681 [pool-2-thread-1] DEBUG com.jayway.jsonpath.internal.path.CompiledPath - Evaluating path: $
15:15:13.681 [pool-2-thread-1] DEBUG com.jayway.jsonpath.internal.JsonContext - Put path $ key expression value (document.evaluate("//div[@class='header-links']/ul/li/a[@class='account']", document, null, 9, null).singleNodeValue != null)
15:15:13.681 [pool-2-thread-1] DEBUG com.jayway.jsonpath.internal.path.CompiledPath - Evaluating path: $['returnByValue']
15:15:13.681 [pool-2-thread-1] DEBUG com.jayway.jsonpath.internal.path.CompiledPath - Evaluating path: $
15:15:13.681 [pool-2-thread-1] DEBUG com.jayway.jsonpath.internal.path.CompiledPath - Evaluating path: $
15:15:13.681 [pool-2-thread-1] DEBUG com.jayway.jsonpath.internal.JsonContext - Put path $ key returnByValue value {}
15:15:13.681 [pool-2-thread-1] DEBUG com.jayway.jsonpath.internal.path.CompiledPath - Evaluating path: $
15:15:13.681 [pool-2-thread-1] DEBUG com.jayway.jsonpath.internal.JsonContext - Put path $ key returnByValue value true
15:15:13.681 [pool-2-thread-1] DEBUG com.jayway.jsonpath.internal.path.CompiledPath - Evaluating path: $
15:15:13.681 [pool-2-thread-1] DEBUG com.intuit.karate.driver.chrome_1743063309369 - >> {"id":107,"sessionId":"B63F5043D4B5AB48736279C9539AC056","method":"Runtime.evaluate","params":{"expression":"(document.evaluate(\"\/\/div[@class='header-links']\/ul\/li\/a[@class='account']\", document, null, 9, null).singleNodeValue != null)","returnByValue":true}}
15:15:13.738 [nioEventLoopGroup-2-1] DEBUG com.intuit.karate.driver.chrome_1743063309369 - << {"method":"Page.frameStartedNavigating","params":{"frameId":"7BC57A1234B0AA728430AF9B516B991B","url":"https://demowebshop.tricentis.com/login","loaderId":"D1E6125495633FB90B5464092A07EB5D","navigationType":"differentDocument"},"sessionId":"B63F5043D4B5AB48736279C9539AC056"}
15:15:13.739 [nioEventLoopGroup-2-1] DEBUG com.jayway.jsonpath.internal.path.CompiledPath - Evaluating path: $
15:15:13.739 [nioEventLoopGroup-2-1] DEBUG com.intuit.karate.driver.chrome_1743063309369 - << {"method":"Page.frameStartedLoading","params":{"frameId":"7BC57A1234B0AA728430AF9B516B991B"},"sessionId":"B63F5043D4B5AB48736279C9539AC056"}
15:15:13.739 [nioEventLoopGroup-2-1] DEBUG com.jayway.jsonpath.internal.path.CompiledPath - Evaluating path: $
15:15:13.740 [nioEventLoopGroup-2-1] DEBUG com.jayway.jsonpath.internal.path.CompiledPath - Evaluating path: $['frameId']
15:15:13.740 [nioEventLoopGroup-2-1] DEBUG com.intuit.karate.driver.chrome_1743063309369 - << {"method":"Page.frameClearedScheduledNavigation","params":{"frameId":"7BC57A1234B0AA728430AF9B516B991B"},"sessionId":"B63F5043D4B5AB48736279C9539AC056"}
15:15:13.740 [nioEventLoopGroup-2-1] DEBUG com.jayway.jsonpath.internal.path.CompiledPath - Evaluating path: $
15:15:14.568 [nioEventLoopGroup-2-1] DEBUG com.intuit.karate.driver.chrome_1743063309369 - << {"method":"Runtime.executionContextsCleared","params":{},"sessionId":"B63F5043D4B5AB48736279C9539AC056"}
15:15:14.568 [nioEventLoopGroup-2-1] DEBUG com.jayway.jsonpath.internal.path.CompiledPath - Evaluating path: $
15:15:14.570 [nioEventLoopGroup-2-1] DEBUG com.intuit.karate.driver.chrome_1743063309369 - << {"method":"Runtime.executionContextsCleared","params":{},"sessionId":"B63F5043D4B5AB48736279C9539AC056"}
15:15:14.570 [nioEventLoopGroup-2-1] DEBUG com.jayway.jsonpath.internal.path.CompiledPath - Evaluating path: $
15:15:14.571 [nioEventLoopGroup-2-1] DEBUG com.intuit.karate.driver.chrome_1743063309369 - << {"method":"Page.frameNavigated","params":{"frame":{"id":"7BC57A1234B0AA728430AF9B516B991B","loaderId":"D1E6125495633FB90B5464092A07EB5D","url":"https://demowebshop.tricentis.com/","domainAndRegistry":"tricentis.com","securityOrigin":"https://demowebshop.tricentis.com","mimeType":"text/html","adFrameStatus":{"adFrameType":"none"},"secureContextType":"Secure","crossOriginIsolatedContextType":"NotIsolated","gatedAPIFeatures":[]},"type":"Navigation"},"sessionId":"B63F5043D4B5AB48736279C9539AC056"}
15:15:14.571 [nioEventLoopGroup-2-1] DEBUG com.jayway.jsonpath.internal.path.CompiledPath - Evaluating path: $
15:15:14.571 [nioEventLoopGroup-2-1] DEBUG com.jayway.jsonpath.internal.path.CompiledPath - Evaluating path: $['frame']['id']
15:15:14.572 [nioEventLoopGroup-2-1] DEBUG com.jayway.jsonpath.internal.path.CompiledPath - Evaluating path: $['frame']['url']
15:15:14.572 [nioEventLoopGroup-2-1] DEBUG com.jayway.jsonpath.internal.path.CompiledPath - Evaluating path: $['frame']['name']
15:15:14.577 [nioEventLoopGroup-2-1] DEBUG com.intuit.karate.driver.chrome_1743063309369 - << {"method":"Target.targetInfoChanged","params":{"targetInfo":{"targetId":"7BC57A1234B0AA728430AF9B516B991B","type":"page","title":"demowebshop.tricentis.com","url":"https://demowebshop.tricentis.com/","attached":true,"canAccessOpener":false,"browserContextId":"0AC6914DB2524C5340A35756972FC53A"}},"sessionId":"B63F5043D4B5AB48736279C9539AC056"}
15:15:14.577 [nioEventLoopGroup-2-1] DEBUG com.jayway.jsonpath.internal.path.CompiledPath - Evaluating path: $
15:15:14.577 [nioEventLoopGroup-2-1] DEBUG com.jayway.jsonpath.internal.path.CompiledPath - Evaluating path: $['targetInfo']['targetId']
15:15:14.577 [nioEventLoopGroup-2-1] DEBUG com.intuit.karate.driver.chrome_1743063309369 - << {"method":"Runtime.executionContextCreated","params":{"context":{"id":2,"origin":"https://demowebshop.tricentis.com","name":"","uniqueId":"-9065530918012521816.-8600217476485608409","auxData":{"isDefault":true,"type":"default","frameId":"7BC57A1234B0AA728430AF9B516B991B"}}},"sessionId":"B63F5043D4B5AB48736279C9539AC056"}
15:15:14.577 [nioEventLoopGroup-2-1] DEBUG com.jayway.jsonpath.internal.path.CompiledPath - Evaluating path: $
15:15:14.577 [nioEventLoopGroup-2-1] DEBUG com.jayway.jsonpath.internal.path.CompiledPath - Evaluating path: $['context']['auxData']['frameId']
15:15:14.577 [nioEventLoopGroup-2-1] DEBUG com.jayway.jsonpath.internal.path.CompiledPath - Evaluating path: $['context']['id']
15:15:14.578 [nioEventLoopGroup-2-1] DEBUG com.intuit.karate.driver.chrome_1743063309369 - << {"id":107,"result":{"result":{"type":"boolean","value":false}},"sessionId":"B63F5043D4B5AB48736279C9539AC056"}
15:15:14.578 [nioEventLoopGroup-2-1] DEBUG com.jayway.jsonpath.internal.path.CompiledPath - Evaluating path: $
15:15:14.578 [pool-2-thread-1] DEBUG com.intuit.karate.driver.DriverOptions - waitUntil (js) - retry #1
15:15:14.846 [nioEventLoopGroup-2-1] DEBUG com.intuit.karate.driver.chrome_1743063309369 - << {"method":"Page.domContentEventFired","params":{"timestamp":21221.440075},"sessionId":"B63F5043D4B5AB48736279C9539AC056"}
15:15:14.846 [nioEventLoopGroup-2-1] DEBUG com.jayway.jsonpath.internal.path.CompiledPath - Evaluating path: $
15:15:15.615 [nioEventLoopGroup-2-1] DEBUG com.intuit.karate.driver.chrome_1743063309369 - << {"method":"Page.loadEventFired","params":{"timestamp":21222.184923},"sessionId":"B63F5043D4B5AB48736279C9539AC056"}
15:15:15.615 [nioEventLoopGroup-2-1] DEBUG com.jayway.jsonpath.internal.path.CompiledPath - Evaluating path: $
15:15:15.616 [nioEventLoopGroup-2-1] DEBUG com.intuit.karate.driver.chrome_1743063309369 - << {"method":"Page.frameStoppedLoading","params":{"frameId":"7BC57A1234B0AA728430AF9B516B991B"},"sessionId":"B63F5043D4B5AB48736279C9539AC056"}
15:15:15.616 [nioEventLoopGroup-2-1] DEBUG com.jayway.jsonpath.internal.path.CompiledPath - Evaluating path: $
15:15:15.616 [nioEventLoopGroup-2-1] DEBUG com.jayway.jsonpath.internal.path.CompiledPath - Evaluating path: $['frameId']
15:15:17.584 [pool-2-thread-1] DEBUG com.jayway.jsonpath.internal.path.CompiledPath - Evaluating path: $['expression']
15:15:17.584 [pool-2-thread-1] DEBUG com.jayway.jsonpath.internal.path.CompiledPath - Evaluating path: $
15:15:17.584 [pool-2-thread-1] DEBUG com.jayway.jsonpath.internal.path.CompiledPath - Evaluating path: $
15:15:17.584 [pool-2-thread-1] DEBUG com.jayway.jsonpath.internal.JsonContext - Put path $ key expression value {}
15:15:17.584 [pool-2-thread-1] DEBUG com.jayway.jsonpath.internal.path.CompiledPath - Evaluating path: $
15:15:17.584 [pool-2-thread-1] DEBUG com.jayway.jsonpath.internal.JsonContext - Put path $ key expression value (document.evaluate("//div[@class='header-links']/ul/li/a[@class='account']", document, null, 9, null).singleNodeValue != null)
15:15:17.584 [pool-2-thread-1] DEBUG com.jayway.jsonpath.internal.path.CompiledPath - Evaluating path: $['returnByValue']
15:15:17.585 [pool-2-thread-1] DEBUG com.jayway.jsonpath.internal.path.CompiledPath - Evaluating path: $
15:15:17.585 [pool-2-thread-1] DEBUG com.jayway.jsonpath.internal.path.CompiledPath - Evaluating path: $
15:15:17.585 [pool-2-thread-1] DEBUG com.jayway.jsonpath.internal.JsonContext - Put path $ key returnByValue value {}
15:15:17.585 [pool-2-thread-1] DEBUG com.jayway.jsonpath.internal.path.CompiledPath - Evaluating path: $
15:15:17.585 [pool-2-thread-1] DEBUG com.jayway.jsonpath.internal.JsonContext - Put path $ key returnByValue value true
15:15:17.585 [pool-2-thread-1] DEBUG com.jayway.jsonpath.internal.path.CompiledPath - Evaluating path: $
15:15:17.585 [pool-2-thread-1] DEBUG com.intuit.karate.driver.chrome_1743063309369 - >> {"id":108,"sessionId":"B63F5043D4B5AB48736279C9539AC056","method":"Runtime.evaluate","params":{"expression":"(document.evaluate(\"\/\/div[@class='header-links']\/ul\/li\/a[@class='account']\", document, null, 9, null).singleNodeValue != null)","returnByValue":true}}
15:15:17.589 [nioEventLoopGroup-2-1] DEBUG com.intuit.karate.driver.chrome_1743063309369 - << {"id":108,"result":{"result":{"type":"boolean","value":true}},"sessionId":"B63F5043D4B5AB48736279C9539AC056"}
15:15:17.589 [nioEventLoopGroup-2-1] DEBUG com.jayway.jsonpath.internal.path.CompiledPath - Evaluating path: $
15:15:17.601 [pool-2-thread-1] DEBUG com.jayway.jsonpath.internal.path.CompiledPath - Evaluating path: $['expression']
15:15:17.601 [pool-2-thread-1] DEBUG com.jayway.jsonpath.internal.path.CompiledPath - Evaluating path: $
15:15:17.601 [pool-2-thread-1] DEBUG com.jayway.jsonpath.internal.path.CompiledPath - Evaluating path: $
15:15:17.601 [pool-2-thread-1] DEBUG com.jayway.jsonpath.internal.JsonContext - Put path $ key expression value {}
15:15:17.601 [pool-2-thread-1] DEBUG com.jayway.jsonpath.internal.path.CompiledPath - Evaluating path: $
15:15:17.601 [pool-2-thread-1] DEBUG com.jayway.jsonpath.internal.JsonContext - Put path $ key expression value document.evaluate("//div[@class='header-links']/ul/li/a[@class='account']", document, null, 9, null).singleNodeValue != null
15:15:17.601 [pool-2-thread-1] DEBUG com.jayway.jsonpath.internal.path.CompiledPath - Evaluating path: $['returnByValue']
15:15:17.601 [pool-2-thread-1] DEBUG com.jayway.jsonpath.internal.path.CompiledPath - Evaluating path: $
15:15:17.601 [pool-2-thread-1] DEBUG com.jayway.jsonpath.internal.path.CompiledPath - Evaluating path: $
15:15:17.601 [pool-2-thread-1] DEBUG com.jayway.jsonpath.internal.JsonContext - Put path $ key returnByValue value {}
15:15:17.601 [pool-2-thread-1] DEBUG com.jayway.jsonpath.internal.path.CompiledPath - Evaluating path: $
15:15:17.601 [pool-2-thread-1] DEBUG com.jayway.jsonpath.internal.JsonContext - Put path $ key returnByValue value true
15:15:17.601 [pool-2-thread-1] DEBUG com.jayway.jsonpath.internal.path.CompiledPath - Evaluating path: $
15:15:17.601 [pool-2-thread-1] DEBUG com.intuit.karate.driver.chrome_1743063309369 - >> {"id":109,"sessionId":"B63F5043D4B5AB48736279C9539AC056","method":"Runtime.evaluate","params":{"expression":"document.evaluate(\"\/\/div[@class='header-links']\/ul\/li\/a[@class='account']\", document, null, 9, null).singleNodeValue != null","returnByValue":true}}
15:15:17.603 [nioEventLoopGroup-2-1] DEBUG com.intuit.karate.driver.chrome_1743063309369 - << {"id":109,"result":{"result":{"type":"boolean","value":true}},"sessionId":"B63F5043D4B5AB48736279C9539AC056"}
15:15:17.603 [nioEventLoopGroup-2-1] DEBUG com.jayway.jsonpath.internal.path.CompiledPath - Evaluating path: $
15:15:17.608 [pool-2-thread-1] DEBUG com.jayway.jsonpath.internal.path.CompiledPath - Evaluating path: $['targetId']
15:15:17.608 [pool-2-thread-1] DEBUG com.jayway.jsonpath.internal.path.CompiledPath - Evaluating path: $
15:15:17.608 [pool-2-thread-1] DEBUG com.jayway.jsonpath.internal.path.CompiledPath - Evaluating path: $
15:15:17.608 [pool-2-thread-1] DEBUG com.jayway.jsonpath.internal.JsonContext - Put path $ key targetId value {}
15:15:17.609 [pool-2-thread-1] DEBUG com.jayway.jsonpath.internal.path.CompiledPath - Evaluating path: $
15:15:17.609 [pool-2-thread-1] DEBUG com.jayway.jsonpath.internal.JsonContext - Put path $ key targetId value 7BC57A1234B0AA728430AF9B516B991B
15:15:17.609 [pool-2-thread-1] DEBUG com.jayway.jsonpath.internal.path.CompiledPath - Evaluating path: $
15:15:17.609 [pool-2-thread-1] DEBUG com.intuit.karate.driver.chrome_1743063309369 - >> {"id":110,"sessionId":"B63F5043D4B5AB48736279C9539AC056","method":"Target.closeTarget","params":{"targetId":"7BC57A1234B0AA728430AF9B516B991B"}}
15:15:17.613 [nioEventLoopGroup-2-1] DEBUG com.intuit.karate.driver.chrome_1743063309369 - << {"id":110,"result":{"success":true},"sessionId":"B63F5043D4B5AB48736279C9539AC056"}
15:15:17.613 [nioEventLoopGroup-2-1] DEBUG com.jayway.jsonpath.internal.path.CompiledPath - Evaluating path: $
15:15:17.614 [nioEventLoopGroup-2-1] DEBUG com.intuit.karate.http.WebSocketClientHandler - websocket closing
15:15:17.615 [nioEventLoopGroup-2-1] DEBUG com.intuit.karate.http.WebSocketClientHandler - websocket client disconnected
15:15:17.616 [pool-2-thread-1] DEBUG com.intuit.karate.shell.Command - closing command: chrome_1743063309369
15:15:17.638 [chrome_1743063309369] WARN com.intuit.karate.shell.Command - exit code was non-zero: 137 - [/Applications/Google Chrome.app/Contents/MacOS/Google Chrome, --remote-debugging-port=9222, --remote-allow-origins=*, --no-first-run, --user-data-dir=/Users/curryhoang/KarateFrameWork/target/chrome_1743063309369, --disable-popup-blocking] working dir: target/chrome_1743063309369
15:15:17.658 [pool-3-thread-1] DEBUG org.thymeleaf.TemplateEngine - [THYMELEAF] INITIALIZING TEMPLATE ENGINE
15:15:17.746 [pool-3-thread-1] DEBUG org.thymeleaf.TemplateEngine.CONFIG - Initializing Thymeleaf Template engine configuration...
[THYMELEAF] TEMPLATE ENGINE CONFIGURATION:
[THYMELEAF] * Thymeleaf version: 3.0.14.RELEASE (built 2021-12-08T00:45:29+0000)
[THYMELEAF] * Cache Manager implementation: org.thymeleaf.cache.StandardCacheManager
[THYMELEAF] * Template resolvers:
[THYMELEAF]     * [1] com.intuit.karate.template.ResourceHtmlTemplateResolver
[THYMELEAF] * Message resolvers:
[THYMELEAF]     * org.thymeleaf.messageresolver.StandardMessageResolver
[THYMELEAF] * Link builders:
[THYMELEAF]     * org.thymeleaf.linkbuilder.StandardLinkBuilder
[THYMELEAF] * Dialect [1 of 2]: Standard (com.intuit.karate.template.KarateStandardDialect)
[THYMELEAF]     * Prefix: "th"
[THYMELEAF]     * Processors for Template Mode: HTML
[THYMELEAF]         * Element Tag Processors by [matching element and attribute name] [precedence]:
[THYMELEAF]             * [* {th:include,data-th-include}] [100]: org.thymeleaf.standard.processor.StandardIncludeTagProcessor
[THYMELEAF]             * [* {th:insert,data-th-insert}] [100]: org.thymeleaf.standard.processor.StandardInsertTagProcessor
[THYMELEAF]             * [* {th:replace,data-th-replace}] [100]: org.thymeleaf.standard.processor.StandardReplaceTagProcessor
[THYMELEAF]             * [* {th:substituteby,data-th-substituteby}] [100]: org.thymeleaf.standard.processor.StandardSubstituteByTagProcessor
[THYMELEAF]             * [* {th:each,data-th-each}] [200]: com.intuit.karate.template.KarateEachTagProcessor
[THYMELEAF]             * [* {th:switch,data-th-switch}] [250]: org.thymeleaf.standard.processor.StandardSwitchTagProcessor
[THYMELEAF]             * [* {th:case,data-th-case}] [275]: org.thymeleaf.standard.processor.StandardCaseTagProcessor
[THYMELEAF]             * [* {th:if,data-th-if}] [300]: org.thymeleaf.standard.processor.StandardIfTagProcessor
[THYMELEAF]             * [* {th:unless,data-th-unless}] [400]: org.thymeleaf.standard.processor.StandardUnlessTagProcessor
[THYMELEAF]             * [* {th:object,data-th-object}] [500]: org.thymeleaf.standard.processor.StandardObjectTagProcessor
[THYMELEAF]             * [* {th:with,data-th-with}] [600]: com.intuit.karate.template.KarateWithTagProcessor
[THYMELEAF]             * [* {th:attr,data-th-attr}] [700]: com.intuit.karate.template.KarateAttributeTagProcessor.KarateAttrTagProcessor
[THYMELEAF]             * [* {th:attrappend,data-th-attrappend}] [900]: com.intuit.karate.template.KarateAttributeTagProcessor.KarateAttrappendTagProcessor
[THYMELEAF]             * [* {th:attrprepend,data-th-attrprepend}] [900]: com.intuit.karate.template.KarateAttributeTagProcessor.KarateAttrprependTagProcessor
[THYMELEAF]             * [* {th:alt-title,data-th-alt-title}] [990]: org.thymeleaf.standard.processor.StandardAltTitleTagProcessor
[THYMELEAF]             * [* {th:lang-xmllang,data-th-lang-xmllang}] [990]: org.thymeleaf.standard.processor.StandardLangXmlLangTagProcessor
[THYMELEAF]             * [* {th:action,data-th-action}] [1000]: org.thymeleaf.standard.processor.StandardActionTagProcessor
[THYMELEAF]             * [* {th:autofocus,data-th-autofocus}] [1000]: org.thymeleaf.standard.processor.StandardConditionalFixedValueTagProcessor
[THYMELEAF]             * [* {th:multiple,data-th-multiple}] [1000]: org.thymeleaf.standard.processor.StandardConditionalFixedValueTagProcessor
[THYMELEAF]             * [* {th:declare,data-th-declare}] [1000]: org.thymeleaf.standard.processor.StandardConditionalFixedValueTagProcessor
[THYMELEAF]             * [* {th:required,data-th-required}] [1000]: org.thymeleaf.standard.processor.StandardConditionalFixedValueTagProcessor
[THYMELEAF]             * [* {th:default,data-th-default}] [1000]: org.thymeleaf.standard.processor.StandardConditionalFixedValueTagProcessor
[THYMELEAF]             * [* {th:autoplay,data-th-autoplay}] [1000]: org.thymeleaf.standard.processor.StandardConditionalFixedValueTagProcessor
[THYMELEAF]             * [* {th:disabled,data-th-disabled}] [1000]: org.thymeleaf.standard.processor.StandardConditionalFixedValueTagProcessor
[THYMELEAF]             * [* {th:selected,data-th-selected}] [1000]: org.thymeleaf.standard.processor.StandardConditionalFixedValueTagProcessor
[THYMELEAF]             * [* {th:controls,data-th-controls}] [1000]: org.thymeleaf.standard.processor.StandardConditionalFixedValueTagProcessor
[THYMELEAF]             * [* {th:reversed,data-th-reversed}] [1000]: org.thymeleaf.standard.processor.StandardConditionalFixedValueTagProcessor
[THYMELEAF]             * [* {th:defer,data-th-defer}] [1000]: org.thymeleaf.standard.processor.StandardConditionalFixedValueTagProcessor
[THYMELEAF]             * [* {th:checked,data-th-checked}] [1000]: org.thymeleaf.standard.processor.StandardConditionalFixedValueTagProcessor
[THYMELEAF]             * [* {th:ismap,data-th-ismap}] [1000]: org.thymeleaf.standard.processor.StandardConditionalFixedValueTagProcessor
[THYMELEAF]             * [* {th:pubdate,data-th-pubdate}] [1000]: org.thymeleaf.standard.processor.StandardConditionalFixedValueTagProcessor
[THYMELEAF]             * [* {th:seamless,data-th-seamless}] [1000]: org.thymeleaf.standard.processor.StandardConditionalFixedValueTagProcessor
[THYMELEAF]             * [* {th:async,data-th-async}] [1000]: org.thymeleaf.standard.processor.StandardConditionalFixedValueTagProcessor
[THYMELEAF]             * [* {th:nowrap,data-th-nowrap}] [1000]: org.thymeleaf.standard.processor.StandardConditionalFixedValueTagProcessor
[THYMELEAF]             * [* {th:readonly,data-th-readonly}] [1000]: org.thymeleaf.standard.processor.StandardConditionalFixedValueTagProcessor
[THYMELEAF]             * [* {th:loop,data-th-loop}] [1000]: org.thymeleaf.standard.processor.StandardConditionalFixedValueTagProcessor
[THYMELEAF]             * [* {th:scoped,data-th-scoped}] [1000]: org.thymeleaf.standard.processor.StandardConditionalFixedValueTagProcessor
[THYMELEAF]             * [* {th:open,data-th-open}] [1000]: org.thymeleaf.standard.processor.StandardConditionalFixedValueTagProcessor
[THYMELEAF]             * [* {th:novalidate,data-th-novalidate}] [1000]: org.thymeleaf.standard.processor.StandardConditionalFixedValueTagProcessor
[THYMELEAF]             * [* {th:hidden,data-th-hidden}] [1000]: org.thymeleaf.standard.processor.StandardConditionalFixedValueTagProcessor
[THYMELEAF]             * [* {th:formnovalidate,data-th-formnovalidate}] [1000]: org.thymeleaf.standard.processor.StandardConditionalFixedValueTagProcessor
[THYMELEAF]             * [* {th:ondragleave,data-th-ondragleave}] [1000]: org.thymeleaf.standard.processor.StandardDOMEventAttributeTagProcessor
[THYMELEAF]             * [* {th:ondragend,data-th-ondragend}] [1000]: org.thymeleaf.standard.processor.StandardDOMEventAttributeTagProcessor
[THYMELEAF]             * [* {th:onundo,data-th-onundo}] [1000]: org.thymeleaf.standard.processor.StandardDOMEventAttributeTagProcessor
[THYMELEAF]             * [* {th:onplay,data-th-onplay}] [1000]: org.thymeleaf.standard.processor.StandardDOMEventAttributeTagProcessor
[THYMELEAF]             * [* {th:onwaiting,data-th-onwaiting}] [1000]: org.thymeleaf.standard.processor.StandardDOMEventAttributeTagProcessor
[THYMELEAF]             * [* {th:onkeypress,data-th-onkeypress}] [1000]: org.thymeleaf.standard.processor.StandardDOMEventAttributeTagProcessor
[THYMELEAF]             * [* {th:onblur,data-th-onblur}] [1000]: org.thymeleaf.standard.processor.StandardDOMEventAttributeTagProcessor
[THYMELEAF]             * [* {th:onsuspend,data-th-onsuspend}] [1000]: org.thymeleaf.standard.processor.StandardDOMEventAttributeTagProcessor
[THYMELEAF]             * [* {th:onloadstart,data-th-onloadstart}] [1000]: org.thymeleaf.standard.processor.StandardDOMEventAttributeTagProcessor
[THYMELEAF]             * [* {th:onloadedmetadata,data-th-onloadedmetadata}] [1000]: org.thymeleaf.standard.processor.StandardDOMEventAttributeTagProcessor
[THYMELEAF]             * [* {th:onratechange,data-th-onratechange}] [1000]: org.thymeleaf.standard.processor.StandardDOMEventAttributeTagProcessor
[THYMELEAF]             * [* {th:onsubmit,data-th-onsubmit}] [1000]: org.thymeleaf.standard.processor.StandardDOMEventAttributeTagProcessor
[THYMELEAF]             * [* {th:onmousemove,data-th-onmousemove}] [1000]: org.thymeleaf.standard.processor.StandardDOMEventAttributeTagProcessor
[THYMELEAF]             * [* {th:onload,data-th-onload}] [1000]: org.thymeleaf.standard.processor.StandardDOMEventAttributeTagProcessor
[THYMELEAF]             * [* {th:ontimeupdate,data-th-ontimeupdate}] [1000]: org.thymeleaf.standard.processor.StandardDOMEventAttributeTagProcessor
[THYMELEAF]             * [* {th:onemptied,data-th-onemptied}] [1000]: org.thymeleaf.standard.processor.StandardDOMEventAttributeTagProcessor
[THYMELEAF]             * [* {th:onmouseup,data-th-onmouseup}] [1000]: org.thymeleaf.standard.processor.StandardDOMEventAttributeTagProcessor
[THYMELEAF]             * [* {th:onselect,data-th-onselect}] [1000]: org.thymeleaf.standard.processor.StandardDOMEventAttributeTagProcessor
[THYMELEAF]             * [* {th:ondrag,data-th-ondrag}] [1000]: org.thymeleaf.standard.processor.StandardDOMEventAttributeTagProcessor
[THYMELEAF]             * [* {th:onpopstate,data-th-onpopstate}] [1000]: org.thymeleaf.standard.processor.StandardDOMEventAttributeTagProcessor
[THYMELEAF]             * [* {th:ondragover,data-th-ondragover}] [1000]: org.thymeleaf.standard.processor.StandardDOMEventAttributeTagProcessor
[THYMELEAF]             * [* {th:onshow,data-th-onshow}] [1000]: org.thymeleaf.standard.processor.StandardDOMEventAttributeTagProcessor
[THYMELEAF]             * [* {th:onseeked,data-th-onseeked}] [1000]: org.thymeleaf.standard.processor.StandardDOMEventAttributeTagProcessor
[THYMELEAF]             * [* {th:onabort,data-th-onabort}] [1000]: org.thymeleaf.standard.processor.StandardDOMEventAttributeTagProcessor
[THYMELEAF]             * [* {th:ondrop,data-th-ondrop}] [1000]: org.thymeleaf.standard.processor.StandardDOMEventAttributeTagProcessor
[THYMELEAF]             * [* {th:onmessage,data-th-onmessage}] [1000]: org.thymeleaf.standard.processor.StandardDOMEventAttributeTagProcessor
[THYMELEAF]             * [* {th:onvolumechange,data-th-onvolumechange}] [1000]: org.thymeleaf.standard.processor.StandardDOMEventAttributeTagProcessor
[THYMELEAF]             * [* {th:onseeking,data-th-onseeking}] [1000]: org.thymeleaf.standard.processor.StandardDOMEventAttributeTagProcessor
[THYMELEAF]             * [* {th:onmouseover,data-th-onmouseover}] [1000]: org.thymeleaf.standard.processor.StandardDOMEventAttributeTagProcessor
[THYMELEAF]             * [* {th:onunload,data-th-onunload}] [1000]: org.thymeleaf.standard.processor.StandardDOMEventAttributeTagProcessor
[THYMELEAF]             * [* {th:onchange,data-th-onchange}] [1000]: org.thymeleaf.standard.processor.StandardDOMEventAttributeTagProcessor
[THYMELEAF]             * [* {th:onended,data-th-onended}] [1000]: org.thymeleaf.standard.processor.StandardDOMEventAttributeTagProcessor
[THYMELEAF]             * [* {th:onloadeddata,data-th-onloadeddata}] [1000]: org.thymeleaf.standard.processor.StandardDOMEventAttributeTagProcessor
[THYMELEAF]             * [* {th:onreadystatechange,data-th-onreadystatechange}] [1000]: org.thymeleaf.standard.processor.StandardDOMEventAttributeTagProcessor
[THYMELEAF]             * [* {th:onmouseout,data-th-onmouseout}] [1000]: org.thymeleaf.standard.processor.StandardDOMEventAttributeTagProcessor
[THYMELEAF]             * [* {th:onbeforeprint,data-th-onbeforeprint}] [1000]: org.thymeleaf.standard.processor.StandardDOMEventAttributeTagProcessor
[THYMELEAF]             * [* {th:ondragenter,data-th-ondragenter}] [1000]: org.thymeleaf.standard.processor.StandardDOMEventAttributeTagProcessor
[THYMELEAF]             * [* {th:onafterprint,data-th-onafterprint}] [1000]: org.thymeleaf.standard.processor.StandardDOMEventAttributeTagProcessor
[THYMELEAF]             * [* {th:onresize,data-th-onresize}] [1000]: org.thymeleaf.standard.processor.StandardDOMEventAttributeTagProcessor
[THYMELEAF]             * [* {th:oncanplay,data-th-oncanplay}] [1000]: org.thymeleaf.standard.processor.StandardDOMEventAttributeTagProcessor
[THYMELEAF]             * [* {th:onbeforeunload,data-th-onbeforeunload}] [1000]: org.thymeleaf.standard.processor.StandardDOMEventAttributeTagProcessor
[THYMELEAF]             * [* {th:ononline,data-th-ononline}] [1000]: org.thymeleaf.standard.processor.StandardDOMEventAttributeTagProcessor
[THYMELEAF]             * [* {th:onmousedown,data-th-onmousedown}] [1000]: org.thymeleaf.standard.processor.StandardDOMEventAttributeTagProcessor
[THYMELEAF]             * [* {th:onprogress,data-th-onprogress}] [1000]: org.thymeleaf.standard.processor.StandardDOMEventAttributeTagProcessor
[THYMELEAF]             * [* {th:onkeydown,data-th-onkeydown}] [1000]: org.thymeleaf.standard.processor.StandardDOMEventAttributeTagProcessor
[THYMELEAF]             * [* {th:onkeyup,data-th-onkeyup}] [1000]: org.thymeleaf.standard.processor.StandardDOMEventAttributeTagProcessor
[THYMELEAF]             * [* {th:oncontextmenu,data-th-oncontextmenu}] [1000]: org.thymeleaf.standard.processor.StandardDOMEventAttributeTagProcessor
[THYMELEAF]             * [* {th:onerror,data-th-onerror}] [1000]: org.thymeleaf.standard.processor.StandardDOMEventAttributeTagProcessor
[THYMELEAF]             * [* {th:onforminput,data-th-onforminput}] [1000]: org.thymeleaf.standard.processor.StandardDOMEventAttributeTagProcessor
[THYMELEAF]             * [* {th:onfocus,data-th-onfocus}] [1000]: org.thymeleaf.standard.processor.StandardDOMEventAttributeTagProcessor
[THYMELEAF]             * [* {th:ondblclick,data-th-ondblclick}] [1000]: org.thymeleaf.standard.processor.StandardDOMEventAttributeTagProcessor
[THYMELEAF]             * [* {th:onscroll,data-th-onscroll}] [1000]: org.thymeleaf.standard.processor.StandardDOMEventAttributeTagProcessor
[THYMELEAF]             * [* {th:onclick,data-th-onclick}] [1000]: org.thymeleaf.standard.processor.StandardDOMEventAttributeTagProcessor
[THYMELEAF]             * [* {th:onhashchange,data-th-onhashchange}] [1000]: org.thymeleaf.standard.processor.StandardDOMEventAttributeTagProcessor
[THYMELEAF]             * [* {th:onredo,data-th-onredo}] [1000]: org.thymeleaf.standard.processor.StandardDOMEventAttributeTagProcessor
[THYMELEAF]             * [* {th:onformchange,data-th-onformchange}] [1000]: org.thymeleaf.standard.processor.StandardDOMEventAttributeTagProcessor
[THYMELEAF]             * [* {th:onpause,data-th-onpause}] [1000]: org.thymeleaf.standard.processor.StandardDOMEventAttributeTagProcessor
[THYMELEAF]             * [* {th:onoffline,data-th-onoffline}] [1000]: org.thymeleaf.standard.processor.StandardDOMEventAttributeTagProcessor
[THYMELEAF]             * [* {th:onstorage,data-th-onstorage}] [1000]: org.thymeleaf.standard.processor.StandardDOMEventAttributeTagProcessor
[THYMELEAF]             * [* {th:onstalled,data-th-onstalled}] [1000]: org.thymeleaf.standard.processor.StandardDOMEventAttributeTagProcessor
[THYMELEAF]             * [* {th:oninvalid,data-th-oninvalid}] [1000]: org.thymeleaf.standard.processor.StandardDOMEventAttributeTagProcessor
[THYMELEAF]             * [* {th:onplaying,data-th-onplaying}] [1000]: org.thymeleaf.standard.processor.StandardDOMEventAttributeTagProcessor
[THYMELEAF]             * [* {th:onmousewheel,data-th-onmousewheel}] [1000]: org.thymeleaf.standard.processor.StandardDOMEventAttributeTagProcessor
[THYMELEAF]             * [* {th:ondragstart,data-th-ondragstart}] [1000]: org.thymeleaf.standard.processor.StandardDOMEventAttributeTagProcessor
[THYMELEAF]             * [* {th:onreset,data-th-onreset}] [1000]: org.thymeleaf.standard.processor.StandardDOMEventAttributeTagProcessor
[THYMELEAF]             * [* {th:oninput,data-th-oninput}] [1000]: org.thymeleaf.standard.processor.StandardDOMEventAttributeTagProcessor
[THYMELEAF]             * [* {th:oncanplaythrough,data-th-oncanplaythrough}] [1000]: org.thymeleaf.standard.processor.StandardDOMEventAttributeTagProcessor
[THYMELEAF]             * [* {th:ondurationchange,data-th-ondurationchange}] [1000]: org.thymeleaf.standard.processor.StandardDOMEventAttributeTagProcessor
[THYMELEAF]             * [* {th:href,data-th-href}] [1000]: org.thymeleaf.standard.processor.StandardHrefTagProcessor
[THYMELEAF]             * [* {th:inline,data-th-inline}] [1000]: org.thymeleaf.standard.processor.StandardInlineHTMLTagProcessor
[THYMELEAF]             * [* {th:method,data-th-method}] [1000]: org.thymeleaf.standard.processor.StandardMethodTagProcessor
[THYMELEAF]             * [* {th:type,data-th-type}] [1000]: org.thymeleaf.standard.processor.StandardNonRemovableAttributeTagProcessor
[THYMELEAF]             * [* {th:name,data-th-name}] [1000]: org.thymeleaf.standard.processor.StandardNonRemovableAttributeTagProcessor
[THYMELEAF]             * [* {th:accept,data-th-accept}] [1000]: org.thymeleaf.standard.processor.StandardRemovableAttributeTagProcessor
[THYMELEAF]             * [* {th:optimum,data-th-optimum}] [1000]: org.thymeleaf.standard.processor.StandardRemovableAttributeTagProcessor
[THYMELEAF]             * [* {th:rowspan,data-th-rowspan}] [1000]: org.thymeleaf.standard.processor.StandardRemovableAttributeTagProcessor
[THYMELEAF]             * [* {th:cite,data-th-cite}] [1000]: org.thymeleaf.standard.processor.StandardRemovableAttributeTagProcessor
[THYMELEAF]             * [* {th:cols,data-th-cols}] [1000]: org.thymeleaf.standard.processor.StandardRemovableAttributeTagProcessor
[THYMELEAF]             * [* {th:challenge,data-th-challenge}] [1000]: org.thymeleaf.standard.processor.StandardRemovableAttributeTagProcessor
[THYMELEAF]             * [* {th:min,data-th-min}] [1000]: org.thymeleaf.standard.processor.StandardRemovableAttributeTagProcessor
[THYMELEAF]             * [* {th:align,data-th-align}] [1000]: org.thymeleaf.standard.processor.StandardRemovableAttributeTagProcessor
[THYMELEAF]             * [* {th:accesskey,data-th-accesskey}] [1000]: org.thymeleaf.standard.processor.StandardRemovableAttributeTagProcessor
[THYMELEAF]             * [* {th:lang,data-th-lang}] [1000]: org.thymeleaf.standard.processor.StandardRemovableAttributeTagProcessor
[THYMELEAF]             * [* {th:marginheight,data-th-marginheight}] [1000]: org.thymeleaf.standard.processor.StandardRemovableAttributeTagProcessor
[THYMELEAF]             * [* {th:charset,data-th-charset}] [1000]: org.thymeleaf.standard.processor.StandardRemovableAttributeTagProcessor
[THYMELEAF]             * [* {th:formmethod,data-th-formmethod}] [1000]: org.thymeleaf.standard.processor.StandardRemovableAttributeTagProcessor
[THYMELEAF]             * [* {th:srclang,data-th-srclang}] [1000]: org.thymeleaf.standard.processor.StandardRemovableAttributeTagProcessor
[THYMELEAF]             * [* {th:start,data-th-start}] [1000]: org.thymeleaf.standard.processor.StandardRemovableAttributeTagProcessor
[THYMELEAF]             * [* {th:keytype,data-th-keytype}] [1000]: org.thymeleaf.standard.processor.StandardRemovableAttributeTagProcessor
[THYMELEAF]             * [* {th:formtarget,data-th-formtarget}] [1000]: org.thymeleaf.standard.processor.StandardRemovableAttributeTagProcessor
[THYMELEAF]             * [* {th:codetype,data-th-codetype}] [1000]: org.thymeleaf.standard.processor.StandardRemovableAttributeTagProcessor
[THYMELEAF]             * [* {th:enctype,data-th-enctype}] [1000]: org.thymeleaf.standard.processor.StandardRemovableAttributeTagProcessor
[THYMELEAF]             * [* {th:colspan,data-th-colspan}] [1000]: org.thymeleaf.standard.processor.StandardRemovableAttributeTagProcessor
[THYMELEAF]             * [* {th:axis,data-th-axis}] [1000]: org.thymeleaf.standard.processor.StandardRemovableAttributeTagProcessor
[THYMELEAF]             * [* {th:rows,data-th-rows}] [1000]: org.thymeleaf.standard.processor.StandardRemovableAttributeTagProcessor
[THYMELEAF]             * [* {th:standby,data-th-standby}] [1000]: org.thymeleaf.standard.processor.StandardRemovableAttributeTagProcessor
[THYMELEAF]             * [* {th:summary,data-th-summary}] [1000]: org.thymeleaf.standard.processor.StandardRemovableAttributeTagProcessor
[THYMELEAF]             * [* {th:sizes,data-th-sizes}] [1000]: org.thymeleaf.standard.processor.StandardRemovableAttributeTagProcessor
[THYMELEAF]             * [* {th:dropzone,data-th-dropzone}] [1000]: org.thymeleaf.standard.processor.StandardRemovableAttributeTagProcessor
[THYMELEAF]             * [* {th:id,data-th-id}] [1000]: org.thymeleaf.standard.processor.StandardRemovableAttributeTagProcessor
[THYMELEAF]             * [* {th:scheme,data-th-scheme}] [1000]: org.thymeleaf.standard.processor.StandardRemovableAttributeTagProcessor
[THYMELEAF]             * [* {th:border,data-th-border}] [1000]: org.thymeleaf.standard.processor.StandardRemovableAttributeTagProcessor
[THYMELEAF]             * [* {th:codebase,data-th-codebase}] [1000]: org.thymeleaf.standard.processor.StandardRemovableAttributeTagProcessor
[THYMELEAF]             * [* {th:headers,data-th-headers}] [1000]: org.thymeleaf.standard.processor.StandardRemovableAttributeTagProcessor
[THYMELEAF]             * [* {th:kind,data-th-kind}] [1000]: org.thymeleaf.standard.processor.StandardRemovableAttributeTagProcessor
[THYMELEAF]             * [* {th:audio,data-th-audio}] [1000]: org.thymeleaf.standard.processor.StandardRemovableAttributeTagProcessor
[THYMELEAF]             * [* {th:list,data-th-list}] [1000]: org.thymeleaf.standard.processor.StandardRemovableAttributeTagProcessor
[THYMELEAF]             * [* {th:poster,data-th-poster}] [1000]: org.thymeleaf.standard.processor.StandardRemovableAttributeTagProcessor
[THYMELEAF]             * [* {th:usemap,data-th-usemap}] [1000]: org.thymeleaf.standard.processor.StandardRemovableAttributeTagProcessor
[THYMELEAF]             * [* {th:maxlength,data-th-maxlength}] [1000]: org.thymeleaf.standard.processor.StandardRemovableAttributeTagProcessor
[THYMELEAF]             * [* {th:manifest,data-th-manifest}] [1000]: org.thymeleaf.standard.processor.StandardRemovableAttributeTagProcessor
[THYMELEAF]             * [* {th:scope,data-th-scope}] [1000]: org.thymeleaf.standard.processor.StandardRemovableAttributeTagProcessor
[THYMELEAF]             * [* {th:rules,data-th-rules}] [1000]: org.thymeleaf.standard.processor.StandardRemovableAttributeTagProcessor
[THYMELEAF]             * [* {th:cellpadding,data-th-cellpadding}] [1000]: org.thymeleaf.standard.processor.StandardRemovableAttributeTagProcessor
[THYMELEAF]             * [* {th:longdesc,data-th-longdesc}] [1000]: org.thymeleaf.standard.processor.StandardRemovableAttributeTagProcessor
[THYMELEAF]             * [* {th:title,data-th-title}] [1000]: org.thymeleaf.standard.processor.StandardRemovableAttributeTagProcessor
[THYMELEAF]             * [* {th:label,data-th-label}] [1000]: org.thymeleaf.standard.processor.StandardRemovableAttributeTagProcessor
[THYMELEAF]             * [* {th:formenctype,data-th-formenctype}] [1000]: org.thymeleaf.standard.processor.StandardRemovableAttributeTagProcessor
[THYMELEAF]             * [* {th:spellcheck,data-th-spellcheck}] [1000]: org.thymeleaf.standard.processor.StandardRemovableAttributeTagProcessor
[THYMELEAF]             * [* {th:height,data-th-height}] [1000]: org.thymeleaf.standard.processor.StandardRemovableAttributeTagProcessor
[THYMELEAF]             * [* {th:abbr,data-th-abbr}] [1000]: org.thymeleaf.standard.processor.StandardRemovableAttributeTagProcessor
[THYMELEAF]             * [* {th:step,data-th-step}] [1000]: org.thymeleaf.standard.processor.StandardRemovableAttributeTagProcessor
[THYMELEAF]             * [* {th:dir,data-th-dir}] [1000]: org.thymeleaf.standard.processor.StandardRemovableAttributeTagProcessor
[THYMELEAF]             * [* {th:sandbox,data-th-sandbox}] [1000]: org.thymeleaf.standard.processor.StandardRemovableAttributeTagProcessor
[THYMELEAF]             * [* {th:rel,data-th-rel}] [1000]: org.thymeleaf.standard.processor.StandardRemovableAttributeTagProcessor
[THYMELEAF]             * [* {th:bgcolor,data-th-bgcolor}] [1000]: org.thymeleaf.standard.processor.StandardRemovableAttributeTagProcessor
[THYMELEAF]             * [* {th:frameborder,data-th-frameborder}] [1000]: org.thymeleaf.standard.processor.StandardRemovableAttributeTagProcessor
[THYMELEAF]             * [* {th:data,data-th-data}] [1000]: org.thymeleaf.standard.processor.StandardRemovableAttributeTagProcessor
[THYMELEAF]             * [* {th:target,data-th-target}] [1000]: org.thymeleaf.standard.processor.StandardRemovableAttributeTagProcessor
[THYMELEAF]             * [* {th:alt,data-th-alt}] [1000]: org.thymeleaf.standard.processor.StandardRemovableAttributeTagProcessor
[THYMELEAF]             * [* {th:max,data-th-max}] [1000]: org.thymeleaf.standard.processor.StandardRemovableAttributeTagProcessor
[THYMELEAF]             * [* {th:vspace,data-th-vspace}] [1000]: org.thymeleaf.standard.processor.StandardRemovableAttributeTagProcessor
[THYMELEAF]             * [* {th:compact,data-th-compact}] [1000]: org.thymeleaf.standard.processor.StandardRemovableAttributeTagProcessor
[THYMELEAF]             * [* {th:wrap,data-th-wrap}] [1000]: org.thymeleaf.standard.processor.StandardRemovableAttributeTagProcessor
[THYMELEAF]             * [* {th:rev,data-th-rev}] [1000]: org.thymeleaf.standard.processor.StandardRemovableAttributeTagProcessor
[THYMELEAF]             * [* {th:cellspacing,data-th-cellspacing}] [1000]: org.thymeleaf.standard.processor.StandardRemovableAttributeTagProcessor
[THYMELEAF]             * [* {th:accept-charset,data-th-accept-charset}] [1000]: org.thymeleaf.standard.processor.StandardRemovableAttributeTagProcessor
[THYMELEAF]             * [* {th:media,data-th-media}] [1000]: org.thymeleaf.standard.processor.StandardRemovableAttributeTagProcessor
[THYMELEAF]             * [* {th:datetime,data-th-datetime}] [1000]: org.thymeleaf.standard.processor.StandardRemovableAttributeTagProcessor
[THYMELEAF]             * [* {th:icon,data-th-icon}] [1000]: org.thymeleaf.standard.processor.StandardRemovableAttributeTagProcessor
[THYMELEAF]             * [* {th:radiogroup,data-th-radiogroup}] [1000]: org.thymeleaf.standard.processor.StandardRemovableAttributeTagProcessor
[THYMELEAF]             * [* {th:marginwidth,data-th-marginwidth}] [1000]: org.thymeleaf.standard.processor.StandardRemovableAttributeTagProcessor
[THYMELEAF]             * [* {th:valuetype,data-th-valuetype}] [1000]: org.thymeleaf.standard.processor.StandardRemovableAttributeTagProcessor
[THYMELEAF]             * [* {th:draggable,data-th-draggable}] [1000]: org.thymeleaf.standard.processor.StandardRemovableAttributeTagProcessor
[THYMELEAF]             * [* {th:style,data-th-style}] [1000]: org.thymeleaf.standard.processor.StandardRemovableAttributeTagProcessor
[THYMELEAF]             * [* {th:classid,data-th-classid}] [1000]: org.thymeleaf.standard.processor.StandardRemovableAttributeTagProcessor
[THYMELEAF]             * [* {th:form,data-th-form}] [1000]: org.thymeleaf.standard.processor.StandardRemovableAttributeTagProcessor
[THYMELEAF]             * [* {th:for,data-th-for}] [1000]: org.thymeleaf.standard.processor.StandardRemovableAttributeTagProcessor
[THYMELEAF]             * [* {th:autocomplete,data-th-autocomplete}] [1000]: org.thymeleaf.standard.processor.StandardRemovableAttributeTagProcessor
[THYMELEAF]             * [* {th:placeholder,data-th-placeholder}] [1000]: org.thymeleaf.standard.processor.StandardRemovableAttributeTagProcessor
[THYMELEAF]             * [* {th:contextmenu,data-th-contextmenu}] [1000]: org.thymeleaf.standard.processor.StandardRemovableAttributeTagProcessor
[THYMELEAF]             * [* {th:high,data-th-high}] [1000]: org.thymeleaf.standard.processor.StandardRemovableAttributeTagProcessor
[THYMELEAF]             * [* {th:low,data-th-low}] [1000]: org.thymeleaf.standard.processor.StandardRemovableAttributeTagProcessor
[THYMELEAF]             * [* {th:hspace,data-th-hspace}] [1000]: org.thymeleaf.standard.processor.StandardRemovableAttributeTagProcessor
[THYMELEAF]             * [* {th:width,data-th-width}] [1000]: org.thymeleaf.standard.processor.StandardRemovableAttributeTagProcessor
[THYMELEAF]             * [* {th:hreflang,data-th-hreflang}] [1000]: org.thymeleaf.standard.processor.StandardRemovableAttributeTagProcessor
[THYMELEAF]             * [* {th:archive,data-th-archive}] [1000]: org.thymeleaf.standard.processor.StandardRemovableAttributeTagProcessor
[THYMELEAF]             * [* {th:preload,data-th-preload}] [1000]: org.thymeleaf.standard.processor.StandardRemovableAttributeTagProcessor
[THYMELEAF]             * [* {th:size,data-th-size}] [1000]: org.thymeleaf.standard.processor.StandardRemovableAttributeTagProcessor
[THYMELEAF]             * [* {th:formaction,data-th-formaction}] [1000]: org.thymeleaf.standard.processor.StandardRemovableAttributeTagProcessor
[THYMELEAF]             * [* {th:scrolling,data-th-scrolling}] [1000]: org.thymeleaf.standard.processor.StandardRemovableAttributeTagProcessor
[THYMELEAF]             * [* {th:tabindex,data-th-tabindex}] [1000]: org.thymeleaf.standard.processor.StandardRemovableAttributeTagProcessor
[THYMELEAF]             * [* {th:frame,data-th-frame}] [1000]: org.thymeleaf.standard.processor.StandardRemovableAttributeTagProcessor
[THYMELEAF]             * [* {th:content,data-th-content}] [1000]: org.thymeleaf.standard.processor.StandardRemovableAttributeTagProcessor
[THYMELEAF]             * [* {th:contenteditable,data-th-contenteditable}] [1000]: org.thymeleaf.standard.processor.StandardRemovableAttributeTagProcessor
[THYMELEAF]             * [* {th:http-equiv,data-th-http-equiv}] [1000]: org.thymeleaf.standard.processor.StandardRemovableAttributeTagProcessor
[THYMELEAF]             * [* {th:background,data-th-background}] [1000]: org.thymeleaf.standard.processor.StandardRemovableAttributeTagProcessor
[THYMELEAF]             * [* {th:pattern,data-th-pattern}] [1000]: org.thymeleaf.standard.processor.StandardRemovableAttributeTagProcessor
[THYMELEAF]             * [* {th:class,data-th-class}] [1000]: org.thymeleaf.standard.processor.StandardRemovableAttributeTagProcessor
[THYMELEAF]             * [* {th:span,data-th-span}] [1000]: org.thymeleaf.standard.processor.StandardRemovableAttributeTagProcessor
[THYMELEAF]             * [* {th:src,data-th-src}] [1000]: org.thymeleaf.standard.processor.StandardSrcTagProcessor
[THYMELEAF]             * [* {th:value,data-th-value}] [1000]: org.thymeleaf.standard.processor.StandardValueTagProcessor
[THYMELEAF]             * [* {th:xmlbase,data-th-xmlbase}] [1000]: org.thymeleaf.standard.processor.StandardXmlBaseTagProcessor
[THYMELEAF]             * [* {th:xmllang,data-th-xmllang}] [1000]: org.thymeleaf.standard.processor.StandardXmlLangTagProcessor
[THYMELEAF]             * [* {xmlns:th}] [1000]: org.thymeleaf.standard.processor.StandardXmlNsTagProcessor
[THYMELEAF]             * [* {th:xmlspace,data-th-xmlspace}] [1000]: org.thymeleaf.standard.processor.StandardXmlSpaceTagProcessor
[THYMELEAF]             * [* {th:classappend,data-th-classappend}] [1100]: org.thymeleaf.standard.processor.StandardClassappendTagProcessor
[THYMELEAF]             * [* {th:styleappend,data-th-styleappend}] [1100]: org.thymeleaf.standard.processor.StandardStyleappendTagProcessor
[THYMELEAF]             * [* {th:text,data-th-text}] [1300]: org.thymeleaf.standard.processor.StandardTextTagProcessor
[THYMELEAF]             * [* {th:utext,data-th-utext}] [1400]: org.thymeleaf.standard.processor.StandardUtextTagProcessor
[THYMELEAF]             * [* {th:fragment,data-th-fragment}] [1500]: org.thymeleaf.standard.processor.StandardFragmentTagProcessor
[THYMELEAF]             * [* {th:assert,data-th-assert}] [1550]: org.thymeleaf.standard.processor.StandardAssertTagProcessor
[THYMELEAF]             * [* {th:remove,data-th-remove}] [1600]: org.thymeleaf.standard.processor.StandardRemoveTagProcessor
[THYMELEAF]             * [* {th:ref,data-th-ref}] [10000]: org.thymeleaf.standard.processor.StandardRefAttributeTagProcessor
[THYMELEAF]             * [{th:block,th-block} *] [100000]: org.thymeleaf.standard.processor.StandardBlockTagProcessor
[THYMELEAF]             * [* th:*] [2147483647]: org.thymeleaf.standard.processor.StandardDefaultAttributesTagProcessor
[THYMELEAF]         * Text Processors by [precedence]:
[THYMELEAF]             * [1000]: org.thymeleaf.standard.processor.StandardInliningTextProcessor
[THYMELEAF]         * DOCTYPE Processors by [precedence]:
[THYMELEAF]             * [1000]: org.thymeleaf.standard.processor.StandardTranslationDocTypeProcessor
[THYMELEAF]         * CDATA Section Processors by [precedence]:
[THYMELEAF]             * [1000]: org.thymeleaf.standard.processor.StandardInliningCDATASectionProcessor
[THYMELEAF]         * Comment Processors by [precedence]:
[THYMELEAF]             * [1000]: org.thymeleaf.standard.processor.StandardInliningCommentProcessor
[THYMELEAF]             * [1100]: org.thymeleaf.standard.processor.StandardConditionalCommentProcessor
[THYMELEAF]     * Processors for Template Mode: XML
[THYMELEAF]         * Element Tag Processors by [matching element and attribute name] [precedence]:
[THYMELEAF]             * [* {th:include}] [100]: org.thymeleaf.standard.processor.StandardIncludeTagProcessor
[THYMELEAF]             * [* {th:insert}] [100]: org.thymeleaf.standard.processor.StandardInsertTagProcessor
[THYMELEAF]             * [* {th:replace}] [100]: org.thymeleaf.standard.processor.StandardReplaceTagProcessor
[THYMELEAF]             * [* {th:substituteby}] [100]: org.thymeleaf.standard.processor.StandardSubstituteByTagProcessor
[THYMELEAF]             * [* {th:each}] [200]: com.intuit.karate.template.KarateEachTagProcessor
[THYMELEAF]             * [* {th:switch}] [250]: org.thymeleaf.standard.processor.StandardSwitchTagProcessor
[THYMELEAF]             * [* {th:case}] [275]: org.thymeleaf.standard.processor.StandardCaseTagProcessor
[THYMELEAF]             * [* {th:if}] [300]: org.thymeleaf.standard.processor.StandardIfTagProcessor
[THYMELEAF]             * [* {th:unless}] [400]: org.thymeleaf.standard.processor.StandardUnlessTagProcessor
[THYMELEAF]             * [* {th:object}] [500]: org.thymeleaf.standard.processor.StandardObjectTagProcessor
[THYMELEAF]             * [* {th:with}] [600]: com.intuit.karate.template.KarateWithTagProcessor
[THYMELEAF]             * [* {th:attr}] [700]: com.intuit.karate.template.KarateAttributeTagProcessor.KarateAttrTagProcessor
[THYMELEAF]             * [* {th:attrappend}] [900]: com.intuit.karate.template.KarateAttributeTagProcessor.KarateAttrappendTagProcessor
[THYMELEAF]             * [* {th:attrprepend}] [900]: com.intuit.karate.template.KarateAttributeTagProcessor.KarateAttrprependTagProcessor
[THYMELEAF]             * [* {th:inline}] [1000]: org.thymeleaf.standard.processor.StandardInlineXMLTagProcessor
[THYMELEAF]             * [* {xmlns:th}] [1000]: org.thymeleaf.standard.processor.StandardXmlNsTagProcessor
[THYMELEAF]             * [* {th:text}] [1300]: org.thymeleaf.standard.processor.StandardTextTagProcessor
[THYMELEAF]             * [* {th:utext}] [1400]: org.thymeleaf.standard.processor.StandardUtextTagProcessor
[THYMELEAF]             * [* {th:fragment}] [1500]: org.thymeleaf.standard.processor.StandardFragmentTagProcessor
[THYMELEAF]             * [* {th:assert}] [1550]: org.thymeleaf.standard.processor.StandardAssertTagProcessor
[THYMELEAF]             * [* {th:remove}] [1600]: org.thymeleaf.standard.processor.StandardRemoveTagProcessor
[THYMELEAF]             * [* {th:ref}] [10000]: org.thymeleaf.standard.processor.StandardRefAttributeTagProcessor
[THYMELEAF]             * [{th:block} *] [100000]: org.thymeleaf.standard.processor.StandardBlockTagProcessor
[THYMELEAF]             * [* th:*] [2147483647]: org.thymeleaf.standard.processor.StandardDefaultAttributesTagProcessor
[THYMELEAF]         * Text Processors by [precedence]:
[THYMELEAF]             * [1000]: org.thymeleaf.standard.processor.StandardInliningTextProcessor
[THYMELEAF]         * CDATA Section Processors by [precedence]:
[THYMELEAF]             * [1000]: org.thymeleaf.standard.processor.StandardInliningCDATASectionProcessor
[THYMELEAF]         * Comment Processors by [precedence]:
[THYMELEAF]             * [1000]: org.thymeleaf.standard.processor.StandardInliningCommentProcessor
[THYMELEAF]     * Processors for Template Mode: TEXT
[THYMELEAF]         * Element Tag Processors by [matching element and attribute name] [precedence]:
[THYMELEAF]             * [* {th:insert}] [100]: org.thymeleaf.standard.processor.StandardInsertTagProcessor
[THYMELEAF]             * [* {th:replace}] [100]: org.thymeleaf.standard.processor.StandardReplaceTagProcessor
[THYMELEAF]             * [* {th:each}] [200]: com.intuit.karate.template.KarateEachTagProcessor
[THYMELEAF]             * [* {th:switch}] [250]: org.thymeleaf.standard.processor.StandardSwitchTagProcessor
[THYMELEAF]             * [* {th:case}] [275]: org.thymeleaf.standard.processor.StandardCaseTagProcessor
[THYMELEAF]             * [* {th:if}] [300]: org.thymeleaf.standard.processor.StandardIfTagProcessor
[THYMELEAF]             * [* {th:unless}] [400]: org.thymeleaf.standard.processor.StandardUnlessTagProcessor
[THYMELEAF]             * [* {th:object}] [500]: org.thymeleaf.standard.processor.StandardObjectTagProcessor
[THYMELEAF]             * [* {th:with}] [600]: com.intuit.karate.template.KarateWithTagProcessor
[THYMELEAF]             * [* {th:inline}] [1000]: org.thymeleaf.standard.processor.StandardInlineTextualTagProcessor
[THYMELEAF]             * [* {th:text}] [1300]: org.thymeleaf.standard.processor.StandardTextTagProcessor
[THYMELEAF]             * [* {th:utext}] [1400]: org.thymeleaf.standard.processor.StandardUtextTagProcessor
[THYMELEAF]             * [* {th:assert}] [1550]: org.thymeleaf.standard.processor.StandardAssertTagProcessor
[THYMELEAF]             * [* {th:remove}] [1600]: org.thymeleaf.standard.processor.StandardRemoveTagProcessor
[THYMELEAF]             * [* 100000] [org.thymeleaf.standard.processor.StandardBlockTagProcessor]: {}
[THYMELEAF]             * [{th:block} *] [100000]: org.thymeleaf.standard.processor.StandardBlockTagProcessor
[THYMELEAF]         * Text Processors by [precedence]:
[THYMELEAF]             * [1000]: org.thymeleaf.standard.processor.StandardInliningTextProcessor
[THYMELEAF]     * Processors for Template Mode: JAVASCRIPT
[THYMELEAF]         * Element Tag Processors by [matching element and attribute name] [precedence]:
[THYMELEAF]             * [* {th:insert}] [100]: org.thymeleaf.standard.processor.StandardInsertTagProcessor
[THYMELEAF]             * [* {th:replace}] [100]: org.thymeleaf.standard.processor.StandardReplaceTagProcessor
[THYMELEAF]             * [* {th:each}] [200]: com.intuit.karate.template.KarateEachTagProcessor
[THYMELEAF]             * [* {th:switch}] [250]: org.thymeleaf.standard.processor.StandardSwitchTagProcessor
[THYMELEAF]             * [* {th:case}] [275]: org.thymeleaf.standard.processor.StandardCaseTagProcessor
[THYMELEAF]             * [* {th:if}] [300]: org.thymeleaf.standard.processor.StandardIfTagProcessor
[THYMELEAF]             * [* {th:unless}] [400]: org.thymeleaf.standard.processor.StandardUnlessTagProcessor
[THYMELEAF]             * [* {th:object}] [500]: org.thymeleaf.standard.processor.StandardObjectTagProcessor
[THYMELEAF]             * [* {th:with}] [600]: com.intuit.karate.template.KarateWithTagProcessor
[THYMELEAF]             * [* {th:inline}] [1000]: org.thymeleaf.standard.processor.StandardInlineTextualTagProcessor
[THYMELEAF]             * [* {th:text}] [1300]: org.thymeleaf.standard.processor.StandardTextTagProcessor
[THYMELEAF]             * [* {th:utext}] [1400]: org.thymeleaf.standard.processor.StandardUtextTagProcessor
[THYMELEAF]             * [* {th:assert}] [1550]: org.thymeleaf.standard.processor.StandardAssertTagProcessor
[THYMELEAF]             * [* {th:remove}] [1600]: org.thymeleaf.standard.processor.StandardRemoveTagProcessor
[THYMELEAF]             * [* 100000] [org.thymeleaf.standard.processor.StandardBlockTagProcessor]: {}
[THYMELEAF]             * [{th:block} *] [100000]: org.thymeleaf.standard.processor.StandardBlockTagProcessor
[THYMELEAF]         * Text Processors by [precedence]:
[THYMELEAF]             * [1000]: org.thymeleaf.standard.processor.StandardInliningTextProcessor
[THYMELEAF]     * Processors for Template Mode: CSS
[THYMELEAF]         * Element Tag Processors by [matching element and attribute name] [precedence]:
[THYMELEAF]             * [* {th:insert}] [100]: org.thymeleaf.standard.processor.StandardInsertTagProcessor
[THYMELEAF]             * [* {th:replace}] [100]: org.thymeleaf.standard.processor.StandardReplaceTagProcessor
[THYMELEAF]             * [* {th:each}] [200]: com.intuit.karate.template.KarateEachTagProcessor
[THYMELEAF]             * [* {th:switch}] [250]: org.thymeleaf.standard.processor.StandardSwitchTagProcessor
[THYMELEAF]             * [* {th:case}] [275]: org.thymeleaf.standard.processor.StandardCaseTagProcessor
[THYMELEAF]             * [* {th:if}] [300]: org.thymeleaf.standard.processor.StandardIfTagProcessor
[THYMELEAF]             * [* {th:unless}] [400]: org.thymeleaf.standard.processor.StandardUnlessTagProcessor
[THYMELEAF]             * [* {th:object}] [500]: org.thymeleaf.standard.processor.StandardObjectTagProcessor
[THYMELEAF]             * [* {th:with}] [600]: com.intuit.karate.template.KarateWithTagProcessor
[THYMELEAF]             * [* {th:inline}] [1000]: org.thymeleaf.standard.processor.StandardInlineTextualTagProcessor
[THYMELEAF]             * [* {th:text}] [1300]: org.thymeleaf.standard.processor.StandardTextTagProcessor
[THYMELEAF]             * [* {th:utext}] [1400]: org.thymeleaf.standard.processor.StandardUtextTagProcessor
[THYMELEAF]             * [* {th:assert}] [1550]: org.thymeleaf.standard.processor.StandardAssertTagProcessor
[THYMELEAF]             * [* {th:remove}] [1600]: org.thymeleaf.standard.processor.StandardRemoveTagProcessor
[THYMELEAF]             * [{th:block} *] [100000]: org.thymeleaf.standard.processor.StandardBlockTagProcessor
[THYMELEAF]             * [* 100000] [org.thymeleaf.standard.processor.StandardBlockTagProcessor]: {}
[THYMELEAF]         * Text Processors by [precedence]:
[THYMELEAF]             * [1000]: org.thymeleaf.standard.processor.StandardInliningTextProcessor
[THYMELEAF]     * Expression Objects:
[THYMELEAF]         * #ctx
[THYMELEAF]         * #root
[THYMELEAF]         * #vars
[THYMELEAF]         * #object
[THYMELEAF]         * #locale
[THYMELEAF]         * #request
[THYMELEAF]         * #response
[THYMELEAF]         * #session
[THYMELEAF]         * #servletContext
[THYMELEAF]         * #conversions
[THYMELEAF]         * #uris
[THYMELEAF]         * #calendars
[THYMELEAF]         * #dates
[THYMELEAF]         * #bools
[THYMELEAF]         * #numbers
[THYMELEAF]         * #objects
[THYMELEAF]         * #strings
[THYMELEAF]         * #arrays
[THYMELEAF]         * #lists
[THYMELEAF]         * #sets
[THYMELEAF]         * #maps
[THYMELEAF]         * #aggregates
[THYMELEAF]         * #messages
[THYMELEAF]         * #ids
[THYMELEAF]         * #execInfo
[THYMELEAF]         * #httpServletRequest
[THYMELEAF]         * #httpSession
[THYMELEAF]     * Execution Attributes:
[THYMELEAF]         * "StandardExpressionParser": com.intuit.karate.template.KarateStandardDialect@4b94c50a
[THYMELEAF]         * "StandardJavaScriptSerializer": org.thymeleaf.standard.serializer.StandardJavaScriptSerializer@70c805e4
[THYMELEAF]         * "StandardCSSSerializer": org.thymeleaf.standard.serializer.StandardCSSSerializer@53446956
[THYMELEAF]         * "StandardVariableExpressionEvaluator": com.intuit.karate.template.KarateStandardDialect@4b94c50a
[THYMELEAF]         * "StandardConversionService": org.thymeleaf.standard.expression.StandardConversionService@297ec045
[THYMELEAF] * Dialect [2 of 2]: karate (com.intuit.karate.template.KarateScriptDialect)
[THYMELEAF]     * Prefix: "ka"
[THYMELEAF]     * Processors for Template Mode: HTML
[THYMELEAF]         * Element Tag Processors by [matching element and attribute name] [precedence]:
[THYMELEAF]             * [* {src}] [1000]: com.intuit.karate.template.KaScriptAttrProcessor
[THYMELEAF]         * Element Model Processors by [matching element and attribute name] [precedence]:
[THYMELEAF]             * [{script} {ka:scope,data-ka-scope}] [1000]: com.intuit.karate.template.KaScriptElemProcessor
[THYMELEAF]             * [* {ka:set,data-ka-set}] [1000]: com.intuit.karate.template.KaSetElemProcessor
[THYMELEAF] TEMPLATE ENGINE CONFIGURED OK
15:15:17.746 [pool-3-thread-1] DEBUG org.thymeleaf.TemplateEngine - [THYMELEAF] TEMPLATE ENGINE INITIALIZED
---------------------------------------------------------
feature: classpath:Karate/Demo/Test.feature
scenarios:  4 | passed:  4 | failed:  0 | time: 10.0167
---------------------------------------------------------

15:15:18.072 [pool-3-thread-1] INFO com.intuit.karate.Suite - <<pass>> feature 1 of 1 (0 remaining) classpath:Karate/Demo/Test.feature
Karate version: 1.4.0
======================================================
elapsed:  10.33 | threads:    2 | thread time: 10.02 
features:     1 | skipped:    0 | efficiency: 0.48
scenarios:    4 | passed:     4 | failed: 0
======================================================
15:15:18.099 [main] DEBUG org.thymeleaf.TemplateEngine - [THYMELEAF] INITIALIZING TEMPLATE ENGINE
15:15:18.110 [main] DEBUG org.thymeleaf.TemplateEngine.CONFIG - Initializing Thymeleaf Template engine configuration...
[THYMELEAF] TEMPLATE ENGINE CONFIGURATION:
[THYMELEAF] * Thymeleaf version: 3.0.14.RELEASE (built 2021-12-08T00:45:29+0000)
[THYMELEAF] * Cache Manager implementation: org.thymeleaf.cache.StandardCacheManager
[THYMELEAF] * Template resolvers:
[THYMELEAF]     * [1] com.intuit.karate.template.ResourceHtmlTemplateResolver
[THYMELEAF] * Message resolvers:
[THYMELEAF]     * org.thymeleaf.messageresolver.StandardMessageResolver
[THYMELEAF] * Link builders:
[THYMELEAF]     * org.thymeleaf.linkbuilder.StandardLinkBuilder
[THYMELEAF] * Dialect [1 of 2]: Standard (com.intuit.karate.template.KarateStandardDialect)
[THYMELEAF]     * Prefix: "th"
[THYMELEAF]     * Processors for Template Mode: HTML
[THYMELEAF]         * Element Tag Processors by [matching element and attribute name] [precedence]:
[THYMELEAF]             * [* {th:include,data-th-include}] [100]: org.thymeleaf.standard.processor.StandardIncludeTagProcessor
[THYMELEAF]             * [* {th:insert,data-th-insert}] [100]: org.thymeleaf.standard.processor.StandardInsertTagProcessor
[THYMELEAF]             * [* {th:replace,data-th-replace}] [100]: org.thymeleaf.standard.processor.StandardReplaceTagProcessor
[THYMELEAF]             * [* {th:substituteby,data-th-substituteby}] [100]: org.thymeleaf.standard.processor.StandardSubstituteByTagProcessor
[THYMELEAF]             * [* {th:each,data-th-each}] [200]: com.intuit.karate.template.KarateEachTagProcessor
[THYMELEAF]             * [* {th:switch,data-th-switch}] [250]: org.thymeleaf.standard.processor.StandardSwitchTagProcessor
[THYMELEAF]             * [* {th:case,data-th-case}] [275]: org.thymeleaf.standard.processor.StandardCaseTagProcessor
[THYMELEAF]             * [* {th:if,data-th-if}] [300]: org.thymeleaf.standard.processor.StandardIfTagProcessor
[THYMELEAF]             * [* {th:unless,data-th-unless}] [400]: org.thymeleaf.standard.processor.StandardUnlessTagProcessor
[THYMELEAF]             * [* {th:object,data-th-object}] [500]: org.thymeleaf.standard.processor.StandardObjectTagProcessor
[THYMELEAF]             * [* {th:with,data-th-with}] [600]: com.intuit.karate.template.KarateWithTagProcessor
[THYMELEAF]             * [* {th:attr,data-th-attr}] [700]: com.intuit.karate.template.KarateAttributeTagProcessor.KarateAttrTagProcessor
[THYMELEAF]             * [* {th:attrappend,data-th-attrappend}] [900]: com.intuit.karate.template.KarateAttributeTagProcessor.KarateAttrappendTagProcessor
[THYMELEAF]             * [* {th:attrprepend,data-th-attrprepend}] [900]: com.intuit.karate.template.KarateAttributeTagProcessor.KarateAttrprependTagProcessor
[THYMELEAF]             * [* {th:alt-title,data-th-alt-title}] [990]: org.thymeleaf.standard.processor.StandardAltTitleTagProcessor
[THYMELEAF]             * [* {th:lang-xmllang,data-th-lang-xmllang}] [990]: org.thymeleaf.standard.processor.StandardLangXmlLangTagProcessor
[THYMELEAF]             * [* {th:action,data-th-action}] [1000]: org.thymeleaf.standard.processor.StandardActionTagProcessor
[THYMELEAF]             * [* {th:reversed,data-th-reversed}] [1000]: org.thymeleaf.standard.processor.StandardConditionalFixedValueTagProcessor
[THYMELEAF]             * [* {th:checked,data-th-checked}] [1000]: org.thymeleaf.standard.processor.StandardConditionalFixedValueTagProcessor
[THYMELEAF]             * [* {th:required,data-th-required}] [1000]: org.thymeleaf.standard.processor.StandardConditionalFixedValueTagProcessor
[THYMELEAF]             * [* {th:disabled,data-th-disabled}] [1000]: org.thymeleaf.standard.processor.StandardConditionalFixedValueTagProcessor
[THYMELEAF]             * [* {th:readonly,data-th-readonly}] [1000]: org.thymeleaf.standard.processor.StandardConditionalFixedValueTagProcessor
[THYMELEAF]             * [* {th:open,data-th-open}] [1000]: org.thymeleaf.standard.processor.StandardConditionalFixedValueTagProcessor
[THYMELEAF]             * [* {th:autoplay,data-th-autoplay}] [1000]: org.thymeleaf.standard.processor.StandardConditionalFixedValueTagProcessor
[THYMELEAF]             * [* {th:declare,data-th-declare}] [1000]: org.thymeleaf.standard.processor.StandardConditionalFixedValueTagProcessor
[THYMELEAF]             * [* {th:controls,data-th-controls}] [1000]: org.thymeleaf.standard.processor.StandardConditionalFixedValueTagProcessor
[THYMELEAF]             * [* {th:formnovalidate,data-th-formnovalidate}] [1000]: org.thymeleaf.standard.processor.StandardConditionalFixedValueTagProcessor
[THYMELEAF]             * [* {th:pubdate,data-th-pubdate}] [1000]: org.thymeleaf.standard.processor.StandardConditionalFixedValueTagProcessor
[THYMELEAF]             * [* {th:multiple,data-th-multiple}] [1000]: org.thymeleaf.standard.processor.StandardConditionalFixedValueTagProcessor
[THYMELEAF]             * [* {th:scoped,data-th-scoped}] [1000]: org.thymeleaf.standard.processor.StandardConditionalFixedValueTagProcessor
[THYMELEAF]             * [* {th:default,data-th-default}] [1000]: org.thymeleaf.standard.processor.StandardConditionalFixedValueTagProcessor
[THYMELEAF]             * [* {th:selected,data-th-selected}] [1000]: org.thymeleaf.standard.processor.StandardConditionalFixedValueTagProcessor
[THYMELEAF]             * [* {th:seamless,data-th-seamless}] [1000]: org.thymeleaf.standard.processor.StandardConditionalFixedValueTagProcessor
[THYMELEAF]             * [* {th:ismap,data-th-ismap}] [1000]: org.thymeleaf.standard.processor.StandardConditionalFixedValueTagProcessor
[THYMELEAF]             * [* {th:loop,data-th-loop}] [1000]: org.thymeleaf.standard.processor.StandardConditionalFixedValueTagProcessor
[THYMELEAF]             * [* {th:nowrap,data-th-nowrap}] [1000]: org.thymeleaf.standard.processor.StandardConditionalFixedValueTagProcessor
[THYMELEAF]             * [* {th:defer,data-th-defer}] [1000]: org.thymeleaf.standard.processor.StandardConditionalFixedValueTagProcessor
[THYMELEAF]             * [* {th:novalidate,data-th-novalidate}] [1000]: org.thymeleaf.standard.processor.StandardConditionalFixedValueTagProcessor
[THYMELEAF]             * [* {th:autofocus,data-th-autofocus}] [1000]: org.thymeleaf.standard.processor.StandardConditionalFixedValueTagProcessor
[THYMELEAF]             * [* {th:hidden,data-th-hidden}] [1000]: org.thymeleaf.standard.processor.StandardConditionalFixedValueTagProcessor
[THYMELEAF]             * [* {th:async,data-th-async}] [1000]: org.thymeleaf.standard.processor.StandardConditionalFixedValueTagProcessor
[THYMELEAF]             * [* {th:onreset,data-th-onreset}] [1000]: org.thymeleaf.standard.processor.StandardDOMEventAttributeTagProcessor
[THYMELEAF]             * [* {th:onerror,data-th-onerror}] [1000]: org.thymeleaf.standard.processor.StandardDOMEventAttributeTagProcessor
[THYMELEAF]             * [* {th:ondblclick,data-th-ondblclick}] [1000]: org.thymeleaf.standard.processor.StandardDOMEventAttributeTagProcessor
[THYMELEAF]             * [* {th:onloadedmetadata,data-th-onloadedmetadata}] [1000]: org.thymeleaf.standard.processor.StandardDOMEventAttributeTagProcessor
[THYMELEAF]             * [* {th:onfocus,data-th-onfocus}] [1000]: org.thymeleaf.standard.processor.StandardDOMEventAttributeTagProcessor
[THYMELEAF]             * [* {th:onemptied,data-th-onemptied}] [1000]: org.thymeleaf.standard.processor.StandardDOMEventAttributeTagProcessor
[THYMELEAF]             * [* {th:onstorage,data-th-onstorage}] [1000]: org.thymeleaf.standard.processor.StandardDOMEventAttributeTagProcessor
[THYMELEAF]             * [* {th:onloadstart,data-th-onloadstart}] [1000]: org.thymeleaf.standard.processor.StandardDOMEventAttributeTagProcessor
[THYMELEAF]             * [* {th:onmouseup,data-th-onmouseup}] [1000]: org.thymeleaf.standard.processor.StandardDOMEventAttributeTagProcessor
[THYMELEAF]             * [* {th:onpause,data-th-onpause}] [1000]: org.thymeleaf.standard.processor.StandardDOMEventAttributeTagProcessor
[THYMELEAF]             * [* {th:onreadystatechange,data-th-onreadystatechange}] [1000]: org.thymeleaf.standard.processor.StandardDOMEventAttributeTagProcessor
[THYMELEAF]             * [* {th:onblur,data-th-onblur}] [1000]: org.thymeleaf.standard.processor.StandardDOMEventAttributeTagProcessor
[THYMELEAF]             * [* {th:onmouseout,data-th-onmouseout}] [1000]: org.thymeleaf.standard.processor.StandardDOMEventAttributeTagProcessor
[THYMELEAF]             * [* {th:onclick,data-th-onclick}] [1000]: org.thymeleaf.standard.processor.StandardDOMEventAttributeTagProcessor
[THYMELEAF]             * [* {th:onkeyup,data-th-onkeyup}] [1000]: org.thymeleaf.standard.processor.StandardDOMEventAttributeTagProcessor
[THYMELEAF]             * [* {th:onmousedown,data-th-onmousedown}] [1000]: org.thymeleaf.standard.processor.StandardDOMEventAttributeTagProcessor
[THYMELEAF]             * [* {th:onmousewheel,data-th-onmousewheel}] [1000]: org.thymeleaf.standard.processor.StandardDOMEventAttributeTagProcessor
[THYMELEAF]             * [* {th:onchange,data-th-onchange}] [1000]: org.thymeleaf.standard.processor.StandardDOMEventAttributeTagProcessor
[THYMELEAF]             * [* {th:onoffline,data-th-onoffline}] [1000]: org.thymeleaf.standard.processor.StandardDOMEventAttributeTagProcessor
[THYMELEAF]             * [* {th:onsubmit,data-th-onsubmit}] [1000]: org.thymeleaf.standard.processor.StandardDOMEventAttributeTagProcessor
[THYMELEAF]             * [* {th:onwaiting,data-th-onwaiting}] [1000]: org.thymeleaf.standard.processor.StandardDOMEventAttributeTagProcessor
[THYMELEAF]             * [* {th:onbeforeunload,data-th-onbeforeunload}] [1000]: org.thymeleaf.standard.processor.StandardDOMEventAttributeTagProcessor
[THYMELEAF]             * [* {th:ondragenter,data-th-ondragenter}] [1000]: org.thymeleaf.standard.processor.StandardDOMEventAttributeTagProcessor
[THYMELEAF]             * [* {th:onsuspend,data-th-onsuspend}] [1000]: org.thymeleaf.standard.processor.StandardDOMEventAttributeTagProcessor
[THYMELEAF]             * [* {th:onload,data-th-onload}] [1000]: org.thymeleaf.standard.processor.StandardDOMEventAttributeTagProcessor
[THYMELEAF]             * [* {th:onabort,data-th-onabort}] [1000]: org.thymeleaf.standard.processor.StandardDOMEventAttributeTagProcessor
[THYMELEAF]             * [* {th:onredo,data-th-onredo}] [1000]: org.thymeleaf.standard.processor.StandardDOMEventAttributeTagProcessor
[THYMELEAF]             * [* {th:onseeked,data-th-onseeked}] [1000]: org.thymeleaf.standard.processor.StandardDOMEventAttributeTagProcessor
[THYMELEAF]             * [* {th:onselect,data-th-onselect}] [1000]: org.thymeleaf.standard.processor.StandardDOMEventAttributeTagProcessor
[THYMELEAF]             * [* {th:onplaying,data-th-onplaying}] [1000]: org.thymeleaf.standard.processor.StandardDOMEventAttributeTagProcessor
[THYMELEAF]             * [* {th:ononline,data-th-ononline}] [1000]: org.thymeleaf.standard.processor.StandardDOMEventAttributeTagProcessor
[THYMELEAF]             * [* {th:onunload,data-th-onunload}] [1000]: org.thymeleaf.standard.processor.StandardDOMEventAttributeTagProcessor
[THYMELEAF]             * [* {th:onvolumechange,data-th-onvolumechange}] [1000]: org.thymeleaf.standard.processor.StandardDOMEventAttributeTagProcessor
[THYMELEAF]             * [* {th:onended,data-th-onended}] [1000]: org.thymeleaf.standard.processor.StandardDOMEventAttributeTagProcessor
[THYMELEAF]             * [* {th:ontimeupdate,data-th-ontimeupdate}] [1000]: org.thymeleaf.standard.processor.StandardDOMEventAttributeTagProcessor
[THYMELEAF]             * [* {th:onformchange,data-th-onformchange}] [1000]: org.thymeleaf.standard.processor.StandardDOMEventAttributeTagProcessor
[THYMELEAF]             * [* {th:onmouseover,data-th-onmouseover}] [1000]: org.thymeleaf.standard.processor.StandardDOMEventAttributeTagProcessor
[THYMELEAF]             * [* {th:ondrag,data-th-ondrag}] [1000]: org.thymeleaf.standard.processor.StandardDOMEventAttributeTagProcessor
[THYMELEAF]             * [* {th:onbeforeprint,data-th-onbeforeprint}] [1000]: org.thymeleaf.standard.processor.StandardDOMEventAttributeTagProcessor
[THYMELEAF]             * [* {th:ondragover,data-th-ondragover}] [1000]: org.thymeleaf.standard.processor.StandardDOMEventAttributeTagProcessor
[THYMELEAF]             * [* {th:onprogress,data-th-onprogress}] [1000]: org.thymeleaf.standard.processor.StandardDOMEventAttributeTagProcessor
[THYMELEAF]             * [* {th:onseeking,data-th-onseeking}] [1000]: org.thymeleaf.standard.processor.StandardDOMEventAttributeTagProcessor
[THYMELEAF]             * [* {th:onmessage,data-th-onmessage}] [1000]: org.thymeleaf.standard.processor.StandardDOMEventAttributeTagProcessor
[THYMELEAF]             * [* {th:ondragleave,data-th-ondragleave}] [1000]: org.thymeleaf.standard.processor.StandardDOMEventAttributeTagProcessor
[THYMELEAF]             * [* {th:onratechange,data-th-onratechange}] [1000]: org.thymeleaf.standard.processor.StandardDOMEventAttributeTagProcessor
[THYMELEAF]             * [* {th:onforminput,data-th-onforminput}] [1000]: org.thymeleaf.standard.processor.StandardDOMEventAttributeTagProcessor
[THYMELEAF]             * [* {th:onafterprint,data-th-onafterprint}] [1000]: org.thymeleaf.standard.processor.StandardDOMEventAttributeTagProcessor
[THYMELEAF]             * [* {th:onplay,data-th-onplay}] [1000]: org.thymeleaf.standard.processor.StandardDOMEventAttributeTagProcessor
[THYMELEAF]             * [* {th:onscroll,data-th-onscroll}] [1000]: org.thymeleaf.standard.processor.StandardDOMEventAttributeTagProcessor
[THYMELEAF]             * [* {th:onpopstate,data-th-onpopstate}] [1000]: org.thymeleaf.standard.processor.StandardDOMEventAttributeTagProcessor
[THYMELEAF]             * [* {th:onshow,data-th-onshow}] [1000]: org.thymeleaf.standard.processor.StandardDOMEventAttributeTagProcessor
[THYMELEAF]             * [* {th:ondrop,data-th-ondrop}] [1000]: org.thymeleaf.standard.processor.StandardDOMEventAttributeTagProcessor
[THYMELEAF]             * [* {th:oninvalid,data-th-oninvalid}] [1000]: org.thymeleaf.standard.processor.StandardDOMEventAttributeTagProcessor
[THYMELEAF]             * [* {th:onloadeddata,data-th-onloadeddata}] [1000]: org.thymeleaf.standard.processor.StandardDOMEventAttributeTagProcessor
[THYMELEAF]             * [* {th:oninput,data-th-oninput}] [1000]: org.thymeleaf.standard.processor.StandardDOMEventAttributeTagProcessor
[THYMELEAF]             * [* {th:onmousemove,data-th-onmousemove}] [1000]: org.thymeleaf.standard.processor.StandardDOMEventAttributeTagProcessor
[THYMELEAF]             * [* {th:onresize,data-th-onresize}] [1000]: org.thymeleaf.standard.processor.StandardDOMEventAttributeTagProcessor
[THYMELEAF]             * [* {th:ondragstart,data-th-ondragstart}] [1000]: org.thymeleaf.standard.processor.StandardDOMEventAttributeTagProcessor
[THYMELEAF]             * [* {th:onkeypress,data-th-onkeypress}] [1000]: org.thymeleaf.standard.processor.StandardDOMEventAttributeTagProcessor
[THYMELEAF]             * [* {th:ondragend,data-th-ondragend}] [1000]: org.thymeleaf.standard.processor.StandardDOMEventAttributeTagProcessor
[THYMELEAF]             * [* {th:onhashchange,data-th-onhashchange}] [1000]: org.thymeleaf.standard.processor.StandardDOMEventAttributeTagProcessor
[THYMELEAF]             * [* {th:ondurationchange,data-th-ondurationchange}] [1000]: org.thymeleaf.standard.processor.StandardDOMEventAttributeTagProcessor
[THYMELEAF]             * [* {th:onstalled,data-th-onstalled}] [1000]: org.thymeleaf.standard.processor.StandardDOMEventAttributeTagProcessor
[THYMELEAF]             * [* {th:oncontextmenu,data-th-oncontextmenu}] [1000]: org.thymeleaf.standard.processor.StandardDOMEventAttributeTagProcessor
[THYMELEAF]             * [* {th:onundo,data-th-onundo}] [1000]: org.thymeleaf.standard.processor.StandardDOMEventAttributeTagProcessor
[THYMELEAF]             * [* {th:onkeydown,data-th-onkeydown}] [1000]: org.thymeleaf.standard.processor.StandardDOMEventAttributeTagProcessor
[THYMELEAF]             * [* {th:oncanplaythrough,data-th-oncanplaythrough}] [1000]: org.thymeleaf.standard.processor.StandardDOMEventAttributeTagProcessor
[THYMELEAF]             * [* {th:oncanplay,data-th-oncanplay}] [1000]: org.thymeleaf.standard.processor.StandardDOMEventAttributeTagProcessor
[THYMELEAF]             * [* {th:href,data-th-href}] [1000]: org.thymeleaf.standard.processor.StandardHrefTagProcessor
[THYMELEAF]             * [* {th:inline,data-th-inline}] [1000]: org.thymeleaf.standard.processor.StandardInlineHTMLTagProcessor
[THYMELEAF]             * [* {th:method,data-th-method}] [1000]: org.thymeleaf.standard.processor.StandardMethodTagProcessor
[THYMELEAF]             * [* {th:name,data-th-name}] [1000]: org.thymeleaf.standard.processor.StandardNonRemovableAttributeTagProcessor
[THYMELEAF]             * [* {th:type,data-th-type}] [1000]: org.thymeleaf.standard.processor.StandardNonRemovableAttributeTagProcessor
[THYMELEAF]             * [* {th:cite,data-th-cite}] [1000]: org.thymeleaf.standard.processor.StandardRemovableAttributeTagProcessor
[THYMELEAF]             * [* {th:height,data-th-height}] [1000]: org.thymeleaf.standard.processor.StandardRemovableAttributeTagProcessor
[THYMELEAF]             * [* {th:placeholder,data-th-placeholder}] [1000]: org.thymeleaf.standard.processor.StandardRemovableAttributeTagProcessor
[THYMELEAF]             * [* {th:max,data-th-max}] [1000]: org.thymeleaf.standard.processor.StandardRemovableAttributeTagProcessor
[THYMELEAF]             * [* {th:dropzone,data-th-dropzone}] [1000]: org.thymeleaf.standard.processor.StandardRemovableAttributeTagProcessor
[THYMELEAF]             * [* {th:cellspacing,data-th-cellspacing}] [1000]: org.thymeleaf.standard.processor.StandardRemovableAttributeTagProcessor
[THYMELEAF]             * [* {th:for,data-th-for}] [1000]: org.thymeleaf.standard.processor.StandardRemovableAttributeTagProcessor
[THYMELEAF]             * [* {th:colspan,data-th-colspan}] [1000]: org.thymeleaf.standard.processor.StandardRemovableAttributeTagProcessor
[THYMELEAF]             * [* {th:sandbox,data-th-sandbox}] [1000]: org.thymeleaf.standard.processor.StandardRemovableAttributeTagProcessor
[THYMELEAF]             * [* {th:marginwidth,data-th-marginwidth}] [1000]: org.thymeleaf.standard.processor.StandardRemovableAttributeTagProcessor
[THYMELEAF]             * [* {th:wrap,data-th-wrap}] [1000]: org.thymeleaf.standard.processor.StandardRemovableAttributeTagProcessor
[THYMELEAF]             * [* {th:contextmenu,data-th-contextmenu}] [1000]: org.thymeleaf.standard.processor.StandardRemovableAttributeTagProcessor
[THYMELEAF]             * [* {th:headers,data-th-headers}] [1000]: org.thymeleaf.standard.processor.StandardRemovableAttributeTagProcessor
[THYMELEAF]             * [* {th:enctype,data-th-enctype}] [1000]: org.thymeleaf.standard.processor.StandardRemovableAttributeTagProcessor
[THYMELEAF]             * [* {th:poster,data-th-poster}] [1000]: org.thymeleaf.standard.processor.StandardRemovableAttributeTagProcessor
[THYMELEAF]             * [* {th:charset,data-th-charset}] [1000]: org.thymeleaf.standard.processor.StandardRemovableAttributeTagProcessor
[THYMELEAF]             * [* {th:rowspan,data-th-rowspan}] [1000]: org.thymeleaf.standard.processor.StandardRemovableAttributeTagProcessor
[THYMELEAF]             * [* {th:form,data-th-form}] [1000]: org.thymeleaf.standard.processor.StandardRemovableAttributeTagProcessor
[THYMELEAF]             * [* {th:preload,data-th-preload}] [1000]: org.thymeleaf.standard.processor.StandardRemovableAttributeTagProcessor
[THYMELEAF]             * [* {th:keytype,data-th-keytype}] [1000]: org.thymeleaf.standard.processor.StandardRemovableAttributeTagProcessor
[THYMELEAF]             * [* {th:datetime,data-th-datetime}] [1000]: org.thymeleaf.standard.processor.StandardRemovableAttributeTagProcessor
[THYMELEAF]             * [* {th:radiogroup,data-th-radiogroup}] [1000]: org.thymeleaf.standard.processor.StandardRemovableAttributeTagProcessor
[THYMELEAF]             * [* {th:low,data-th-low}] [1000]: org.thymeleaf.standard.processor.StandardRemovableAttributeTagProcessor
[THYMELEAF]             * [* {th:dir,data-th-dir}] [1000]: org.thymeleaf.standard.processor.StandardRemovableAttributeTagProcessor
[THYMELEAF]             * [* {th:frameborder,data-th-frameborder}] [1000]: org.thymeleaf.standard.processor.StandardRemovableAttributeTagProcessor
[THYMELEAF]             * [* {th:hspace,data-th-hspace}] [1000]: org.thymeleaf.standard.processor.StandardRemovableAttributeTagProcessor
[THYMELEAF]             * [* {th:formenctype,data-th-formenctype}] [1000]: org.thymeleaf.standard.processor.StandardRemovableAttributeTagProcessor
[THYMELEAF]             * [* {th:formtarget,data-th-formtarget}] [1000]: org.thymeleaf.standard.processor.StandardRemovableAttributeTagProcessor
[THYMELEAF]             * [* {th:class,data-th-class}] [1000]: org.thymeleaf.standard.processor.StandardRemovableAttributeTagProcessor
[THYMELEAF]             * [* {th:accesskey,data-th-accesskey}] [1000]: org.thymeleaf.standard.processor.StandardRemovableAttributeTagProcessor
[THYMELEAF]             * [* {th:alt,data-th-alt}] [1000]: org.thymeleaf.standard.processor.StandardRemovableAttributeTagProcessor
[THYMELEAF]             * [* {th:http-equiv,data-th-http-equiv}] [1000]: org.thymeleaf.standard.processor.StandardRemovableAttributeTagProcessor
[THYMELEAF]             * [* {th:formaction,data-th-formaction}] [1000]: org.thymeleaf.standard.processor.StandardRemovableAttributeTagProcessor
[THYMELEAF]             * [* {th:audio,data-th-audio}] [1000]: org.thymeleaf.standard.processor.StandardRemovableAttributeTagProcessor
[THYMELEAF]             * [* {th:usemap,data-th-usemap}] [1000]: org.thymeleaf.standard.processor.StandardRemovableAttributeTagProcessor
[THYMELEAF]             * [* {th:label,data-th-label}] [1000]: org.thymeleaf.standard.processor.StandardRemovableAttributeTagProcessor
[THYMELEAF]             * [* {th:scope,data-th-scope}] [1000]: org.thymeleaf.standard.processor.StandardRemovableAttributeTagProcessor
[THYMELEAF]             * [* {th:size,data-th-size}] [1000]: org.thymeleaf.standard.processor.StandardRemovableAttributeTagProcessor
[THYMELEAF]             * [* {th:rules,data-th-rules}] [1000]: org.thymeleaf.standard.processor.StandardRemovableAttributeTagProcessor
[THYMELEAF]             * [* {th:optimum,data-th-optimum}] [1000]: org.thymeleaf.standard.processor.StandardRemovableAttributeTagProcessor
[THYMELEAF]             * [* {th:background,data-th-background}] [1000]: org.thymeleaf.standard.processor.StandardRemovableAttributeTagProcessor
[THYMELEAF]             * [* {th:rel,data-th-rel}] [1000]: org.thymeleaf.standard.processor.StandardRemovableAttributeTagProcessor
[THYMELEAF]             * [* {th:style,data-th-style}] [1000]: org.thymeleaf.standard.processor.StandardRemovableAttributeTagProcessor
[THYMELEAF]             * [* {th:tabindex,data-th-tabindex}] [1000]: org.thymeleaf.standard.processor.StandardRemovableAttributeTagProcessor
[THYMELEAF]             * [* {th:hreflang,data-th-hreflang}] [1000]: org.thymeleaf.standard.processor.StandardRemovableAttributeTagProcessor
[THYMELEAF]             * [* {th:challenge,data-th-challenge}] [1000]: org.thymeleaf.standard.processor.StandardRemovableAttributeTagProcessor
[THYMELEAF]             * [* {th:axis,data-th-axis}] [1000]: org.thymeleaf.standard.processor.StandardRemovableAttributeTagProcessor
[THYMELEAF]             * [* {th:classid,data-th-classid}] [1000]: org.thymeleaf.standard.processor.StandardRemovableAttributeTagProcessor
[THYMELEAF]             * [* {th:pattern,data-th-pattern}] [1000]: org.thymeleaf.standard.processor.StandardRemovableAttributeTagProcessor
[THYMELEAF]             * [* {th:content,data-th-content}] [1000]: org.thymeleaf.standard.processor.StandardRemovableAttributeTagProcessor
[THYMELEAF]             * [* {th:valuetype,data-th-valuetype}] [1000]: org.thymeleaf.standard.processor.StandardRemovableAttributeTagProcessor
[THYMELEAF]             * [* {th:span,data-th-span}] [1000]: org.thymeleaf.standard.processor.StandardRemovableAttributeTagProcessor
[THYMELEAF]             * [* {th:high,data-th-high}] [1000]: org.thymeleaf.standard.processor.StandardRemovableAttributeTagProcessor
[THYMELEAF]             * [* {th:rows,data-th-rows}] [1000]: org.thymeleaf.standard.processor.StandardRemovableAttributeTagProcessor
[THYMELEAF]             * [* {th:cellpadding,data-th-cellpadding}] [1000]: org.thymeleaf.standard.processor.StandardRemovableAttributeTagProcessor
[THYMELEAF]             * [* {th:archive,data-th-archive}] [1000]: org.thymeleaf.standard.processor.StandardRemovableAttributeTagProcessor
[THYMELEAF]             * [* {th:align,data-th-align}] [1000]: org.thymeleaf.standard.processor.StandardRemovableAttributeTagProcessor
[THYMELEAF]             * [* {th:abbr,data-th-abbr}] [1000]: org.thymeleaf.standard.processor.StandardRemovableAttributeTagProcessor
[THYMELEAF]             * [* {th:step,data-th-step}] [1000]: org.thymeleaf.standard.processor.StandardRemovableAttributeTagProcessor
[THYMELEAF]             * [* {th:data,data-th-data}] [1000]: org.thymeleaf.standard.processor.StandardRemovableAttributeTagProcessor
[THYMELEAF]             * [* {th:rev,data-th-rev}] [1000]: org.thymeleaf.standard.processor.StandardRemovableAttributeTagProcessor
[THYMELEAF]             * [* {th:lang,data-th-lang}] [1000]: org.thymeleaf.standard.processor.StandardRemovableAttributeTagProcessor
[THYMELEAF]             * [* {th:manifest,data-th-manifest}] [1000]: org.thymeleaf.standard.processor.StandardRemovableAttributeTagProcessor
[THYMELEAF]             * [* {th:codebase,data-th-codebase}] [1000]: org.thymeleaf.standard.processor.StandardRemovableAttributeTagProcessor
[THYMELEAF]             * [* {th:maxlength,data-th-maxlength}] [1000]: org.thymeleaf.standard.processor.StandardRemovableAttributeTagProcessor
[THYMELEAF]             * [* {th:formmethod,data-th-formmethod}] [1000]: org.thymeleaf.standard.processor.StandardRemovableAttributeTagProcessor
[THYMELEAF]             * [* {th:accept-charset,data-th-accept-charset}] [1000]: org.thymeleaf.standard.processor.StandardRemovableAttributeTagProcessor
[THYMELEAF]             * [* {th:codetype,data-th-codetype}] [1000]: org.thymeleaf.standard.processor.StandardRemovableAttributeTagProcessor
[THYMELEAF]             * [* {th:compact,data-th-compact}] [1000]: org.thymeleaf.standard.processor.StandardRemovableAttributeTagProcessor
[THYMELEAF]             * [* {th:title,data-th-title}] [1000]: org.thymeleaf.standard.processor.StandardRemovableAttributeTagProcessor
[THYMELEAF]             * [* {th:icon,data-th-icon}] [1000]: org.thymeleaf.standard.processor.StandardRemovableAttributeTagProcessor
[THYMELEAF]             * [* {th:scheme,data-th-scheme}] [1000]: org.thymeleaf.standard.processor.StandardRemovableAttributeTagProcessor
[THYMELEAF]             * [* {th:sizes,data-th-sizes}] [1000]: org.thymeleaf.standard.processor.StandardRemovableAttributeTagProcessor
[THYMELEAF]             * [* {th:min,data-th-min}] [1000]: org.thymeleaf.standard.processor.StandardRemovableAttributeTagProcessor
[THYMELEAF]             * [* {th:srclang,data-th-srclang}] [1000]: org.thymeleaf.standard.processor.StandardRemovableAttributeTagProcessor
[THYMELEAF]             * [* {th:vspace,data-th-vspace}] [1000]: org.thymeleaf.standard.processor.StandardRemovableAttributeTagProcessor
[THYMELEAF]             * [* {th:bgcolor,data-th-bgcolor}] [1000]: org.thymeleaf.standard.processor.StandardRemovableAttributeTagProcessor
[THYMELEAF]             * [* {th:longdesc,data-th-longdesc}] [1000]: org.thymeleaf.standard.processor.StandardRemovableAttributeTagProcessor
[THYMELEAF]             * [* {th:border,data-th-border}] [1000]: org.thymeleaf.standard.processor.StandardRemovableAttributeTagProcessor
[THYMELEAF]             * [* {th:spellcheck,data-th-spellcheck}] [1000]: org.thymeleaf.standard.processor.StandardRemovableAttributeTagProcessor
[THYMELEAF]             * [* {th:start,data-th-start}] [1000]: org.thymeleaf.standard.processor.StandardRemovableAttributeTagProcessor
[THYMELEAF]             * [* {th:accept,data-th-accept}] [1000]: org.thymeleaf.standard.processor.StandardRemovableAttributeTagProcessor
[THYMELEAF]             * [* {th:media,data-th-media}] [1000]: org.thymeleaf.standard.processor.StandardRemovableAttributeTagProcessor
[THYMELEAF]             * [* {th:target,data-th-target}] [1000]: org.thymeleaf.standard.processor.StandardRemovableAttributeTagProcessor
[THYMELEAF]             * [* {th:contenteditable,data-th-contenteditable}] [1000]: org.thymeleaf.standard.processor.StandardRemovableAttributeTagProcessor
[THYMELEAF]             * [* {th:list,data-th-list}] [1000]: org.thymeleaf.standard.processor.StandardRemovableAttributeTagProcessor
[THYMELEAF]             * [* {th:id,data-th-id}] [1000]: org.thymeleaf.standard.processor.StandardRemovableAttributeTagProcessor
[THYMELEAF]             * [* {th:standby,data-th-standby}] [1000]: org.thymeleaf.standard.processor.StandardRemovableAttributeTagProcessor
[THYMELEAF]             * [* {th:cols,data-th-cols}] [1000]: org.thymeleaf.standard.processor.StandardRemovableAttributeTagProcessor
[THYMELEAF]             * [* {th:summary,data-th-summary}] [1000]: org.thymeleaf.standard.processor.StandardRemovableAttributeTagProcessor
[THYMELEAF]             * [* {th:draggable,data-th-draggable}] [1000]: org.thymeleaf.standard.processor.StandardRemovableAttributeTagProcessor
[THYMELEAF]             * [* {th:width,data-th-width}] [1000]: org.thymeleaf.standard.processor.StandardRemovableAttributeTagProcessor
[THYMELEAF]             * [* {th:marginheight,data-th-marginheight}] [1000]: org.thymeleaf.standard.processor.StandardRemovableAttributeTagProcessor
[THYMELEAF]             * [* {th:scrolling,data-th-scrolling}] [1000]: org.thymeleaf.standard.processor.StandardRemovableAttributeTagProcessor
[THYMELEAF]             * [* {th:kind,data-th-kind}] [1000]: org.thymeleaf.standard.processor.StandardRemovableAttributeTagProcessor
[THYMELEAF]             * [* {th:frame,data-th-frame}] [1000]: org.thymeleaf.standard.processor.StandardRemovableAttributeTagProcessor
[THYMELEAF]             * [* {th:autocomplete,data-th-autocomplete}] [1000]: org.thymeleaf.standard.processor.StandardRemovableAttributeTagProcessor
[THYMELEAF]             * [* {th:src,data-th-src}] [1000]: org.thymeleaf.standard.processor.StandardSrcTagProcessor
[THYMELEAF]             * [* {th:value,data-th-value}] [1000]: org.thymeleaf.standard.processor.StandardValueTagProcessor
[THYMELEAF]             * [* {th:xmlbase,data-th-xmlbase}] [1000]: org.thymeleaf.standard.processor.StandardXmlBaseTagProcessor
[THYMELEAF]             * [* {th:xmllang,data-th-xmllang}] [1000]: org.thymeleaf.standard.processor.StandardXmlLangTagProcessor
[THYMELEAF]             * [* {xmlns:th}] [1000]: org.thymeleaf.standard.processor.StandardXmlNsTagProcessor
[THYMELEAF]             * [* {th:xmlspace,data-th-xmlspace}] [1000]: org.thymeleaf.standard.processor.StandardXmlSpaceTagProcessor
[THYMELEAF]             * [* {th:classappend,data-th-classappend}] [1100]: org.thymeleaf.standard.processor.StandardClassappendTagProcessor
[THYMELEAF]             * [* {th:styleappend,data-th-styleappend}] [1100]: org.thymeleaf.standard.processor.StandardStyleappendTagProcessor
[THYMELEAF]             * [* {th:text,data-th-text}] [1300]: org.thymeleaf.standard.processor.StandardTextTagProcessor
[THYMELEAF]             * [* {th:utext,data-th-utext}] [1400]: org.thymeleaf.standard.processor.StandardUtextTagProcessor
[THYMELEAF]             * [* {th:fragment,data-th-fragment}] [1500]: org.thymeleaf.standard.processor.StandardFragmentTagProcessor
[THYMELEAF]             * [* {th:assert,data-th-assert}] [1550]: org.thymeleaf.standard.processor.StandardAssertTagProcessor
[THYMELEAF]             * [* {th:remove,data-th-remove}] [1600]: org.thymeleaf.standard.processor.StandardRemoveTagProcessor
[THYMELEAF]             * [* {th:ref,data-th-ref}] [10000]: org.thymeleaf.standard.processor.StandardRefAttributeTagProcessor
[THYMELEAF]             * [{th:block,th-block} *] [100000]: org.thymeleaf.standard.processor.StandardBlockTagProcessor
[THYMELEAF]             * [* th:*] [2147483647]: org.thymeleaf.standard.processor.StandardDefaultAttributesTagProcessor
[THYMELEAF]         * Text Processors by [precedence]:
[THYMELEAF]             * [1000]: org.thymeleaf.standard.processor.StandardInliningTextProcessor
[THYMELEAF]         * DOCTYPE Processors by [precedence]:
[THYMELEAF]             * [1000]: org.thymeleaf.standard.processor.StandardTranslationDocTypeProcessor
[THYMELEAF]         * CDATA Section Processors by [precedence]:
[THYMELEAF]             * [1000]: org.thymeleaf.standard.processor.StandardInliningCDATASectionProcessor
[THYMELEAF]         * Comment Processors by [precedence]:
[THYMELEAF]             * [1000]: org.thymeleaf.standard.processor.StandardInliningCommentProcessor
[THYMELEAF]             * [1100]: org.thymeleaf.standard.processor.StandardConditionalCommentProcessor
[THYMELEAF]     * Processors for Template Mode: XML
[THYMELEAF]         * Element Tag Processors by [matching element and attribute name] [precedence]:
[THYMELEAF]             * [* {th:include}] [100]: org.thymeleaf.standard.processor.StandardIncludeTagProcessor
[THYMELEAF]             * [* {th:insert}] [100]: org.thymeleaf.standard.processor.StandardInsertTagProcessor
[THYMELEAF]             * [* {th:replace}] [100]: org.thymeleaf.standard.processor.StandardReplaceTagProcessor
[THYMELEAF]             * [* {th:substituteby}] [100]: org.thymeleaf.standard.processor.StandardSubstituteByTagProcessor
[THYMELEAF]             * [* {th:each}] [200]: com.intuit.karate.template.KarateEachTagProcessor
[THYMELEAF]             * [* {th:switch}] [250]: org.thymeleaf.standard.processor.StandardSwitchTagProcessor
[THYMELEAF]             * [* {th:case}] [275]: org.thymeleaf.standard.processor.StandardCaseTagProcessor
[THYMELEAF]             * [* {th:if}] [300]: org.thymeleaf.standard.processor.StandardIfTagProcessor
[THYMELEAF]             * [* {th:unless}] [400]: org.thymeleaf.standard.processor.StandardUnlessTagProcessor
[THYMELEAF]             * [* {th:object}] [500]: org.thymeleaf.standard.processor.StandardObjectTagProcessor
[THYMELEAF]             * [* {th:with}] [600]: com.intuit.karate.template.KarateWithTagProcessor
[THYMELEAF]             * [* {th:attr}] [700]: com.intuit.karate.template.KarateAttributeTagProcessor.KarateAttrTagProcessor
[THYMELEAF]             * [* {th:attrappend}] [900]: com.intuit.karate.template.KarateAttributeTagProcessor.KarateAttrappendTagProcessor
[THYMELEAF]             * [* {th:attrprepend}] [900]: com.intuit.karate.template.KarateAttributeTagProcessor.KarateAttrprependTagProcessor
[THYMELEAF]             * [* {th:inline}] [1000]: org.thymeleaf.standard.processor.StandardInlineXMLTagProcessor
[THYMELEAF]             * [* {xmlns:th}] [1000]: org.thymeleaf.standard.processor.StandardXmlNsTagProcessor
[THYMELEAF]             * [* {th:text}] [1300]: org.thymeleaf.standard.processor.StandardTextTagProcessor
[THYMELEAF]             * [* {th:utext}] [1400]: org.thymeleaf.standard.processor.StandardUtextTagProcessor
[THYMELEAF]             * [* {th:fragment}] [1500]: org.thymeleaf.standard.processor.StandardFragmentTagProcessor
[THYMELEAF]             * [* {th:assert}] [1550]: org.thymeleaf.standard.processor.StandardAssertTagProcessor
[THYMELEAF]             * [* {th:remove}] [1600]: org.thymeleaf.standard.processor.StandardRemoveTagProcessor
[THYMELEAF]             * [* {th:ref}] [10000]: org.thymeleaf.standard.processor.StandardRefAttributeTagProcessor
[THYMELEAF]             * [{th:block} *] [100000]: org.thymeleaf.standard.processor.StandardBlockTagProcessor
[THYMELEAF]             * [* th:*] [2147483647]: org.thymeleaf.standard.processor.StandardDefaultAttributesTagProcessor
[THYMELEAF]         * Text Processors by [precedence]:
[THYMELEAF]             * [1000]: org.thymeleaf.standard.processor.StandardInliningTextProcessor
[THYMELEAF]         * CDATA Section Processors by [precedence]:
[THYMELEAF]             * [1000]: org.thymeleaf.standard.processor.StandardInliningCDATASectionProcessor
[THYMELEAF]         * Comment Processors by [precedence]:
[THYMELEAF]             * [1000]: org.thymeleaf.standard.processor.StandardInliningCommentProcessor
[THYMELEAF]     * Processors for Template Mode: TEXT
[THYMELEAF]         * Element Tag Processors by [matching element and attribute name] [precedence]:
[THYMELEAF]             * [* {th:insert}] [100]: org.thymeleaf.standard.processor.StandardInsertTagProcessor
[THYMELEAF]             * [* {th:replace}] [100]: org.thymeleaf.standard.processor.StandardReplaceTagProcessor
[THYMELEAF]             * [* {th:each}] [200]: com.intuit.karate.template.KarateEachTagProcessor
[THYMELEAF]             * [* {th:switch}] [250]: org.thymeleaf.standard.processor.StandardSwitchTagProcessor
[THYMELEAF]             * [* {th:case}] [275]: org.thymeleaf.standard.processor.StandardCaseTagProcessor
[THYMELEAF]             * [* {th:if}] [300]: org.thymeleaf.standard.processor.StandardIfTagProcessor
[THYMELEAF]             * [* {th:unless}] [400]: org.thymeleaf.standard.processor.StandardUnlessTagProcessor
[THYMELEAF]             * [* {th:object}] [500]: org.thymeleaf.standard.processor.StandardObjectTagProcessor
[THYMELEAF]             * [* {th:with}] [600]: com.intuit.karate.template.KarateWithTagProcessor
[THYMELEAF]             * [* {th:inline}] [1000]: org.thymeleaf.standard.processor.StandardInlineTextualTagProcessor
[THYMELEAF]             * [* {th:text}] [1300]: org.thymeleaf.standard.processor.StandardTextTagProcessor
[THYMELEAF]             * [* {th:utext}] [1400]: org.thymeleaf.standard.processor.StandardUtextTagProcessor
[THYMELEAF]             * [* {th:assert}] [1550]: org.thymeleaf.standard.processor.StandardAssertTagProcessor
[THYMELEAF]             * [* {th:remove}] [1600]: org.thymeleaf.standard.processor.StandardRemoveTagProcessor
[THYMELEAF]             * [* 100000] [org.thymeleaf.standard.processor.StandardBlockTagProcessor]: {}
[THYMELEAF]             * [{th:block} *] [100000]: org.thymeleaf.standard.processor.StandardBlockTagProcessor
[THYMELEAF]         * Text Processors by [precedence]:
[THYMELEAF]             * [1000]: org.thymeleaf.standard.processor.StandardInliningTextProcessor
[THYMELEAF]     * Processors for Template Mode: JAVASCRIPT
[THYMELEAF]         * Element Tag Processors by [matching element and attribute name] [precedence]:
[THYMELEAF]             * [* {th:insert}] [100]: org.thymeleaf.standard.processor.StandardInsertTagProcessor
[THYMELEAF]             * [* {th:replace}] [100]: org.thymeleaf.standard.processor.StandardReplaceTagProcessor
[THYMELEAF]             * [* {th:each}] [200]: com.intuit.karate.template.KarateEachTagProcessor
[THYMELEAF]             * [* {th:switch}] [250]: org.thymeleaf.standard.processor.StandardSwitchTagProcessor
[THYMELEAF]             * [* {th:case}] [275]: org.thymeleaf.standard.processor.StandardCaseTagProcessor
[THYMELEAF]             * [* {th:if}] [300]: org.thymeleaf.standard.processor.StandardIfTagProcessor
[THYMELEAF]             * [* {th:unless}] [400]: org.thymeleaf.standard.processor.StandardUnlessTagProcessor
[THYMELEAF]             * [* {th:object}] [500]: org.thymeleaf.standard.processor.StandardObjectTagProcessor
[THYMELEAF]             * [* {th:with}] [600]: com.intuit.karate.template.KarateWithTagProcessor
[THYMELEAF]             * [* {th:inline}] [1000]: org.thymeleaf.standard.processor.StandardInlineTextualTagProcessor
[THYMELEAF]             * [* {th:text}] [1300]: org.thymeleaf.standard.processor.StandardTextTagProcessor
[THYMELEAF]             * [* {th:utext}] [1400]: org.thymeleaf.standard.processor.StandardUtextTagProcessor
[THYMELEAF]             * [* {th:assert}] [1550]: org.thymeleaf.standard.processor.StandardAssertTagProcessor
[THYMELEAF]             * [* {th:remove}] [1600]: org.thymeleaf.standard.processor.StandardRemoveTagProcessor
[THYMELEAF]             * [* 100000] [org.thymeleaf.standard.processor.StandardBlockTagProcessor]: {}
[THYMELEAF]             * [{th:block} *] [100000]: org.thymeleaf.standard.processor.StandardBlockTagProcessor
[THYMELEAF]         * Text Processors by [precedence]:
[THYMELEAF]             * [1000]: org.thymeleaf.standard.processor.StandardInliningTextProcessor
[THYMELEAF]     * Processors for Template Mode: CSS
[THYMELEAF]         * Element Tag Processors by [matching element and attribute name] [precedence]:
[THYMELEAF]             * [* {th:insert}] [100]: org.thymeleaf.standard.processor.StandardInsertTagProcessor
[THYMELEAF]             * [* {th:replace}] [100]: org.thymeleaf.standard.processor.StandardReplaceTagProcessor
[THYMELEAF]             * [* {th:each}] [200]: com.intuit.karate.template.KarateEachTagProcessor
[THYMELEAF]             * [* {th:switch}] [250]: org.thymeleaf.standard.processor.StandardSwitchTagProcessor
[THYMELEAF]             * [* {th:case}] [275]: org.thymeleaf.standard.processor.StandardCaseTagProcessor
[THYMELEAF]             * [* {th:if}] [300]: org.thymeleaf.standard.processor.StandardIfTagProcessor
[THYMELEAF]             * [* {th:unless}] [400]: org.thymeleaf.standard.processor.StandardUnlessTagProcessor
[THYMELEAF]             * [* {th:object}] [500]: org.thymeleaf.standard.processor.StandardObjectTagProcessor
[THYMELEAF]             * [* {th:with}] [600]: com.intuit.karate.template.KarateWithTagProcessor
[THYMELEAF]             * [* {th:inline}] [1000]: org.thymeleaf.standard.processor.StandardInlineTextualTagProcessor
[THYMELEAF]             * [* {th:text}] [1300]: org.thymeleaf.standard.processor.StandardTextTagProcessor
[THYMELEAF]             * [* {th:utext}] [1400]: org.thymeleaf.standard.processor.StandardUtextTagProcessor
[THYMELEAF]             * [* {th:assert}] [1550]: org.thymeleaf.standard.processor.StandardAssertTagProcessor
[THYMELEAF]             * [* {th:remove}] [1600]: org.thymeleaf.standard.processor.StandardRemoveTagProcessor
[THYMELEAF]             * [* 100000] [org.thymeleaf.standard.processor.StandardBlockTagProcessor]: {}
[THYMELEAF]             * [{th:block} *] [100000]: org.thymeleaf.standard.processor.StandardBlockTagProcessor
[THYMELEAF]         * Text Processors by [precedence]:
[THYMELEAF]             * [1000]: org.thymeleaf.standard.processor.StandardInliningTextProcessor
[THYMELEAF]     * Expression Objects:
[THYMELEAF]         * #ctx
[THYMELEAF]         * #root
[THYMELEAF]         * #vars
[THYMELEAF]         * #object
[THYMELEAF]         * #locale
[THYMELEAF]         * #request
[THYMELEAF]         * #response
[THYMELEAF]         * #session
[THYMELEAF]         * #servletContext
[THYMELEAF]         * #conversions
[THYMELEAF]         * #uris
[THYMELEAF]         * #calendars
[THYMELEAF]         * #dates
[THYMELEAF]         * #bools
[THYMELEAF]         * #numbers
[THYMELEAF]         * #objects
[THYMELEAF]         * #strings
[THYMELEAF]         * #arrays
[THYMELEAF]         * #lists
[THYMELEAF]         * #sets
[THYMELEAF]         * #maps
[THYMELEAF]         * #aggregates
[THYMELEAF]         * #messages
[THYMELEAF]         * #ids
[THYMELEAF]         * #execInfo
[THYMELEAF]         * #httpServletRequest
[THYMELEAF]         * #httpSession
[THYMELEAF]     * Execution Attributes:
[THYMELEAF]         * "StandardExpressionParser": com.intuit.karate.template.KarateStandardDialect@1a7288a3
[THYMELEAF]         * "StandardJavaScriptSerializer": org.thymeleaf.standard.serializer.StandardJavaScriptSerializer@60d8c0dc
[THYMELEAF]         * "StandardCSSSerializer": org.thymeleaf.standard.serializer.StandardCSSSerializer@4204541c
[THYMELEAF]         * "StandardVariableExpressionEvaluator": com.intuit.karate.template.KarateStandardDialect@1a7288a3
[THYMELEAF]         * "StandardConversionService": org.thymeleaf.standard.expression.StandardConversionService@6a62689d
[THYMELEAF] * Dialect [2 of 2]: karate (com.intuit.karate.template.KarateScriptDialect)
[THYMELEAF]     * Prefix: "ka"
[THYMELEAF]     * Processors for Template Mode: HTML
[THYMELEAF]         * Element Tag Processors by [matching element and attribute name] [precedence]:
[THYMELEAF]             * [* {src}] [1000]: com.intuit.karate.template.KaScriptAttrProcessor
[THYMELEAF]         * Element Model Processors by [matching element and attribute name] [precedence]:
[THYMELEAF]             * [{script} {ka:scope,data-ka-scope}] [1000]: com.intuit.karate.template.KaScriptElemProcessor
[THYMELEAF]             * [* {ka:set,data-ka-set}] [1000]: com.intuit.karate.template.KaSetElemProcessor
[THYMELEAF] TEMPLATE ENGINE CONFIGURED OK
15:15:18.110 [main] DEBUG org.thymeleaf.TemplateEngine - [THYMELEAF] TEMPLATE ENGINE INITIALIZED
15:15:18.114 [main] DEBUG org.thymeleaf.TemplateEngine - [THYMELEAF] INITIALIZING TEMPLATE ENGINE
15:15:18.121 [main] DEBUG org.thymeleaf.TemplateEngine.CONFIG - Initializing Thymeleaf Template engine configuration...
[THYMELEAF] TEMPLATE ENGINE CONFIGURATION:
[THYMELEAF] * Thymeleaf version: 3.0.14.RELEASE (built 2021-12-08T00:45:29+0000)
[THYMELEAF] * Cache Manager implementation: org.thymeleaf.cache.StandardCacheManager
[THYMELEAF] * Template resolvers:
[THYMELEAF]     * [1] com.intuit.karate.template.ResourceHtmlTemplateResolver
[THYMELEAF] * Message resolvers:
[THYMELEAF]     * org.thymeleaf.messageresolver.StandardMessageResolver
[THYMELEAF] * Link builders:
[THYMELEAF]     * org.thymeleaf.linkbuilder.StandardLinkBuilder
[THYMELEAF] * Dialect [1 of 2]: Standard (com.intuit.karate.template.KarateStandardDialect)
[THYMELEAF]     * Prefix: "th"
[THYMELEAF]     * Processors for Template Mode: HTML
[THYMELEAF]         * Element Tag Processors by [matching element and attribute name] [precedence]:
[THYMELEAF]             * [* {th:include,data-th-include}] [100]: org.thymeleaf.standard.processor.StandardIncludeTagProcessor
[THYMELEAF]             * [* {th:insert,data-th-insert}] [100]: org.thymeleaf.standard.processor.StandardInsertTagProcessor
[THYMELEAF]             * [* {th:replace,data-th-replace}] [100]: org.thymeleaf.standard.processor.StandardReplaceTagProcessor
[THYMELEAF]             * [* {th:substituteby,data-th-substituteby}] [100]: org.thymeleaf.standard.processor.StandardSubstituteByTagProcessor
[THYMELEAF]             * [* {th:each,data-th-each}] [200]: com.intuit.karate.template.KarateEachTagProcessor
[THYMELEAF]             * [* {th:switch,data-th-switch}] [250]: org.thymeleaf.standard.processor.StandardSwitchTagProcessor
[THYMELEAF]             * [* {th:case,data-th-case}] [275]: org.thymeleaf.standard.processor.StandardCaseTagProcessor
[THYMELEAF]             * [* {th:if,data-th-if}] [300]: org.thymeleaf.standard.processor.StandardIfTagProcessor
[THYMELEAF]             * [* {th:unless,data-th-unless}] [400]: org.thymeleaf.standard.processor.StandardUnlessTagProcessor
[THYMELEAF]             * [* {th:object,data-th-object}] [500]: org.thymeleaf.standard.processor.StandardObjectTagProcessor
[THYMELEAF]             * [* {th:with,data-th-with}] [600]: com.intuit.karate.template.KarateWithTagProcessor
[THYMELEAF]             * [* {th:attr,data-th-attr}] [700]: com.intuit.karate.template.KarateAttributeTagProcessor.KarateAttrTagProcessor
[THYMELEAF]             * [* {th:attrappend,data-th-attrappend}] [900]: com.intuit.karate.template.KarateAttributeTagProcessor.KarateAttrappendTagProcessor
[THYMELEAF]             * [* {th:attrprepend,data-th-attrprepend}] [900]: com.intuit.karate.template.KarateAttributeTagProcessor.KarateAttrprependTagProcessor
[THYMELEAF]             * [* {th:alt-title,data-th-alt-title}] [990]: org.thymeleaf.standard.processor.StandardAltTitleTagProcessor
[THYMELEAF]             * [* {th:lang-xmllang,data-th-lang-xmllang}] [990]: org.thymeleaf.standard.processor.StandardLangXmlLangTagProcessor
[THYMELEAF]             * [* {th:action,data-th-action}] [1000]: org.thymeleaf.standard.processor.StandardActionTagProcessor
[THYMELEAF]             * [* {th:default,data-th-default}] [1000]: org.thymeleaf.standard.processor.StandardConditionalFixedValueTagProcessor
[THYMELEAF]             * [* {th:declare,data-th-declare}] [1000]: org.thymeleaf.standard.processor.StandardConditionalFixedValueTagProcessor
[THYMELEAF]             * [* {th:hidden,data-th-hidden}] [1000]: org.thymeleaf.standard.processor.StandardConditionalFixedValueTagProcessor
[THYMELEAF]             * [* {th:checked,data-th-checked}] [1000]: org.thymeleaf.standard.processor.StandardConditionalFixedValueTagProcessor
[THYMELEAF]             * [* {th:controls,data-th-controls}] [1000]: org.thymeleaf.standard.processor.StandardConditionalFixedValueTagProcessor
[THYMELEAF]             * [* {th:selected,data-th-selected}] [1000]: org.thymeleaf.standard.processor.StandardConditionalFixedValueTagProcessor
[THYMELEAF]             * [* {th:disabled,data-th-disabled}] [1000]: org.thymeleaf.standard.processor.StandardConditionalFixedValueTagProcessor
[THYMELEAF]             * [* {th:autoplay,data-th-autoplay}] [1000]: org.thymeleaf.standard.processor.StandardConditionalFixedValueTagProcessor
[THYMELEAF]             * [* {th:formnovalidate,data-th-formnovalidate}] [1000]: org.thymeleaf.standard.processor.StandardConditionalFixedValueTagProcessor
[THYMELEAF]             * [* {th:open,data-th-open}] [1000]: org.thymeleaf.standard.processor.StandardConditionalFixedValueTagProcessor
[THYMELEAF]             * [* {th:readonly,data-th-readonly}] [1000]: org.thymeleaf.standard.processor.StandardConditionalFixedValueTagProcessor
[THYMELEAF]             * [* {th:novalidate,data-th-novalidate}] [1000]: org.thymeleaf.standard.processor.StandardConditionalFixedValueTagProcessor
[THYMELEAF]             * [* {th:nowrap,data-th-nowrap}] [1000]: org.thymeleaf.standard.processor.StandardConditionalFixedValueTagProcessor
[THYMELEAF]             * [* {th:required,data-th-required}] [1000]: org.thymeleaf.standard.processor.StandardConditionalFixedValueTagProcessor
[THYMELEAF]             * [* {th:multiple,data-th-multiple}] [1000]: org.thymeleaf.standard.processor.StandardConditionalFixedValueTagProcessor
[THYMELEAF]             * [* {th:reversed,data-th-reversed}] [1000]: org.thymeleaf.standard.processor.StandardConditionalFixedValueTagProcessor
[THYMELEAF]             * [* {th:seamless,data-th-seamless}] [1000]: org.thymeleaf.standard.processor.StandardConditionalFixedValueTagProcessor
[THYMELEAF]             * [* {th:async,data-th-async}] [1000]: org.thymeleaf.standard.processor.StandardConditionalFixedValueTagProcessor
[THYMELEAF]             * [* {th:loop,data-th-loop}] [1000]: org.thymeleaf.standard.processor.StandardConditionalFixedValueTagProcessor
[THYMELEAF]             * [* {th:autofocus,data-th-autofocus}] [1000]: org.thymeleaf.standard.processor.StandardConditionalFixedValueTagProcessor
[THYMELEAF]             * [* {th:ismap,data-th-ismap}] [1000]: org.thymeleaf.standard.processor.StandardConditionalFixedValueTagProcessor
[THYMELEAF]             * [* {th:pubdate,data-th-pubdate}] [1000]: org.thymeleaf.standard.processor.StandardConditionalFixedValueTagProcessor
[THYMELEAF]             * [* {th:defer,data-th-defer}] [1000]: org.thymeleaf.standard.processor.StandardConditionalFixedValueTagProcessor
[THYMELEAF]             * [* {th:scoped,data-th-scoped}] [1000]: org.thymeleaf.standard.processor.StandardConditionalFixedValueTagProcessor
[THYMELEAF]             * [* {th:onreset,data-th-onreset}] [1000]: org.thymeleaf.standard.processor.StandardDOMEventAttributeTagProcessor
[THYMELEAF]             * [* {th:onended,data-th-onended}] [1000]: org.thymeleaf.standard.processor.StandardDOMEventAttributeTagProcessor
[THYMELEAF]             * [* {th:oninvalid,data-th-oninvalid}] [1000]: org.thymeleaf.standard.processor.StandardDOMEventAttributeTagProcessor
[THYMELEAF]             * [* {th:onscroll,data-th-onscroll}] [1000]: org.thymeleaf.standard.processor.StandardDOMEventAttributeTagProcessor
[THYMELEAF]             * [* {th:onseeked,data-th-onseeked}] [1000]: org.thymeleaf.standard.processor.StandardDOMEventAttributeTagProcessor
[THYMELEAF]             * [* {th:onpause,data-th-onpause}] [1000]: org.thymeleaf.standard.processor.StandardDOMEventAttributeTagProcessor
[THYMELEAF]             * [* {th:onmouseover,data-th-onmouseover}] [1000]: org.thymeleaf.standard.processor.StandardDOMEventAttributeTagProcessor
[THYMELEAF]             * [* {th:ondragenter,data-th-ondragenter}] [1000]: org.thymeleaf.standard.processor.StandardDOMEventAttributeTagProcessor
[THYMELEAF]             * [* {th:onkeyup,data-th-onkeyup}] [1000]: org.thymeleaf.standard.processor.StandardDOMEventAttributeTagProcessor
[THYMELEAF]             * [* {th:onstalled,data-th-onstalled}] [1000]: org.thymeleaf.standard.processor.StandardDOMEventAttributeTagProcessor
[THYMELEAF]             * [* {th:onmessage,data-th-onmessage}] [1000]: org.thymeleaf.standard.processor.StandardDOMEventAttributeTagProcessor
[THYMELEAF]             * [* {th:onloadedmetadata,data-th-onloadedmetadata}] [1000]: org.thymeleaf.standard.processor.StandardDOMEventAttributeTagProcessor
[THYMELEAF]             * [* {th:onseeking,data-th-onseeking}] [1000]: org.thymeleaf.standard.processor.StandardDOMEventAttributeTagProcessor
[THYMELEAF]             * [* {th:onfocus,data-th-onfocus}] [1000]: org.thymeleaf.standard.processor.StandardDOMEventAttributeTagProcessor
[THYMELEAF]             * [* {th:ondblclick,data-th-ondblclick}] [1000]: org.thymeleaf.standard.processor.StandardDOMEventAttributeTagProcessor
[THYMELEAF]             * [* {th:onafterprint,data-th-onafterprint}] [1000]: org.thymeleaf.standard.processor.StandardDOMEventAttributeTagProcessor
[THYMELEAF]             * [* {th:onoffline,data-th-onoffline}] [1000]: org.thymeleaf.standard.processor.StandardDOMEventAttributeTagProcessor
[THYMELEAF]             * [* {th:onmousemove,data-th-onmousemove}] [1000]: org.thymeleaf.standard.processor.StandardDOMEventAttributeTagProcessor
[THYMELEAF]             * [* {th:onbeforeunload,data-th-onbeforeunload}] [1000]: org.thymeleaf.standard.processor.StandardDOMEventAttributeTagProcessor
[THYMELEAF]             * [* {th:onloadstart,data-th-onloadstart}] [1000]: org.thymeleaf.standard.processor.StandardDOMEventAttributeTagProcessor
[THYMELEAF]             * [* {th:ondrag,data-th-ondrag}] [1000]: org.thymeleaf.standard.processor.StandardDOMEventAttributeTagProcessor
[THYMELEAF]             * [* {th:ondragover,data-th-ondragover}] [1000]: org.thymeleaf.standard.processor.StandardDOMEventAttributeTagProcessor
[THYMELEAF]             * [* {th:onselect,data-th-onselect}] [1000]: org.thymeleaf.standard.processor.StandardDOMEventAttributeTagProcessor
[THYMELEAF]             * [* {th:onformchange,data-th-onformchange}] [1000]: org.thymeleaf.standard.processor.StandardDOMEventAttributeTagProcessor
[THYMELEAF]             * [* {th:onratechange,data-th-onratechange}] [1000]: org.thymeleaf.standard.processor.StandardDOMEventAttributeTagProcessor
[THYMELEAF]             * [* {th:onerror,data-th-onerror}] [1000]: org.thymeleaf.standard.processor.StandardDOMEventAttributeTagProcessor
[THYMELEAF]             * [* {th:onshow,data-th-onshow}] [1000]: org.thymeleaf.standard.processor.StandardDOMEventAttributeTagProcessor
[THYMELEAF]             * [* {th:onredo,data-th-onredo}] [1000]: org.thymeleaf.standard.processor.StandardDOMEventAttributeTagProcessor
[THYMELEAF]             * [* {th:ondragleave,data-th-ondragleave}] [1000]: org.thymeleaf.standard.processor.StandardDOMEventAttributeTagProcessor
[THYMELEAF]             * [* {th:onmousewheel,data-th-onmousewheel}] [1000]: org.thymeleaf.standard.processor.StandardDOMEventAttributeTagProcessor
[THYMELEAF]             * [* {th:ondurationchange,data-th-ondurationchange}] [1000]: org.thymeleaf.standard.processor.StandardDOMEventAttributeTagProcessor
[THYMELEAF]             * [* {th:onunload,data-th-onunload}] [1000]: org.thymeleaf.standard.processor.StandardDOMEventAttributeTagProcessor
[THYMELEAF]             * [* {th:oncanplaythrough,data-th-oncanplaythrough}] [1000]: org.thymeleaf.standard.processor.StandardDOMEventAttributeTagProcessor
[THYMELEAF]             * [* {th:ondragend,data-th-ondragend}] [1000]: org.thymeleaf.standard.processor.StandardDOMEventAttributeTagProcessor
[THYMELEAF]             * [* {th:ondrop,data-th-ondrop}] [1000]: org.thymeleaf.standard.processor.StandardDOMEventAttributeTagProcessor
[THYMELEAF]             * [* {th:oncanplay,data-th-oncanplay}] [1000]: org.thymeleaf.standard.processor.StandardDOMEventAttributeTagProcessor
[THYMELEAF]             * [* {th:onload,data-th-onload}] [1000]: org.thymeleaf.standard.processor.StandardDOMEventAttributeTagProcessor
[THYMELEAF]             * [* {th:onreadystatechange,data-th-onreadystatechange}] [1000]: org.thymeleaf.standard.processor.StandardDOMEventAttributeTagProcessor
[THYMELEAF]             * [* {th:onkeydown,data-th-onkeydown}] [1000]: org.thymeleaf.standard.processor.StandardDOMEventAttributeTagProcessor
[THYMELEAF]             * [* {th:onmousedown,data-th-onmousedown}] [1000]: org.thymeleaf.standard.processor.StandardDOMEventAttributeTagProcessor
[THYMELEAF]             * [* {th:onabort,data-th-onabort}] [1000]: org.thymeleaf.standard.processor.StandardDOMEventAttributeTagProcessor
[THYMELEAF]             * [* {th:oncontextmenu,data-th-oncontextmenu}] [1000]: org.thymeleaf.standard.processor.StandardDOMEventAttributeTagProcessor
[THYMELEAF]             * [* {th:onsubmit,data-th-onsubmit}] [1000]: org.thymeleaf.standard.processor.StandardDOMEventAttributeTagProcessor
[THYMELEAF]             * [* {th:ondragstart,data-th-ondragstart}] [1000]: org.thymeleaf.standard.processor.StandardDOMEventAttributeTagProcessor
[THYMELEAF]             * [* {th:onforminput,data-th-onforminput}] [1000]: org.thymeleaf.standard.processor.StandardDOMEventAttributeTagProcessor
[THYMELEAF]             * [* {th:onmouseup,data-th-onmouseup}] [1000]: org.thymeleaf.standard.processor.StandardDOMEventAttributeTagProcessor
[THYMELEAF]             * [* {th:onsuspend,data-th-onsuspend}] [1000]: org.thymeleaf.standard.processor.StandardDOMEventAttributeTagProcessor
[THYMELEAF]             * [* {th:onchange,data-th-onchange}] [1000]: org.thymeleaf.standard.processor.StandardDOMEventAttributeTagProcessor
[THYMELEAF]             * [* {th:onwaiting,data-th-onwaiting}] [1000]: org.thymeleaf.standard.processor.StandardDOMEventAttributeTagProcessor
[THYMELEAF]             * [* {th:onloadeddata,data-th-onloadeddata}] [1000]: org.thymeleaf.standard.processor.StandardDOMEventAttributeTagProcessor
[THYMELEAF]             * [* {th:onvolumechange,data-th-onvolumechange}] [1000]: org.thymeleaf.standard.processor.StandardDOMEventAttributeTagProcessor
[THYMELEAF]             * [* {th:onemptied,data-th-onemptied}] [1000]: org.thymeleaf.standard.processor.StandardDOMEventAttributeTagProcessor
[THYMELEAF]             * [* {th:onhashchange,data-th-onhashchange}] [1000]: org.thymeleaf.standard.processor.StandardDOMEventAttributeTagProcessor
[THYMELEAF]             * [* {th:onmouseout,data-th-onmouseout}] [1000]: org.thymeleaf.standard.processor.StandardDOMEventAttributeTagProcessor
[THYMELEAF]             * [* {th:onplay,data-th-onplay}] [1000]: org.thymeleaf.standard.processor.StandardDOMEventAttributeTagProcessor
[THYMELEAF]             * [* {th:onprogress,data-th-onprogress}] [1000]: org.thymeleaf.standard.processor.StandardDOMEventAttributeTagProcessor
[THYMELEAF]             * [* {th:onplaying,data-th-onplaying}] [1000]: org.thymeleaf.standard.processor.StandardDOMEventAttributeTagProcessor
[THYMELEAF]             * [* {th:onblur,data-th-onblur}] [1000]: org.thymeleaf.standard.processor.StandardDOMEventAttributeTagProcessor
[THYMELEAF]             * [* {th:ontimeupdate,data-th-ontimeupdate}] [1000]: org.thymeleaf.standard.processor.StandardDOMEventAttributeTagProcessor
[THYMELEAF]             * [* {th:onkeypress,data-th-onkeypress}] [1000]: org.thymeleaf.standard.processor.StandardDOMEventAttributeTagProcessor
[THYMELEAF]             * [* {th:onundo,data-th-onundo}] [1000]: org.thymeleaf.standard.processor.StandardDOMEventAttributeTagProcessor
[THYMELEAF]             * [* {th:onpopstate,data-th-onpopstate}] [1000]: org.thymeleaf.standard.processor.StandardDOMEventAttributeTagProcessor
[THYMELEAF]             * [* {th:onstorage,data-th-onstorage}] [1000]: org.thymeleaf.standard.processor.StandardDOMEventAttributeTagProcessor
[THYMELEAF]             * [* {th:ononline,data-th-ononline}] [1000]: org.thymeleaf.standard.processor.StandardDOMEventAttributeTagProcessor
[THYMELEAF]             * [* {th:onclick,data-th-onclick}] [1000]: org.thymeleaf.standard.processor.StandardDOMEventAttributeTagProcessor
[THYMELEAF]             * [* {th:onresize,data-th-onresize}] [1000]: org.thymeleaf.standard.processor.StandardDOMEventAttributeTagProcessor
[THYMELEAF]             * [* {th:onbeforeprint,data-th-onbeforeprint}] [1000]: org.thymeleaf.standard.processor.StandardDOMEventAttributeTagProcessor
[THYMELEAF]             * [* {th:oninput,data-th-oninput}] [1000]: org.thymeleaf.standard.processor.StandardDOMEventAttributeTagProcessor
[THYMELEAF]             * [* {th:href,data-th-href}] [1000]: org.thymeleaf.standard.processor.StandardHrefTagProcessor
[THYMELEAF]             * [* {th:inline,data-th-inline}] [1000]: org.thymeleaf.standard.processor.StandardInlineHTMLTagProcessor
[THYMELEAF]             * [* {th:method,data-th-method}] [1000]: org.thymeleaf.standard.processor.StandardMethodTagProcessor
[THYMELEAF]             * [* {th:type,data-th-type}] [1000]: org.thymeleaf.standard.processor.StandardNonRemovableAttributeTagProcessor
[THYMELEAF]             * [* {th:name,data-th-name}] [1000]: org.thymeleaf.standard.processor.StandardNonRemovableAttributeTagProcessor
[THYMELEAF]             * [* {th:cite,data-th-cite}] [1000]: org.thymeleaf.standard.processor.StandardRemovableAttributeTagProcessor
[THYMELEAF]             * [* {th:spellcheck,data-th-spellcheck}] [1000]: org.thymeleaf.standard.processor.StandardRemovableAttributeTagProcessor
[THYMELEAF]             * [* {th:archive,data-th-archive}] [1000]: org.thymeleaf.standard.processor.StandardRemovableAttributeTagProcessor
[THYMELEAF]             * [* {th:rules,data-th-rules}] [1000]: org.thymeleaf.standard.processor.StandardRemovableAttributeTagProcessor
[THYMELEAF]             * [* {th:longdesc,data-th-longdesc}] [1000]: org.thymeleaf.standard.processor.StandardRemovableAttributeTagProcessor
[THYMELEAF]             * [* {th:alt,data-th-alt}] [1000]: org.thymeleaf.standard.processor.StandardRemovableAttributeTagProcessor
[THYMELEAF]             * [* {th:marginwidth,data-th-marginwidth}] [1000]: org.thymeleaf.standard.processor.StandardRemovableAttributeTagProcessor
[THYMELEAF]             * [* {th:width,data-th-width}] [1000]: org.thymeleaf.standard.processor.StandardRemovableAttributeTagProcessor
[THYMELEAF]             * [* {th:charset,data-th-charset}] [1000]: org.thymeleaf.standard.processor.StandardRemovableAttributeTagProcessor
[THYMELEAF]             * [* {th:cellspacing,data-th-cellspacing}] [1000]: org.thymeleaf.standard.processor.StandardRemovableAttributeTagProcessor
[THYMELEAF]             * [* {th:scheme,data-th-scheme}] [1000]: org.thymeleaf.standard.processor.StandardRemovableAttributeTagProcessor
[THYMELEAF]             * [* {th:size,data-th-size}] [1000]: org.thymeleaf.standard.processor.StandardRemovableAttributeTagProcessor
[THYMELEAF]             * [* {th:cellpadding,data-th-cellpadding}] [1000]: org.thymeleaf.standard.processor.StandardRemovableAttributeTagProcessor
[THYMELEAF]             * [* {th:contextmenu,data-th-contextmenu}] [1000]: org.thymeleaf.standard.processor.StandardRemovableAttributeTagProcessor
[THYMELEAF]             * [* {th:wrap,data-th-wrap}] [1000]: org.thymeleaf.standard.processor.StandardRemovableAttributeTagProcessor
[THYMELEAF]             * [* {th:optimum,data-th-optimum}] [1000]: org.thymeleaf.standard.processor.StandardRemovableAttributeTagProcessor
[THYMELEAF]             * [* {th:accesskey,data-th-accesskey}] [1000]: org.thymeleaf.standard.processor.StandardRemovableAttributeTagProcessor
[THYMELEAF]             * [* {th:align,data-th-align}] [1000]: org.thymeleaf.standard.processor.StandardRemovableAttributeTagProcessor
[THYMELEAF]             * [* {th:formmethod,data-th-formmethod}] [1000]: org.thymeleaf.standard.processor.StandardRemovableAttributeTagProcessor
[THYMELEAF]             * [* {th:title,data-th-title}] [1000]: org.thymeleaf.standard.processor.StandardRemovableAttributeTagProcessor
[THYMELEAF]             * [* {th:valuetype,data-th-valuetype}] [1000]: org.thymeleaf.standard.processor.StandardRemovableAttributeTagProcessor
[THYMELEAF]             * [* {th:frame,data-th-frame}] [1000]: org.thymeleaf.standard.processor.StandardRemovableAttributeTagProcessor
[THYMELEAF]             * [* {th:id,data-th-id}] [1000]: org.thymeleaf.standard.processor.StandardRemovableAttributeTagProcessor
[THYMELEAF]             * [* {th:hspace,data-th-hspace}] [1000]: org.thymeleaf.standard.processor.StandardRemovableAttributeTagProcessor
[THYMELEAF]             * [* {th:high,data-th-high}] [1000]: org.thymeleaf.standard.processor.StandardRemovableAttributeTagProcessor
[THYMELEAF]             * [* {th:class,data-th-class}] [1000]: org.thymeleaf.standard.processor.StandardRemovableAttributeTagProcessor
[THYMELEAF]             * [* {th:contenteditable,data-th-contenteditable}] [1000]: org.thymeleaf.standard.processor.StandardRemovableAttributeTagProcessor
[THYMELEAF]             * [* {th:lang,data-th-lang}] [1000]: org.thymeleaf.standard.processor.StandardRemovableAttributeTagProcessor
[THYMELEAF]             * [* {th:codebase,data-th-codebase}] [1000]: org.thymeleaf.standard.processor.StandardRemovableAttributeTagProcessor
[THYMELEAF]             * [* {th:min,data-th-min}] [1000]: org.thymeleaf.standard.processor.StandardRemovableAttributeTagProcessor
[THYMELEAF]             * [* {th:scrolling,data-th-scrolling}] [1000]: org.thymeleaf.standard.processor.StandardRemovableAttributeTagProcessor
[THYMELEAF]             * [* {th:start,data-th-start}] [1000]: org.thymeleaf.standard.processor.StandardRemovableAttributeTagProcessor
[THYMELEAF]             * [* {th:rows,data-th-rows}] [1000]: org.thymeleaf.standard.processor.StandardRemovableAttributeTagProcessor
[THYMELEAF]             * [* {th:for,data-th-for}] [1000]: org.thymeleaf.standard.processor.StandardRemovableAttributeTagProcessor
[THYMELEAF]             * [* {th:bgcolor,data-th-bgcolor}] [1000]: org.thymeleaf.standard.processor.StandardRemovableAttributeTagProcessor
[THYMELEAF]             * [* {th:http-equiv,data-th-http-equiv}] [1000]: org.thymeleaf.standard.processor.StandardRemovableAttributeTagProcessor
[THYMELEAF]             * [* {th:datetime,data-th-datetime}] [1000]: org.thymeleaf.standard.processor.StandardRemovableAttributeTagProcessor
[THYMELEAF]             * [* {th:span,data-th-span}] [1000]: org.thymeleaf.standard.processor.StandardRemovableAttributeTagProcessor
[THYMELEAF]             * [* {th:axis,data-th-axis}] [1000]: org.thymeleaf.standard.processor.StandardRemovableAttributeTagProcessor
[THYMELEAF]             * [* {th:marginheight,data-th-marginheight}] [1000]: org.thymeleaf.standard.processor.StandardRemovableAttributeTagProcessor
[THYMELEAF]             * [* {th:sandbox,data-th-sandbox}] [1000]: org.thymeleaf.standard.processor.StandardRemovableAttributeTagProcessor
[THYMELEAF]             * [* {th:media,data-th-media}] [1000]: org.thymeleaf.standard.processor.StandardRemovableAttributeTagProcessor
[THYMELEAF]             * [* {th:challenge,data-th-challenge}] [1000]: org.thymeleaf.standard.processor.StandardRemovableAttributeTagProcessor
[THYMELEAF]             * [* {th:rev,data-th-rev}] [1000]: org.thymeleaf.standard.processor.StandardRemovableAttributeTagProcessor
[THYMELEAF]             * [* {th:radiogroup,data-th-radiogroup}] [1000]: org.thymeleaf.standard.processor.StandardRemovableAttributeTagProcessor
[THYMELEAF]             * [* {th:autocomplete,data-th-autocomplete}] [1000]: org.thymeleaf.standard.processor.StandardRemovableAttributeTagProcessor
[THYMELEAF]             * [* {th:preload,data-th-preload}] [1000]: org.thymeleaf.standard.processor.StandardRemovableAttributeTagProcessor
[THYMELEAF]             * [* {th:formaction,data-th-formaction}] [1000]: org.thymeleaf.standard.processor.StandardRemovableAttributeTagProcessor
[THYMELEAF]             * [* {th:codetype,data-th-codetype}] [1000]: org.thymeleaf.standard.processor.StandardRemovableAttributeTagProcessor
[THYMELEAF]             * [* {th:frameborder,data-th-frameborder}] [1000]: org.thymeleaf.standard.processor.StandardRemovableAttributeTagProcessor
[THYMELEAF]             * [* {th:hreflang,data-th-hreflang}] [1000]: org.thymeleaf.standard.processor.StandardRemovableAttributeTagProcessor
[THYMELEAF]             * [* {th:step,data-th-step}] [1000]: org.thymeleaf.standard.processor.StandardRemovableAttributeTagProcessor
[THYMELEAF]             * [* {th:classid,data-th-classid}] [1000]: org.thymeleaf.standard.processor.StandardRemovableAttributeTagProcessor
[THYMELEAF]             * [* {th:style,data-th-style}] [1000]: org.thymeleaf.standard.processor.StandardRemovableAttributeTagProcessor
[THYMELEAF]             * [* {th:border,data-th-border}] [1000]: org.thymeleaf.standard.processor.StandardRemovableAttributeTagProcessor
[THYMELEAF]             * [* {th:content,data-th-content}] [1000]: org.thymeleaf.standard.processor.StandardRemovableAttributeTagProcessor
[THYMELEAF]             * [* {th:height,data-th-height}] [1000]: org.thymeleaf.standard.processor.StandardRemovableAttributeTagProcessor
[THYMELEAF]             * [* {th:accept,data-th-accept}] [1000]: org.thymeleaf.standard.processor.StandardRemovableAttributeTagProcessor
[THYMELEAF]             * [* {th:rel,data-th-rel}] [1000]: org.thymeleaf.standard.processor.StandardRemovableAttributeTagProcessor
[THYMELEAF]             * [* {th:abbr,data-th-abbr}] [1000]: org.thymeleaf.standard.processor.StandardRemovableAttributeTagProcessor
[THYMELEAF]             * [* {th:max,data-th-max}] [1000]: org.thymeleaf.standard.processor.StandardRemovableAttributeTagProcessor
[THYMELEAF]             * [* {th:summary,data-th-summary}] [1000]: org.thymeleaf.standard.processor.StandardRemovableAttributeTagProcessor
[THYMELEAF]             * [* {th:data,data-th-data}] [1000]: org.thymeleaf.standard.processor.StandardRemovableAttributeTagProcessor
[THYMELEAF]             * [* {th:cols,data-th-cols}] [1000]: org.thymeleaf.standard.processor.StandardRemovableAttributeTagProcessor
[THYMELEAF]             * [* {th:vspace,data-th-vspace}] [1000]: org.thymeleaf.standard.processor.StandardRemovableAttributeTagProcessor
[THYMELEAF]             * [* {th:label,data-th-label}] [1000]: org.thymeleaf.standard.processor.StandardRemovableAttributeTagProcessor
[THYMELEAF]             * [* {th:dropzone,data-th-dropzone}] [1000]: org.thymeleaf.standard.processor.StandardRemovableAttributeTagProcessor
[THYMELEAF]             * [* {th:srclang,data-th-srclang}] [1000]: org.thymeleaf.standard.processor.StandardRemovableAttributeTagProcessor
[THYMELEAF]             * [* {th:target,data-th-target}] [1000]: org.thymeleaf.standard.processor.StandardRemovableAttributeTagProcessor
[THYMELEAF]             * [* {th:placeholder,data-th-placeholder}] [1000]: org.thymeleaf.standard.processor.StandardRemovableAttributeTagProcessor
[THYMELEAF]             * [* {th:formtarget,data-th-formtarget}] [1000]: org.thymeleaf.standard.processor.StandardRemovableAttributeTagProcessor
[THYMELEAF]             * [* {th:poster,data-th-poster}] [1000]: org.thymeleaf.standard.processor.StandardRemovableAttributeTagProcessor
[THYMELEAF]             * [* {th:formenctype,data-th-formenctype}] [1000]: org.thymeleaf.standard.processor.StandardRemovableAttributeTagProcessor
[THYMELEAF]             * [* {th:headers,data-th-headers}] [1000]: org.thymeleaf.standard.processor.StandardRemovableAttributeTagProcessor
[THYMELEAF]             * [* {th:background,data-th-background}] [1000]: org.thymeleaf.standard.processor.StandardRemovableAttributeTagProcessor
[THYMELEAF]             * [* {th:colspan,data-th-colspan}] [1000]: org.thymeleaf.standard.processor.StandardRemovableAttributeTagProcessor
[THYMELEAF]             * [* {th:manifest,data-th-manifest}] [1000]: org.thymeleaf.standard.processor.StandardRemovableAttributeTagProcessor
[THYMELEAF]             * [* {th:low,data-th-low}] [1000]: org.thymeleaf.standard.processor.StandardRemovableAttributeTagProcessor
[THYMELEAF]             * [* {th:enctype,data-th-enctype}] [1000]: org.thymeleaf.standard.processor.StandardRemovableAttributeTagProcessor
[THYMELEAF]             * [* {th:usemap,data-th-usemap}] [1000]: org.thymeleaf.standard.processor.StandardRemovableAttributeTagProcessor
[THYMELEAF]             * [* {th:form,data-th-form}] [1000]: org.thymeleaf.standard.processor.StandardRemovableAttributeTagProcessor
[THYMELEAF]             * [* {th:kind,data-th-kind}] [1000]: org.thymeleaf.standard.processor.StandardRemovableAttributeTagProcessor
[THYMELEAF]             * [* {th:pattern,data-th-pattern}] [1000]: org.thymeleaf.standard.processor.StandardRemovableAttributeTagProcessor
[THYMELEAF]             * [* {th:compact,data-th-compact}] [1000]: org.thymeleaf.standard.processor.StandardRemovableAttributeTagProcessor
[THYMELEAF]             * [* {th:icon,data-th-icon}] [1000]: org.thymeleaf.standard.processor.StandardRemovableAttributeTagProcessor
[THYMELEAF]             * [* {th:scope,data-th-scope}] [1000]: org.thymeleaf.standard.processor.StandardRemovableAttributeTagProcessor
[THYMELEAF]             * [* {th:draggable,data-th-draggable}] [1000]: org.thymeleaf.standard.processor.StandardRemovableAttributeTagProcessor
[THYMELEAF]             * [* {th:accept-charset,data-th-accept-charset}] [1000]: org.thymeleaf.standard.processor.StandardRemovableAttributeTagProcessor
[THYMELEAF]             * [* {th:maxlength,data-th-maxlength}] [1000]: org.thymeleaf.standard.processor.StandardRemovableAttributeTagProcessor
[THYMELEAF]             * [* {th:audio,data-th-audio}] [1000]: org.thymeleaf.standard.processor.StandardRemovableAttributeTagProcessor
[THYMELEAF]             * [* {th:list,data-th-list}] [1000]: org.thymeleaf.standard.processor.StandardRemovableAttributeTagProcessor
[THYMELEAF]             * [* {th:rowspan,data-th-rowspan}] [1000]: org.thymeleaf.standard.processor.StandardRemovableAttributeTagProcessor
[THYMELEAF]             * [* {th:tabindex,data-th-tabindex}] [1000]: org.thymeleaf.standard.processor.StandardRemovableAttributeTagProcessor
[THYMELEAF]             * [* {th:keytype,data-th-keytype}] [1000]: org.thymeleaf.standard.processor.StandardRemovableAttributeTagProcessor
[THYMELEAF]             * [* {th:dir,data-th-dir}] [1000]: org.thymeleaf.standard.processor.StandardRemovableAttributeTagProcessor
[THYMELEAF]             * [* {th:standby,data-th-standby}] [1000]: org.thymeleaf.standard.processor.StandardRemovableAttributeTagProcessor
[THYMELEAF]             * [* {th:sizes,data-th-sizes}] [1000]: org.thymeleaf.standard.processor.StandardRemovableAttributeTagProcessor
[THYMELEAF]             * [* {th:src,data-th-src}] [1000]: org.thymeleaf.standard.processor.StandardSrcTagProcessor
[THYMELEAF]             * [* {th:value,data-th-value}] [1000]: org.thymeleaf.standard.processor.StandardValueTagProcessor
[THYMELEAF]             * [* {th:xmlbase,data-th-xmlbase}] [1000]: org.thymeleaf.standard.processor.StandardXmlBaseTagProcessor
[THYMELEAF]             * [* {th:xmllang,data-th-xmllang}] [1000]: org.thymeleaf.standard.processor.StandardXmlLangTagProcessor
[THYMELEAF]             * [* {xmlns:th}] [1000]: org.thymeleaf.standard.processor.StandardXmlNsTagProcessor
[THYMELEAF]             * [* {th:xmlspace,data-th-xmlspace}] [1000]: org.thymeleaf.standard.processor.StandardXmlSpaceTagProcessor
[THYMELEAF]             * [* {th:classappend,data-th-classappend}] [1100]: org.thymeleaf.standard.processor.StandardClassappendTagProcessor
[THYMELEAF]             * [* {th:styleappend,data-th-styleappend}] [1100]: org.thymeleaf.standard.processor.StandardStyleappendTagProcessor
[THYMELEAF]             * [* {th:text,data-th-text}] [1300]: org.thymeleaf.standard.processor.StandardTextTagProcessor
[THYMELEAF]             * [* {th:utext,data-th-utext}] [1400]: org.thymeleaf.standard.processor.StandardUtextTagProcessor
[THYMELEAF]             * [* {th:fragment,data-th-fragment}] [1500]: org.thymeleaf.standard.processor.StandardFragmentTagProcessor
[THYMELEAF]             * [* {th:assert,data-th-assert}] [1550]: org.thymeleaf.standard.processor.StandardAssertTagProcessor
[THYMELEAF]             * [* {th:remove,data-th-remove}] [1600]: org.thymeleaf.standard.processor.StandardRemoveTagProcessor
[THYMELEAF]             * [* {th:ref,data-th-ref}] [10000]: org.thymeleaf.standard.processor.StandardRefAttributeTagProcessor
[THYMELEAF]             * [{th:block,th-block} *] [100000]: org.thymeleaf.standard.processor.StandardBlockTagProcessor
[THYMELEAF]             * [* th:*] [2147483647]: org.thymeleaf.standard.processor.StandardDefaultAttributesTagProcessor
[THYMELEAF]         * Text Processors by [precedence]:
[THYMELEAF]             * [1000]: org.thymeleaf.standard.processor.StandardInliningTextProcessor
[THYMELEAF]         * DOCTYPE Processors by [precedence]:
[THYMELEAF]             * [1000]: org.thymeleaf.standard.processor.StandardTranslationDocTypeProcessor
[THYMELEAF]         * CDATA Section Processors by [precedence]:
[THYMELEAF]             * [1000]: org.thymeleaf.standard.processor.StandardInliningCDATASectionProcessor
[THYMELEAF]         * Comment Processors by [precedence]:
[THYMELEAF]             * [1000]: org.thymeleaf.standard.processor.StandardInliningCommentProcessor
[THYMELEAF]             * [1100]: org.thymeleaf.standard.processor.StandardConditionalCommentProcessor
[THYMELEAF]     * Processors for Template Mode: XML
[THYMELEAF]         * Element Tag Processors by [matching element and attribute name] [precedence]:
[THYMELEAF]             * [* {th:include}] [100]: org.thymeleaf.standard.processor.StandardIncludeTagProcessor
[THYMELEAF]             * [* {th:insert}] [100]: org.thymeleaf.standard.processor.StandardInsertTagProcessor
[THYMELEAF]             * [* {th:replace}] [100]: org.thymeleaf.standard.processor.StandardReplaceTagProcessor
[THYMELEAF]             * [* {th:substituteby}] [100]: org.thymeleaf.standard.processor.StandardSubstituteByTagProcessor
[THYMELEAF]             * [* {th:each}] [200]: com.intuit.karate.template.KarateEachTagProcessor
[THYMELEAF]             * [* {th:switch}] [250]: org.thymeleaf.standard.processor.StandardSwitchTagProcessor
[THYMELEAF]             * [* {th:case}] [275]: org.thymeleaf.standard.processor.StandardCaseTagProcessor
[THYMELEAF]             * [* {th:if}] [300]: org.thymeleaf.standard.processor.StandardIfTagProcessor
[THYMELEAF]             * [* {th:unless}] [400]: org.thymeleaf.standard.processor.StandardUnlessTagProcessor
[THYMELEAF]             * [* {th:object}] [500]: org.thymeleaf.standard.processor.StandardObjectTagProcessor
[THYMELEAF]             * [* {th:with}] [600]: com.intuit.karate.template.KarateWithTagProcessor
[THYMELEAF]             * [* {th:attr}] [700]: com.intuit.karate.template.KarateAttributeTagProcessor.KarateAttrTagProcessor
[THYMELEAF]             * [* {th:attrappend}] [900]: com.intuit.karate.template.KarateAttributeTagProcessor.KarateAttrappendTagProcessor
[THYMELEAF]             * [* {th:attrprepend}] [900]: com.intuit.karate.template.KarateAttributeTagProcessor.KarateAttrprependTagProcessor
[THYMELEAF]             * [* {th:inline}] [1000]: org.thymeleaf.standard.processor.StandardInlineXMLTagProcessor
[THYMELEAF]             * [* {xmlns:th}] [1000]: org.thymeleaf.standard.processor.StandardXmlNsTagProcessor
[THYMELEAF]             * [* {th:text}] [1300]: org.thymeleaf.standard.processor.StandardTextTagProcessor
[THYMELEAF]             * [* {th:utext}] [1400]: org.thymeleaf.standard.processor.StandardUtextTagProcessor
[THYMELEAF]             * [* {th:fragment}] [1500]: org.thymeleaf.standard.processor.StandardFragmentTagProcessor
[THYMELEAF]             * [* {th:assert}] [1550]: org.thymeleaf.standard.processor.StandardAssertTagProcessor
[THYMELEAF]             * [* {th:remove}] [1600]: org.thymeleaf.standard.processor.StandardRemoveTagProcessor
[THYMELEAF]             * [* {th:ref}] [10000]: org.thymeleaf.standard.processor.StandardRefAttributeTagProcessor
[THYMELEAF]             * [{th:block} *] [100000]: org.thymeleaf.standard.processor.StandardBlockTagProcessor
[THYMELEAF]             * [* th:*] [2147483647]: org.thymeleaf.standard.processor.StandardDefaultAttributesTagProcessor
[THYMELEAF]         * Text Processors by [precedence]:
[THYMELEAF]             * [1000]: org.thymeleaf.standard.processor.StandardInliningTextProcessor
[THYMELEAF]         * CDATA Section Processors by [precedence]:
[THYMELEAF]             * [1000]: org.thymeleaf.standard.processor.StandardInliningCDATASectionProcessor
[THYMELEAF]         * Comment Processors by [precedence]:
[THYMELEAF]             * [1000]: org.thymeleaf.standard.processor.StandardInliningCommentProcessor
[THYMELEAF]     * Processors for Template Mode: TEXT
[THYMELEAF]         * Element Tag Processors by [matching element and attribute name] [precedence]:
[THYMELEAF]             * [* {th:insert}] [100]: org.thymeleaf.standard.processor.StandardInsertTagProcessor
[THYMELEAF]             * [* {th:replace}] [100]: org.thymeleaf.standard.processor.StandardReplaceTagProcessor
[THYMELEAF]             * [* {th:each}] [200]: com.intuit.karate.template.KarateEachTagProcessor
[THYMELEAF]             * [* {th:switch}] [250]: org.thymeleaf.standard.processor.StandardSwitchTagProcessor
[THYMELEAF]             * [* {th:case}] [275]: org.thymeleaf.standard.processor.StandardCaseTagProcessor
[THYMELEAF]             * [* {th:if}] [300]: org.thymeleaf.standard.processor.StandardIfTagProcessor
[THYMELEAF]             * [* {th:unless}] [400]: org.thymeleaf.standard.processor.StandardUnlessTagProcessor
[THYMELEAF]             * [* {th:object}] [500]: org.thymeleaf.standard.processor.StandardObjectTagProcessor
[THYMELEAF]             * [* {th:with}] [600]: com.intuit.karate.template.KarateWithTagProcessor
[THYMELEAF]             * [* {th:inline}] [1000]: org.thymeleaf.standard.processor.StandardInlineTextualTagProcessor
[THYMELEAF]             * [* {th:text}] [1300]: org.thymeleaf.standard.processor.StandardTextTagProcessor
[THYMELEAF]             * [* {th:utext}] [1400]: org.thymeleaf.standard.processor.StandardUtextTagProcessor
[THYMELEAF]             * [* {th:assert}] [1550]: org.thymeleaf.standard.processor.StandardAssertTagProcessor
[THYMELEAF]             * [* {th:remove}] [1600]: org.thymeleaf.standard.processor.StandardRemoveTagProcessor
[THYMELEAF]             * [{th:block} *] [100000]: org.thymeleaf.standard.processor.StandardBlockTagProcessor
[THYMELEAF]             * [* 100000] [org.thymeleaf.standard.processor.StandardBlockTagProcessor]: {}
[THYMELEAF]         * Text Processors by [precedence]:
[THYMELEAF]             * [1000]: org.thymeleaf.standard.processor.StandardInliningTextProcessor
[THYMELEAF]     * Processors for Template Mode: JAVASCRIPT
[THYMELEAF]         * Element Tag Processors by [matching element and attribute name] [precedence]:
[THYMELEAF]             * [* {th:insert}] [100]: org.thymeleaf.standard.processor.StandardInsertTagProcessor
[THYMELEAF]             * [* {th:replace}] [100]: org.thymeleaf.standard.processor.StandardReplaceTagProcessor
[THYMELEAF]             * [* {th:each}] [200]: com.intuit.karate.template.KarateEachTagProcessor
[THYMELEAF]             * [* {th:switch}] [250]: org.thymeleaf.standard.processor.StandardSwitchTagProcessor
[THYMELEAF]             * [* {th:case}] [275]: org.thymeleaf.standard.processor.StandardCaseTagProcessor
[THYMELEAF]             * [* {th:if}] [300]: org.thymeleaf.standard.processor.StandardIfTagProcessor
[THYMELEAF]             * [* {th:unless}] [400]: org.thymeleaf.standard.processor.StandardUnlessTagProcessor
[THYMELEAF]             * [* {th:object}] [500]: org.thymeleaf.standard.processor.StandardObjectTagProcessor
[THYMELEAF]             * [* {th:with}] [600]: com.intuit.karate.template.KarateWithTagProcessor
[THYMELEAF]             * [* {th:inline}] [1000]: org.thymeleaf.standard.processor.StandardInlineTextualTagProcessor
[THYMELEAF]             * [* {th:text}] [1300]: org.thymeleaf.standard.processor.StandardTextTagProcessor
[THYMELEAF]             * [* {th:utext}] [1400]: org.thymeleaf.standard.processor.StandardUtextTagProcessor
[THYMELEAF]             * [* {th:assert}] [1550]: org.thymeleaf.standard.processor.StandardAssertTagProcessor
[THYMELEAF]             * [* {th:remove}] [1600]: org.thymeleaf.standard.processor.StandardRemoveTagProcessor
[THYMELEAF]             * [* 100000] [org.thymeleaf.standard.processor.StandardBlockTagProcessor]: {}
[THYMELEAF]             * [{th:block} *] [100000]: org.thymeleaf.standard.processor.StandardBlockTagProcessor
[THYMELEAF]         * Text Processors by [precedence]:
[THYMELEAF]             * [1000]: org.thymeleaf.standard.processor.StandardInliningTextProcessor
[THYMELEAF]     * Processors for Template Mode: CSS
[THYMELEAF]         * Element Tag Processors by [matching element and attribute name] [precedence]:
[THYMELEAF]             * [* {th:insert}] [100]: org.thymeleaf.standard.processor.StandardInsertTagProcessor
[THYMELEAF]             * [* {th:replace}] [100]: org.thymeleaf.standard.processor.StandardReplaceTagProcessor
[THYMELEAF]             * [* {th:each}] [200]: com.intuit.karate.template.KarateEachTagProcessor
[THYMELEAF]             * [* {th:switch}] [250]: org.thymeleaf.standard.processor.StandardSwitchTagProcessor
[THYMELEAF]             * [* {th:case}] [275]: org.thymeleaf.standard.processor.StandardCaseTagProcessor
[THYMELEAF]             * [* {th:if}] [300]: org.thymeleaf.standard.processor.StandardIfTagProcessor
[THYMELEAF]             * [* {th:unless}] [400]: org.thymeleaf.standard.processor.StandardUnlessTagProcessor
[THYMELEAF]             * [* {th:object}] [500]: org.thymeleaf.standard.processor.StandardObjectTagProcessor
[THYMELEAF]             * [* {th:with}] [600]: com.intuit.karate.template.KarateWithTagProcessor
[THYMELEAF]             * [* {th:inline}] [1000]: org.thymeleaf.standard.processor.StandardInlineTextualTagProcessor
[THYMELEAF]             * [* {th:text}] [1300]: org.thymeleaf.standard.processor.StandardTextTagProcessor
[THYMELEAF]             * [* {th:utext}] [1400]: org.thymeleaf.standard.processor.StandardUtextTagProcessor
[THYMELEAF]             * [* {th:assert}] [1550]: org.thymeleaf.standard.processor.StandardAssertTagProcessor
[THYMELEAF]             * [* {th:remove}] [1600]: org.thymeleaf.standard.processor.StandardRemoveTagProcessor
[THYMELEAF]             * [* 100000] [org.thymeleaf.standard.processor.StandardBlockTagProcessor]: {}
[THYMELEAF]             * [{th:block} *] [100000]: org.thymeleaf.standard.processor.StandardBlockTagProcessor
[THYMELEAF]         * Text Processors by [precedence]:
[THYMELEAF]             * [1000]: org.thymeleaf.standard.processor.StandardInliningTextProcessor
[THYMELEAF]     * Expression Objects:
[THYMELEAF]         * #ctx
[THYMELEAF]         * #root
[THYMELEAF]         * #vars
[THYMELEAF]         * #object
[THYMELEAF]         * #locale
[THYMELEAF]         * #request
[THYMELEAF]         * #response
[THYMELEAF]         * #session
[THYMELEAF]         * #servletContext
[THYMELEAF]         * #conversions
[THYMELEAF]         * #uris
[THYMELEAF]         * #calendars
[THYMELEAF]         * #dates
[THYMELEAF]         * #bools
[THYMELEAF]         * #numbers
[THYMELEAF]         * #objects
[THYMELEAF]         * #strings
[THYMELEAF]         * #arrays
[THYMELEAF]         * #lists
[THYMELEAF]         * #sets
[THYMELEAF]         * #maps
[THYMELEAF]         * #aggregates
[THYMELEAF]         * #messages
[THYMELEAF]         * #ids
[THYMELEAF]         * #execInfo
[THYMELEAF]         * #httpServletRequest
[THYMELEAF]         * #httpSession
[THYMELEAF]     * Execution Attributes:
[THYMELEAF]         * "StandardExpressionParser": com.intuit.karate.template.KarateStandardDialect@b5cc23a
[THYMELEAF]         * "StandardJavaScriptSerializer": org.thymeleaf.standard.serializer.StandardJavaScriptSerializer@d4ab71a
[THYMELEAF]         * "StandardCSSSerializer": org.thymeleaf.standard.serializer.StandardCSSSerializer@3b4ef7
[THYMELEAF]         * "StandardVariableExpressionEvaluator": com.intuit.karate.template.KarateStandardDialect@b5cc23a
[THYMELEAF]         * "StandardConversionService": org.thymeleaf.standard.expression.StandardConversionService@1af05b03
[THYMELEAF] * Dialect [2 of 2]: karate (com.intuit.karate.template.KarateScriptDialect)
[THYMELEAF]     * Prefix: "ka"
[THYMELEAF]     * Processors for Template Mode: HTML
[THYMELEAF]         * Element Tag Processors by [matching element and attribute name] [precedence]:
[THYMELEAF]             * [* {src}] [1000]: com.intuit.karate.template.KaScriptAttrProcessor
[THYMELEAF]         * Element Model Processors by [matching element and attribute name] [precedence]:
[THYMELEAF]             * [{script} {ka:scope,data-ka-scope}] [1000]: com.intuit.karate.template.KaScriptElemProcessor
[THYMELEAF]             * [* {ka:set,data-ka-set}] [1000]: com.intuit.karate.template.KaSetElemProcessor
[THYMELEAF] TEMPLATE ENGINE CONFIGURED OK
15:15:18.121 [main] DEBUG org.thymeleaf.TemplateEngine - [THYMELEAF] TEMPLATE ENGINE INITIALIZED
15:15:18.129 [main] DEBUG org.thymeleaf.TemplateEngine - [THYMELEAF] INITIALIZING TEMPLATE ENGINE
15:15:18.137 [main] DEBUG org.thymeleaf.TemplateEngine.CONFIG - Initializing Thymeleaf Template engine configuration...
[THYMELEAF] TEMPLATE ENGINE CONFIGURATION:
[THYMELEAF] * Thymeleaf version: 3.0.14.RELEASE (built 2021-12-08T00:45:29+0000)
[THYMELEAF] * Cache Manager implementation: org.thymeleaf.cache.StandardCacheManager
[THYMELEAF] * Template resolvers:
[THYMELEAF]     * [1] com.intuit.karate.template.ResourceHtmlTemplateResolver
[THYMELEAF] * Message resolvers:
[THYMELEAF]     * org.thymeleaf.messageresolver.StandardMessageResolver
[THYMELEAF] * Link builders:
[THYMELEAF]     * org.thymeleaf.linkbuilder.StandardLinkBuilder
[THYMELEAF] * Dialect [1 of 2]: Standard (com.intuit.karate.template.KarateStandardDialect)
[THYMELEAF]     * Prefix: "th"
[THYMELEAF]     * Processors for Template Mode: HTML
[THYMELEAF]         * Element Tag Processors by [matching element and attribute name] [precedence]:
[THYMELEAF]             * [* {th:include,data-th-include}] [100]: org.thymeleaf.standard.processor.StandardIncludeTagProcessor
[THYMELEAF]             * [* {th:insert,data-th-insert}] [100]: org.thymeleaf.standard.processor.StandardInsertTagProcessor
[THYMELEAF]             * [* {th:replace,data-th-replace}] [100]: org.thymeleaf.standard.processor.StandardReplaceTagProcessor
[THYMELEAF]             * [* {th:substituteby,data-th-substituteby}] [100]: org.thymeleaf.standard.processor.StandardSubstituteByTagProcessor
[THYMELEAF]             * [* {th:each,data-th-each}] [200]: com.intuit.karate.template.KarateEachTagProcessor
[THYMELEAF]             * [* {th:switch,data-th-switch}] [250]: org.thymeleaf.standard.processor.StandardSwitchTagProcessor
[THYMELEAF]             * [* {th:case,data-th-case}] [275]: org.thymeleaf.standard.processor.StandardCaseTagProcessor
[THYMELEAF]             * [* {th:if,data-th-if}] [300]: org.thymeleaf.standard.processor.StandardIfTagProcessor
[THYMELEAF]             * [* {th:unless,data-th-unless}] [400]: org.thymeleaf.standard.processor.StandardUnlessTagProcessor
[THYMELEAF]             * [* {th:object,data-th-object}] [500]: org.thymeleaf.standard.processor.StandardObjectTagProcessor
[THYMELEAF]             * [* {th:with,data-th-with}] [600]: com.intuit.karate.template.KarateWithTagProcessor
[THYMELEAF]             * [* {th:attr,data-th-attr}] [700]: com.intuit.karate.template.KarateAttributeTagProcessor.KarateAttrTagProcessor
[THYMELEAF]             * [* {th:attrappend,data-th-attrappend}] [900]: com.intuit.karate.template.KarateAttributeTagProcessor.KarateAttrappendTagProcessor
[THYMELEAF]             * [* {th:attrprepend,data-th-attrprepend}] [900]: com.intuit.karate.template.KarateAttributeTagProcessor.KarateAttrprependTagProcessor
[THYMELEAF]             * [* {th:alt-title,data-th-alt-title}] [990]: org.thymeleaf.standard.processor.StandardAltTitleTagProcessor
[THYMELEAF]             * [* {th:lang-xmllang,data-th-lang-xmllang}] [990]: org.thymeleaf.standard.processor.StandardLangXmlLangTagProcessor
[THYMELEAF]             * [* {th:action,data-th-action}] [1000]: org.thymeleaf.standard.processor.StandardActionTagProcessor
[THYMELEAF]             * [* {th:selected,data-th-selected}] [1000]: org.thymeleaf.standard.processor.StandardConditionalFixedValueTagProcessor
[THYMELEAF]             * [* {th:defer,data-th-defer}] [1000]: org.thymeleaf.standard.processor.StandardConditionalFixedValueTagProcessor
[THYMELEAF]             * [* {th:hidden,data-th-hidden}] [1000]: org.thymeleaf.standard.processor.StandardConditionalFixedValueTagProcessor
[THYMELEAF]             * [* {th:default,data-th-default}] [1000]: org.thymeleaf.standard.processor.StandardConditionalFixedValueTagProcessor
[THYMELEAF]             * [* {th:loop,data-th-loop}] [1000]: org.thymeleaf.standard.processor.StandardConditionalFixedValueTagProcessor
[THYMELEAF]             * [* {th:novalidate,data-th-novalidate}] [1000]: org.thymeleaf.standard.processor.StandardConditionalFixedValueTagProcessor
[THYMELEAF]             * [* {th:async,data-th-async}] [1000]: org.thymeleaf.standard.processor.StandardConditionalFixedValueTagProcessor
[THYMELEAF]             * [* {th:autofocus,data-th-autofocus}] [1000]: org.thymeleaf.standard.processor.StandardConditionalFixedValueTagProcessor
[THYMELEAF]             * [* {th:nowrap,data-th-nowrap}] [1000]: org.thymeleaf.standard.processor.StandardConditionalFixedValueTagProcessor
[THYMELEAF]             * [* {th:pubdate,data-th-pubdate}] [1000]: org.thymeleaf.standard.processor.StandardConditionalFixedValueTagProcessor
[THYMELEAF]             * [* {th:seamless,data-th-seamless}] [1000]: org.thymeleaf.standard.processor.StandardConditionalFixedValueTagProcessor
[THYMELEAF]             * [* {th:multiple,data-th-multiple}] [1000]: org.thymeleaf.standard.processor.StandardConditionalFixedValueTagProcessor
[THYMELEAF]             * [* {th:checked,data-th-checked}] [1000]: org.thymeleaf.standard.processor.StandardConditionalFixedValueTagProcessor
[THYMELEAF]             * [* {th:formnovalidate,data-th-formnovalidate}] [1000]: org.thymeleaf.standard.processor.StandardConditionalFixedValueTagProcessor
[THYMELEAF]             * [* {th:open,data-th-open}] [1000]: org.thymeleaf.standard.processor.StandardConditionalFixedValueTagProcessor
[THYMELEAF]             * [* {th:declare,data-th-declare}] [1000]: org.thymeleaf.standard.processor.StandardConditionalFixedValueTagProcessor
[THYMELEAF]             * [* {th:reversed,data-th-reversed}] [1000]: org.thymeleaf.standard.processor.StandardConditionalFixedValueTagProcessor
[THYMELEAF]             * [* {th:scoped,data-th-scoped}] [1000]: org.thymeleaf.standard.processor.StandardConditionalFixedValueTagProcessor
[THYMELEAF]             * [* {th:autoplay,data-th-autoplay}] [1000]: org.thymeleaf.standard.processor.StandardConditionalFixedValueTagProcessor
[THYMELEAF]             * [* {th:controls,data-th-controls}] [1000]: org.thymeleaf.standard.processor.StandardConditionalFixedValueTagProcessor
[THYMELEAF]             * [* {th:disabled,data-th-disabled}] [1000]: org.thymeleaf.standard.processor.StandardConditionalFixedValueTagProcessor
[THYMELEAF]             * [* {th:ismap,data-th-ismap}] [1000]: org.thymeleaf.standard.processor.StandardConditionalFixedValueTagProcessor
[THYMELEAF]             * [* {th:readonly,data-th-readonly}] [1000]: org.thymeleaf.standard.processor.StandardConditionalFixedValueTagProcessor
[THYMELEAF]             * [* {th:required,data-th-required}] [1000]: org.thymeleaf.standard.processor.StandardConditionalFixedValueTagProcessor
[THYMELEAF]             * [* {th:onseeked,data-th-onseeked}] [1000]: org.thymeleaf.standard.processor.StandardDOMEventAttributeTagProcessor
[THYMELEAF]             * [* {th:onerror,data-th-onerror}] [1000]: org.thymeleaf.standard.processor.StandardDOMEventAttributeTagProcessor
[THYMELEAF]             * [* {th:onredo,data-th-onredo}] [1000]: org.thymeleaf.standard.processor.StandardDOMEventAttributeTagProcessor
[THYMELEAF]             * [* {th:onloadstart,data-th-onloadstart}] [1000]: org.thymeleaf.standard.processor.StandardDOMEventAttributeTagProcessor
[THYMELEAF]             * [* {th:ondragenter,data-th-ondragenter}] [1000]: org.thymeleaf.standard.processor.StandardDOMEventAttributeTagProcessor
[THYMELEAF]             * [* {th:onresize,data-th-onresize}] [1000]: org.thymeleaf.standard.processor.StandardDOMEventAttributeTagProcessor
[THYMELEAF]             * [* {th:onafterprint,data-th-onafterprint}] [1000]: org.thymeleaf.standard.processor.StandardDOMEventAttributeTagProcessor
[THYMELEAF]             * [* {th:onabort,data-th-onabort}] [1000]: org.thymeleaf.standard.processor.StandardDOMEventAttributeTagProcessor
[THYMELEAF]             * [* {th:ondrop,data-th-ondrop}] [1000]: org.thymeleaf.standard.processor.StandardDOMEventAttributeTagProcessor
[THYMELEAF]             * [* {th:onload,data-th-onload}] [1000]: org.thymeleaf.standard.processor.StandardDOMEventAttributeTagProcessor
[THYMELEAF]             * [* {th:onshow,data-th-onshow}] [1000]: org.thymeleaf.standard.processor.StandardDOMEventAttributeTagProcessor
[THYMELEAF]             * [* {th:onmousedown,data-th-onmousedown}] [1000]: org.thymeleaf.standard.processor.StandardDOMEventAttributeTagProcessor
[THYMELEAF]             * [* {th:onunload,data-th-onunload}] [1000]: org.thymeleaf.standard.processor.StandardDOMEventAttributeTagProcessor
[THYMELEAF]             * [* {th:ontimeupdate,data-th-ontimeupdate}] [1000]: org.thymeleaf.standard.processor.StandardDOMEventAttributeTagProcessor
[THYMELEAF]             * [* {th:onreadystatechange,data-th-onreadystatechange}] [1000]: org.thymeleaf.standard.processor.StandardDOMEventAttributeTagProcessor
[THYMELEAF]             * [* {th:onstalled,data-th-onstalled}] [1000]: org.thymeleaf.standard.processor.StandardDOMEventAttributeTagProcessor
[THYMELEAF]             * [* {th:onforminput,data-th-onforminput}] [1000]: org.thymeleaf.standard.processor.StandardDOMEventAttributeTagProcessor
[THYMELEAF]             * [* {th:onmousewheel,data-th-onmousewheel}] [1000]: org.thymeleaf.standard.processor.StandardDOMEventAttributeTagProcessor
[THYMELEAF]             * [* {th:onblur,data-th-onblur}] [1000]: org.thymeleaf.standard.processor.StandardDOMEventAttributeTagProcessor
[THYMELEAF]             * [* {th:onkeyup,data-th-onkeyup}] [1000]: org.thymeleaf.standard.processor.StandardDOMEventAttributeTagProcessor
[THYMELEAF]             * [* {th:onfocus,data-th-onfocus}] [1000]: org.thymeleaf.standard.processor.StandardDOMEventAttributeTagProcessor
[THYMELEAF]             * [* {th:onselect,data-th-onselect}] [1000]: org.thymeleaf.standard.processor.StandardDOMEventAttributeTagProcessor
[THYMELEAF]             * [* {th:onundo,data-th-onundo}] [1000]: org.thymeleaf.standard.processor.StandardDOMEventAttributeTagProcessor
[THYMELEAF]             * [* {th:onbeforeunload,data-th-onbeforeunload}] [1000]: org.thymeleaf.standard.processor.StandardDOMEventAttributeTagProcessor
[THYMELEAF]             * [* {th:onmousemove,data-th-onmousemove}] [1000]: org.thymeleaf.standard.processor.StandardDOMEventAttributeTagProcessor
[THYMELEAF]             * [* {th:onstorage,data-th-onstorage}] [1000]: org.thymeleaf.standard.processor.StandardDOMEventAttributeTagProcessor
[THYMELEAF]             * [* {th:oncanplaythrough,data-th-oncanplaythrough}] [1000]: org.thymeleaf.standard.processor.StandardDOMEventAttributeTagProcessor
[THYMELEAF]             * [* {th:onratechange,data-th-onratechange}] [1000]: org.thymeleaf.standard.processor.StandardDOMEventAttributeTagProcessor
[THYMELEAF]             * [* {th:onended,data-th-onended}] [1000]: org.thymeleaf.standard.processor.StandardDOMEventAttributeTagProcessor
[THYMELEAF]             * [* {th:oncontextmenu,data-th-oncontextmenu}] [1000]: org.thymeleaf.standard.processor.StandardDOMEventAttributeTagProcessor
[THYMELEAF]             * [* {th:onmessage,data-th-onmessage}] [1000]: org.thymeleaf.standard.processor.StandardDOMEventAttributeTagProcessor
[THYMELEAF]             * [* {th:onhashchange,data-th-onhashchange}] [1000]: org.thymeleaf.standard.processor.StandardDOMEventAttributeTagProcessor
[THYMELEAF]             * [* {th:ondragend,data-th-ondragend}] [1000]: org.thymeleaf.standard.processor.StandardDOMEventAttributeTagProcessor
[THYMELEAF]             * [* {th:onprogress,data-th-onprogress}] [1000]: org.thymeleaf.standard.processor.StandardDOMEventAttributeTagProcessor
[THYMELEAF]             * [* {th:ondblclick,data-th-ondblclick}] [1000]: org.thymeleaf.standard.processor.StandardDOMEventAttributeTagProcessor
[THYMELEAF]             * [* {th:onpopstate,data-th-onpopstate}] [1000]: org.thymeleaf.standard.processor.StandardDOMEventAttributeTagProcessor
[THYMELEAF]             * [* {th:onsuspend,data-th-onsuspend}] [1000]: org.thymeleaf.standard.processor.StandardDOMEventAttributeTagProcessor
[THYMELEAF]             * [* {th:onformchange,data-th-onformchange}] [1000]: org.thymeleaf.standard.processor.StandardDOMEventAttributeTagProcessor
[THYMELEAF]             * [* {th:onloadeddata,data-th-onloadeddata}] [1000]: org.thymeleaf.standard.processor.StandardDOMEventAttributeTagProcessor
[THYMELEAF]             * [* {th:onmouseover,data-th-onmouseover}] [1000]: org.thymeleaf.standard.processor.StandardDOMEventAttributeTagProcessor
[THYMELEAF]             * [* {th:onsubmit,data-th-onsubmit}] [1000]: org.thymeleaf.standard.processor.StandardDOMEventAttributeTagProcessor
[THYMELEAF]             * [* {th:ononline,data-th-ononline}] [1000]: org.thymeleaf.standard.processor.StandardDOMEventAttributeTagProcessor
[THYMELEAF]             * [* {th:oninvalid,data-th-oninvalid}] [1000]: org.thymeleaf.standard.processor.StandardDOMEventAttributeTagProcessor
[THYMELEAF]             * [* {th:onmouseout,data-th-onmouseout}] [1000]: org.thymeleaf.standard.processor.StandardDOMEventAttributeTagProcessor
[THYMELEAF]             * [* {th:onpause,data-th-onpause}] [1000]: org.thymeleaf.standard.processor.StandardDOMEventAttributeTagProcessor
[THYMELEAF]             * [* {th:ondragover,data-th-ondragover}] [1000]: org.thymeleaf.standard.processor.StandardDOMEventAttributeTagProcessor
[THYMELEAF]             * [* {th:ondrag,data-th-ondrag}] [1000]: org.thymeleaf.standard.processor.StandardDOMEventAttributeTagProcessor
[THYMELEAF]             * [* {th:onplaying,data-th-onplaying}] [1000]: org.thymeleaf.standard.processor.StandardDOMEventAttributeTagProcessor
[THYMELEAF]             * [* {th:onkeydown,data-th-onkeydown}] [1000]: org.thymeleaf.standard.processor.StandardDOMEventAttributeTagProcessor
[THYMELEAF]             * [* {th:onwaiting,data-th-onwaiting}] [1000]: org.thymeleaf.standard.processor.StandardDOMEventAttributeTagProcessor
[THYMELEAF]             * [* {th:onseeking,data-th-onseeking}] [1000]: org.thymeleaf.standard.processor.StandardDOMEventAttributeTagProcessor
[THYMELEAF]             * [* {th:ondragleave,data-th-ondragleave}] [1000]: org.thymeleaf.standard.processor.StandardDOMEventAttributeTagProcessor
[THYMELEAF]             * [* {th:onemptied,data-th-onemptied}] [1000]: org.thymeleaf.standard.processor.StandardDOMEventAttributeTagProcessor
[THYMELEAF]             * [* {th:oncanplay,data-th-oncanplay}] [1000]: org.thymeleaf.standard.processor.StandardDOMEventAttributeTagProcessor
[THYMELEAF]             * [* {th:onreset,data-th-onreset}] [1000]: org.thymeleaf.standard.processor.StandardDOMEventAttributeTagProcessor
[THYMELEAF]             * [* {th:ondragstart,data-th-ondragstart}] [1000]: org.thymeleaf.standard.processor.StandardDOMEventAttributeTagProcessor
[THYMELEAF]             * [* {th:onvolumechange,data-th-onvolumechange}] [1000]: org.thymeleaf.standard.processor.StandardDOMEventAttributeTagProcessor
[THYMELEAF]             * [* {th:onbeforeprint,data-th-onbeforeprint}] [1000]: org.thymeleaf.standard.processor.StandardDOMEventAttributeTagProcessor
[THYMELEAF]             * [* {th:onoffline,data-th-onoffline}] [1000]: org.thymeleaf.standard.processor.StandardDOMEventAttributeTagProcessor
[THYMELEAF]             * [* {th:onplay,data-th-onplay}] [1000]: org.thymeleaf.standard.processor.StandardDOMEventAttributeTagProcessor
[THYMELEAF]             * [* {th:onclick,data-th-onclick}] [1000]: org.thymeleaf.standard.processor.StandardDOMEventAttributeTagProcessor
[THYMELEAF]             * [* {th:oninput,data-th-oninput}] [1000]: org.thymeleaf.standard.processor.StandardDOMEventAttributeTagProcessor
[THYMELEAF]             * [* {th:onloadedmetadata,data-th-onloadedmetadata}] [1000]: org.thymeleaf.standard.processor.StandardDOMEventAttributeTagProcessor
[THYMELEAF]             * [* {th:onmouseup,data-th-onmouseup}] [1000]: org.thymeleaf.standard.processor.StandardDOMEventAttributeTagProcessor
[THYMELEAF]             * [* {th:onchange,data-th-onchange}] [1000]: org.thymeleaf.standard.processor.StandardDOMEventAttributeTagProcessor
[THYMELEAF]             * [* {th:onscroll,data-th-onscroll}] [1000]: org.thymeleaf.standard.processor.StandardDOMEventAttributeTagProcessor
[THYMELEAF]             * [* {th:onkeypress,data-th-onkeypress}] [1000]: org.thymeleaf.standard.processor.StandardDOMEventAttributeTagProcessor
[THYMELEAF]             * [* {th:ondurationchange,data-th-ondurationchange}] [1000]: org.thymeleaf.standard.processor.StandardDOMEventAttributeTagProcessor
[THYMELEAF]             * [* {th:href,data-th-href}] [1000]: org.thymeleaf.standard.processor.StandardHrefTagProcessor
[THYMELEAF]             * [* {th:inline,data-th-inline}] [1000]: org.thymeleaf.standard.processor.StandardInlineHTMLTagProcessor
[THYMELEAF]             * [* {th:method,data-th-method}] [1000]: org.thymeleaf.standard.processor.StandardMethodTagProcessor
[THYMELEAF]             * [* {th:name,data-th-name}] [1000]: org.thymeleaf.standard.processor.StandardNonRemovableAttributeTagProcessor
[THYMELEAF]             * [* {th:type,data-th-type}] [1000]: org.thymeleaf.standard.processor.StandardNonRemovableAttributeTagProcessor
[THYMELEAF]             * [* {th:border,data-th-border}] [1000]: org.thymeleaf.standard.processor.StandardRemovableAttributeTagProcessor
[THYMELEAF]             * [* {th:media,data-th-media}] [1000]: org.thymeleaf.standard.processor.StandardRemovableAttributeTagProcessor
[THYMELEAF]             * [* {th:rules,data-th-rules}] [1000]: org.thymeleaf.standard.processor.StandardRemovableAttributeTagProcessor
[THYMELEAF]             * [* {th:dropzone,data-th-dropzone}] [1000]: org.thymeleaf.standard.processor.StandardRemovableAttributeTagProcessor
[THYMELEAF]             * [* {th:codebase,data-th-codebase}] [1000]: org.thymeleaf.standard.processor.StandardRemovableAttributeTagProcessor
[THYMELEAF]             * [* {th:cellspacing,data-th-cellspacing}] [1000]: org.thymeleaf.standard.processor.StandardRemovableAttributeTagProcessor
[THYMELEAF]             * [* {th:formenctype,data-th-formenctype}] [1000]: org.thymeleaf.standard.processor.StandardRemovableAttributeTagProcessor
[THYMELEAF]             * [* {th:srclang,data-th-srclang}] [1000]: org.thymeleaf.standard.processor.StandardRemovableAttributeTagProcessor
[THYMELEAF]             * [* {th:preload,data-th-preload}] [1000]: org.thymeleaf.standard.processor.StandardRemovableAttributeTagProcessor
[THYMELEAF]             * [* {th:wrap,data-th-wrap}] [1000]: org.thymeleaf.standard.processor.StandardRemovableAttributeTagProcessor
[THYMELEAF]             * [* {th:draggable,data-th-draggable}] [1000]: org.thymeleaf.standard.processor.StandardRemovableAttributeTagProcessor
[THYMELEAF]             * [* {th:contextmenu,data-th-contextmenu}] [1000]: org.thymeleaf.standard.processor.StandardRemovableAttributeTagProcessor
[THYMELEAF]             * [* {th:vspace,data-th-vspace}] [1000]: org.thymeleaf.standard.processor.StandardRemovableAttributeTagProcessor
[THYMELEAF]             * [* {th:list,data-th-list}] [1000]: org.thymeleaf.standard.processor.StandardRemovableAttributeTagProcessor
[THYMELEAF]             * [* {th:axis,data-th-axis}] [1000]: org.thymeleaf.standard.processor.StandardRemovableAttributeTagProcessor
[THYMELEAF]             * [* {th:max,data-th-max}] [1000]: org.thymeleaf.standard.processor.StandardRemovableAttributeTagProcessor
[THYMELEAF]             * [* {th:style,data-th-style}] [1000]: org.thymeleaf.standard.processor.StandardRemovableAttributeTagProcessor
[THYMELEAF]             * [* {th:compact,data-th-compact}] [1000]: org.thymeleaf.standard.processor.StandardRemovableAttributeTagProcessor
[THYMELEAF]             * [* {th:cols,data-th-cols}] [1000]: org.thymeleaf.standard.processor.StandardRemovableAttributeTagProcessor
[THYMELEAF]             * [* {th:data,data-th-data}] [1000]: org.thymeleaf.standard.processor.StandardRemovableAttributeTagProcessor
[THYMELEAF]             * [* {th:summary,data-th-summary}] [1000]: org.thymeleaf.standard.processor.StandardRemovableAttributeTagProcessor
[THYMELEAF]             * [* {th:marginwidth,data-th-marginwidth}] [1000]: org.thymeleaf.standard.processor.StandardRemovableAttributeTagProcessor
[THYMELEAF]             * [* {th:bgcolor,data-th-bgcolor}] [1000]: org.thymeleaf.standard.processor.StandardRemovableAttributeTagProcessor
[THYMELEAF]             * [* {th:start,data-th-start}] [1000]: org.thymeleaf.standard.processor.StandardRemovableAttributeTagProcessor
[THYMELEAF]             * [* {th:radiogroup,data-th-radiogroup}] [1000]: org.thymeleaf.standard.processor.StandardRemovableAttributeTagProcessor
[THYMELEAF]             * [* {th:align,data-th-align}] [1000]: org.thymeleaf.standard.processor.StandardRemovableAttributeTagProcessor
[THYMELEAF]             * [* {th:usemap,data-th-usemap}] [1000]: org.thymeleaf.standard.processor.StandardRemovableAttributeTagProcessor
[THYMELEAF]             * [* {th:size,data-th-size}] [1000]: org.thymeleaf.standard.processor.StandardRemovableAttributeTagProcessor
[THYMELEAF]             * [* {th:placeholder,data-th-placeholder}] [1000]: org.thymeleaf.standard.processor.StandardRemovableAttributeTagProcessor
[THYMELEAF]             * [* {th:rev,data-th-rev}] [1000]: org.thymeleaf.standard.processor.StandardRemovableAttributeTagProcessor
[THYMELEAF]             * [* {th:formmethod,data-th-formmethod}] [1000]: org.thymeleaf.standard.processor.StandardRemovableAttributeTagProcessor
[THYMELEAF]             * [* {th:lang,data-th-lang}] [1000]: org.thymeleaf.standard.processor.StandardRemovableAttributeTagProcessor
[THYMELEAF]             * [* {th:formaction,data-th-formaction}] [1000]: org.thymeleaf.standard.processor.StandardRemovableAttributeTagProcessor
[THYMELEAF]             * [* {th:icon,data-th-icon}] [1000]: org.thymeleaf.standard.processor.StandardRemovableAttributeTagProcessor
[THYMELEAF]             * [* {th:step,data-th-step}] [1000]: org.thymeleaf.standard.processor.StandardRemovableAttributeTagProcessor
[THYMELEAF]             * [* {th:formtarget,data-th-formtarget}] [1000]: org.thymeleaf.standard.processor.StandardRemovableAttributeTagProcessor
[THYMELEAF]             * [* {th:datetime,data-th-datetime}] [1000]: org.thymeleaf.standard.processor.StandardRemovableAttributeTagProcessor
[THYMELEAF]             * [* {th:high,data-th-high}] [1000]: org.thymeleaf.standard.processor.StandardRemovableAttributeTagProcessor
[THYMELEAF]             * [* {th:label,data-th-label}] [1000]: org.thymeleaf.standard.processor.StandardRemovableAttributeTagProcessor
[THYMELEAF]             * [* {th:headers,data-th-headers}] [1000]: org.thymeleaf.standard.processor.StandardRemovableAttributeTagProcessor
[THYMELEAF]             * [* {th:manifest,data-th-manifest}] [1000]: org.thymeleaf.standard.processor.StandardRemovableAttributeTagProcessor
[THYMELEAF]             * [* {th:hspace,data-th-hspace}] [1000]: org.thymeleaf.standard.processor.StandardRemovableAttributeTagProcessor
[THYMELEAF]             * [* {th:tabindex,data-th-tabindex}] [1000]: org.thymeleaf.standard.processor.StandardRemovableAttributeTagProcessor
[THYMELEAF]             * [* {th:accesskey,data-th-accesskey}] [1000]: org.thymeleaf.standard.processor.StandardRemovableAttributeTagProcessor
[THYMELEAF]             * [* {th:optimum,data-th-optimum}] [1000]: org.thymeleaf.standard.processor.StandardRemovableAttributeTagProcessor
[THYMELEAF]             * [* {th:classid,data-th-classid}] [1000]: org.thymeleaf.standard.processor.StandardRemovableAttributeTagProcessor
[THYMELEAF]             * [* {th:target,data-th-target}] [1000]: org.thymeleaf.standard.processor.StandardRemovableAttributeTagProcessor
[THYMELEAF]             * [* {th:contenteditable,data-th-contenteditable}] [1000]: org.thymeleaf.standard.processor.StandardRemovableAttributeTagProcessor
[THYMELEAF]             * [* {th:cite,data-th-cite}] [1000]: org.thymeleaf.standard.processor.StandardRemovableAttributeTagProcessor
[THYMELEAF]             * [* {th:for,data-th-for}] [1000]: org.thymeleaf.standard.processor.StandardRemovableAttributeTagProcessor
[THYMELEAF]             * [* {th:standby,data-th-standby}] [1000]: org.thymeleaf.standard.processor.StandardRemovableAttributeTagProcessor
[THYMELEAF]             * [* {th:marginheight,data-th-marginheight}] [1000]: org.thymeleaf.standard.processor.StandardRemovableAttributeTagProcessor
[THYMELEAF]             * [* {th:kind,data-th-kind}] [1000]: org.thymeleaf.standard.processor.StandardRemovableAttributeTagProcessor
[THYMELEAF]             * [* {th:low,data-th-low}] [1000]: org.thymeleaf.standard.processor.StandardRemovableAttributeTagProcessor
[THYMELEAF]             * [* {th:width,data-th-width}] [1000]: org.thymeleaf.standard.processor.StandardRemovableAttributeTagProcessor
[THYMELEAF]             * [* {th:id,data-th-id}] [1000]: org.thymeleaf.standard.processor.StandardRemovableAttributeTagProcessor
[THYMELEAF]             * [* {th:colspan,data-th-colspan}] [1000]: org.thymeleaf.standard.processor.StandardRemovableAttributeTagProcessor
[THYMELEAF]             * [* {th:scope,data-th-scope}] [1000]: org.thymeleaf.standard.processor.StandardRemovableAttributeTagProcessor
[THYMELEAF]             * [* {th:scheme,data-th-scheme}] [1000]: org.thymeleaf.standard.processor.StandardRemovableAttributeTagProcessor
[THYMELEAF]             * [* {th:accept-charset,data-th-accept-charset}] [1000]: org.thymeleaf.standard.processor.StandardRemovableAttributeTagProcessor
[THYMELEAF]             * [* {th:span,data-th-span}] [1000]: org.thymeleaf.standard.processor.StandardRemovableAttributeTagProcessor
[THYMELEAF]             * [* {th:codetype,data-th-codetype}] [1000]: org.thymeleaf.standard.processor.StandardRemovableAttributeTagProcessor
[THYMELEAF]             * [* {th:poster,data-th-poster}] [1000]: org.thymeleaf.standard.processor.StandardRemovableAttributeTagProcessor
[THYMELEAF]             * [* {th:rows,data-th-rows}] [1000]: org.thymeleaf.standard.processor.StandardRemovableAttributeTagProcessor
[THYMELEAF]             * [* {th:dir,data-th-dir}] [1000]: org.thymeleaf.standard.processor.StandardRemovableAttributeTagProcessor
[THYMELEAF]             * [* {th:spellcheck,data-th-spellcheck}] [1000]: org.thymeleaf.standard.processor.StandardRemovableAttributeTagProcessor
[THYMELEAF]             * [* {th:rowspan,data-th-rowspan}] [1000]: org.thymeleaf.standard.processor.StandardRemovableAttributeTagProcessor
[THYMELEAF]             * [* {th:valuetype,data-th-valuetype}] [1000]: org.thymeleaf.standard.processor.StandardRemovableAttributeTagProcessor
[THYMELEAF]             * [* {th:cellpadding,data-th-cellpadding}] [1000]: org.thymeleaf.standard.processor.StandardRemovableAttributeTagProcessor
[THYMELEAF]             * [* {th:audio,data-th-audio}] [1000]: org.thymeleaf.standard.processor.StandardRemovableAttributeTagProcessor
[THYMELEAF]             * [* {th:enctype,data-th-enctype}] [1000]: org.thymeleaf.standard.processor.StandardRemovableAttributeTagProcessor
[THYMELEAF]             * [* {th:maxlength,data-th-maxlength}] [1000]: org.thymeleaf.standard.processor.StandardRemovableAttributeTagProcessor
[THYMELEAF]             * [* {th:min,data-th-min}] [1000]: org.thymeleaf.standard.processor.StandardRemovableAttributeTagProcessor
[THYMELEAF]             * [* {th:scrolling,data-th-scrolling}] [1000]: org.thymeleaf.standard.processor.StandardRemovableAttributeTagProcessor
[THYMELEAF]             * [* {th:sizes,data-th-sizes}] [1000]: org.thymeleaf.standard.processor.StandardRemovableAttributeTagProcessor
[THYMELEAF]             * [* {th:pattern,data-th-pattern}] [1000]: org.thymeleaf.standard.processor.StandardRemovableAttributeTagProcessor
[THYMELEAF]             * [* {th:autocomplete,data-th-autocomplete}] [1000]: org.thymeleaf.standard.processor.StandardRemovableAttributeTagProcessor
[THYMELEAF]             * [* {th:hreflang,data-th-hreflang}] [1000]: org.thymeleaf.standard.processor.StandardRemovableAttributeTagProcessor
[THYMELEAF]             * [* {th:height,data-th-height}] [1000]: org.thymeleaf.standard.processor.StandardRemovableAttributeTagProcessor
[THYMELEAF]             * [* {th:sandbox,data-th-sandbox}] [1000]: org.thymeleaf.standard.processor.StandardRemovableAttributeTagProcessor
[THYMELEAF]             * [* {th:keytype,data-th-keytype}] [1000]: org.thymeleaf.standard.processor.StandardRemovableAttributeTagProcessor
[THYMELEAF]             * [* {th:accept,data-th-accept}] [1000]: org.thymeleaf.standard.processor.StandardRemovableAttributeTagProcessor
[THYMELEAF]             * [* {th:class,data-th-class}] [1000]: org.thymeleaf.standard.processor.StandardRemovableAttributeTagProcessor
[THYMELEAF]             * [* {th:frame,data-th-frame}] [1000]: org.thymeleaf.standard.processor.StandardRemovableAttributeTagProcessor
[THYMELEAF]             * [* {th:rel,data-th-rel}] [1000]: org.thymeleaf.standard.processor.StandardRemovableAttributeTagProcessor
[THYMELEAF]             * [* {th:background,data-th-background}] [1000]: org.thymeleaf.standard.processor.StandardRemovableAttributeTagProcessor
[THYMELEAF]             * [* {th:content,data-th-content}] [1000]: org.thymeleaf.standard.processor.StandardRemovableAttributeTagProcessor
[THYMELEAF]             * [* {th:form,data-th-form}] [1000]: org.thymeleaf.standard.processor.StandardRemovableAttributeTagProcessor
[THYMELEAF]             * [* {th:charset,data-th-charset}] [1000]: org.thymeleaf.standard.processor.StandardRemovableAttributeTagProcessor
[THYMELEAF]             * [* {th:frameborder,data-th-frameborder}] [1000]: org.thymeleaf.standard.processor.StandardRemovableAttributeTagProcessor
[THYMELEAF]             * [* {th:abbr,data-th-abbr}] [1000]: org.thymeleaf.standard.processor.StandardRemovableAttributeTagProcessor
[THYMELEAF]             * [* {th:http-equiv,data-th-http-equiv}] [1000]: org.thymeleaf.standard.processor.StandardRemovableAttributeTagProcessor
[THYMELEAF]             * [* {th:challenge,data-th-challenge}] [1000]: org.thymeleaf.standard.processor.StandardRemovableAttributeTagProcessor
[THYMELEAF]             * [* {th:archive,data-th-archive}] [1000]: org.thymeleaf.standard.processor.StandardRemovableAttributeTagProcessor
[THYMELEAF]             * [* {th:longdesc,data-th-longdesc}] [1000]: org.thymeleaf.standard.processor.StandardRemovableAttributeTagProcessor
[THYMELEAF]             * [* {th:alt,data-th-alt}] [1000]: org.thymeleaf.standard.processor.StandardRemovableAttributeTagProcessor
[THYMELEAF]             * [* {th:title,data-th-title}] [1000]: org.thymeleaf.standard.processor.StandardRemovableAttributeTagProcessor
[THYMELEAF]             * [* {th:src,data-th-src}] [1000]: org.thymeleaf.standard.processor.StandardSrcTagProcessor
[THYMELEAF]             * [* {th:value,data-th-value}] [1000]: org.thymeleaf.standard.processor.StandardValueTagProcessor
[THYMELEAF]             * [* {th:xmlbase,data-th-xmlbase}] [1000]: org.thymeleaf.standard.processor.StandardXmlBaseTagProcessor
[THYMELEAF]             * [* {th:xmllang,data-th-xmllang}] [1000]: org.thymeleaf.standard.processor.StandardXmlLangTagProcessor
[THYMELEAF]             * [* {xmlns:th}] [1000]: org.thymeleaf.standard.processor.StandardXmlNsTagProcessor
[THYMELEAF]             * [* {th:xmlspace,data-th-xmlspace}] [1000]: org.thymeleaf.standard.processor.StandardXmlSpaceTagProcessor
[THYMELEAF]             * [* {th:classappend,data-th-classappend}] [1100]: org.thymeleaf.standard.processor.StandardClassappendTagProcessor
[THYMELEAF]             * [* {th:styleappend,data-th-styleappend}] [1100]: org.thymeleaf.standard.processor.StandardStyleappendTagProcessor
[THYMELEAF]             * [* {th:text,data-th-text}] [1300]: org.thymeleaf.standard.processor.StandardTextTagProcessor
[THYMELEAF]             * [* {th:utext,data-th-utext}] [1400]: org.thymeleaf.standard.processor.StandardUtextTagProcessor
[THYMELEAF]             * [* {th:fragment,data-th-fragment}] [1500]: org.thymeleaf.standard.processor.StandardFragmentTagProcessor
[THYMELEAF]             * [* {th:assert,data-th-assert}] [1550]: org.thymeleaf.standard.processor.StandardAssertTagProcessor
[THYMELEAF]             * [* {th:remove,data-th-remove}] [1600]: org.thymeleaf.standard.processor.StandardRemoveTagProcessor
[THYMELEAF]             * [* {th:ref,data-th-ref}] [10000]: org.thymeleaf.standard.processor.StandardRefAttributeTagProcessor
[THYMELEAF]             * [{th:block,th-block} *] [100000]: org.thymeleaf.standard.processor.StandardBlockTagProcessor
[THYMELEAF]             * [* th:*] [2147483647]: org.thymeleaf.standard.processor.StandardDefaultAttributesTagProcessor
[THYMELEAF]         * Text Processors by [precedence]:
[THYMELEAF]             * [1000]: org.thymeleaf.standard.processor.StandardInliningTextProcessor
[THYMELEAF]         * DOCTYPE Processors by [precedence]:
[THYMELEAF]             * [1000]: org.thymeleaf.standard.processor.StandardTranslationDocTypeProcessor
[THYMELEAF]         * CDATA Section Processors by [precedence]:
[THYMELEAF]             * [1000]: org.thymeleaf.standard.processor.StandardInliningCDATASectionProcessor
[THYMELEAF]         * Comment Processors by [precedence]:
[THYMELEAF]             * [1000]: org.thymeleaf.standard.processor.StandardInliningCommentProcessor
[THYMELEAF]             * [1100]: org.thymeleaf.standard.processor.StandardConditionalCommentProcessor
[THYMELEAF]     * Processors for Template Mode: XML
[THYMELEAF]         * Element Tag Processors by [matching element and attribute name] [precedence]:
[THYMELEAF]             * [* {th:include}] [100]: org.thymeleaf.standard.processor.StandardIncludeTagProcessor
[THYMELEAF]             * [* {th:insert}] [100]: org.thymeleaf.standard.processor.StandardInsertTagProcessor
[THYMELEAF]             * [* {th:replace}] [100]: org.thymeleaf.standard.processor.StandardReplaceTagProcessor
[THYMELEAF]             * [* {th:substituteby}] [100]: org.thymeleaf.standard.processor.StandardSubstituteByTagProcessor
[THYMELEAF]             * [* {th:each}] [200]: com.intuit.karate.template.KarateEachTagProcessor
[THYMELEAF]             * [* {th:switch}] [250]: org.thymeleaf.standard.processor.StandardSwitchTagProcessor
[THYMELEAF]             * [* {th:case}] [275]: org.thymeleaf.standard.processor.StandardCaseTagProcessor
[THYMELEAF]             * [* {th:if}] [300]: org.thymeleaf.standard.processor.StandardIfTagProcessor
[THYMELEAF]             * [* {th:unless}] [400]: org.thymeleaf.standard.processor.StandardUnlessTagProcessor
[THYMELEAF]             * [* {th:object}] [500]: org.thymeleaf.standard.processor.StandardObjectTagProcessor
[THYMELEAF]             * [* {th:with}] [600]: com.intuit.karate.template.KarateWithTagProcessor
[THYMELEAF]             * [* {th:attr}] [700]: com.intuit.karate.template.KarateAttributeTagProcessor.KarateAttrTagProcessor
[THYMELEAF]             * [* {th:attrappend}] [900]: com.intuit.karate.template.KarateAttributeTagProcessor.KarateAttrappendTagProcessor
[THYMELEAF]             * [* {th:attrprepend}] [900]: com.intuit.karate.template.KarateAttributeTagProcessor.KarateAttrprependTagProcessor
[THYMELEAF]             * [* {th:inline}] [1000]: org.thymeleaf.standard.processor.StandardInlineXMLTagProcessor
[THYMELEAF]             * [* {xmlns:th}] [1000]: org.thymeleaf.standard.processor.StandardXmlNsTagProcessor
[THYMELEAF]             * [* {th:text}] [1300]: org.thymeleaf.standard.processor.StandardTextTagProcessor
[THYMELEAF]             * [* {th:utext}] [1400]: org.thymeleaf.standard.processor.StandardUtextTagProcessor
[THYMELEAF]             * [* {th:fragment}] [1500]: org.thymeleaf.standard.processor.StandardFragmentTagProcessor
[THYMELEAF]             * [* {th:assert}] [1550]: org.thymeleaf.standard.processor.StandardAssertTagProcessor
[THYMELEAF]             * [* {th:remove}] [1600]: org.thymeleaf.standard.processor.StandardRemoveTagProcessor
[THYMELEAF]             * [* {th:ref}] [10000]: org.thymeleaf.standard.processor.StandardRefAttributeTagProcessor
[THYMELEAF]             * [{th:block} *] [100000]: org.thymeleaf.standard.processor.StandardBlockTagProcessor
[THYMELEAF]             * [* th:*] [2147483647]: org.thymeleaf.standard.processor.StandardDefaultAttributesTagProcessor
[THYMELEAF]         * Text Processors by [precedence]:
[THYMELEAF]             * [1000]: org.thymeleaf.standard.processor.StandardInliningTextProcessor
[THYMELEAF]         * CDATA Section Processors by [precedence]:
[THYMELEAF]             * [1000]: org.thymeleaf.standard.processor.StandardInliningCDATASectionProcessor
[THYMELEAF]         * Comment Processors by [precedence]:
[THYMELEAF]             * [1000]: org.thymeleaf.standard.processor.StandardInliningCommentProcessor
[THYMELEAF]     * Processors for Template Mode: TEXT
[THYMELEAF]         * Element Tag Processors by [matching element and attribute name] [precedence]:
[THYMELEAF]             * [* {th:insert}] [100]: org.thymeleaf.standard.processor.StandardInsertTagProcessor
[THYMELEAF]             * [* {th:replace}] [100]: org.thymeleaf.standard.processor.StandardReplaceTagProcessor
[THYMELEAF]             * [* {th:each}] [200]: com.intuit.karate.template.KarateEachTagProcessor
[THYMELEAF]             * [* {th:switch}] [250]: org.thymeleaf.standard.processor.StandardSwitchTagProcessor
[THYMELEAF]             * [* {th:case}] [275]: org.thymeleaf.standard.processor.StandardCaseTagProcessor
[THYMELEAF]             * [* {th:if}] [300]: org.thymeleaf.standard.processor.StandardIfTagProcessor
[THYMELEAF]             * [* {th:unless}] [400]: org.thymeleaf.standard.processor.StandardUnlessTagProcessor
[THYMELEAF]             * [* {th:object}] [500]: org.thymeleaf.standard.processor.StandardObjectTagProcessor
[THYMELEAF]             * [* {th:with}] [600]: com.intuit.karate.template.KarateWithTagProcessor
[THYMELEAF]             * [* {th:inline}] [1000]: org.thymeleaf.standard.processor.StandardInlineTextualTagProcessor
[THYMELEAF]             * [* {th:text}] [1300]: org.thymeleaf.standard.processor.StandardTextTagProcessor
[THYMELEAF]             * [* {th:utext}] [1400]: org.thymeleaf.standard.processor.StandardUtextTagProcessor
[THYMELEAF]             * [* {th:assert}] [1550]: org.thymeleaf.standard.processor.StandardAssertTagProcessor
[THYMELEAF]             * [* {th:remove}] [1600]: org.thymeleaf.standard.processor.StandardRemoveTagProcessor
[THYMELEAF]             * [{th:block} *] [100000]: org.thymeleaf.standard.processor.StandardBlockTagProcessor
[THYMELEAF]             * [* 100000] [org.thymeleaf.standard.processor.StandardBlockTagProcessor]: {}
[THYMELEAF]         * Text Processors by [precedence]:
[THYMELEAF]             * [1000]: org.thymeleaf.standard.processor.StandardInliningTextProcessor
[THYMELEAF]     * Processors for Template Mode: JAVASCRIPT
[THYMELEAF]         * Element Tag Processors by [matching element and attribute name] [precedence]:
[THYMELEAF]             * [* {th:insert}] [100]: org.thymeleaf.standard.processor.StandardInsertTagProcessor
[THYMELEAF]             * [* {th:replace}] [100]: org.thymeleaf.standard.processor.StandardReplaceTagProcessor
[THYMELEAF]             * [* {th:each}] [200]: com.intuit.karate.template.KarateEachTagProcessor
[THYMELEAF]             * [* {th:switch}] [250]: org.thymeleaf.standard.processor.StandardSwitchTagProcessor
[THYMELEAF]             * [* {th:case}] [275]: org.thymeleaf.standard.processor.StandardCaseTagProcessor
[THYMELEAF]             * [* {th:if}] [300]: org.thymeleaf.standard.processor.StandardIfTagProcessor
[THYMELEAF]             * [* {th:unless}] [400]: org.thymeleaf.standard.processor.StandardUnlessTagProcessor
[THYMELEAF]             * [* {th:object}] [500]: org.thymeleaf.standard.processor.StandardObjectTagProcessor
[THYMELEAF]             * [* {th:with}] [600]: com.intuit.karate.template.KarateWithTagProcessor
[THYMELEAF]             * [* {th:inline}] [1000]: org.thymeleaf.standard.processor.StandardInlineTextualTagProcessor
[THYMELEAF]             * [* {th:text}] [1300]: org.thymeleaf.standard.processor.StandardTextTagProcessor
[THYMELEAF]             * [* {th:utext}] [1400]: org.thymeleaf.standard.processor.StandardUtextTagProcessor
[THYMELEAF]             * [* {th:assert}] [1550]: org.thymeleaf.standard.processor.StandardAssertTagProcessor
[THYMELEAF]             * [* {th:remove}] [1600]: org.thymeleaf.standard.processor.StandardRemoveTagProcessor
[THYMELEAF]             * [{th:block} *] [100000]: org.thymeleaf.standard.processor.StandardBlockTagProcessor
[THYMELEAF]             * [* 100000] [org.thymeleaf.standard.processor.StandardBlockTagProcessor]: {}
[THYMELEAF]         * Text Processors by [precedence]:
[THYMELEAF]             * [1000]: org.thymeleaf.standard.processor.StandardInliningTextProcessor
[THYMELEAF]     * Processors for Template Mode: CSS
[THYMELEAF]         * Element Tag Processors by [matching element and attribute name] [precedence]:
[THYMELEAF]             * [* {th:insert}] [100]: org.thymeleaf.standard.processor.StandardInsertTagProcessor
[THYMELEAF]             * [* {th:replace}] [100]: org.thymeleaf.standard.processor.StandardReplaceTagProcessor
[THYMELEAF]             * [* {th:each}] [200]: com.intuit.karate.template.KarateEachTagProcessor
[THYMELEAF]             * [* {th:switch}] [250]: org.thymeleaf.standard.processor.StandardSwitchTagProcessor
[THYMELEAF]             * [* {th:case}] [275]: org.thymeleaf.standard.processor.StandardCaseTagProcessor
[THYMELEAF]             * [* {th:if}] [300]: org.thymeleaf.standard.processor.StandardIfTagProcessor
[THYMELEAF]             * [* {th:unless}] [400]: org.thymeleaf.standard.processor.StandardUnlessTagProcessor
[THYMELEAF]             * [* {th:object}] [500]: org.thymeleaf.standard.processor.StandardObjectTagProcessor
[THYMELEAF]             * [* {th:with}] [600]: com.intuit.karate.template.KarateWithTagProcessor
[THYMELEAF]             * [* {th:inline}] [1000]: org.thymeleaf.standard.processor.StandardInlineTextualTagProcessor
[THYMELEAF]             * [* {th:text}] [1300]: org.thymeleaf.standard.processor.StandardTextTagProcessor
[THYMELEAF]             * [* {th:utext}] [1400]: org.thymeleaf.standard.processor.StandardUtextTagProcessor
[THYMELEAF]             * [* {th:assert}] [1550]: org.thymeleaf.standard.processor.StandardAssertTagProcessor
[THYMELEAF]             * [* {th:remove}] [1600]: org.thymeleaf.standard.processor.StandardRemoveTagProcessor
[THYMELEAF]             * [* 100000] [org.thymeleaf.standard.processor.StandardBlockTagProcessor]: {}
[THYMELEAF]             * [{th:block} *] [100000]: org.thymeleaf.standard.processor.StandardBlockTagProcessor
[THYMELEAF]         * Text Processors by [precedence]:
[THYMELEAF]             * [1000]: org.thymeleaf.standard.processor.StandardInliningTextProcessor
[THYMELEAF]     * Expression Objects:
[THYMELEAF]         * #ctx
[THYMELEAF]         * #root
[THYMELEAF]         * #vars
[THYMELEAF]         * #object
[THYMELEAF]         * #locale
[THYMELEAF]         * #request
[THYMELEAF]         * #response
[THYMELEAF]         * #session
[THYMELEAF]         * #servletContext
[THYMELEAF]         * #conversions
[THYMELEAF]         * #uris
[THYMELEAF]         * #calendars
[THYMELEAF]         * #dates
[THYMELEAF]         * #bools
[THYMELEAF]         * #numbers
[THYMELEAF]         * #objects
[THYMELEAF]         * #strings
[THYMELEAF]         * #arrays
[THYMELEAF]         * #lists
[THYMELEAF]         * #sets
[THYMELEAF]         * #maps
[THYMELEAF]         * #aggregates
[THYMELEAF]         * #messages
[THYMELEAF]         * #ids
[THYMELEAF]         * #execInfo
[THYMELEAF]         * #httpServletRequest
[THYMELEAF]         * #httpSession
[THYMELEAF]     * Execution Attributes:
[THYMELEAF]         * "StandardExpressionParser": com.intuit.karate.template.KarateStandardDialect@7a356a0d
[THYMELEAF]         * "StandardJavaScriptSerializer": org.thymeleaf.standard.serializer.StandardJavaScriptSerializer@3241713e
[THYMELEAF]         * "StandardCSSSerializer": org.thymeleaf.standard.serializer.StandardCSSSerializer@5ecba515
[THYMELEAF]         * "StandardVariableExpressionEvaluator": com.intuit.karate.template.KarateStandardDialect@7a356a0d
[THYMELEAF]         * "StandardConversionService": org.thymeleaf.standard.expression.StandardConversionService@512d4583
[THYMELEAF] * Dialect [2 of 2]: karate (com.intuit.karate.template.KarateScriptDialect)
[THYMELEAF]     * Prefix: "ka"
[THYMELEAF]     * Processors for Template Mode: HTML
[THYMELEAF]         * Element Tag Processors by [matching element and attribute name] [precedence]:
[THYMELEAF]             * [* {src}] [1000]: com.intuit.karate.template.KaScriptAttrProcessor
[THYMELEAF]         * Element Model Processors by [matching element and attribute name] [precedence]:
[THYMELEAF]             * [{script} {ka:scope,data-ka-scope}] [1000]: com.intuit.karate.template.KaScriptElemProcessor
[THYMELEAF]             * [* {ka:set,data-ka-set}] [1000]: com.intuit.karate.template.KaSetElemProcessor
[THYMELEAF] TEMPLATE ENGINE CONFIGURED OK
15:15:18.137 [main] DEBUG org.thymeleaf.TemplateEngine - [THYMELEAF] TEMPLATE ENGINE INITIALIZED

HTML report: (paste into browser to view) | Karate version: 1.4.0
file:///Users/curryhoang/KarateFrameWork/target/karate-reports/karate-summary.html
===================================================================

15:15:18.394 [main] DEBUG org.apache.velocity - Initializing Velocity, Calling init()...
15:15:18.394 [main] DEBUG org.apache.velocity - Starting Apache Velocity v2.0
15:15:18.396 [main] DEBUG org.apache.velocity - Default Properties resource: org/apache/velocity/runtime/defaults/velocity.properties
15:15:18.398 [main] DEBUG org.apache.velocity - ResourceLoader instantiated: org.apache.velocity.runtime.resource.loader.ClasspathResourceLoader
15:15:18.399 [main] DEBUG org.apache.velocity - initialized (class org.apache.velocity.runtime.resource.ResourceCacheImpl) with class java.util.Collections$SynchronizedMap cache map.
15:15:18.399 [main] DEBUG org.apache.velocity - Loaded System Directive: org.apache.velocity.runtime.directive.Stop
15:15:18.400 [main] DEBUG org.apache.velocity - Loaded System Directive: org.apache.velocity.runtime.directive.Define
15:15:18.400 [main] DEBUG org.apache.velocity - Loaded System Directive: org.apache.velocity.runtime.directive.Break
15:15:18.400 [main] DEBUG org.apache.velocity - Loaded System Directive: org.apache.velocity.runtime.directive.Evaluate
15:15:18.400 [main] DEBUG org.apache.velocity - Loaded System Directive: org.apache.velocity.runtime.directive.Macro
15:15:18.401 [main] DEBUG org.apache.velocity - Loaded System Directive: org.apache.velocity.runtime.directive.Parse
15:15:18.401 [main] DEBUG org.apache.velocity - Loaded System Directive: org.apache.velocity.runtime.directive.Include
15:15:18.401 [main] DEBUG org.apache.velocity - Loaded System Directive: org.apache.velocity.runtime.directive.Foreach
15:15:18.407 [main] DEBUG org.apache.velocity.parser - Created '20' parsers.
15:15:18.412 [main] DEBUG org.apache.velocity.macro - "velocimacro.library.path" is not set. Trying default library: velocimacros.vtl
15:15:18.412 [main] DEBUG org.apache.velocity.loader.class - Could not load resource 'velocimacros.vtl' from ResourceLoader org.apache.velocity.runtime.resource.loader.ClasspathResourceLoader
15:15:18.412 [main] DEBUG org.apache.velocity.macro - Default library velocimacros.vtl not found. Trying old default library: VM_global_library.vm
15:15:18.413 [main] DEBUG org.apache.velocity.loader.class - Could not load resource 'VM_global_library.vm' from ResourceLoader org.apache.velocity.runtime.resource.loader.ClasspathResourceLoader
15:15:18.413 [main] DEBUG org.apache.velocity.macro - Old default library VM_global_library.vm not found.
15:15:18.413 [main] DEBUG org.apache.velocity.macro - allowInline = true: VMs can be defined inline in templates
15:15:18.413 [main] DEBUG org.apache.velocity.macro - allowInlineToOverride = false: VMs defined inline may NOT replace previous VM definitions
15:15:18.413 [main] DEBUG org.apache.velocity.macro - allowInlineLocal = false: VMs defined inline will be global in scope if allowed.
15:15:18.413 [main] DEBUG org.apache.velocity.macro - autoload off: VM system will not automatically reload global library macros
15:15:18.440 [main] DEBUG org.apache.velocity.loader - ResourceManager: found templates/generators/overviewFeatures.vm with loader org.apache.velocity.runtime.resource.loader.ClasspathResourceLoader
15:15:18.442 [main] DEBUG org.apache.velocity.loader - ResourceManager: found /templates/headers.vm with loader org.apache.velocity.runtime.resource.loader.ClasspathResourceLoader
15:15:18.442 [main] DEBUG org.apache.velocity.loader - ResourceManager: found /templates/head.vm with loader org.apache.velocity.runtime.resource.loader.ClasspathResourceLoader
15:15:18.443 [main] DEBUG org.apache.velocity.macro - added VM stringArray: source=org.apache.velocity.Template@30e6a763
15:15:18.443 [main] DEBUG org.apache.velocity.macro - added VM numberArray: source=org.apache.velocity.Template@30e6a763
15:15:18.443 [main] DEBUG org.apache.velocity.loader - ResourceManager: found /templates/macros/array.js.vm with loader org.apache.velocity.runtime.resource.loader.ClasspathResourceLoader
15:15:18.443 [main] DEBUG org.apache.velocity.macro - added VM includeBuildInfo: source=org.apache.velocity.Template@38320e34
15:15:18.443 [main] DEBUG org.apache.velocity.loader - ResourceManager: found /templates/macros/page/buildinfo.vm with loader org.apache.velocity.runtime.resource.loader.ClasspathResourceLoader
15:15:18.444 [main] DEBUG org.apache.velocity.macro - added VM includeClassifications: source=org.apache.velocity.Template@3cff0139
15:15:18.444 [main] DEBUG org.apache.velocity.loader - ResourceManager: found /templates/macros/page/classifications.vm with loader org.apache.velocity.runtime.resource.loader.ClasspathResourceLoader
15:15:18.444 [main] DEBUG org.apache.velocity.macro - added VM includeLead: source=org.apache.velocity.Template@4bbb49b0
15:15:18.444 [main] DEBUG org.apache.velocity.loader - ResourceManager: found /templates/macros/page/lead.vm with loader org.apache.velocity.runtime.resource.loader.ClasspathResourceLoader
15:15:18.445 [main] DEBUG org.apache.velocity.macro - added VM includeNavigation: source=org.apache.velocity.Template@186cb891
15:15:18.445 [main] DEBUG org.apache.velocity.loader - ResourceManager: found /templates/macros/page/navigation.vm with loader org.apache.velocity.runtime.resource.loader.ClasspathResourceLoader
15:15:18.446 [main] DEBUG org.apache.velocity.macro - added VM includeReportInfo: source=org.apache.velocity.Template@4f453e63
15:15:18.446 [main] DEBUG org.apache.velocity.loader - ResourceManager: found /templates/macros/page/reportInfo.vm with loader org.apache.velocity.runtime.resource.loader.ClasspathResourceLoader
15:15:18.447 [main] DEBUG org.apache.velocity.macro - added VM includeTitle: source=org.apache.velocity.Template@2f98635e
15:15:18.447 [main] DEBUG org.apache.velocity.loader - ResourceManager: found /templates/macros/page/title.vm with loader org.apache.velocity.runtime.resource.loader.ClasspathResourceLoader
15:15:18.447 [main] DEBUG org.apache.velocity.macro - added VM includeExpandingButtons: source=org.apache.velocity.Template@4e73b552
15:15:18.447 [main] DEBUG org.apache.velocity.loader - ResourceManager: found /templates/macros/report/expandAllButtons.vm with loader org.apache.velocity.runtime.resource.loader.ClasspathResourceLoader
15:15:18.449 [main] DEBUG org.apache.velocity.macro - added VM includeReportTable: source=org.apache.velocity.Template@3bdb2c78
15:15:18.449 [main] DEBUG org.apache.velocity.loader - ResourceManager: found /templates/macros/report/reportTable.vm with loader org.apache.velocity.runtime.resource.loader.ClasspathResourceLoader
15:15:18.449 [main] DEBUG org.apache.velocity.macro - added VM includeReportHeader: source=org.apache.velocity.Template@6e1b9411
15:15:18.449 [main] DEBUG org.apache.velocity.loader - ResourceManager: found /templates/macros/report/reportHeader.vm with loader org.apache.velocity.runtime.resource.loader.ClasspathResourceLoader
15:15:18.455 [main] DEBUG org.apache.velocity.macro - added VM includeStatsTable: source=org.apache.velocity.Template@4016ccc1
15:15:18.455 [main] DEBUG org.apache.velocity.loader - ResourceManager: found /templates/macros/report/statsTable.vm with loader org.apache.velocity.runtime.resource.loader.ClasspathResourceLoader
15:15:18.456 [main] DEBUG org.apache.velocity.macro - added VM includeBrief: source=org.apache.velocity.Template@4da9f723
15:15:18.456 [main] DEBUG org.apache.velocity.loader - ResourceManager: found /templates/macros/json/brief.vm with loader org.apache.velocity.runtime.resource.loader.ClasspathResourceLoader
15:15:18.457 [main] DEBUG org.apache.velocity.macro - added VM includeDocString: source=org.apache.velocity.Template@470a659f
15:15:18.457 [main] DEBUG org.apache.velocity.loader - ResourceManager: found /templates/macros/json/docstring.vm with loader org.apache.velocity.runtime.resource.loader.ClasspathResourceLoader
15:15:18.457 [main] DEBUG org.apache.velocity.macro - added VM includeDuration: source=org.apache.velocity.Template@7b78ed6a
15:15:18.457 [main] DEBUG org.apache.velocity.loader - ResourceManager: found /templates/macros/json/duration.vm with loader org.apache.velocity.runtime.resource.loader.ClasspathResourceLoader
15:15:18.458 [main] DEBUG org.apache.velocity.macro - added VM includeElement: source=org.apache.velocity.Template@45bb2aa1
15:15:18.458 [main] DEBUG org.apache.velocity.loader - ResourceManager: found /templates/macros/json/element.vm with loader org.apache.velocity.runtime.resource.loader.ClasspathResourceLoader
15:15:18.461 [main] DEBUG org.apache.velocity.macro - added VM includeEmbeddings: source=org.apache.velocity.Template@327ed9f5
15:15:18.461 [main] DEBUG org.apache.velocity.macro - added VM includeHtmlEmbedding: source=org.apache.velocity.Template@327ed9f5
15:15:18.462 [main] DEBUG org.apache.velocity.macro - added VM includeVideoEmbedding: source=org.apache.velocity.Template@327ed9f5
15:15:18.462 [main] DEBUG org.apache.velocity.macro - added VM includeImageEmbedding: source=org.apache.velocity.Template@327ed9f5
15:15:18.462 [main] DEBUG org.apache.velocity.macro - added VM includeImageReferenceEmbedding: source=org.apache.velocity.Template@327ed9f5
15:15:18.462 [main] DEBUG org.apache.velocity.macro - added VM includeTextEmbedding: source=org.apache.velocity.Template@327ed9f5
15:15:18.462 [main] DEBUG org.apache.velocity.macro - added VM includeUnknownEmbedding: source=org.apache.velocity.Template@327ed9f5
15:15:18.462 [main] DEBUG org.apache.velocity.loader - ResourceManager: found /templates/macros/json/embeddings.vm with loader org.apache.velocity.runtime.resource.loader.ClasspathResourceLoader
15:15:18.464 [main] DEBUG org.apache.velocity.macro - added VM includeHooks: source=org.apache.velocity.Template@2cc04358
15:15:18.464 [main] DEBUG org.apache.velocity.loader - ResourceManager: found /templates/macros/json/hooks.vm with loader org.apache.velocity.runtime.resource.loader.ClasspathResourceLoader
15:15:18.465 [main] DEBUG org.apache.velocity.macro - added VM includeOutput: source=org.apache.velocity.Template@548d5ed3
15:15:18.465 [main] DEBUG org.apache.velocity.loader - ResourceManager: found /templates/macros/json/output.vm with loader org.apache.velocity.runtime.resource.loader.ClasspathResourceLoader
15:15:18.465 [main] DEBUG org.apache.velocity.macro - added VM includeMessage: source=org.apache.velocity.Template@7c129ef6
15:15:18.465 [main] DEBUG org.apache.velocity.loader - ResourceManager: found /templates/macros/json/message.vm with loader org.apache.velocity.runtime.resource.loader.ClasspathResourceLoader
15:15:18.467 [main] DEBUG org.apache.velocity.macro - added VM includeSteps: source=org.apache.velocity.Template@96a75da
15:15:18.467 [main] DEBUG org.apache.velocity.loader - ResourceManager: found /templates/macros/json/steps.vm with loader org.apache.velocity.runtime.resource.loader.ClasspathResourceLoader
15:15:18.467 [main] DEBUG org.apache.velocity.macro - added VM includeStepName: source=org.apache.velocity.Template@25e49cb2
15:15:18.467 [main] DEBUG org.apache.velocity.loader - ResourceManager: found /templates/macros/json/stepName.vm with loader org.apache.velocity.runtime.resource.loader.ClasspathResourceLoader
15:15:18.467 [main] DEBUG org.apache.velocity.macro - added VM includeTags: source=org.apache.velocity.Template@7c551ad4
15:15:18.467 [main] DEBUG org.apache.velocity.loader - ResourceManager: found /templates/macros/json/tags.vm with loader org.apache.velocity.runtime.resource.loader.ClasspathResourceLoader
15:15:18.471 [main] DEBUG org.apache.velocity.loader - ResourceManager: found /templates/js/steps-chart.js.vm with loader org.apache.velocity.runtime.resource.loader.ClasspathResourceLoader
15:15:18.473 [main] DEBUG org.apache.velocity.loader - ResourceManager: found /templates/js/scenarios-chart.js.vm with loader org.apache.velocity.runtime.resource.loader.ClasspathResourceLoader
15:15:18.473 [main] DEBUG org.apache.velocity.loader - ResourceManager: found /templates/js/features-chart.js.vm with loader org.apache.velocity.runtime.resource.loader.ClasspathResourceLoader
15:15:18.492 [main] DEBUG org.apache.velocity.loader - ResourceManager: found /templates/footer.vm with loader org.apache.velocity.runtime.resource.loader.ClasspathResourceLoader
15:15:18.493 [main] DEBUG org.apache.velocity - Initializing Velocity, Calling init()...
15:15:18.493 [main] DEBUG org.apache.velocity - Starting Apache Velocity v2.0
15:15:18.493 [main] DEBUG org.apache.velocity - Default Properties resource: org/apache/velocity/runtime/defaults/velocity.properties
15:15:18.493 [main] DEBUG org.apache.velocity - ResourceLoader instantiated: org.apache.velocity.runtime.resource.loader.ClasspathResourceLoader
15:15:18.493 [main] DEBUG org.apache.velocity - initialized (class org.apache.velocity.runtime.resource.ResourceCacheImpl) with class java.util.Collections$SynchronizedMap cache map.
15:15:18.493 [main] DEBUG org.apache.velocity - Loaded System Directive: org.apache.velocity.runtime.directive.Stop
15:15:18.493 [main] DEBUG org.apache.velocity - Loaded System Directive: org.apache.velocity.runtime.directive.Define
15:15:18.493 [main] DEBUG org.apache.velocity - Loaded System Directive: org.apache.velocity.runtime.directive.Break
15:15:18.493 [main] DEBUG org.apache.velocity - Loaded System Directive: org.apache.velocity.runtime.directive.Evaluate
15:15:18.493 [main] DEBUG org.apache.velocity - Loaded System Directive: org.apache.velocity.runtime.directive.Macro
15:15:18.493 [main] DEBUG org.apache.velocity - Loaded System Directive: org.apache.velocity.runtime.directive.Parse
15:15:18.493 [main] DEBUG org.apache.velocity - Loaded System Directive: org.apache.velocity.runtime.directive.Include
15:15:18.493 [main] DEBUG org.apache.velocity - Loaded System Directive: org.apache.velocity.runtime.directive.Foreach
15:15:18.493 [main] DEBUG org.apache.velocity.parser - Created '20' parsers.
15:15:18.494 [main] DEBUG org.apache.velocity.macro - "velocimacro.library.path" is not set. Trying default library: velocimacros.vtl
15:15:18.494 [main] DEBUG org.apache.velocity.loader.class - Could not load resource 'velocimacros.vtl' from ResourceLoader org.apache.velocity.runtime.resource.loader.ClasspathResourceLoader
15:15:18.494 [main] DEBUG org.apache.velocity.macro - Default library velocimacros.vtl not found. Trying old default library: VM_global_library.vm
15:15:18.494 [main] DEBUG org.apache.velocity.loader.class - Could not load resource 'VM_global_library.vm' from ResourceLoader org.apache.velocity.runtime.resource.loader.ClasspathResourceLoader
15:15:18.494 [main] DEBUG org.apache.velocity.macro - Old default library VM_global_library.vm not found.
15:15:18.494 [main] DEBUG org.apache.velocity.macro - allowInline = true: VMs can be defined inline in templates
15:15:18.494 [main] DEBUG org.apache.velocity.macro - allowInlineToOverride = false: VMs defined inline may NOT replace previous VM definitions
15:15:18.494 [main] DEBUG org.apache.velocity.macro - allowInlineLocal = false: VMs defined inline will be global in scope if allowed.
15:15:18.494 [main] DEBUG org.apache.velocity.macro - autoload off: VM system will not automatically reload global library macros
15:15:18.494 [main] DEBUG org.apache.velocity.loader - ResourceManager: found templates/generators/reportFeature.vm with loader org.apache.velocity.runtime.resource.loader.ClasspathResourceLoader
15:15:18.495 [main] DEBUG org.apache.velocity.loader - ResourceManager: found /templates/headers.vm with loader org.apache.velocity.runtime.resource.loader.ClasspathResourceLoader
15:15:18.495 [main] DEBUG org.apache.velocity.loader - ResourceManager: found /templates/head.vm with loader org.apache.velocity.runtime.resource.loader.ClasspathResourceLoader
15:15:18.496 [main] DEBUG org.apache.velocity.macro - added VM stringArray: source=org.apache.velocity.Template@61af1510
15:15:18.496 [main] DEBUG org.apache.velocity.macro - added VM numberArray: source=org.apache.velocity.Template@61af1510
15:15:18.496 [main] DEBUG org.apache.velocity.loader - ResourceManager: found /templates/macros/array.js.vm with loader org.apache.velocity.runtime.resource.loader.ClasspathResourceLoader
15:15:18.496 [main] DEBUG org.apache.velocity.macro - added VM includeBuildInfo: source=org.apache.velocity.Template@408e96d9
15:15:18.496 [main] DEBUG org.apache.velocity.loader - ResourceManager: found /templates/macros/page/buildinfo.vm with loader org.apache.velocity.runtime.resource.loader.ClasspathResourceLoader
15:15:18.496 [main] DEBUG org.apache.velocity.macro - added VM includeClassifications: source=org.apache.velocity.Template@d8d9199
15:15:18.496 [main] DEBUG org.apache.velocity.loader - ResourceManager: found /templates/macros/page/classifications.vm with loader org.apache.velocity.runtime.resource.loader.ClasspathResourceLoader
15:15:18.496 [main] DEBUG org.apache.velocity.macro - added VM includeLead: source=org.apache.velocity.Template@10cd6753
15:15:18.496 [main] DEBUG org.apache.velocity.loader - ResourceManager: found /templates/macros/page/lead.vm with loader org.apache.velocity.runtime.resource.loader.ClasspathResourceLoader
15:15:18.497 [main] DEBUG org.apache.velocity.macro - added VM includeNavigation: source=org.apache.velocity.Template@700f518a
15:15:18.497 [main] DEBUG org.apache.velocity.loader - ResourceManager: found /templates/macros/page/navigation.vm with loader org.apache.velocity.runtime.resource.loader.ClasspathResourceLoader
15:15:18.497 [main] DEBUG org.apache.velocity.macro - added VM includeReportInfo: source=org.apache.velocity.Template@2c8662ac
15:15:18.497 [main] DEBUG org.apache.velocity.loader - ResourceManager: found /templates/macros/page/reportInfo.vm with loader org.apache.velocity.runtime.resource.loader.ClasspathResourceLoader
15:15:18.497 [main] DEBUG org.apache.velocity.macro - added VM includeTitle: source=org.apache.velocity.Template@77eb5790
15:15:18.497 [main] DEBUG org.apache.velocity.loader - ResourceManager: found /templates/macros/page/title.vm with loader org.apache.velocity.runtime.resource.loader.ClasspathResourceLoader
15:15:18.497 [main] DEBUG org.apache.velocity.macro - added VM includeExpandingButtons: source=org.apache.velocity.Template@238bfd6c
15:15:18.497 [main] DEBUG org.apache.velocity.loader - ResourceManager: found /templates/macros/report/expandAllButtons.vm with loader org.apache.velocity.runtime.resource.loader.ClasspathResourceLoader
15:15:18.498 [main] DEBUG org.apache.velocity.macro - added VM includeReportTable: source=org.apache.velocity.Template@81b5db0
15:15:18.498 [main] DEBUG org.apache.velocity.loader - ResourceManager: found /templates/macros/report/reportTable.vm with loader org.apache.velocity.runtime.resource.loader.ClasspathResourceLoader
15:15:18.498 [main] DEBUG org.apache.velocity.macro - added VM includeReportHeader: source=org.apache.velocity.Template@199bc830
15:15:18.498 [main] DEBUG org.apache.velocity.loader - ResourceManager: found /templates/macros/report/reportHeader.vm with loader org.apache.velocity.runtime.resource.loader.ClasspathResourceLoader
15:15:18.500 [main] DEBUG org.apache.velocity.macro - added VM includeStatsTable: source=org.apache.velocity.Template@3e17a0a1
15:15:18.500 [main] DEBUG org.apache.velocity.loader - ResourceManager: found /templates/macros/report/statsTable.vm with loader org.apache.velocity.runtime.resource.loader.ClasspathResourceLoader
15:15:18.500 [main] DEBUG org.apache.velocity.macro - added VM includeBrief: source=org.apache.velocity.Template@150ede8b
15:15:18.500 [main] DEBUG org.apache.velocity.loader - ResourceManager: found /templates/macros/json/brief.vm with loader org.apache.velocity.runtime.resource.loader.ClasspathResourceLoader
15:15:18.500 [main] DEBUG org.apache.velocity.macro - added VM includeDocString: source=org.apache.velocity.Template@6778aea6
15:15:18.500 [main] DEBUG org.apache.velocity.loader - ResourceManager: found /templates/macros/json/docstring.vm with loader org.apache.velocity.runtime.resource.loader.ClasspathResourceLoader
15:15:18.500 [main] DEBUG org.apache.velocity.macro - added VM includeDuration: source=org.apache.velocity.Template@7a7cc52c
15:15:18.500 [main] DEBUG org.apache.velocity.loader - ResourceManager: found /templates/macros/json/duration.vm with loader org.apache.velocity.runtime.resource.loader.ClasspathResourceLoader
15:15:18.501 [main] DEBUG org.apache.velocity.macro - added VM includeElement: source=org.apache.velocity.Template@2f61d591
15:15:18.501 [main] DEBUG org.apache.velocity.loader - ResourceManager: found /templates/macros/json/element.vm with loader org.apache.velocity.runtime.resource.loader.ClasspathResourceLoader
15:15:18.502 [main] DEBUG org.apache.velocity.macro - added VM includeEmbeddings: source=org.apache.velocity.Template@72456279
15:15:18.502 [main] DEBUG org.apache.velocity.macro - added VM includeHtmlEmbedding: source=org.apache.velocity.Template@72456279
15:15:18.503 [main] DEBUG org.apache.velocity.macro - added VM includeVideoEmbedding: source=org.apache.velocity.Template@72456279
15:15:18.503 [main] DEBUG org.apache.velocity.macro - added VM includeImageEmbedding: source=org.apache.velocity.Template@72456279
15:15:18.503 [main] DEBUG org.apache.velocity.macro - added VM includeImageReferenceEmbedding: source=org.apache.velocity.Template@72456279
15:15:18.503 [main] DEBUG org.apache.velocity.macro - added VM includeTextEmbedding: source=org.apache.velocity.Template@72456279
15:15:18.503 [main] DEBUG org.apache.velocity.macro - added VM includeUnknownEmbedding: source=org.apache.velocity.Template@72456279
15:15:18.503 [main] DEBUG org.apache.velocity.loader - ResourceManager: found /templates/macros/json/embeddings.vm with loader org.apache.velocity.runtime.resource.loader.ClasspathResourceLoader
15:15:18.503 [main] DEBUG org.apache.velocity.macro - added VM includeHooks: source=org.apache.velocity.Template@4d192aef
15:15:18.503 [main] DEBUG org.apache.velocity.loader - ResourceManager: found /templates/macros/json/hooks.vm with loader org.apache.velocity.runtime.resource.loader.ClasspathResourceLoader
15:15:18.504 [main] DEBUG org.apache.velocity.macro - added VM includeOutput: source=org.apache.velocity.Template@bfc14b9
15:15:18.504 [main] DEBUG org.apache.velocity.loader - ResourceManager: found /templates/macros/json/output.vm with loader org.apache.velocity.runtime.resource.loader.ClasspathResourceLoader
15:15:18.504 [main] DEBUG org.apache.velocity.macro - added VM includeMessage: source=org.apache.velocity.Template@1290c49
15:15:18.504 [main] DEBUG org.apache.velocity.loader - ResourceManager: found /templates/macros/json/message.vm with loader org.apache.velocity.runtime.resource.loader.ClasspathResourceLoader
15:15:18.505 [main] DEBUG org.apache.velocity.macro - added VM includeSteps: source=org.apache.velocity.Template@a518813
15:15:18.505 [main] DEBUG org.apache.velocity.loader - ResourceManager: found /templates/macros/json/steps.vm with loader org.apache.velocity.runtime.resource.loader.ClasspathResourceLoader
15:15:18.505 [main] DEBUG org.apache.velocity.macro - added VM includeStepName: source=org.apache.velocity.Template@6d303498
15:15:18.505 [main] DEBUG org.apache.velocity.loader - ResourceManager: found /templates/macros/json/stepName.vm with loader org.apache.velocity.runtime.resource.loader.ClasspathResourceLoader
15:15:18.505 [main] DEBUG org.apache.velocity.macro - added VM includeTags: source=org.apache.velocity.Template@710d89e2
15:15:18.505 [main] DEBUG org.apache.velocity.loader - ResourceManager: found /templates/macros/json/tags.vm with loader org.apache.velocity.runtime.resource.loader.ClasspathResourceLoader
15:15:18.506 [main] DEBUG org.apache.velocity.macro - VM #includeNavigation: too few arguments to macro. Wanted 1 got 0
15:15:18.506 [main] DEBUG org.apache.velocity.macro - VM #includeLead: too few arguments to macro. Wanted 2 got 1
15:15:18.506 [main] DEBUG org.apache.velocity.macro - VM #includeBrief: too few arguments to macro. Wanted 5 got 3
15:15:18.507 [main] DEBUG org.apache.velocity.macro - VM #includeBrief: too few arguments to macro. Wanted 5 got 4
15:15:18.507 [main] DEBUG org.apache.velocity.macro - VM #includeBrief: too few arguments to macro. Wanted 5 got 4
15:15:18.509 [main] DEBUG org.apache.velocity.macro - VM #includeBrief: too few arguments to macro. Wanted 5 got 4
15:15:18.509 [main] DEBUG org.apache.velocity.macro - VM #includeBrief: too few arguments to macro. Wanted 5 got 4
15:15:18.510 [main] DEBUG org.apache.velocity.macro - VM #includeBrief: too few arguments to macro. Wanted 5 got 4
15:15:18.510 [main] DEBUG org.apache.velocity.macro - VM #includeBrief: too few arguments to macro. Wanted 5 got 4
15:15:18.511 [main] DEBUG org.apache.velocity.macro - VM #includeBrief: too few arguments to macro. Wanted 5 got 4
15:15:18.511 [main] DEBUG org.apache.velocity.macro - VM #includeBrief: too few arguments to macro. Wanted 5 got 4
15:15:18.512 [main] DEBUG org.apache.velocity.loader - ResourceManager: found /templates/footer.vm with loader org.apache.velocity.runtime.resource.loader.ClasspathResourceLoader
15:15:18.513 [main] DEBUG org.apache.velocity - Initializing Velocity, Calling init()...
15:15:18.513 [main] DEBUG org.apache.velocity - Starting Apache Velocity v2.0
15:15:18.513 [main] DEBUG org.apache.velocity - Default Properties resource: org/apache/velocity/runtime/defaults/velocity.properties
15:15:18.513 [main] DEBUG org.apache.velocity - ResourceLoader instantiated: org.apache.velocity.runtime.resource.loader.ClasspathResourceLoader
15:15:18.513 [main] DEBUG org.apache.velocity - initialized (class org.apache.velocity.runtime.resource.ResourceCacheImpl) with class java.util.Collections$SynchronizedMap cache map.
15:15:18.513 [main] DEBUG org.apache.velocity - Loaded System Directive: org.apache.velocity.runtime.directive.Stop
15:15:18.513 [main] DEBUG org.apache.velocity - Loaded System Directive: org.apache.velocity.runtime.directive.Define
15:15:18.513 [main] DEBUG org.apache.velocity - Loaded System Directive: org.apache.velocity.runtime.directive.Break
15:15:18.513 [main] DEBUG org.apache.velocity - Loaded System Directive: org.apache.velocity.runtime.directive.Evaluate
15:15:18.513 [main] DEBUG org.apache.velocity - Loaded System Directive: org.apache.velocity.runtime.directive.Macro
15:15:18.513 [main] DEBUG org.apache.velocity - Loaded System Directive: org.apache.velocity.runtime.directive.Parse
15:15:18.513 [main] DEBUG org.apache.velocity - Loaded System Directive: org.apache.velocity.runtime.directive.Include
15:15:18.513 [main] DEBUG org.apache.velocity - Loaded System Directive: org.apache.velocity.runtime.directive.Foreach
15:15:18.513 [main] DEBUG org.apache.velocity.parser - Created '20' parsers.
15:15:18.513 [main] DEBUG org.apache.velocity.macro - "velocimacro.library.path" is not set. Trying default library: velocimacros.vtl
15:15:18.513 [main] DEBUG org.apache.velocity.loader.class - Could not load resource 'velocimacros.vtl' from ResourceLoader org.apache.velocity.runtime.resource.loader.ClasspathResourceLoader
15:15:18.513 [main] DEBUG org.apache.velocity.macro - Default library velocimacros.vtl not found. Trying old default library: VM_global_library.vm
15:15:18.513 [main] DEBUG org.apache.velocity.loader.class - Could not load resource 'VM_global_library.vm' from ResourceLoader org.apache.velocity.runtime.resource.loader.ClasspathResourceLoader
15:15:18.513 [main] DEBUG org.apache.velocity.macro - Old default library VM_global_library.vm not found.
15:15:18.513 [main] DEBUG org.apache.velocity.macro - allowInline = true: VMs can be defined inline in templates
15:15:18.513 [main] DEBUG org.apache.velocity.macro - allowInlineToOverride = false: VMs defined inline may NOT replace previous VM definitions
15:15:18.513 [main] DEBUG org.apache.velocity.macro - allowInlineLocal = false: VMs defined inline will be global in scope if allowed.
15:15:18.513 [main] DEBUG org.apache.velocity.macro - autoload off: VM system will not automatically reload global library macros
15:15:18.514 [main] DEBUG org.apache.velocity.loader - ResourceManager: found templates/generators/overviewTags.vm with loader org.apache.velocity.runtime.resource.loader.ClasspathResourceLoader
15:15:18.515 [main] DEBUG org.apache.velocity.loader - ResourceManager: found /templates/headers.vm with loader org.apache.velocity.runtime.resource.loader.ClasspathResourceLoader
15:15:18.515 [main] DEBUG org.apache.velocity.loader - ResourceManager: found /templates/head.vm with loader org.apache.velocity.runtime.resource.loader.ClasspathResourceLoader
15:15:18.515 [main] DEBUG org.apache.velocity.macro - added VM stringArray: source=org.apache.velocity.Template@3cb8c8ce
15:15:18.515 [main] DEBUG org.apache.velocity.macro - added VM numberArray: source=org.apache.velocity.Template@3cb8c8ce
15:15:18.515 [main] DEBUG org.apache.velocity.loader - ResourceManager: found /templates/macros/array.js.vm with loader org.apache.velocity.runtime.resource.loader.ClasspathResourceLoader
15:15:18.515 [main] DEBUG org.apache.velocity.macro - added VM includeBuildInfo: source=org.apache.velocity.Template@5c8e67b9
15:15:18.515 [main] DEBUG org.apache.velocity.loader - ResourceManager: found /templates/macros/page/buildinfo.vm with loader org.apache.velocity.runtime.resource.loader.ClasspathResourceLoader
15:15:18.515 [main] DEBUG org.apache.velocity.macro - added VM includeClassifications: source=org.apache.velocity.Template@3c0bbc9f
15:15:18.515 [main] DEBUG org.apache.velocity.loader - ResourceManager: found /templates/macros/page/classifications.vm with loader org.apache.velocity.runtime.resource.loader.ClasspathResourceLoader
15:15:18.516 [main] DEBUG org.apache.velocity.macro - added VM includeLead: source=org.apache.velocity.Template@2e51d054
15:15:18.516 [main] DEBUG org.apache.velocity.loader - ResourceManager: found /templates/macros/page/lead.vm with loader org.apache.velocity.runtime.resource.loader.ClasspathResourceLoader
15:15:18.516 [main] DEBUG org.apache.velocity.macro - added VM includeNavigation: source=org.apache.velocity.Template@407873d3
15:15:18.516 [main] DEBUG org.apache.velocity.loader - ResourceManager: found /templates/macros/page/navigation.vm with loader org.apache.velocity.runtime.resource.loader.ClasspathResourceLoader
15:15:18.516 [main] DEBUG org.apache.velocity.macro - added VM includeReportInfo: source=org.apache.velocity.Template@44a6a68e
15:15:18.516 [main] DEBUG org.apache.velocity.loader - ResourceManager: found /templates/macros/page/reportInfo.vm with loader org.apache.velocity.runtime.resource.loader.ClasspathResourceLoader
15:15:18.516 [main] DEBUG org.apache.velocity.macro - added VM includeTitle: source=org.apache.velocity.Template@381d7219
15:15:18.516 [main] DEBUG org.apache.velocity.loader - ResourceManager: found /templates/macros/page/title.vm with loader org.apache.velocity.runtime.resource.loader.ClasspathResourceLoader
15:15:18.516 [main] DEBUG org.apache.velocity.macro - added VM includeExpandingButtons: source=org.apache.velocity.Template@61c42416
15:15:18.516 [main] DEBUG org.apache.velocity.loader - ResourceManager: found /templates/macros/report/expandAllButtons.vm with loader org.apache.velocity.runtime.resource.loader.ClasspathResourceLoader
15:15:18.517 [main] DEBUG org.apache.velocity.macro - added VM includeReportTable: source=org.apache.velocity.Template@6fc29daa
15:15:18.517 [main] DEBUG org.apache.velocity.loader - ResourceManager: found /templates/macros/report/reportTable.vm with loader org.apache.velocity.runtime.resource.loader.ClasspathResourceLoader
15:15:18.517 [main] DEBUG org.apache.velocity.macro - added VM includeReportHeader: source=org.apache.velocity.Template@7569ea63
15:15:18.517 [main] DEBUG org.apache.velocity.loader - ResourceManager: found /templates/macros/report/reportHeader.vm with loader org.apache.velocity.runtime.resource.loader.ClasspathResourceLoader
15:15:18.519 [main] DEBUG org.apache.velocity.macro - added VM includeStatsTable: source=org.apache.velocity.Template@4cdb8504
15:15:18.519 [main] DEBUG org.apache.velocity.loader - ResourceManager: found /templates/macros/report/statsTable.vm with loader org.apache.velocity.runtime.resource.loader.ClasspathResourceLoader
15:15:18.519 [main] DEBUG org.apache.velocity.macro - added VM includeBrief: source=org.apache.velocity.Template@2af4129d
15:15:18.519 [main] DEBUG org.apache.velocity.loader - ResourceManager: found /templates/macros/json/brief.vm with loader org.apache.velocity.runtime.resource.loader.ClasspathResourceLoader
15:15:18.519 [main] DEBUG org.apache.velocity.macro - added VM includeDocString: source=org.apache.velocity.Template@2a2843ec
15:15:18.519 [main] DEBUG org.apache.velocity.loader - ResourceManager: found /templates/macros/json/docstring.vm with loader org.apache.velocity.runtime.resource.loader.ClasspathResourceLoader
15:15:18.519 [main] DEBUG org.apache.velocity.macro - added VM includeDuration: source=org.apache.velocity.Template@36c0d0bd
15:15:18.519 [main] DEBUG org.apache.velocity.loader - ResourceManager: found /templates/macros/json/duration.vm with loader org.apache.velocity.runtime.resource.loader.ClasspathResourceLoader
15:15:18.520 [main] DEBUG org.apache.velocity.macro - added VM includeElement: source=org.apache.velocity.Template@382c90c2
15:15:18.520 [main] DEBUG org.apache.velocity.loader - ResourceManager: found /templates/macros/json/element.vm with loader org.apache.velocity.runtime.resource.loader.ClasspathResourceLoader
15:15:18.521 [main] DEBUG org.apache.velocity.macro - added VM includeEmbeddings: source=org.apache.velocity.Template@2af46afd
15:15:18.521 [main] DEBUG org.apache.velocity.macro - added VM includeHtmlEmbedding: source=org.apache.velocity.Template@2af46afd
15:15:18.521 [main] DEBUG org.apache.velocity.macro - added VM includeVideoEmbedding: source=org.apache.velocity.Template@2af46afd
15:15:18.521 [main] DEBUG org.apache.velocity.macro - added VM includeImageEmbedding: source=org.apache.velocity.Template@2af46afd
15:15:18.521 [main] DEBUG org.apache.velocity.macro - added VM includeImageReferenceEmbedding: source=org.apache.velocity.Template@2af46afd
15:15:18.521 [main] DEBUG org.apache.velocity.macro - added VM includeTextEmbedding: source=org.apache.velocity.Template@2af46afd
15:15:18.521 [main] DEBUG org.apache.velocity.macro - added VM includeUnknownEmbedding: source=org.apache.velocity.Template@2af46afd
15:15:18.521 [main] DEBUG org.apache.velocity.loader - ResourceManager: found /templates/macros/json/embeddings.vm with loader org.apache.velocity.runtime.resource.loader.ClasspathResourceLoader
15:15:18.522 [main] DEBUG org.apache.velocity.macro - added VM includeHooks: source=org.apache.velocity.Template@295bf2a
15:15:18.522 [main] DEBUG org.apache.velocity.loader - ResourceManager: found /templates/macros/json/hooks.vm with loader org.apache.velocity.runtime.resource.loader.ClasspathResourceLoader
15:15:18.522 [main] DEBUG org.apache.velocity.macro - added VM includeOutput: source=org.apache.velocity.Template@2b289ac9
15:15:18.522 [main] DEBUG org.apache.velocity.loader - ResourceManager: found /templates/macros/json/output.vm with loader org.apache.velocity.runtime.resource.loader.ClasspathResourceLoader
15:15:18.523 [main] DEBUG org.apache.velocity.macro - added VM includeMessage: source=org.apache.velocity.Template@2b037cfc
15:15:18.523 [main] DEBUG org.apache.velocity.loader - ResourceManager: found /templates/macros/json/message.vm with loader org.apache.velocity.runtime.resource.loader.ClasspathResourceLoader
15:15:18.523 [main] DEBUG org.apache.velocity.macro - added VM includeSteps: source=org.apache.velocity.Template@74d3b638
15:15:18.523 [main] DEBUG org.apache.velocity.loader - ResourceManager: found /templates/macros/json/steps.vm with loader org.apache.velocity.runtime.resource.loader.ClasspathResourceLoader
15:15:18.524 [main] DEBUG org.apache.velocity.macro - added VM includeStepName: source=org.apache.velocity.Template@3a08078c
15:15:18.524 [main] DEBUG org.apache.velocity.loader - ResourceManager: found /templates/macros/json/stepName.vm with loader org.apache.velocity.runtime.resource.loader.ClasspathResourceLoader
15:15:18.524 [main] DEBUG org.apache.velocity.macro - added VM includeTags: source=org.apache.velocity.Template@43a0a32d
15:15:18.524 [main] DEBUG org.apache.velocity.loader - ResourceManager: found /templates/macros/json/tags.vm with loader org.apache.velocity.runtime.resource.loader.ClasspathResourceLoader
15:15:18.524 [main] DEBUG org.apache.velocity.loader - ResourceManager: found /templates/js/tags-chart.js.vm with loader org.apache.velocity.runtime.resource.loader.ClasspathResourceLoader
15:15:18.525 [main] DEBUG org.apache.velocity.loader - ResourceManager: found /templates/footer.vm with loader org.apache.velocity.runtime.resource.loader.ClasspathResourceLoader
15:15:18.526 [main] DEBUG org.apache.velocity - Initializing Velocity, Calling init()...
15:15:18.526 [main] DEBUG org.apache.velocity - Starting Apache Velocity v2.0
15:15:18.526 [main] DEBUG org.apache.velocity - Default Properties resource: org/apache/velocity/runtime/defaults/velocity.properties
15:15:18.526 [main] DEBUG org.apache.velocity - ResourceLoader instantiated: org.apache.velocity.runtime.resource.loader.ClasspathResourceLoader
15:15:18.526 [main] DEBUG org.apache.velocity - initialized (class org.apache.velocity.runtime.resource.ResourceCacheImpl) with class java.util.Collections$SynchronizedMap cache map.
15:15:18.526 [main] DEBUG org.apache.velocity - Loaded System Directive: org.apache.velocity.runtime.directive.Stop
15:15:18.526 [main] DEBUG org.apache.velocity - Loaded System Directive: org.apache.velocity.runtime.directive.Define
15:15:18.526 [main] DEBUG org.apache.velocity - Loaded System Directive: org.apache.velocity.runtime.directive.Break
15:15:18.526 [main] DEBUG org.apache.velocity - Loaded System Directive: org.apache.velocity.runtime.directive.Evaluate
15:15:18.526 [main] DEBUG org.apache.velocity - Loaded System Directive: org.apache.velocity.runtime.directive.Macro
15:15:18.526 [main] DEBUG org.apache.velocity - Loaded System Directive: org.apache.velocity.runtime.directive.Parse
15:15:18.526 [main] DEBUG org.apache.velocity - Loaded System Directive: org.apache.velocity.runtime.directive.Include
15:15:18.526 [main] DEBUG org.apache.velocity - Loaded System Directive: org.apache.velocity.runtime.directive.Foreach
15:15:18.526 [main] DEBUG org.apache.velocity.parser - Created '20' parsers.
15:15:18.526 [main] DEBUG org.apache.velocity.macro - "velocimacro.library.path" is not set. Trying default library: velocimacros.vtl
15:15:18.527 [main] DEBUG org.apache.velocity.loader.class - Could not load resource 'velocimacros.vtl' from ResourceLoader org.apache.velocity.runtime.resource.loader.ClasspathResourceLoader
15:15:18.527 [main] DEBUG org.apache.velocity.macro - Default library velocimacros.vtl not found. Trying old default library: VM_global_library.vm
15:15:18.527 [main] DEBUG org.apache.velocity.loader.class - Could not load resource 'VM_global_library.vm' from ResourceLoader org.apache.velocity.runtime.resource.loader.ClasspathResourceLoader
15:15:18.527 [main] DEBUG org.apache.velocity.macro - Old default library VM_global_library.vm not found.
15:15:18.527 [main] DEBUG org.apache.velocity.macro - allowInline = true: VMs can be defined inline in templates
15:15:18.527 [main] DEBUG org.apache.velocity.macro - allowInlineToOverride = false: VMs defined inline may NOT replace previous VM definitions
15:15:18.527 [main] DEBUG org.apache.velocity.macro - allowInlineLocal = false: VMs defined inline will be global in scope if allowed.
15:15:18.527 [main] DEBUG org.apache.velocity.macro - autoload off: VM system will not automatically reload global library macros
15:15:18.527 [main] DEBUG org.apache.velocity.loader - ResourceManager: found templates/generators/overviewSteps.vm with loader org.apache.velocity.runtime.resource.loader.ClasspathResourceLoader
15:15:18.528 [main] DEBUG org.apache.velocity.loader - ResourceManager: found /templates/headers.vm with loader org.apache.velocity.runtime.resource.loader.ClasspathResourceLoader
15:15:18.528 [main] DEBUG org.apache.velocity.loader - ResourceManager: found /templates/head.vm with loader org.apache.velocity.runtime.resource.loader.ClasspathResourceLoader
15:15:18.528 [main] DEBUG org.apache.velocity.macro - added VM stringArray: source=org.apache.velocity.Template@475646d4
15:15:18.528 [main] DEBUG org.apache.velocity.macro - added VM numberArray: source=org.apache.velocity.Template@475646d4
15:15:18.528 [main] DEBUG org.apache.velocity.loader - ResourceManager: found /templates/macros/array.js.vm with loader org.apache.velocity.runtime.resource.loader.ClasspathResourceLoader
15:15:18.528 [main] DEBUG org.apache.velocity.macro - added VM includeBuildInfo: source=org.apache.velocity.Template@1debc91c
15:15:18.528 [main] DEBUG org.apache.velocity.loader - ResourceManager: found /templates/macros/page/buildinfo.vm with loader org.apache.velocity.runtime.resource.loader.ClasspathResourceLoader
15:15:18.528 [main] DEBUG org.apache.velocity.macro - added VM includeClassifications: source=org.apache.velocity.Template@6ec7bce0
15:15:18.528 [main] DEBUG org.apache.velocity.loader - ResourceManager: found /templates/macros/page/classifications.vm with loader org.apache.velocity.runtime.resource.loader.ClasspathResourceLoader
15:15:18.529 [main] DEBUG org.apache.velocity.macro - added VM includeLead: source=org.apache.velocity.Template@5c448433
15:15:18.529 [main] DEBUG org.apache.velocity.loader - ResourceManager: found /templates/macros/page/lead.vm with loader org.apache.velocity.runtime.resource.loader.ClasspathResourceLoader
15:15:18.529 [main] DEBUG org.apache.velocity.macro - added VM includeNavigation: source=org.apache.velocity.Template@13741d5a
15:15:18.529 [main] DEBUG org.apache.velocity.loader - ResourceManager: found /templates/macros/page/navigation.vm with loader org.apache.velocity.runtime.resource.loader.ClasspathResourceLoader
15:15:18.529 [main] DEBUG org.apache.velocity.macro - added VM includeReportInfo: source=org.apache.velocity.Template@26221bad
15:15:18.529 [main] DEBUG org.apache.velocity.loader - ResourceManager: found /templates/macros/page/reportInfo.vm with loader org.apache.velocity.runtime.resource.loader.ClasspathResourceLoader
15:15:18.529 [main] DEBUG org.apache.velocity.macro - added VM includeTitle: source=org.apache.velocity.Template@5aaaa446
15:15:18.529 [main] DEBUG org.apache.velocity.loader - ResourceManager: found /templates/macros/page/title.vm with loader org.apache.velocity.runtime.resource.loader.ClasspathResourceLoader
15:15:18.530 [main] DEBUG org.apache.velocity.macro - added VM includeExpandingButtons: source=org.apache.velocity.Template@7d9ba6c
15:15:18.530 [main] DEBUG org.apache.velocity.loader - ResourceManager: found /templates/macros/report/expandAllButtons.vm with loader org.apache.velocity.runtime.resource.loader.ClasspathResourceLoader
15:15:18.530 [main] DEBUG org.apache.velocity.macro - added VM includeReportTable: source=org.apache.velocity.Template@5d425813
15:15:18.530 [main] DEBUG org.apache.velocity.loader - ResourceManager: found /templates/macros/report/reportTable.vm with loader org.apache.velocity.runtime.resource.loader.ClasspathResourceLoader
15:15:18.530 [main] DEBUG org.apache.velocity.macro - added VM includeReportHeader: source=org.apache.velocity.Template@278667fd
15:15:18.530 [main] DEBUG org.apache.velocity.loader - ResourceManager: found /templates/macros/report/reportHeader.vm with loader org.apache.velocity.runtime.resource.loader.ClasspathResourceLoader
15:15:18.533 [main] DEBUG org.apache.velocity.macro - added VM includeStatsTable: source=org.apache.velocity.Template@1a2909ae
15:15:18.533 [main] DEBUG org.apache.velocity.loader - ResourceManager: found /templates/macros/report/statsTable.vm with loader org.apache.velocity.runtime.resource.loader.ClasspathResourceLoader
15:15:18.534 [main] DEBUG org.apache.velocity.macro - added VM includeBrief: source=org.apache.velocity.Template@42b6d0cc
15:15:18.534 [main] DEBUG org.apache.velocity.loader - ResourceManager: found /templates/macros/json/brief.vm with loader org.apache.velocity.runtime.resource.loader.ClasspathResourceLoader
15:15:18.534 [main] DEBUG org.apache.velocity.macro - added VM includeDocString: source=org.apache.velocity.Template@14b7786
15:15:18.535 [main] DEBUG org.apache.velocity.loader - ResourceManager: found /templates/macros/json/docstring.vm with loader org.apache.velocity.runtime.resource.loader.ClasspathResourceLoader
15:15:18.535 [main] DEBUG org.apache.velocity.macro - added VM includeDuration: source=org.apache.velocity.Template@2620e717
15:15:18.535 [main] DEBUG org.apache.velocity.loader - ResourceManager: found /templates/macros/json/duration.vm with loader org.apache.velocity.runtime.resource.loader.ClasspathResourceLoader
15:15:18.537 [main] DEBUG org.apache.velocity.macro - added VM includeElement: source=org.apache.velocity.Template@a0db585
15:15:18.537 [main] DEBUG org.apache.velocity.loader - ResourceManager: found /templates/macros/json/element.vm with loader org.apache.velocity.runtime.resource.loader.ClasspathResourceLoader
15:15:18.542 [main] DEBUG org.apache.velocity.macro - added VM includeEmbeddings: source=org.apache.velocity.Template@7fd26ad8
15:15:18.542 [main] DEBUG org.apache.velocity.macro - added VM includeHtmlEmbedding: source=org.apache.velocity.Template@7fd26ad8
15:15:18.543 [main] DEBUG org.apache.velocity.macro - added VM includeVideoEmbedding: source=org.apache.velocity.Template@7fd26ad8
15:15:18.543 [main] DEBUG org.apache.velocity.macro - added VM includeImageEmbedding: source=org.apache.velocity.Template@7fd26ad8
15:15:18.543 [main] DEBUG org.apache.velocity.macro - added VM includeImageReferenceEmbedding: source=org.apache.velocity.Template@7fd26ad8
15:15:18.543 [main] DEBUG org.apache.velocity.macro - added VM includeTextEmbedding: source=org.apache.velocity.Template@7fd26ad8
15:15:18.543 [main] DEBUG org.apache.velocity.macro - added VM includeUnknownEmbedding: source=org.apache.velocity.Template@7fd26ad8
15:15:18.543 [main] DEBUG org.apache.velocity.loader - ResourceManager: found /templates/macros/json/embeddings.vm with loader org.apache.velocity.runtime.resource.loader.ClasspathResourceLoader
15:15:18.545 [main] DEBUG org.apache.velocity.macro - added VM includeHooks: source=org.apache.velocity.Template@10823d72
15:15:18.545 [main] DEBUG org.apache.velocity.loader - ResourceManager: found /templates/macros/json/hooks.vm with loader org.apache.velocity.runtime.resource.loader.ClasspathResourceLoader
15:15:18.546 [main] DEBUG org.apache.velocity.macro - added VM includeOutput: source=org.apache.velocity.Template@5527b211
15:15:18.546 [main] DEBUG org.apache.velocity.loader - ResourceManager: found /templates/macros/json/output.vm with loader org.apache.velocity.runtime.resource.loader.ClasspathResourceLoader
15:15:18.547 [main] DEBUG org.apache.velocity.macro - added VM includeMessage: source=org.apache.velocity.Template@50756c76
15:15:18.547 [main] DEBUG org.apache.velocity.loader - ResourceManager: found /templates/macros/json/message.vm with loader org.apache.velocity.runtime.resource.loader.ClasspathResourceLoader
15:15:18.548 [main] DEBUG org.apache.velocity.macro - added VM includeSteps: source=org.apache.velocity.Template@67f3d192
15:15:18.549 [main] DEBUG org.apache.velocity.loader - ResourceManager: found /templates/macros/json/steps.vm with loader org.apache.velocity.runtime.resource.loader.ClasspathResourceLoader
15:15:18.549 [main] DEBUG org.apache.velocity.macro - added VM includeStepName: source=org.apache.velocity.Template@2b10ace9
15:15:18.549 [main] DEBUG org.apache.velocity.loader - ResourceManager: found /templates/macros/json/stepName.vm with loader org.apache.velocity.runtime.resource.loader.ClasspathResourceLoader
15:15:18.549 [main] DEBUG org.apache.velocity.macro - added VM includeTags: source=org.apache.velocity.Template@459b187a
15:15:18.549 [main] DEBUG org.apache.velocity.loader - ResourceManager: found /templates/macros/json/tags.vm with loader org.apache.velocity.runtime.resource.loader.ClasspathResourceLoader
15:15:18.550 [main] DEBUG org.apache.velocity.loader - ResourceManager: found /templates/footer.vm with loader org.apache.velocity.runtime.resource.loader.ClasspathResourceLoader
15:15:18.551 [main] DEBUG org.apache.velocity - Initializing Velocity, Calling init()...
15:15:18.551 [main] DEBUG org.apache.velocity - Starting Apache Velocity v2.0
15:15:18.552 [main] DEBUG org.apache.velocity - Default Properties resource: org/apache/velocity/runtime/defaults/velocity.properties
15:15:18.552 [main] DEBUG org.apache.velocity - ResourceLoader instantiated: org.apache.velocity.runtime.resource.loader.ClasspathResourceLoader
15:15:18.552 [main] DEBUG org.apache.velocity - initialized (class org.apache.velocity.runtime.resource.ResourceCacheImpl) with class java.util.Collections$SynchronizedMap cache map.
15:15:18.553 [main] DEBUG org.apache.velocity - Loaded System Directive: org.apache.velocity.runtime.directive.Stop
15:15:18.553 [main] DEBUG org.apache.velocity - Loaded System Directive: org.apache.velocity.runtime.directive.Define
15:15:18.553 [main] DEBUG org.apache.velocity - Loaded System Directive: org.apache.velocity.runtime.directive.Break
15:15:18.553 [main] DEBUG org.apache.velocity - Loaded System Directive: org.apache.velocity.runtime.directive.Evaluate
15:15:18.553 [main] DEBUG org.apache.velocity - Loaded System Directive: org.apache.velocity.runtime.directive.Macro
15:15:18.553 [main] DEBUG org.apache.velocity - Loaded System Directive: org.apache.velocity.runtime.directive.Parse
15:15:18.553 [main] DEBUG org.apache.velocity - Loaded System Directive: org.apache.velocity.runtime.directive.Include
15:15:18.553 [main] DEBUG org.apache.velocity - Loaded System Directive: org.apache.velocity.runtime.directive.Foreach
15:15:18.554 [main] DEBUG org.apache.velocity.parser - Created '20' parsers.
15:15:18.554 [main] DEBUG org.apache.velocity.macro - "velocimacro.library.path" is not set. Trying default library: velocimacros.vtl
15:15:18.554 [main] DEBUG org.apache.velocity.loader.class - Could not load resource 'velocimacros.vtl' from ResourceLoader org.apache.velocity.runtime.resource.loader.ClasspathResourceLoader
15:15:18.554 [main] DEBUG org.apache.velocity.macro - Default library velocimacros.vtl not found. Trying old default library: VM_global_library.vm
15:15:18.554 [main] DEBUG org.apache.velocity.loader.class - Could not load resource 'VM_global_library.vm' from ResourceLoader org.apache.velocity.runtime.resource.loader.ClasspathResourceLoader
15:15:18.554 [main] DEBUG org.apache.velocity.macro - Old default library VM_global_library.vm not found.
15:15:18.554 [main] DEBUG org.apache.velocity.macro - allowInline = true: VMs can be defined inline in templates
15:15:18.554 [main] DEBUG org.apache.velocity.macro - allowInlineToOverride = false: VMs defined inline may NOT replace previous VM definitions
15:15:18.554 [main] DEBUG org.apache.velocity.macro - allowInlineLocal = false: VMs defined inline will be global in scope if allowed.
15:15:18.554 [main] DEBUG org.apache.velocity.macro - autoload off: VM system will not automatically reload global library macros
15:15:18.555 [main] DEBUG org.apache.velocity.loader - ResourceManager: found templates/generators/overviewFailures.vm with loader org.apache.velocity.runtime.resource.loader.ClasspathResourceLoader
15:15:18.556 [main] DEBUG org.apache.velocity.loader - ResourceManager: found /templates/headers.vm with loader org.apache.velocity.runtime.resource.loader.ClasspathResourceLoader
15:15:18.556 [main] DEBUG org.apache.velocity.loader - ResourceManager: found /templates/head.vm with loader org.apache.velocity.runtime.resource.loader.ClasspathResourceLoader
15:15:18.557 [main] DEBUG org.apache.velocity.macro - added VM stringArray: source=org.apache.velocity.Template@25b52284
15:15:18.557 [main] DEBUG org.apache.velocity.macro - added VM numberArray: source=org.apache.velocity.Template@25b52284
15:15:18.557 [main] DEBUG org.apache.velocity.loader - ResourceManager: found /templates/macros/array.js.vm with loader org.apache.velocity.runtime.resource.loader.ClasspathResourceLoader
15:15:18.558 [main] DEBUG org.apache.velocity.macro - added VM includeBuildInfo: source=org.apache.velocity.Template@38792286
15:15:18.558 [main] DEBUG org.apache.velocity.loader - ResourceManager: found /templates/macros/page/buildinfo.vm with loader org.apache.velocity.runtime.resource.loader.ClasspathResourceLoader
15:15:18.558 [main] DEBUG org.apache.velocity.macro - added VM includeClassifications: source=org.apache.velocity.Template@41fe8e5f
15:15:18.558 [main] DEBUG org.apache.velocity.loader - ResourceManager: found /templates/macros/page/classifications.vm with loader org.apache.velocity.runtime.resource.loader.ClasspathResourceLoader
15:15:18.559 [main] DEBUG org.apache.velocity.macro - added VM includeLead: source=org.apache.velocity.Template@6f1a80fb
15:15:18.559 [main] DEBUG org.apache.velocity.loader - ResourceManager: found /templates/macros/page/lead.vm with loader org.apache.velocity.runtime.resource.loader.ClasspathResourceLoader
15:15:18.559 [main] DEBUG org.apache.velocity.macro - added VM includeNavigation: source=org.apache.velocity.Template@6a0094c9
15:15:18.559 [main] DEBUG org.apache.velocity.loader - ResourceManager: found /templates/macros/page/navigation.vm with loader org.apache.velocity.runtime.resource.loader.ClasspathResourceLoader
15:15:18.560 [main] DEBUG org.apache.velocity.macro - added VM includeReportInfo: source=org.apache.velocity.Template@4f6b687e
15:15:18.560 [main] DEBUG org.apache.velocity.loader - ResourceManager: found /templates/macros/page/reportInfo.vm with loader org.apache.velocity.runtime.resource.loader.ClasspathResourceLoader
15:15:18.560 [main] DEBUG org.apache.velocity.macro - added VM includeTitle: source=org.apache.velocity.Template@6cfd9a54
15:15:18.560 [main] DEBUG org.apache.velocity.loader - ResourceManager: found /templates/macros/page/title.vm with loader org.apache.velocity.runtime.resource.loader.ClasspathResourceLoader
15:15:18.560 [main] DEBUG org.apache.velocity.macro - added VM includeExpandingButtons: source=org.apache.velocity.Template@73fb1d7f
15:15:18.560 [main] DEBUG org.apache.velocity.loader - ResourceManager: found /templates/macros/report/expandAllButtons.vm with loader org.apache.velocity.runtime.resource.loader.ClasspathResourceLoader
15:15:18.561 [main] DEBUG org.apache.velocity.macro - added VM includeReportTable: source=org.apache.velocity.Template@5a2fa51f
15:15:18.561 [main] DEBUG org.apache.velocity.loader - ResourceManager: found /templates/macros/report/reportTable.vm with loader org.apache.velocity.runtime.resource.loader.ClasspathResourceLoader
15:15:18.561 [main] DEBUG org.apache.velocity.macro - added VM includeReportHeader: source=org.apache.velocity.Template@49ede9c7
15:15:18.561 [main] DEBUG org.apache.velocity.loader - ResourceManager: found /templates/macros/report/reportHeader.vm with loader org.apache.velocity.runtime.resource.loader.ClasspathResourceLoader
15:15:18.562 [main] DEBUG org.apache.velocity.macro - added VM includeStatsTable: source=org.apache.velocity.Template@19f7222e
15:15:18.562 [main] DEBUG org.apache.velocity.loader - ResourceManager: found /templates/macros/report/statsTable.vm with loader org.apache.velocity.runtime.resource.loader.ClasspathResourceLoader
15:15:18.562 [main] DEBUG org.apache.velocity.macro - added VM includeBrief: source=org.apache.velocity.Template@2412a42b
15:15:18.562 [main] DEBUG org.apache.velocity.loader - ResourceManager: found /templates/macros/json/brief.vm with loader org.apache.velocity.runtime.resource.loader.ClasspathResourceLoader
15:15:18.562 [main] DEBUG org.apache.velocity.macro - added VM includeDocString: source=org.apache.velocity.Template@5cbe2654
15:15:18.562 [main] DEBUG org.apache.velocity.loader - ResourceManager: found /templates/macros/json/docstring.vm with loader org.apache.velocity.runtime.resource.loader.ClasspathResourceLoader
15:15:18.562 [main] DEBUG org.apache.velocity.macro - added VM includeDuration: source=org.apache.velocity.Template@7c251f90
15:15:18.562 [main] DEBUG org.apache.velocity.loader - ResourceManager: found /templates/macros/json/duration.vm with loader org.apache.velocity.runtime.resource.loader.ClasspathResourceLoader
15:15:18.563 [main] DEBUG org.apache.velocity.macro - added VM includeElement: source=org.apache.velocity.Template@435e60ff
15:15:18.563 [main] DEBUG org.apache.velocity.loader - ResourceManager: found /templates/macros/json/element.vm with loader org.apache.velocity.runtime.resource.loader.ClasspathResourceLoader
15:15:18.564 [main] DEBUG org.apache.velocity.macro - added VM includeEmbeddings: source=org.apache.velocity.Template@2e6f610d
15:15:18.564 [main] DEBUG org.apache.velocity.macro - added VM includeHtmlEmbedding: source=org.apache.velocity.Template@2e6f610d
15:15:18.564 [main] DEBUG org.apache.velocity.macro - added VM includeVideoEmbedding: source=org.apache.velocity.Template@2e6f610d
15:15:18.564 [main] DEBUG org.apache.velocity.macro - added VM includeImageEmbedding: source=org.apache.velocity.Template@2e6f610d
15:15:18.564 [main] DEBUG org.apache.velocity.macro - added VM includeImageReferenceEmbedding: source=org.apache.velocity.Template@2e6f610d
15:15:18.564 [main] DEBUG org.apache.velocity.macro - added VM includeTextEmbedding: source=org.apache.velocity.Template@2e6f610d
15:15:18.564 [main] DEBUG org.apache.velocity.macro - added VM includeUnknownEmbedding: source=org.apache.velocity.Template@2e6f610d
15:15:18.564 [main] DEBUG org.apache.velocity.loader - ResourceManager: found /templates/macros/json/embeddings.vm with loader org.apache.velocity.runtime.resource.loader.ClasspathResourceLoader
15:15:18.565 [main] DEBUG org.apache.velocity.macro - added VM includeHooks: source=org.apache.velocity.Template@741f8dbe
15:15:18.565 [main] DEBUG org.apache.velocity.loader - ResourceManager: found /templates/macros/json/hooks.vm with loader org.apache.velocity.runtime.resource.loader.ClasspathResourceLoader
15:15:18.565 [main] DEBUG org.apache.velocity.macro - added VM includeOutput: source=org.apache.velocity.Template@65d57e4e
15:15:18.565 [main] DEBUG org.apache.velocity.loader - ResourceManager: found /templates/macros/json/output.vm with loader org.apache.velocity.runtime.resource.loader.ClasspathResourceLoader
15:15:18.566 [main] DEBUG org.apache.velocity.macro - added VM includeMessage: source=org.apache.velocity.Template@4715ae33
15:15:18.566 [main] DEBUG org.apache.velocity.loader - ResourceManager: found /templates/macros/json/message.vm with loader org.apache.velocity.runtime.resource.loader.ClasspathResourceLoader
15:15:18.566 [main] DEBUG org.apache.velocity.macro - added VM includeSteps: source=org.apache.velocity.Template@108a46d6
15:15:18.566 [main] DEBUG org.apache.velocity.loader - ResourceManager: found /templates/macros/json/steps.vm with loader org.apache.velocity.runtime.resource.loader.ClasspathResourceLoader
15:15:18.566 [main] DEBUG org.apache.velocity.macro - added VM includeStepName: source=org.apache.velocity.Template@6850b758
15:15:18.566 [main] DEBUG org.apache.velocity.loader - ResourceManager: found /templates/macros/json/stepName.vm with loader org.apache.velocity.runtime.resource.loader.ClasspathResourceLoader
15:15:18.566 [main] DEBUG org.apache.velocity.macro - added VM includeTags: source=org.apache.velocity.Template@2f00f851
15:15:18.566 [main] DEBUG org.apache.velocity.loader - ResourceManager: found /templates/macros/json/tags.vm with loader org.apache.velocity.runtime.resource.loader.ClasspathResourceLoader
15:15:18.567 [main] DEBUG org.apache.velocity.loader - ResourceManager: found /templates/footer.vm with loader org.apache.velocity.runtime.resource.loader.ClasspathResourceLoader
Report Directory: target/karate-reports
]]></system-out>
    <system-err><![CDATA[Mar 27, 2025 3:15:18 PM net.masterthought.cucumber.ReportParser parseJsonFiles
INFO: File '/Users/curryhoang/KarateFrameWork/target/karate-reports/Karate.Demo.Test.json' contains 1 features
]]></system-err>
  </testcase>
</testsuite>